[ XTB Batch Run Started ]
Total files: 64

[1/64] ▶ case_029 처리 중...
[1/64] ✅ case_029 최적화 완료
[2/64] ▶ case_057 처리 중...
[2/64] ✅ case_057 최적화 완료
[3/64] ▶ case_097 처리 중...
[3/64] ✅ case_097 최적화 완료
[4/64] ▶ case_078 처리 중...
[4/64] ✅ case_078 최적화 완료
[5/64] ▶ case_100 처리 중...
[5/64] ✅ case_100 최적화 완료
[6/64] ▶ case_074 처리 중...
[6/64] ✅ case_074 최적화 완료
[7/64] ▶ case_067 처리 중...
[7/64] ✅ case_067 최적화 완료
[8/64] ▶ case_075 처리 중...
[8/64] ✅ case_075 최적화 완료
[9/64] ▶ case_010 처리 중...
[9/64] ✅ case_010 최적화 완료
[10/64] ▶ case_006 처리 중...
[10/64] ✅ case_006 최적화 완료
[11/64] ▶ case_087 처리 중...
[11/64] ✅ case_087 최적화 완료
[12/64] ▶ case_012 처리 중...
[12/64] ✅ case_012 최적화 완료
[13/64] ▶ case_076 처리 중...
[13/64] ✅ case_076 최적화 완료
[14/64] ▶ case_008 처리 중...
[14/64] ✅ case_008 최적화 완료
[15/64] ▶ case_044 처리 중...
[15/64] ✅ case_044 최적화 완료
[16/64] ▶ case_046 처리 중...
[16/64] ✅ case_046 최적화 완료
[17/64] ▶ case_083 처리 중...
[17/64] ✅ case_083 최적화 완료
[18/64] ▶ case_002 처리 중...
[18/64] ✅ case_002 최적화 완료
[19/64] ▶ case_065 처리 중...
[19/64] ✅ case_065 최적화 완료
[20/64] ▶ case_094 처리 중...
[20/64] ✅ case_094 최적화 완료
[21/64] ▶ case_092 처리 중...
[21/64] ✅ case_092 최적화 완료
[22/64] ▶ case_032 처리 중...
[22/64] ✅ case_032 최적화 완료
[23/64] ▶ case_054 처리 중...
[23/64] ✅ case_054 최적화 완료
[24/64] ▶ case_009 처리 중...
[24/64] ✅ case_009 최적화 완료
[25/64] ▶ case_077 처리 중...
[25/64] ✅ case_077 최적화 완료
[26/64] ▶ case_099 처리 중...
[26/64] ✅ case_099 최적화 완료
[27/64] ▶ case_048 처리 중...
[27/64] ✅ case_048 최적화 완료
[28/64] ▶ case_082 처리 중...
[28/64] ✅ case_082 최적화 완료
[29/64] ▶ case_004 처리 중...
[29/64] ✅ case_004 최적화 완료
[30/64] ▶ case_035 처리 중...
[30/64] ✅ case_035 최적화 완료
[31/64] ▶ case_063 처리 중...
[31/64] ✅ case_063 최적화 완료
[32/64] ▶ case_098 처리 중...
[32/64] ✅ case_098 최적화 완료
[33/64] ▶ case_084 처리 중...
[33/64] ✅ case_084 최적화 완료
[34/64] ▶ case_052 처리 중...
[34/64] ✅ case_052 최적화 완료
[35/64] ▶ case_047 처리 중...
[35/64] ✅ case_047 최적화 완료
[36/64] ▶ case_023 처리 중...
[36/64] ✅ case_023 최적화 완료
[37/64] ▶ case_034 처리 중...
[37/64] ✅ case_034 최적화 완료
[38/64] ▶ case_016 처리 중...
[38/64] ✅ case_016 최적화 완료
[39/64] ▶ case_070 처리 중...
[39/64] ✅ case_070 최적화 완료
[40/64] ▶ case_030 처리 중...
[40/64] ✅ case_030 최적화 완료
[41/64] ▶ case_037 처리 중...
[41/64] ✅ case_037 최적화 완료
[42/64] ▶ case_011 처리 중...
[42/64] ✅ case_011 최적화 완료
[43/64] ▶ case_096 처리 중...
[43/64] ✅ case_096 최적화 완료
[44/64] ▶ case_024 처리 중...
[44/64] ✅ case_024 최적화 완료
[45/64] ▶ case_003 처리 중...
[45/64] ✅ case_003 최적화 완료
[46/64] ▶ case_095 처리 중...
[46/64] ✅ case_095 최적화 완료
[47/64] ▶ case_027 처리 중...
[47/64] ✅ case_027 최적화 완료
[48/64] ▶ case_021 처리 중...
[48/64] ✅ case_021 최적화 완료
[49/64] ▶ case_066 처리 중...
[49/64] ✅ case_066 최적화 완료
[50/64] ▶ case_001 처리 중...
[50/64] ✅ case_001 최적화 완료
[51/64] ▶ case_093 처리 중...
[51/64] ✅ case_093 최적화 완료
[52/64] ▶ case_018 처리 중...
[52/64] ✅ case_018 최적화 완료
[53/64] ▶ case_033 처리 중...
[53/64] ✅ case_033 최적화 완료
[54/64] ▶ case_025 처리 중...
[54/64] ✅ case_025 최적화 완료
[55/64] ▶ case_091 처리 중...
[55/64] ✅ case_091 최적화 완료
[56/64] ▶ case_042 처리 중...
[56/64] ✅ case_042 최적화 완료
[57/64] ▶ case_085 처리 중...
[57/64] ✅ case_085 최적화 완료
[58/64] ▶ case_040 처리 중...
[58/64] ✅ case_040 최적화 완료
[59/64] ▶ case_055 처리 중...
[59/64] ✅ case_055 최적화 완료
[60/64] ▶ case_020 처리 중...
[60/64] ✅ case_020 최적화 완료
[61/64] ▶ case_071 처리 중...
[61/64] ✅ case_071 최적화 완료
[62/64] ▶ case_059 처리 중...
[62/64] ✅ case_059 최적화 완료
[63/64] ▶ case_058 처리 중...
[63/64] ✅ case_058 최적화 완료
[64/64] ▶ case_053 처리 중...
[64/64] ✅ case_053 최적화 완료

[ XTB Batch Run Completed ]
