[ XTB Batch Run Started ]
Total files: 80

[1/80] ▶ case_029 처리 중...
[1/80] ✅ case_029 최적화 완료
[2/80] ▶ case_080 처리 중...
[2/80] ✅ case_080 최적화 완료
[3/80] ▶ case_057 처리 중...
[3/80] ✅ case_057 최적화 완료
[4/80] ▶ case_078 처리 중...
[4/80] ✅ case_078 최적화 완료
[5/80] ▶ case_100 처리 중...
[5/80] ✅ case_100 최적화 완료
[6/80] ▶ case_045 처리 중...
[6/80] ✅ case_045 최적화 완료
[7/80] ▶ case_074 처리 중...
[7/80] ✅ case_074 최적화 완료
[8/80] ▶ case_086 처리 중...
[8/80] ✅ case_086 최적화 완료
[9/80] ▶ case_067 처리 중...
[9/80] ✅ case_067 최적화 완료
[10/80] ▶ case_075 처리 중...
[10/80] ✅ case_075 최적화 완료
[11/80] ▶ case_010 처리 중...
[11/80] ✅ case_010 최적화 완료
[12/80] ▶ case_006 처리 중...
[12/80] ✅ case_006 최적화 완료
[13/80] ▶ case_087 처리 중...
[13/80] ✅ case_087 최적화 완료
[14/80] ▶ case_072 처리 중...
[14/80] ✅ case_072 최적화 완료
[15/80] ▶ case_012 처리 중...
[15/80] ✅ case_012 최적화 완료
[16/80] ▶ case_076 처리 중...
[16/80] ✅ case_076 최적화 완료
[17/80] ▶ case_008 처리 중...
[17/80] ✅ case_008 최적화 완료
[18/80] ▶ case_044 처리 중...
[18/80] ✅ case_044 최적화 완료
[19/80] ▶ case_046 처리 중...
[19/80] ✅ case_046 최적화 완료
[20/80] ▶ case_081 처리 중...
[20/80] ✅ case_081 최적화 완료
[21/80] ▶ case_083 처리 중...
[21/80] ✅ case_083 최적화 완료
[22/80] ▶ case_014 처리 중...
[22/80] ✅ case_014 최적화 완료
[23/80] ▶ case_065 처리 중...
[23/80] ✅ case_065 최적화 완료
[24/80] ▶ case_089 처리 중...
[24/80] ✅ case_089 최적화 완료
[25/80] ▶ case_094 처리 중...
[25/80] ✅ case_094 최적화 완료
[26/80] ▶ case_088 처리 중...
[26/80] ✅ case_088 최적화 완료
[27/80] ▶ case_026 처리 중...
[27/80] ✅ case_026 최적화 완료
[28/80] ▶ case_032 처리 중...
[28/80] ✅ case_032 최적화 완료
[29/80] ▶ case_054 처리 중...
[29/80] ✅ case_054 최적화 완료
[30/80] ▶ case_009 처리 중...
[30/80] ✅ case_009 최적화 완료
[31/80] ▶ case_015 처리 중...
[31/80] ✅ case_015 최적화 완료
[32/80] ▶ case_077 처리 중...
[32/80] ✅ case_077 최적화 완료
[33/80] ▶ case_099 처리 중...
[33/80] ✅ case_099 최적화 완료
[34/80] ▶ case_064 처리 중...
[34/80] ✅ case_064 최적화 완료
[35/80] ▶ case_048 처리 중...
[35/80] ✅ case_048 최적화 완료
[36/80] ▶ case_049 처리 중...
[36/80] ✅ case_049 최적화 완료
[37/80] ▶ case_079 처리 중...
[37/80] ✅ case_079 최적화 완료
[38/80] ▶ case_082 처리 중...
[38/80] ✅ case_082 최적화 완료
[39/80] ▶ case_073 처리 중...
[39/80] ✅ case_073 최적화 완료
[40/80] ▶ case_035 처리 중...
[40/80] ✅ case_035 최적화 완료
[41/80] ▶ case_063 처리 중...
[41/80] ✅ case_063 최적화 완료
[42/80] ▶ case_098 처리 중...
[42/80] ✅ case_098 최적화 완료
[43/80] ▶ case_084 처리 중...
[43/80] ✅ case_084 최적화 완료
[44/80] ▶ case_019 처리 중...
[44/80] ✅ case_019 최적화 완료
[45/80] ▶ case_017 처리 중...
[45/80] ✅ case_017 최적화 완료
[46/80] ▶ case_047 처리 중...
[46/80] ✅ case_047 최적화 완료
[47/80] ▶ case_090 처리 중...
[47/80] ✅ case_090 최적화 완료
[48/80] ▶ case_031 처리 중...
[48/80] ✅ case_031 최적화 완료
[49/80] ▶ case_023 처리 중...
[49/80] ✅ case_023 최적화 완료
[50/80] ▶ case_034 처리 중...
[50/80] ✅ case_034 최적화 완료
[51/80] ▶ case_016 처리 중...
[51/80] ✅ case_016 최적화 완료
[52/80] ▶ case_070 처리 중...
[52/80] ✅ case_070 최적화 완료
[53/80] ▶ case_030 처리 중...
[53/80] ✅ case_030 최적화 완료
[54/80] ▶ case_037 처리 중...
[54/80] ✅ case_037 최적화 완료
[55/80] ▶ case_011 처리 중...
[55/80] ✅ case_011 최적화 완료
[56/80] ▶ case_038 처리 중...
[56/80] ✅ case_038 최적화 완료
[57/80] ▶ case_096 처리 중...
[57/80] ✅ case_096 최적화 완료
[58/80] ▶ case_024 처리 중...
[58/80] ✅ case_024 최적화 완료
[59/80] ▶ case_003 처리 중...
[59/80] ✅ case_003 최적화 완료
[60/80] ▶ case_095 처리 중...
[60/80] ✅ case_095 최적화 완료
[61/80] ▶ case_050 처리 중...
[61/80] ✅ case_050 최적화 완료
[62/80] ▶ case_021 처리 중...
[62/80] ✅ case_021 최적화 완료
[63/80] ▶ case_005 처리 중...
[63/80] ✅ case_005 최적화 완료
[64/80] ▶ case_066 처리 중...
[64/80] ✅ case_066 최적화 완료
[65/80] ▶ case_001 처리 중...
[65/80] ✅ case_001 최적화 완료
[66/80] ▶ case_093 처리 중...
[66/80] ✅ case_093 최적화 완료
[67/80] ▶ case_018 처리 중...
[67/80] ✅ case_018 최적화 완료
[68/80] ▶ case_068 처리 중...
[68/80] ✅ case_068 최적화 완료
[69/80] ▶ case_033 처리 중...
[69/80] ✅ case_033 최적화 완료
[70/80] ▶ case_025 처리 중...
[70/80] ✅ case_025 최적화 완료
[71/80] ▶ case_061 처리 중...
[71/80] ✅ case_061 최적화 완료
[72/80] ▶ case_041 처리 중...
[72/80] ✅ case_041 최적화 완료
[73/80] ▶ case_091 처리 중...
[73/80] ✅ case_091 최적화 완료
[74/80] ▶ case_056 처리 중...
[74/80] ✅ case_056 최적화 완료
[75/80] ▶ case_085 처리 중...
[75/80] ✅ case_085 최적화 완료
[76/80] ▶ case_040 처리 중...
[76/80] ✅ case_040 최적화 완료
[77/80] ▶ case_071 처리 중...
[77/80] ✅ case_071 최적화 완료
[78/80] ▶ case_059 처리 중...
[78/80] ✅ case_059 최적화 완료
[79/80] ▶ case_058 처리 중...
[79/80] ✅ case_058 최적화 완료
[80/80] ▶ case_053 처리 중...
[80/80] ✅ case_053 최적화 완료

[ XTB Batch Run Completed ]
