 * * * * * * * * * * * * * * * * * * * * * * * * * * * * * * * * * * * *
 *    janpa: A cross-platform open-source implementation of NPA        * 
 *    and other electronic structure analysis methods with Java        * 
 *        A part of JANPA package,   http://janpa.sourceforge.net      * 
 *                    Version:    2.02 (13-01-2019)                    * 
 * * * * * * * * * * * * * * * * * * * * * * * * * * * * * * * * * * * *

 (c) Tymofii Nikolaienko, 2014-2019

 If any results obtained with this program are published,
 or for any other reasons, please, cite this work as: 
 1) T.Y.Nikolaienko, L.A.Bulavin; Int. J. Quantum Chem. (2019), 
    Vol.119, page e25798, DOI: 10.1002/qua.25798
 2) T.Y.Nikolaienko, L.A.Bulavin, D.M.Hovorun; Comput.Theor.Chem.(2014),
    Vol.1050, pages 15-22, DOI: 10.1016/j.comptc.2014.10.002

                          * * *                                         

Settings used in this run:

 -i: input_janpa.molden
 -npacharges: (empty)
 -NAO_Molden_File: (empty)
 -LHO_Molden_File: (empty)
 -CLPO_Molden_File: (empty)
 -PrintGeom: false
 -WibergBondOrders_File: (empty)
 -D_Matrix_File: (empty)
 -S_Matrix_File: (empty)
 -SDS_Matrix_File: (empty)
 -PNAO_OverlapMatrix_File: (empty)
 -PNAO_SDS_Matrix_File: (empty)
 -NMB_old_Overlap_Matrix_File: (empty)
 -NMB_old_SDS_Matrix_File: (empty)
 -NRB_old_Overlap_Matrix_File: (empty)
 -NRB_new_Overlap_Matrix_File: (empty)
 -S_Matrix_after_ON2_File: (empty)
 -SDS_Matrix_after_ON2_File: (empty)
 -NRB_Overlap_after_OW_heavy_File: (empty)
 -NRB_Overlap_after_Schmidt2_File: (empty)
 -NRB_Overlap_after_OW2_final_File: (empty)
 -OW2_File: (empty)
 -S_Matrix_after_OW2_File: (empty)
 -SDS_Matrix_after_OW2_File: (empty)
 -SDS_NAO_File: (empty)
 -NAO2AO_File: (empty)
 -PNAO2AO_File: (empty)
 -CLPO2LHO_File: (empty)
 -LHO2NAO_File: (empty)
 -LPO2AHO_File: (empty)
 -AHO2NAO_File: (empty)
 -doFock: false
 -Fock_AO_File: (empty)
 -Fock_NAO_File: (empty)
 -printnmbfock: false
 -PNAO_Molden_File: (empty)
 -AHO_Molden_File: (empty)
 -LPO_Molden_File: (empty)
 -MatrixMaxValuesPerLine: 0
 -MatrixFloatNumberFormat: %.5f
 -maximumBondIonicity: 9.00E-01
 -RyOccPrintThreshold: 1.00E-03
 -HybrOptOccConvThresh: 1.00E-05
 -HybrOptMaxIter: 1000
 -verboseprint: false
 -directNRBwsw: false
 -heavyNRBthreshold: 1.00E-04
 -overlap_straightforward: false
 -p: (empty)

                          * * *                                         

Loading MOLDEN from input_janpa.molden
Basis functions are spherical: true
Total number of basis functions: 271
Total number of different contractions (radial parts): 113
Highest angular momentum: f (Lmax = 3)
Total number of MO: 271

Data loaded successfully
 Number of basis functions: 271; number of molecular orbitals: 271 

Building overlap S and dipole matrices...
Overlap & dipole integrals evaluated in 0.030 seconds
Checking whether the basis functions are unity-normalized...
 Maximum deviation of the basis function norm2 from unity: BFN 42 (0-based num.), max|norm2-1| = 1.000E-09 
Checking for the eigenvalues (linear (in)dependency) of the basis function overlap matrix...
The smallest eigenvalue of the basis function overlap matrix: 2.018E-04 
Checking whether the orbitals are unity-normalized...
Checking MO overlap matrix...
 Maximum of MO |norm2-1|: 1.319E-09 (MO   81)
 Maximum absolute value of off-diagonal MO overlap element: 5.344E-09 (< MO   12 | MO   81 >)
First-order reduced density matrix is OK.

Building density matrix D... done.
Building D.S... done.
Total number of electrons: 56.000000
Sum of electrons charges and the nuclei charges: 0.00000 

Performing Mulliken and Lowdin population analyses...
   Atom	Mulliken  	Lowdin    	Mulliken	Lowdin
       	Population	Population	Charge  	Charge
     N1	 7.25861	 6.80907	-0.25861	 0.19093
     C2	 6.16033	 6.26141	-0.16033	-0.26141
     C3	 6.19935	 6.24988	-0.19935	-0.24988
     C4	 6.15395	 6.24544	-0.15395	-0.24544
     C5	 5.80065	 6.68712	 0.19935	-0.68712
     O6	 8.58198	 8.15311	-0.58198	-0.15311
     O7	 8.57220	 8.14172	-0.57220	-0.14172
     H8	 0.66630	 0.77101	 0.33370	 0.22899
     H9	 0.66376	 0.76314	 0.33624	 0.23686
    H10	 0.84358	 0.85434	 0.15642	 0.14566
    H11	 0.84628	 0.85647	 0.15372	 0.14353
    H12	 0.88308	 0.85139	 0.11692	 0.14861
    H13	 0.87564	 0.85775	 0.12436	 0.14225
    H14	 0.91036	 0.86195	 0.08964	 0.13805
    H15	 0.91418	 0.86446	 0.08582	 0.13554
    H16	 0.66975	 0.77175	 0.33025	 0.22825

Building S.D.S... done.

                          * * *                                         

Creating NAOs


STEP 1. Produce PNAOs

 Total number of natural functions produced: 271
Sorting PNAOs...

STEP 2. Split PNAOs into NMB / NRB sets

 Number of basis functions in teh Natural Minimal Basis (NMB) set for each center: 
center   1:   2 of s |  3 of p |  0 of d |  0 of f |  0 of g |
center   2:   2 of s |  3 of p |  0 of d |  0 of f |  0 of g |
center   3:   2 of s |  3 of p |  0 of d |  0 of f |  0 of g |
center   4:   2 of s |  3 of p |  0 of d |  0 of f |  0 of g |
center   5:   2 of s |  3 of p |  0 of d |  0 of f |  0 of g |
center   6:   2 of s |  3 of p |  0 of d |  0 of f |  0 of g |
center   7:   2 of s |  3 of p |  0 of d |  0 of f |  0 of g |
center   8:   1 of s |  0 of p |  0 of d |  0 of f |  0 of g |
center   9:   1 of s |  0 of p |  0 of d |  0 of f |  0 of g |
center  10:   1 of s |  0 of p |  0 of d |  0 of f |  0 of g |
center  11:   1 of s |  0 of p |  0 of d |  0 of f |  0 of g |
center  12:   1 of s |  0 of p |  0 of d |  0 of f |  0 of g |
center  13:   1 of s |  0 of p |  0 of d |  0 of f |  0 of g |
center  14:   1 of s |  0 of p |  0 of d |  0 of f |  0 of g |
center  15:   1 of s |  0 of p |  0 of d |  0 of f |  0 of g |
center  16:   1 of s |  0 of p |  0 of d |  0 of f |  0 of g |
In total: NMB set has 44 functions, NRB set has 227 functions; 

Trace of the PNAO overlap matrix: 271.0000000 (should be equal to 271, the total number of PNAOs)
 The trace of SDS matrix in PNAO basis = 115.56754531462822

STEP 3. Weighted orthogonalization of NMB PNAOs

 min weight of NMB PNAO = 1.4368863348739827

STEP 4. Schmidt orthogonalization of NRBs to new NMBs


STEP 5. Intracenter naturalization of new NRBs

 Total number of natural functions produced: 227

STEP 6. Weighted orthogonalization of naturalized NRBs

Maximum weight of NRB function = 8.82370E-02
 min weight = 8.227343278081386E-7
 |S_NRB - 1| = 3.18192E-12 (Should be VERY close to zero!)

STEP 7. Final Intracenter Natural Transformation withing the full set of functions

 Total number of natural functions produced: 271
 SQRT{ SUM[(NaoOverlap_ij - delta_ij)^2] } = 2.94e-12 (should be VERY close to zero) 
 max_offdiag = 2.72e-13 (should be VERY close to zero) 
                          * * *                                         

 Final NAO occupancies and leading AO terms:

NAO #                 Name  Occupancy                             Leading term
    1         A1*: R1*s(0)  0.0000001              (-2.28)*BF[4 = A1: R4*s(0)]
    2         A1*: R2*s(0)  0.0000274             (-16.84)*BF[5 = A1: R5*s(0)]
    3         A1*: R3*s(0)  0.0001454              (-7.67)*BF[5 = A1: R5*s(0)]
    4          A1: R4*s(0)  1.3724201               (0.73)*BF[4 = A1: R4*s(0)]
    5          A1: R5*s(0)  1.9996199               (0.65)*BF[2 = A1: R2*s(0)]
    6         A1*: R6*p(0)  0.0000375               (4.77)*BF[9 = A1: R7*p(0)]
    7         A1*: R6*p(1)  0.0000746              (4.51)*BF[10 = A1: R7*p(1)]
    8        A1*: R6*p(-1)  0.0000740             (4.40)*BF[11 = A1: R7*p(-1)]
    9         A1*: R7*p(0)  0.0005481             (-2.80)*BF[12 = A1: R8*p(0)]
   10         A1*: R7*p(1)  0.0007508             (-2.82)*BF[13 = A1: R8*p(1)]
   11        A1*: R7*p(-1)  0.0006737            (-2.84)*BF[14 = A1: R8*p(-1)]
   12          A1: R8*p(0)  1.4054107               (0.58)*BF[6 = A1: R6*p(0)]
   13          A1: R8*p(1)  1.4239865               (0.58)*BF[7 = A1: R6*p(1)]
   14         A1: R8*p(-1)  1.4305839              (0.57)*BF[8 = A1: R6*p(-1)]
   15         A1*: R9*d(0)  0.0000381             (-1.24)*BF[15 = A1: R9*d(0)]
   16         A1*: R9*d(1)  0.0000260             (-1.26)*BF[16 = A1: R9*d(1)]
   17        A1*: R9*d(-1)  0.0000241            (-1.25)*BF[17 = A1: R9*d(-1)]
   18         A1*: R9*d(2)  0.0000427             (-1.25)*BF[18 = A1: R9*d(2)]
   19        A1*: R9*d(-2)  0.0000215            (-1.26)*BF[19 = A1: R9*d(-2)]
   20        A1*: R10*d(0)  0.0002727             (1.39)*BF[20 = A1: R10*d(0)]
   21        A1*: R10*d(1)  0.0036796             (2.98)*BF[35 = A2: R15*s(0)]
   22       A1*: R10*d(-1)  0.0036250             (2.67)*BF[35 = A2: R15*s(0)]
   23        A1*: R10*d(2)  0.0003688             (1.52)*BF[23 = A1: R10*d(2)]
   24       A1*: R10*d(-2)  0.0034678            (-3.24)*BF[35 = A2: R15*s(0)]
   25        A1*: R11*f(0)  0.0000651             (1.18)*BF[25 = A1: R11*f(0)]
   26        A1*: R11*f(1)  0.0000252             (1.18)*BF[26 = A1: R11*f(1)]
   27       A1*: R11*f(-1)  0.0000141            (1.17)*BF[27 = A1: R11*f(-1)]
   28        A1*: R11*f(2)  0.0000514             (1.17)*BF[28 = A1: R11*f(2)]
   29       A1*: R11*f(-2)  0.0006314              (-2.83)*BF[4 = A1: R4*s(0)]
   30        A1*: R11*f(3)  0.0000328             (1.20)*BF[30 = A1: R11*f(3)]
   31       A1*: R11*f(-3)  0.0000431            (1.17)*BF[31 = A1: R11*f(-3)]
   32        A2*: R12*s(0)  0.0000082            (14.56)*BF[36 = A2: R16*s(0)]
   33        A2*: R13*s(0)  0.0000711           (-41.77)*BF[36 = A2: R16*s(0)]
   34        A2*: R14*s(0)  0.0019309            (-6.97)*BF[36 = A2: R16*s(0)]
   35         A2: R15*s(0)  1.0485636             (0.81)*BF[35 = A2: R15*s(0)]
   36         A2: R16*s(0)  1.9992992             (0.63)*BF[33 = A2: R13*s(0)]
   37        A2*: R17*p(0)  0.0001409             (5.63)*BF[43 = A2: R19*p(0)]
   38        A2*: R17*p(1)  0.0001333             (6.75)*BF[44 = A2: R19*p(1)]
   39       A2*: R17*p(-1)  0.0002483            (7.33)*BF[45 = A2: R19*p(-1)]
   40        A2*: R18*p(0)  0.0012687            (-2.50)*BF[43 = A2: R19*p(0)]
   41        A2*: R18*p(1)  0.0016613            (-2.96)*BF[44 = A2: R19*p(1)]
   42       A2*: R18*p(-1)  0.0025391           (-3.09)*BF[45 = A2: R19*p(-1)]
   43         A2: R19*p(0)  1.0091900             (0.60)*BF[37 = A2: R17*p(0)]
   44         A2: R19*p(1)  1.0679909             (0.62)*BF[38 = A2: R17*p(1)]
   45        A2: R19*p(-1)  1.0960497            (0.62)*BF[39 = A2: R17*p(-1)]
   46        A2*: R20*d(0)  0.0003248             (2.19)*BF[51 = A2: R21*d(0)]
   47        A2*: R20*d(1)  0.0002266             (2.07)*BF[52 = A2: R21*d(1)]
   48       A2*: R20*d(-1)  0.0001467            (2.17)*BF[53 = A2: R21*d(-1)]
   49        A2*: R20*d(2)  0.0003389             (2.17)*BF[54 = A2: R21*d(2)]
   50       A2*: R20*d(-2)  0.0001785            (2.15)*BF[55 = A2: R21*d(-2)]
   51        A2*: R21*d(0)  0.0003435             (1.62)*BF[51 = A2: R21*d(0)]
   52        A2*: R21*d(1)  0.0008596             (6.84)*BF[41 = A2: R18*p(1)]
   53       A2*: R21*d(-1)  0.0010900             (8.69)*BF[66 = A3: R26*s(0)]
   54        A2*: R21*d(2)  0.0000992             (2.74)*BF[66 = A3: R26*s(0)]
   55       A2*: R21*d(-2)  0.0009074            (6.75)*BF[42 = A2: R18*p(-1)]
   56        A2*: R22*f(0)  0.0000211           (-1.77)*BF[42 = A2: R18*p(-1)]
   57        A2*: R22*f(1)  0.0000399             (1.37)*BF[57 = A2: R22*f(1)]
   58       A2*: R22*f(-1)  0.0000571            (-1.90)*BF[66 = A3: R26*s(0)]
   59        A2*: R22*f(2)  0.0000574             (2.07)*BF[35 = A2: R15*s(0)]
   60       A2*: R22*f(-2)  0.0007217             (8.17)*BF[35 = A2: R15*s(0)]
   61        A2*: R22*f(3)  0.0000358            (-1.36)*BF[66 = A3: R26*s(0)]
   62       A2*: R22*f(-3)  0.0000248            (-1.80)*BF[35 = A2: R15*s(0)]
   63        A3*: R23*s(0)  0.0000021            (-9.32)*BF[66 = A3: R26*s(0)]
   64        A3*: R24*s(0)  0.0000719           (-41.29)*BF[67 = A3: R27*s(0)]
   65        A3*: R25*s(0)  0.0010826           (-12.29)*BF[67 = A3: R27*s(0)]
   66         A3: R26*s(0)  1.0568062             (0.71)*BF[66 = A3: R26*s(0)]
   67         A3: R27*s(0)  1.9993934             (0.63)*BF[64 = A3: R24*s(0)]
   68        A3*: R28*p(0)  0.0001048             (8.78)*BF[74 = A3: R30*p(0)]
   69        A3*: R28*p(1)  0.0002003             (6.06)*BF[75 = A3: R30*p(1)]
   70       A3*: R28*p(-1)  0.0000799            (6.84)*BF[76 = A3: R30*p(-1)]
   71        A3*: R29*p(0)  0.0012924            (-4.01)*BF[74 = A3: R30*p(0)]
   72        A3*: R29*p(1)  0.0012209            (-3.09)*BF[75 = A3: R30*p(1)]
   73       A3*: R29*p(-1)  0.0013208           (-3.58)*BF[76 = A3: R30*p(-1)]
   74         A3: R30*p(0)  1.1797967             (0.62)*BF[68 = A3: R28*p(0)]
   75         A3: R30*p(1)  1.1126931             (0.61)*BF[69 = A3: R28*p(1)]
   76        A3: R30*p(-1)  1.0323118            (0.62)*BF[70 = A3: R28*p(-1)]
   77        A3*: R31*d(0)  0.0002595             (2.03)*BF[82 = A3: R32*d(0)]
   78        A3*: R31*d(1)  0.0000932             (2.10)*BF[83 = A3: R32*d(1)]
   79       A3*: R31*d(-1)  0.0001322            (1.75)*BF[84 = A3: R32*d(-1)]
   80        A3*: R31*d(2)  0.0001432             (2.00)*BF[85 = A3: R32*d(2)]
   81       A3*: R31*d(-2)  0.0000623            (1.89)*BF[86 = A3: R32*d(-2)]
   82        A3*: R32*d(0)  0.0005824            (-9.08)*BF[97 = A4: R37*s(0)]
   83        A3*: R32*d(1)  0.0008703             (7.58)*BF[66 = A3: R26*s(0)]
   84       A3*: R32*d(-1)  0.0010146             (9.40)*BF[35 = A2: R15*s(0)]
   85        A3*: R32*d(2)  0.0004079             (3.34)*BF[35 = A2: R15*s(0)]
   86       A3*: R32*d(-2)  0.0012219             (6.37)*BF[35 = A2: R15*s(0)]
   87        A3*: R33*f(0)  0.0001403            (-3.54)*BF[66 = A3: R26*s(0)]
   88        A3*: R33*f(1)  0.0000485            (1.72)*BF[73 = A3: R29*p(-1)]
   89       A3*: R33*f(-1)  0.0002689            (-5.09)*BF[66 = A3: R26*s(0)]
   90        A3*: R33*f(2)  0.0000303             (1.41)*BF[35 = A2: R15*s(0)]
   91       A3*: R33*f(-2)  0.0003174            (-5.21)*BF[66 = A3: R26*s(0)]
   92        A3*: R33*f(3)  0.0001581            (-2.90)*BF[66 = A3: R26*s(0)]
   93       A3*: R33*f(-3)  0.0000996             (1.64)*BF[66 = A3: R26*s(0)]
   94        A4*: R34*s(0)  0.0000056            (-6.95)*BF[97 = A4: R37*s(0)]
   95        A4*: R35*s(0)  0.0000716           (-38.93)*BF[98 = A4: R38*s(0)]
   96        A4*: R36*s(0)  0.0012804           (-17.86)*BF[98 = A4: R38*s(0)]
   97         A4: R37*s(0)  1.0844195             (0.74)*BF[97 = A4: R37*s(0)]
   98         A4: R38*s(0)  1.9992654             (0.63)*BF[95 = A4: R35*s(0)]
   99        A4*: R39*p(0)  0.0003040           (-5.63)*BF[102 = A4: R40*p(0)]
  100        A4*: R39*p(1)  0.0001080            (7.25)*BF[106 = A4: R41*p(1)]
  101       A4*: R39*p(-1)  0.0001679           (5.46)*BF[107 = A4: R41*p(-1)]
  102        A4*: R40*p(0)  0.0014285           (-2.99)*BF[105 = A4: R41*p(0)]
  103        A4*: R40*p(1)  0.0022389           (-4.32)*BF[106 = A4: R41*p(1)]
  104       A4*: R40*p(-1)  0.0016033          (-3.63)*BF[107 = A4: R41*p(-1)]
  105         A4: R41*p(0)  1.1357497             (0.60)*BF[99 = A4: R39*p(0)]
  106         A4: R41*p(1)  1.1855815            (0.61)*BF[100 = A4: R39*p(1)]
  107        A4: R41*p(-1)  1.0816270           (0.61)*BF[101 = A4: R39*p(-1)]
  108        A4*: R42*d(0)  0.0001893           (-1.74)*BF[73 = A3: R29*p(-1)]
  109        A4*: R42*d(1)  0.0001485           (-2.92)*BF[128 = A5: R48*s(0)]
  110       A4*: R42*d(-1)  0.0001423            (-1.57)*BF[97 = A4: R37*s(0)]
  111        A4*: R42*d(2)  0.0000947            (-1.89)*BF[97 = A4: R37*s(0)]
  112       A4*: R42*d(-2)  0.0000924          (-1.38)*BF[112 = A4: R42*d(-2)]
  113        A4*: R43*d(0)  0.0009233            (-8.15)*BF[66 = A3: R26*s(0)]
  114        A4*: R43*d(1)  0.0019144            (8.42)*BF[128 = A5: R48*s(0)]
  115       A4*: R43*d(-1)  0.0011863            (-6.71)*BF[66 = A3: R26*s(0)]
  116        A4*: R43*d(2)  0.0020216           (-7.23)*BF[128 = A5: R48*s(0)]
  117       A4*: R43*d(-2)  0.0013463         (-3.76)*BF[255 = A14: R103*s(0)]
  118        A4*: R44*f(0)  0.0001813             (4.17)*BF[97 = A4: R37*s(0)]
  119        A4*: R44*f(1)  0.0000849             (2.62)*BF[97 = A4: R37*s(0)]
  120       A4*: R44*f(-1)  0.0001856             (3.86)*BF[97 = A4: R37*s(0)]
  121        A4*: R44*f(2)  0.0001031            (-3.44)*BF[97 = A4: R37*s(0)]
  122       A4*: R44*f(-2)  0.0003266             (4.20)*BF[97 = A4: R37*s(0)]
  123        A4*: R44*f(3)  0.0003313             (3.65)*BF[97 = A4: R37*s(0)]
  124       A4*: R44*f(-3)  0.0000374            (1.39)*BF[128 = A5: R48*s(0)]
  125        A5*: R45*s(0)  0.0000042           (-9.06)*BF[129 = A5: R49*s(0)]
  126        A5*: R46*s(0)  0.0005825           (17.74)*BF[129 = A5: R49*s(0)]
  127        A5*: R47*s(0)  0.0078059           (-7.51)*BF[128 = A5: R48*s(0)]
  128         A5: R48*s(0)  0.7987434            (1.09)*BF[128 = A5: R48*s(0)]
  129         A5: R49*s(0)  1.9995456           (-0.63)*BF[126 = A5: R46*s(0)]
  130        A5*: R50*p(0)  0.0004146           (-8.88)*BF[129 = A5: R49*s(0)]
  131        A5*: R50*p(1)  0.0002976            (6.90)*BF[137 = A5: R52*p(1)]
  132       A5*: R50*p(-1)  0.0003263            (8.38)*BF[129 = A5: R49*s(0)]
  133        A5*: R51*p(0)  0.0098838           (-2.82)*BF[136 = A5: R52*p(0)]
  134        A5*: R51*p(1)  0.0147139           (-2.38)*BF[137 = A5: R52*p(1)]
  135       A5*: R51*p(-1)  0.0111356          (-2.62)*BF[138 = A5: R52*p(-1)]
  136         A5: R52*p(0)  0.8604148            (0.69)*BF[130 = A5: R50*p(0)]
  137         A5: R52*p(1)  0.7644182            (0.67)*BF[131 = A5: R50*p(1)]
  138        A5: R52*p(-1)  0.7900599           (0.67)*BF[132 = A5: R50*p(-1)]
  139        A5*: R53*d(0)  0.0003719           (-3.46)*BF[144 = A5: R54*d(0)]
  140        A5*: R53*d(1)  0.0003659            (-9.02)*BF[97 = A4: R37*s(0)]
  141       A5*: R53*d(-1)  0.0003837            (3.90)*BF[128 = A5: R48*s(0)]
  142        A5*: R53*d(2)  0.0002955             (6.85)*BF[97 = A4: R37*s(0)]
  143       A5*: R53*d(-2)  0.0002894            (5.18)*BF[128 = A5: R48*s(0)]
  144        A5*: R54*d(0)  0.0016765          (-1.21)*BF[135 = A5: R51*p(-1)]
  145        A5*: R54*d(1)  0.0010337           (-6.05)*BF[128 = A5: R48*s(0)]
  146       A5*: R54*d(-1)  0.0012935           (-3.64)*BF[128 = A5: R48*s(0)]
  147        A5*: R54*d(2)  0.0016217            (-4.26)*BF[97 = A4: R37*s(0)]
  148       A5*: R54*d(-2)  0.0011030           (-4.13)*BF[128 = A5: R48*s(0)]
  149        A5*: R55*f(0)  0.0001135           (-2.55)*BF[128 = A5: R48*s(0)]
  150        A5*: R55*f(1)  0.0000345            (1.45)*BF[150 = A5: R55*f(1)]
  151       A5*: R55*f(-1)  0.0001822            (2.37)*BF[128 = A5: R48*s(0)]
  152        A5*: R55*f(2)  0.0002101            (3.19)*BF[128 = A5: R48*s(0)]
  153       A5*: R55*f(-2)  0.0002641           (-4.16)*BF[128 = A5: R48*s(0)]
  154        A5*: R55*f(3)  0.0001774           (-3.96)*BF[128 = A5: R48*s(0)]
  155       A5*: R55*f(-3)  0.0000745           (-1.55)*BF[133 = A5: R51*p(0)]
  156        A6*: R56*s(0)  0.0000002            (1.57)*BF[128 = A5: R48*s(0)]
  157        A6*: R57*s(0)  0.0001790           (-8.47)*BF[128 = A5: R48*s(0)]
  158        A6*: R58*s(0)  0.0003083           (-8.31)*BF[160 = A6: R60*s(0)]
  159         A6: R59*s(0)  1.7260085            (0.58)*BF[159 = A6: R59*s(0)]
  160         A6: R60*s(0)  1.9997782            (0.66)*BF[157 = A6: R57*s(0)]
  161        A6*: R61*p(0)  0.0000295            (2.59)*BF[164 = A6: R62*p(0)]
  162        A6*: R61*p(1)  0.0000684           (-3.40)*BF[160 = A6: R60*s(0)]
  163       A6*: R61*p(-1)  0.0001045           (-4.79)*BF[128 = A5: R48*s(0)]
  164        A6*: R62*p(0)  0.0018855           (-1.97)*BF[167 = A6: R63*p(0)]
  165        A6*: R62*p(1)  0.0016809           (-2.15)*BF[168 = A6: R63*p(1)]
  166       A6*: R62*p(-1)  0.0012904            (2.61)*BF[128 = A5: R48*s(0)]
  167         A6: R63*p(0)  1.7956075            (0.51)*BF[161 = A6: R61*p(0)]
  168         A6: R63*p(1)  1.6882747            (0.52)*BF[162 = A6: R61*p(1)]
  169        A6: R63*p(-1)  1.5813769           (0.53)*BF[163 = A6: R61*p(-1)]
  170        A6*: R64*d(0)  0.0000179            (1.35)*BF[128 = A5: R48*s(0)]
  171        A6*: R64*d(1)  0.0000086           (-1.20)*BF[171 = A6: R64*d(1)]
  172       A6*: R64*d(-1)  0.0000033            (2.11)*BF[159 = A6: R59*s(0)]
  173        A6*: R64*d(2)  0.0000066           (-1.19)*BF[173 = A6: R64*d(2)]
  174       A6*: R64*d(-2)  0.0000076            (1.75)*BF[128 = A5: R48*s(0)]
  175        A6*: R65*d(0)  0.0035808            (1.36)*BF[175 = A6: R65*d(0)]
  176        A6*: R65*d(1)  0.0022536            (1.36)*BF[128 = A5: R48*s(0)]
  177       A6*: R65*d(-1)  0.0045666           (-1.86)*BF[160 = A6: R60*s(0)]
  178        A6*: R65*d(2)  0.0014790            (1.22)*BF[178 = A6: R65*d(2)]
  179       A6*: R65*d(-2)  0.0019024           (1.19)*BF[179 = A6: R65*d(-2)]
  180        A6*: R66*f(0)  0.0000738            (1.10)*BF[180 = A6: R66*f(0)]
  181        A6*: R66*f(1)  0.0000412            (1.08)*BF[181 = A6: R66*f(1)]
  182       A6*: R66*f(-1)  0.0000750           (1.12)*BF[182 = A6: R66*f(-1)]
  183        A6*: R66*f(2)  0.0000619            (1.11)*BF[183 = A6: R66*f(2)]
  184       A6*: R66*f(-2)  0.0000695           (1.10)*BF[184 = A6: R66*f(-2)]
  185        A6*: R66*f(3)  0.0000334            (1.05)*BF[185 = A6: R66*f(3)]
  186       A6*: R66*f(-3)  0.0000345           (1.05)*BF[186 = A6: R66*f(-3)]
  187        A7*: R67*s(0)  0.0000003           (-1.70)*BF[128 = A5: R48*s(0)]
  188        A7*: R68*s(0)  0.0002509           (10.11)*BF[191 = A7: R71*s(0)]
  189        A7*: R69*s(0)  0.0003331           (-8.93)*BF[190 = A7: R70*s(0)]
  190         A7: R70*s(0)  1.7265669            (0.59)*BF[190 = A7: R70*s(0)]
  191         A7: R71*s(0)  1.9997637            (0.66)*BF[188 = A7: R68*s(0)]
  192        A7*: R72*p(0)  0.0000648            (3.79)*BF[128 = A5: R48*s(0)]
  193        A7*: R72*p(1)  0.0001036           (-4.91)*BF[128 = A5: R48*s(0)]
  194       A7*: R72*p(-1)  0.0000371           (2.64)*BF[197 = A7: R73*p(-1)]
  195        A7*: R73*p(0)  0.0018681           (-2.21)*BF[198 = A7: R74*p(0)]
  196        A7*: R73*p(1)  0.0013598            (2.70)*BF[128 = A5: R48*s(0)]
  197       A7*: R73*p(-1)  0.0017731          (-2.32)*BF[200 = A7: R74*p(-1)]
  198         A7: R74*p(0)  1.7300595            (0.52)*BF[192 = A7: R72*p(0)]
  199         A7: R74*p(1)  1.5973278            (0.54)*BF[193 = A7: R72*p(1)]
  200        A7: R74*p(-1)  1.7457425           (0.51)*BF[194 = A7: R72*p(-1)]
  201        A7*: R75*d(0)  0.0000052           (-1.19)*BF[201 = A7: R75*d(0)]
  202        A7*: R75*d(1)  0.0000082            (1.74)*BF[128 = A5: R48*s(0)]
  203       A7*: R75*d(-1)  0.0000103             (1.44)*BF[98 = A4: R38*s(0)]
  204        A7*: R75*d(2)  0.0000189           (-1.21)*BF[204 = A7: R75*d(2)]
  205       A7*: R75*d(-2)  0.0000056            (1.95)*BF[190 = A7: R70*s(0)]
  206        A7*: R76*d(0)  0.0015145            (1.20)*BF[206 = A7: R76*d(0)]
  207        A7*: R76*d(1)  0.0017746            (1.18)*BF[207 = A7: R76*d(1)]
  208       A7*: R76*d(-1)  0.0025841           (1.35)*BF[208 = A7: R76*d(-1)]
  209        A7*: R76*d(2)  0.0034753            (1.40)*BF[209 = A7: R76*d(2)]
  210       A7*: R76*d(-2)  0.0044942            (2.16)*BF[128 = A5: R48*s(0)]
  211        A7*: R77*f(0)  0.0000341            (1.06)*BF[211 = A7: R77*f(0)]
  212        A7*: R77*f(1)  0.0000329            (1.05)*BF[212 = A7: R77*f(1)]
  213       A7*: R77*f(-1)  0.0000469           (1.08)*BF[213 = A7: R77*f(-1)]
  214        A7*: R77*f(2)  0.0000350            (1.07)*BF[214 = A7: R77*f(2)]
  215       A7*: R77*f(-2)  0.0000675           (1.10)*BF[215 = A7: R77*f(-2)]
  216        A7*: R77*f(3)  0.0000728            (1.11)*BF[216 = A7: R77*f(3)]
  217       A7*: R77*f(-3)  0.0000972           (1.14)*BF[217 = A7: R77*f(-3)]
  218        A8*: R78*s(0)  0.0001653           (-3.41)*BF[220 = A8: R80*s(0)]
  219        A8*: R79*s(0)  0.0003249           (-2.49)*BF[220 = A8: R80*s(0)]
  220         A8: R80*s(0)  0.5436208            (0.99)*BF[219 = A8: R79*s(0)]
  221        A8*: R81*p(0)  0.0001051           (-2.38)*BF[219 = A8: R79*s(0)]
  222        A8*: R81*p(1)  0.0000884            (3.76)*BF[219 = A8: R79*s(0)]
  223       A8*: R81*p(-1)  0.0000751           (-2.92)*BF[219 = A8: R79*s(0)]
  224        A9*: R82*s(0)  0.0001343           (-3.17)*BF[226 = A9: R84*s(0)]
  225        A9*: R83*s(0)  0.0006602           (-2.40)*BF[226 = A9: R84*s(0)]
  226         A9: R84*s(0)  0.5457873            (0.97)*BF[225 = A9: R83*s(0)]
  227        A9*: R85*p(0)  0.0000723            (2.72)*BF[225 = A9: R83*s(0)]
  228        A9*: R85*p(1)  0.0001175           (-2.88)*BF[225 = A9: R83*s(0)]
  229       A9*: R85*p(-1)  0.0000948           (-3.30)*BF[225 = A9: R83*s(0)]
  230       A10*: R86*s(0)  0.0000854          (-4.55)*BF[232 = A10: R88*s(0)]
  231       A10*: R87*s(0)  0.0004352          (-5.03)*BF[232 = A10: R88*s(0)]
  232        A10: R88*s(0)  0.7798029           (0.90)*BF[231 = A10: R87*s(0)]
  233       A10*: R89*p(0)  0.0003711          (-3.58)*BF[231 = A10: R87*s(0)]
  234       A10*: R89*p(1)  0.0002885          (-2.61)*BF[231 = A10: R87*s(0)]
  235      A10*: R89*p(-1)  0.0003975          (-3.93)*BF[231 = A10: R87*s(0)]
  236       A11*: R90*s(0)  0.0000911          (-6.33)*BF[238 = A11: R92*s(0)]
  237       A11*: R91*s(0)  0.0012901          (-4.85)*BF[238 = A11: R92*s(0)]
  238        A11: R92*s(0)  0.7499751           (0.85)*BF[237 = A11: R91*s(0)]
  239       A11*: R93*p(0)  0.0003731          (-3.97)*BF[237 = A11: R91*s(0)]
  240       A11*: R93*p(1)  0.0003095           (3.69)*BF[237 = A11: R91*s(0)]
  241      A11*: R93*p(-1)  0.0004263           (2.81)*BF[237 = A11: R91*s(0)]
  242       A12*: R94*s(0)  0.0000969          (-4.19)*BF[244 = A12: R96*s(0)]
  243       A12*: R95*s(0)  0.0009520          (-5.35)*BF[244 = A12: R96*s(0)]
  244        A12: R96*s(0)  0.7775306           (0.89)*BF[243 = A12: R95*s(0)]
  245       A12*: R97*p(0)  0.0003114          (-3.41)*BF[243 = A12: R95*s(0)]
  246       A12*: R97*p(1)  0.0005779          (-4.87)*BF[243 = A12: R95*s(0)]
  247      A12*: R97*p(-1)  0.0001172          (1.56)*BF[247 = A12: R97*p(-1)]
  248       A13*: R98*s(0)  0.0000857         (-4.21)*BF[250 = A13: R100*s(0)]
  249       A13*: R99*s(0)  0.0010261         (-5.18)*BF[250 = A13: R100*s(0)]
  250       A13: R100*s(0)  0.7865125           (0.88)*BF[249 = A13: R99*s(0)]
  251      A13*: R101*p(0)  0.0005818           (4.85)*BF[249 = A13: R99*s(0)]
  252      A13*: R101*p(1)  0.0002157             (2.68)*BF[66 = A3: R26*s(0)]
  253     A13*: R101*p(-1)  0.0001956          (-2.52)*BF[249 = A13: R99*s(0)]
  254      A14*: R102*s(0)  0.0000902         (-4.38)*BF[256 = A14: R104*s(0)]
  255      A14*: R103*s(0)  0.0010393         (-5.51)*BF[256 = A14: R104*s(0)]
  256       A14: R104*s(0)  0.7929762          (0.88)*BF[255 = A14: R103*s(0)]
  257      A14*: R105*p(0)  0.0002865          (3.57)*BF[255 = A14: R103*s(0)]
  258      A14*: R105*p(1)  0.0006670          (4.95)*BF[255 = A14: R103*s(0)]
  259     A14*: R105*p(-1)  0.0000920         (1.54)*BF[259 = A14: R105*p(-1)]
  260      A15*: R106*s(0)  0.0000997         (-4.43)*BF[262 = A15: R108*s(0)]
  261      A15*: R107*s(0)  0.0007901         (-5.91)*BF[262 = A15: R108*s(0)]
  262       A15: R108*s(0)  0.7862068          (0.90)*BF[261 = A15: R107*s(0)]
  263      A15*: R109*p(0)  0.0002885          (3.58)*BF[261 = A15: R107*s(0)]
  264      A15*: R109*p(1)  0.0004227         (-3.64)*BF[261 = A15: R107*s(0)]
  265     A15*: R109*p(-1)  0.0003276          (3.13)*BF[261 = A15: R107*s(0)]
  266      A16*: R110*s(0)  0.0001112         (-3.45)*BF[268 = A16: R112*s(0)]
  267      A16*: R111*s(0)  0.0007156         (-2.49)*BF[268 = A16: R112*s(0)]
  268       A16: R112*s(0)  0.5473524          (0.96)*BF[267 = A16: R111*s(0)]
  269      A16*: R113*p(0)  0.0001094          (3.50)*BF[267 = A16: R111*s(0)]
  270      A16*: R113*p(1)  0.0000955          (2.59)*BF[267 = A16: R111*s(0)]
  271     A16*: R113*p(-1)  0.0001219          (3.01)*BF[267 = A16: R111*s(0)]
 trace = 55.999999998842014

Final electron populations and NPA charges:

Center	Nuclear	 Electron  	  NMB       	NPA   
      	 charge	 population	  population	charge
   N1	    7.0	  7.6467822	   7.6320212	-0.6467821602
   C2	    6.0	  6.2345681	   6.2210934	-0.2345681414
   C3	    6.0	  6.3922274	   6.3810012	-0.3922274217
   C4	    6.0	  6.5031606	   6.4866430	-0.5031606459
   C5	    6.0	  5.2678373	   5.2131819	 0.7321626533
   O6	    8.0	  8.8108079	   8.7910458	-0.8108078518
   O7	    8.0	  8.8195286	   8.7994604	-0.8195286449
   H8	    1.0	  0.5443795	   0.5436208	 0.4556204900
   H9	    1.0	  0.5468664	   0.5457873	 0.4531336492
  H10	    1.0	  0.7813806	   0.7798029	 0.2186193856
  H11	    1.0	  0.7524651	   0.7499751	 0.2475349304
  H12	    1.0	  0.7795861	   0.7775306	 0.2204139417
  H13	    1.0	  0.7886174	   0.7865125	 0.2113825786
  H14	    1.0	  0.7951512	   0.7929762	 0.2048487541
  H15	    1.0	  0.7881354	   0.7862068	 0.2118645870
  H16	    1.0	  0.5485061	   0.5473524	 0.4514938972

Angular momentum contributions of the total atomic population:

   Cntr           s           p           d           f           g
     N1   3.3722130   4.2621398   0.0115663   0.0008631   0.0000000
     C2   3.0498729   3.1792222   0.0045151   0.0009578   0.0000000
     C3   3.0573563   3.3290207   0.0047875   0.0010630   0.0000000
     C4   3.0850425   3.4088088   0.0080592   0.0012502   0.0000000
     C5   2.8066816   2.4516646   0.0084348   0.0010564   0.0000000
     O6   3.7262742   5.0703182   0.0138262   0.0003892   0.0000000
     O7   3.7269150   5.0783363   0.0138909   0.0003864   0.0000000
     H8   0.5441110   0.0002685   0.0000000   0.0000000   0.0000000
     H9   0.5465818   0.0002846   0.0000000   0.0000000   0.0000000
    H10   0.7803235   0.0010571   0.0000000   0.0000000   0.0000000
    H11   0.7513562   0.0011088   0.0000000   0.0000000   0.0000000
    H12   0.7785795   0.0010066   0.0000000   0.0000000   0.0000000
    H13   0.7876243   0.0009931   0.0000000   0.0000000   0.0000000
    H14   0.7941057   0.0010455   0.0000000   0.0000000   0.0000000
    H15   0.7870965   0.0010389   0.0000000   0.0000000   0.0000000
    H16   0.5481793   0.0003268   0.0000000   0.0000000   0.0000000


                          * * *                                         

Wiberg-Mayer bond indices (based on density matrix in NAO basis):
Centr. A/B         1         2         3         4         5         6         7         8         9        10        11        12        13        14        15        16
      1    ( 3.3059)    0.9450    0.0073    0.0009    0.0003    0.0004    0.0009    0.7802    0.7785    0.0017    0.0017    0.0076    0.0028    0.0003    0.0002    0.7781
      2              ( 3.8265)    1.0170    0.0053    0.0025    0.0020    0.0100    0.0017    0.0043    0.9229    0.8950    0.0030    0.0018    0.0016    0.0096    0.0046
      3                        ( 3.9218)    1.0047    0.0107    0.0116    0.0091    0.0078    0.0009    0.0017    0.0025    0.9193    0.9243    0.0022    0.0015    0.0013
      4                                  ( 3.9248)    0.9522    0.0469    0.0480    0.0001    0.0001    0.0090    0.0026    0.0021    0.0018    0.9232    0.9271    0.0007
      5                                            ( 3.9002)    1.4712    1.4475    0.0000    0.0000    0.0002    0.0003    0.0018    0.0087    0.0029    0.0020    0.0000
      6                                                      ( 1.7602)    0.2081    0.0000    0.0001    0.0003    0.0015    0.0019    0.0017    0.0124    0.0021    0.0002
      7                                                                ( 1.7561)    0.0000    0.0002    0.0006    0.0154    0.0006    0.0021    0.0031    0.0104    0.0001
      8                                                                          ( 0.7931)    0.0001    0.0009    0.0011    0.0004    0.0004    0.0000    0.0001    0.0001
      9                                                                                    ( 0.7957)    0.0016    0.0093    0.0001    0.0004    0.0000    0.0000    0.0001
     10                                                                                              ( 0.9534)    0.0006    0.0025    0.0001    0.0004    0.0004    0.0105
     11                                                                                                        ( 0.9412)    0.0000    0.0099    0.0000    0.0006    0.0005
     12                                                                                                                  ( 0.9534)    0.0006    0.0127    0.0006    0.0002
     13                                                                                                                            ( 0.9574)    0.0006    0.0020    0.0000
     14                                                                                                                                      ( 0.9602)    0.0003    0.0005
     15                                                                                                                                                ( 0.9568)    0.0001
     16                                                                                                                                                          ( 0.7972)

                          * * *                                         

Creating  LPOs (Localized Property-optimized Orbitals)


Creating initial guess...
Optimizing LPOs...

Finding an optimal hybrid pairing...
    0    1    2    3    4    5    6    7    8    9   10   11   12   13   14   15   16   17   18   19   20   21   22   23   24   25   26   27   28   29   30   31   32   33   34   35   36   37   38   39   40   41   42   43   44   45   46   47   48   49   50   51   52   53   54   55   56   57   58   59   60   61   62   63   64   65   66   67   68   69   70   71   72   73   74   75   76   77   78   79   80   81   82   83   84   85   86   87   88   89   90   91   92   93   94   95   96   97   98   99  100  101  102  103  104  105  106  107  108  109  110  111  112  113  114  115  116  117  118  119  120  121  122  123  124  125  126  127  128  129  130  131  132  133  134  135  136  137  138  139  140  141  142  143  144  145  146  147  148  149  150  151  152  153  154  155  156  157  158  159  160  161  162  163  164  165  166  167  168  169  170  171  172  173  174  175  176  177  178  179  180  181  182  183  184  185  186  187  188  189  190  191  192  193  194  195  196  197  198  199  200  201  202  203  204  205  206  207  208  209  210  211  212  213  214  215  216  217  218  219  220  221  222  223  224  225  226  227  228  229  230  231  232  233  234  235  236  237  238  239  240  241  242  243  244  245  246  247  248  249  250  251  252  253  254  255  256  257  258  259  260  261  262  263  264  265  266  267  268  269  270
  193  160  202   42  217   38   51  181  238  218   71  267  219  225   90   32  192  264   60   54   81  258  188   59  169  203  179  182  212  173  148   88   15  265  237   72   76  110    5   70  115  230    3   65  231  134  164   83  247   82  153    6  157   62   19   89   85   79   78   23   18   92   53  228  242   43  241  140  177  187   39   10   35  249  243  106   36  257   58   57  114   20   49   47  123   56  222   93   31   55   14  107   61   87  210  254  261  126  128  124  142  260  236  165  135  255   75   91  226  240   37  191  196  195   80   40  183  130  138  266  146  151  171   84   99  199   97  198   98  270  117  207  166  189   45  104  158  168  118  251   67  244  100  167  197  190  120  159   30  172  186  121  180   50  213   -1  246   52  136  147    1  205  201  194   46  103  132  143  137   24  216  122  149   29  200  215  209   68  211   26  152    7   27  116  214  204  150   69   22  133  145  111   16    0  163  113  112  144  127  125  174  162    2   25  185  161  232  131  262  176   94  178   28  154  184  175  170    4    9   12  227  256   86  234  248   13  108  220   63  235   41   44  206  250  223  229  102   34    8  268  109   66   64   74  141  269  156   48  224   73  233  139  263  259   95  105  221   77   21  253  101   96  208  252   17   33  119   11  239  245  129
LPO iteration  1: hybrids reconnected, target function =  109.1495365
Iterative optimization of atomic hybrids
           Target                 Total        max.atomic       Total        max.atomic     Nxt.step
  Itr.    function    new-old  ||Unew-U||^2   ||unew-u||^2   ||Dnew-D||^2   ||dnew-d||^2     lambda 
    1     109.1495   +1.1e+02   11.083753      0.1156693      0.11541        0.0818063       (none)
    2     109.1753   +2.6e-02    4.517715      0.0302123      0.04138        0.0334970       (none)
    3     109.1792   +3.9e-03    2.776952      0.0211462      0.01938        0.0146683       (none)
    4     109.1800   +8.5e-04    2.103381      0.0185852      0.00981        0.0066861       (none)
    5     109.1803   +2.3e-04    1.712530      0.0161344      0.00533        0.0030997       (none)
    6     109.1803   +8.1e-05    1.820740      0.0218992      0.00311        0.0014499       (none)
    7     109.1804   +3.4e-05    1.414530      0.0153661      0.00197        0.0006843       (none)
    8     109.1804   +1.8e-05    0.950754      0.0090350      0.00135        0.0003291       (none)
    9     109.1804   +1.0e-05    0.991900      0.0104560      0.00100        0.0002426       (none)
   10     109.1804   +6.8e-06    << Converged! (threshold = 1.00e-05) >>
Optimization of hybrids finished
LPO iteration  1: hybrids optimized, target function =  109.1804119
Finding an optimal hybrid pairing...
    0    1    2    3    4    5    6    7    8    9   10   11   12   13   14   15   16   17   18   19   20   21   22   23   24   25   26   27   28   29   30   31   32   33   34   35   36   37   38   39   40   41   42   43   44   45   46   47   48   49   50   51   52   53   54   55   56   57   58   59   60   61   62   63   64   65   66   67   68   69   70   71   72   73   74   75   76   77   78   79   80   81   82   83   84   85   86   87   88   89   90   91   92   93   94   95   96   97   98   99  100  101  102  103  104  105  106  107  108  109  110  111  112  113  114  115  116  117  118  119  120  121  122  123  124  125  126  127  128  129  130  131  132  133  134  135  136  137  138  139  140  141  142  143  144  145  146  147  148  149  150  151  152  153  154  155  156  157  158  159  160  161  162  163  164  165  166  167  168  169  170  171  172  173  174  175  176  177  178  179  180  181  182  183  184  185  186  187  188  189  190  191  192  193  194  195  196  197  198  199  200  201  202  203  204  205  206  207  208  209  210  211  212  213  214  215  216  217  218  219  220  221  222  223  224  225  226  227  228  229  230  231  232  233  234  235  236  237  238  239  240  241  242  243  244  245  246  247  248  249  250  251  252  253  254  255  256  257  258  259  260  261  262  263  264  265  266  267  268  269  270
   62   59  200   42  217  172   51  162  269  218   71  267  219  225   56   80   55  160   92   54   81  258  188   38  203  173  169  214  124  185  148   88   85  265  237   72   76  110   23   70  115  230    3   65  231  134  164   83  247   82  204    6  157  117   19   16   14   79   78    1   90  193    0  228  242   43  241  140  177  264   39   10   35  249  243  106   36  257   58   57   15   20   49   47  123   32  222   93   31  153   60  221   18   87  210  254  261  126  128  184  142  260  236  165  135  255   75  174  149  240   37  191  196  195  234   40  183   53  138  266  146  151  171   84   28  199   97  198   98  270  179  245  166  189   45  104  158  168  118  251   67  244  100  167  197  190  120  159   30  108  186  121  215   89  213   -1  246   52  136  147   17  205    7  194   46  103  132  143  137   26  216  122    5   25  107  201  209   68  211  130  192  212  202  116   99   29  150  262   22  133  145  111  180   61  163  113  112  144  127  125    2  175  182   24   50  161  232  238  256  176   94  178  181  154   27  152  170    4    9   12  227   91   86  268  248   13  239  220   63  235   41   44  206  250  114  229  102   34  207  226  109   66   64   74  141  131  156   48  224   73  233  139  263  259   95  105  208   77   21  253  101   96  187  252   69   33  119   11  223    8  129
LPO iteration  2: hybrids reconnected, target function =  109.1804119
Done! (in 1 iterations)


*** Summary of LPO  results

  LPO 	         D e s c r i p t i o n     	Occupancy	Composition
    1	(BD) N1-C3, Io = 0.9931            	0.00000  	h1@N1 * (-0.0585) + h63@C3 * ( 0.9983)	
    2	     N1-C3, antibonding (NB)       	 -0.00000	h1@N1 * (-0.9983) + h63@C3 * (-0.0585)	
    3	(BD) N1-C2, Io = 0.6528            	0.00001  	h2@N1 * ( 0.9091) + h60@C2 * ( 0.4166)	
    4	     N1-C2, antibonding (NB)       	  0.00000	h2@N1 * ( 0.4166) + h60@C2 * (-0.9091)	
    5	(BD) N1-O7, Io = 0.7520            	0.00000  	h3@N1 * ( 0.3521) + h201@O7 * ( 0.9360)	
    6	     N1-O7, antibonding (NB)       	  0.00000	h3@N1 * (-0.9360) + h201@O7 * ( 0.3521)	
    7	(BD) N1-C2, Io = 0.2766            	1.99605  	h4@N1 * ( 0.7989) + h43@C2 * (-0.6014)	
    8	     N1-C2, antibonding (NB)       	  0.01426	h4@N1 * (-0.6014) + h43@C2 * (-0.7989)	
    9	(BD) N1-H8, Io = 0.9999            	1.99972  	h5@N1 * ( 1.0000) + h218@H8 * ( 0.0062)	
   10	     N1-H8, antibonding (NB)       	  0.00016	h5@N1 * ( 0.0062) + h218@H8 * (-1.0000)	
   11	(BD) N1-O6, Io = 0.9913            	0.00000  	h6@N1 * ( 0.9978) + h173@O6 * ( 0.0659)	
   12	     N1-O6, antibonding (NB)       	  0.00000	h6@N1 * ( 0.0659) + h173@O6 * (-0.9978)	
   13	(BD) N1-C2, Io = 0.8694            	0.00000  	h7@N1 * ( 0.2555) + h52@C2 * ( 0.9668)	
   14	     N1-C2, antibonding (NB)       	  0.00000	h7@N1 * (-0.9668) + h52@C2 * ( 0.2555)	
   15	(BD) N1-O6, Io = 0.9816            	0.00000  	h8@N1 * ( 0.9954) + h163@O6 * (-0.0958)	
   16	     N1-O6, antibonding (NB)       	  0.00000	h8@N1 * (-0.0958) + h163@O6 * (-0.9954)	
   17	(BD) N1-H16, Io = 0.8251           	0.00007  	h9@N1 * ( 0.9553) + h270@H16 * ( 0.2957)	
   18	     N1-H16, antibonding (NB)      	  0.00002	h9@N1 * ( 0.2957) + h270@H16 * (-0.9553)	
   19	(BD) N1-H8, Io = 0.7125            	0.00161  	h10@N1 * ( 0.9253) + h219@H8 * (-0.3792)	
   20	     N1-H8, antibonding (NB)       	  0.00010	h10@N1 * (-0.3792) + h219@H8 * (-0.9253)	
   21	(BD) N1-C3, Io = 0.3916            	0.00187  	h11@N1 * ( 0.5516) + h72@C3 * ( 0.8341)	
   22	     N1-C3, antibonding (NB)       	  0.00024	h11@N1 * (-0.8341) + h72@C3 * ( 0.5516)	
   23	(BD) N1-H16, Io = 0.4579           	1.99350  	h12@N1 * ( 0.8538) + h268@H16 * (-0.5206)	
   24	     N1-H16, antibonding (NB)      	  0.00978	h12@N1 * (-0.5206) + h268@H16 * (-0.8538)	
   25	(BD) N1-H8, Io = 0.4581            	1.99199  	h13@N1 * ( 0.8538) + h220@H8 * (-0.5205)	
   26	     N1-H8, antibonding (NB)       	  0.00545	h13@N1 * (-0.5205) + h220@H8 * (-0.8538)	
   27	(BD) N1-H9, Io = 0.4584            	1.99321  	h14@N1 * ( 0.8539) + h226@H9 * ( 0.5204)	
   28	     N1-H9, antibonding (NB)       	  0.00838	h14@N1 * ( 0.5204) + h226@H9 * (-0.8539)	
   29	(BD) N1-C2, Io = 0.8051            	0.00000  	h15@N1 * ( 0.9500) + h57@C2 * ( 0.3121)	
   30	     N1-C2, antibonding (NB)       	  0.00000	h15@N1 * ( 0.3121) + h57@C2 * (-0.9500)	
   31	(BD) N1-C3, Io = 0.5624            	0.00001  	h16@N1 * ( 0.4678) + h81@C3 * ( 0.8839)	
   32	     N1-C3, antibonding (NB)       	  0.00000	h16@N1 * (-0.8839) + h81@C3 * ( 0.4678)	
   33	(BD) N1-C2, Io = 1.0000            	0.00000  	h17@N1 * ( 1.0000) + h56@C2 * ( 0.0014)	
   34	     N1-C2, antibonding (NB)       	  0.00000	h17@N1 * ( 0.0014) + h56@C2 * (-1.0000)	
   35	(BD) N1-O6, Io = 0.7461            	0.00002  	h18@N1 * ( 0.9344) + h161@O6 * ( 0.3563)	
   36	     N1-O6, antibonding (NB)       	  0.00001	h18@N1 * ( 0.3563) + h161@O6 * (-0.9344)	
   37	(BD) N1-C3, Io = 0.2608            	0.00000  	h19@N1 * (-0.6080) + h93@C3 * ( 0.7940)	
   38	     N1-C3, antibonding (NB)       	  0.00000	h19@N1 * (-0.7940) + h93@C3 * (-0.6080)	
   39	(BD) N1-C2, Io = 0.2182            	0.00008  	h20@N1 * ( 0.7804) + h55@C2 * ( 0.6252)	
   40	     N1-C2, antibonding (NB)       	  0.00001	h20@N1 * ( 0.6252) + h55@C2 * (-0.7804)	
   41	(BD) N1-C3, Io = 0.4823            	0.00030  	h21@N1 * ( 0.8609) + h82@C3 * ( 0.5088)	
   42	     N1-C3, antibonding (NB)       	  0.00008	h21@N1 * ( 0.5088) + h82@C3 * (-0.8609)	
   43	(BD) N1-H14, Io = 0.3030           	0.00013  	h22@N1 * ( 0.8072) + h259@H14 * (-0.5903)	
   44	     N1-H14, antibonding (NB)      	  0.00003	h22@N1 * (-0.5903) + h259@H14 * (-0.8072)	
   45	(BD) N1-O7, Io = 0.0036            	0.00028  	h23@N1 * (-0.7058) + h189@O7 * ( 0.7084)	
   46	     N1-O7, antibonding (NB)       	  0.00004	h23@N1 * (-0.7084) + h189@O7 * (-0.7058)	
   47	(BD) N1-C2, Io = 0.9907            	0.00000  	h24@N1 * ( 0.9977) + h39@C2 * (-0.0683)	
   48	     N1-C2, antibonding (NB)       	  0.00000	h24@N1 * (-0.0683) + h39@C2 * (-0.9977)	
   49	(BD) N1-O7, Io = 0.3744            	0.00000  	h25@N1 * ( 0.5593) + h204@O7 * ( 0.8290)	
   50	     N1-O7, antibonding (NB)       	  0.00000	h25@N1 * (-0.8290) + h204@O7 * ( 0.5593)	
   51	(BD) N1-O6, Io = 0.9995            	0.00000  	h26@N1 * ( 0.9999) + h174@O6 * ( 0.0157)	
   52	     N1-O6, antibonding (NB)       	  0.00000	h26@N1 * ( 0.0157) + h174@O6 * (-0.9999)	
   53	(BD) N1-O6, Io = 0.9886            	0.00000  	h27@N1 * (-0.0756) + h170@O6 * ( 0.9971)	
   54	     N1-O6, antibonding (NB)       	  0.00000	h27@N1 * (-0.9971) + h170@O6 * (-0.0756)	
   55	(BD) N1-O7, Io = 0.9996            	0.00000  	h28@N1 * ( 0.9999) + h215@O7 * ( 0.0135)	
   56	     N1-O7, antibonding (NB)       	  0.00000	h28@N1 * ( 0.0135) + h215@O7 * (-0.9999)	
   57	(BD) N1-C5, Io = 0.9947            	0.00000  	h29@N1 * ( 0.9987) + h125@C5 * ( 0.0515)	
   58	     N1-C5, antibonding (NB)       	  0.00000	h29@N1 * ( 0.0515) + h125@C5 * (-0.9987)	
   59	(BD) N1-O6, Io = 0.5491            	0.00000  	h30@N1 * ( 0.8801) + h186@O6 * ( 0.4748)	
   60	     N1-O6, antibonding (NB)       	 -0.00000	h30@N1 * ( 0.4748) + h186@O6 * (-0.8801)	
   61	(BD) N1-C5, Io = 0.7366            	0.00000  	h31@N1 * ( 0.3629) + h149@C5 * ( 0.9318)	
   62	     N1-C5, antibonding (NB)       	  0.00000	h31@N1 * (-0.9318) + h149@C5 * ( 0.3629)	
   63	(BD) C2-C3, Io = 0.2721            	0.00000  	h32@C2 * ( 0.6033) + h89@C3 * ( 0.7975)	
   64	     C2-C3, antibonding (NB)       	  0.00000	h32@C2 * (-0.7975) + h89@C3 * ( 0.6033)	
   65	(BD) C2-C3, Io = 0.2184            	0.00000  	h33@C2 * ( 0.7805) + h86@C3 * (-0.6252)	
   66	     C2-C3, antibonding (NB)       	  0.00000	h33@C2 * (-0.6252) + h86@C3 * (-0.7805)	
   67	(BD) C2-H16, Io = 0.8993           	0.00135  	h34@C2 * ( 0.9745) + h266@H16 * (-0.2244)	
   68	     C2-H16, antibonding (NB)      	  0.00004	h34@C2 * (-0.2244) + h266@H16 * (-0.9745)	
   69	(BD) C2-H11, Io = 0.2584           	1.98262  	h35@C2 * ( 0.7932) + h238@H11 * ( 0.6090)	
   70	     C2-H11, antibonding (NB)      	  0.02477	h35@C2 * ( 0.6090) + h238@H11 * (-0.7932)	
   71	(BD) C2-C3, Io = 0.9998            	1.99969  	h36@C2 * ( 1.0000) + h73@C3 * (-0.0095)	
   72	     C2-C3, antibonding (NB)       	  0.00060	h36@C2 * (-0.0095) + h73@C3 * (-1.0000)	
   73	(BD) C2-C3, Io = 0.2158            	0.00000  	h37@C2 * ( 0.7797) + h77@C3 * (-0.6262)	
   74	     C2-C3, antibonding (NB)       	  0.00000	h37@C2 * (-0.6262) + h77@C3 * (-0.7797)	
   75	(BD) C2-C4, Io = 0.7548            	0.00009  	h38@C2 * ( 0.9367) + h111@C4 * (-0.3501)	
   76	     C2-C4, antibonding (NB)       	  0.00002	h38@C2 * (-0.3501) + h111@C4 * (-0.9367)	
   77	(BD) C2-C3, Io = 0.4492            	0.00168  	h40@C2 * ( 0.5248) + h71@C3 * ( 0.8512)	
   78	     C2-C3, antibonding (NB)       	  0.00089	h40@C2 * (-0.8512) + h71@C3 * ( 0.5248)	
   79	(BD) C2-C4, Io = 0.0685            	0.00052  	h41@C2 * ( 0.7309) + h116@C4 * (-0.6825)	
   80	     C2-C4, antibonding (NB)       	  0.00006	h41@C2 * (-0.6825) + h116@C4 * (-0.7309)	
   81	(BD) C2-H10, Io = 0.8422           	0.00248  	h42@C2 * ( 0.9597) + h231@H10 * ( 0.2809)	
   82	     C2-H10, antibonding (NB)      	  0.00028	h42@C2 * ( 0.2809) + h231@H10 * (-0.9597)	
   83	(BD) C2-C3, Io = 0.0282            	1.98785  	h44@C2 * ( 0.7170) + h66@C3 * ( 0.6971)	
   84	     C2-C3, antibonding (NB)       	  0.01475	h44@C2 * ( 0.6971) + h66@C3 * (-0.7170)	
   85	(BD) C2-H10, Io = 0.2190           	1.98052  	h45@C2 * ( 0.7807) + h232@H10 * ( 0.6249)	
   86	     C2-H10, antibonding (NB)      	  0.01191	h45@C2 * ( 0.6249) + h232@H10 * (-0.7807)	
   87	(BD) C2-C5, Io = 0.4242            	0.00171  	h46@C2 * (-0.5365) + h135@C5 * ( 0.8439)	
   88	     C2-C5, antibonding (NB)       	  0.00021	h46@C2 * (-0.8439) + h135@C5 * (-0.5365)	
   89	(BD) C2-O6, Io = 0.4681            	0.00087  	h47@C2 * (-0.5157) + h165@O6 * ( 0.8568)	
   90	     C2-O6, antibonding (NB)       	  0.00004	h47@C2 * (-0.8568) + h165@O6 * (-0.5157)	
   91	(BD) C2-C3, Io = 0.1797            	0.00002  	h48@C2 * ( 0.7680) + h84@C3 * (-0.6404)	
   92	     C2-C3, antibonding (NB)       	  0.00001	h48@C2 * (-0.6404) + h84@C3 * (-0.7680)	
   93	(BD) C2-H13, Io = 0.2213           	0.00024  	h49@C2 * ( 0.7814) + h248@H13 * (-0.6240)	
   94	     C2-H13, antibonding (NB)      	  0.00002	h49@C2 * (-0.6240) + h248@H13 * (-0.7814)	
   95	(BD) C2-C3, Io = 0.1714            	0.00029  	h50@C2 * (-0.6437) + h83@C3 * ( 0.7653)	
   96	     C2-C3, antibonding (NB)       	  0.00003	h50@C2 * (-0.7653) + h83@C3 * (-0.6437)	
   97	(BD) C2-O7, Io = 0.9999            	0.00000  	h51@C2 * ( 0.0073) + h205@O7 * ( 1.0000)	
   98	     C2-O7, antibonding (NB)       	  0.00000	h51@C2 * (-1.0000) + h205@O7 * ( 0.0073)	
   99	(BD) C2-O6, Io = 0.2068            	0.00008  	h53@C2 * (-0.6297) + h158@O6 * ( 0.7768)	
  100	     C2-O6, antibonding (NB)       	  0.00001	h53@C2 * (-0.7768) + h158@O6 * (-0.6297)	
  101	(BD) C2-C4, Io = 0.7876            	0.00000  	h54@C2 * ( 0.9454) + h118@C4 * ( 0.3259)	
  102	     C2-C4, antibonding (NB)       	 -0.00000	h54@C2 * ( 0.3259) + h118@C4 * (-0.9454)	
  103	(BD) C2-C3, Io = 0.8370            	0.00000  	h58@C2 * (-0.2855) + h80@C3 * ( 0.9584)	
  104	     C2-C3, antibonding (NB)       	  0.00000	h58@C2 * (-0.9584) + h80@C3 * (-0.2855)	
  105	(BD) C2-C3, Io = 0.6087            	0.00016  	h59@C2 * ( 0.4423) + h79@C3 * ( 0.8968)	
  106	     C2-C3, antibonding (NB)       	  0.00001	h59@C2 * (-0.8968) + h79@C3 * ( 0.4423)	
  107	(BD) C2-C3, Io = 0.7177            	0.00000  	h61@C2 * (-0.3757) + h91@C3 * ( 0.9268)	
  108	     C2-C3, antibonding (NB)       	  0.00000	h61@C2 * (-0.9268) + h91@C3 * (-0.3757)	
  109	(BD) C2-O7, Io = 0.1613            	0.00000  	h62@C2 * (-0.6476) + h194@O7 * ( 0.7620)	
  110	     C2-O7, antibonding (NB)       	  0.00000	h62@C2 * (-0.7620) + h194@O7 * (-0.6476)	
  111	(BD) C3-H9, Io = 0.2140            	0.00006  	h64@C3 * (-0.6269) + h229@H9 * ( 0.7791)	
  112	     C3-H9, antibonding (NB)       	  0.00002	h64@C3 * (-0.7791) + h229@H9 * (-0.6269)	
  113	(BD) C3-H12, Io = 0.4703           	0.00107  	h65@C3 * ( 0.5146) + h243@H12 * ( 0.8574)	
  114	     C3-H12, antibonding (NB)      	  0.00022	h65@C3 * (-0.8574) + h243@H12 * ( 0.5146)	
  115	(BD) C3-H12, Io = 0.9999           	1.99954  	h67@C3 * ( 1.0000) + h242@H12 * ( 0.0068)	
  116	     C3-H12, antibonding (NB)      	  0.00014	h67@C3 * ( 0.0068) + h242@H12 * (-1.0000)	
  117	(BD) C3-C5, Io = 0.1179            	0.00021  	h68@C3 * ( 0.7476) + h141@C5 * ( 0.6641)	
  118	     C3-C5, antibonding (NB)       	  0.00003	h68@C3 * ( 0.6641) + h141@C5 * (-0.7476)	
  119	(BD) C3-O6, Io = 0.4769            	0.00017  	h69@C3 * (-0.5114) + h178@O6 * ( 0.8593)	
  120	     C3-O6, antibonding (NB)       	  0.00003	h69@C3 * (-0.8593) + h178@O6 * (-0.5114)	
  121	(BD) C3-H15, Io = 0.0086           	0.00008  	h70@C3 * ( 0.7041) + h265@H15 * ( 0.7101)	
  122	     C3-H15, antibonding (NB)      	  0.00002	h70@C3 * (-0.7101) + h265@H15 * ( 0.7041)	
  123	(BD) C3-H13, Io = 0.2129           	1.98031  	h74@C3 * ( 0.7788) + h250@H13 * (-0.6273)	
  124	     C3-H13, antibonding (NB)      	  0.01311	h74@C3 * (-0.6273) + h250@H13 * (-0.7788)	
  125	(BD) C3-H12, Io = 0.2205           	1.97760  	h75@C3 * ( 0.7812) + h244@H12 * ( 0.6243)	
  126	     C3-H12, antibonding (NB)      	  0.01231	h75@C3 * ( 0.6243) + h244@H12 * (-0.7812)	
  127	(BD) C3-C4, Io = 0.0027            	1.97470  	h76@C3 * ( 0.7081) + h107@C4 * (-0.7062)	
  128	     C3-C4, antibonding (NB)       	  0.01304	h76@C3 * (-0.7062) + h107@C4 * (-0.7081)	
  129	(BD) C3-H14, Io = 0.6788           	0.00030  	h78@C3 * ( 0.9162) + h258@H14 * (-0.4008)	
  130	     C3-H14, antibonding (NB)      	  0.00004	h78@C3 * (-0.4008) + h258@H14 * (-0.9162)	
  131	(BD) C3-C4, Io = 0.6877            	0.00000  	h85@C3 * ( 0.9186) + h124@C4 * (-0.3952)	
  132	     C3-C4, antibonding (NB)       	  0.00000	h85@C3 * (-0.3952) + h124@C4 * (-0.9186)	
  133	(BD) C3-H8, Io = 0.4142            	0.00006  	h87@C3 * ( 0.5412) + h223@H8 * ( 0.8409)	
  134	     C3-H8, antibonding (NB)       	  0.00000	h87@C3 * (-0.8409) + h223@H8 * ( 0.5412)	
  135	(BD) C3-C4, Io = 0.4511            	0.00000  	h88@C3 * ( 0.5239) + h94@C4 * ( 0.8518)	
  136	     C3-C4, antibonding (NB)       	  0.00000	h88@C3 * (-0.8518) + h94@C4 * ( 0.5239)	
  137	(BD) C3-C5, Io = 0.8332            	0.00000  	h90@C3 * ( 0.9574) + h154@C5 * (-0.2888)	
  138	     C3-C5, antibonding (NB)       	  0.00000	h90@C3 * (-0.2888) + h154@C5 * (-0.9574)	
  139	(BD) C3-H8, Io = 0.6443            	0.00002  	h92@C3 * (-0.4217) + h222@H8 * ( 0.9067)	
  140	     C3-H8, antibonding (NB)       	  0.00000	h92@C3 * (-0.9067) + h222@H8 * (-0.4217)	
  141	(BD) C4-O7, Io = 0.8530            	0.00002  	h95@C4 * ( 0.9625) + h211@O7 * ( 0.2711)	
  142	     C4-O7, antibonding (NB)       	  0.00000	h95@C4 * ( 0.2711) + h211@O7 * (-0.9625)	
  143	(BD) C4-H14, Io = 0.4028           	0.00146  	h96@C4 * ( 0.5465) + h255@H14 * ( 0.8375)	
  144	     C4-H14, antibonding (NB)      	  0.00014	h96@C4 * (-0.8375) + h255@H14 * ( 0.5465)	
  145	(BD) C4-H15, Io = 0.2121           	1.98099  	h97@C4 * ( 0.7785) + h262@H15 * ( 0.6276)	
  146	     C4-H15, antibonding (NB)      	  0.01102	h97@C4 * ( 0.6276) + h262@H15 * (-0.7785)	
  147	(BD) C4-C5, Io = 0.9999            	1.99946  	h98@C4 * ( 1.0000) + h127@C5 * (-0.0086)	
  148	     C4-C5, antibonding (NB)       	  0.00022	h98@C4 * (-0.0086) + h127@C5 * (-1.0000)	
  149	(BD) C4-C5, Io = 0.9998            	1.99979  	h99@C4 * ( 0.0092) + h129@C5 * ( 1.0000)	
  150	     C4-C5, antibonding (NB)       	  0.00088	h99@C4 * (-1.0000) + h129@C5 * ( 0.0092)	
  151	(BD) C4-O6, Io = 0.6350            	0.00000  	h100@C4 * ( 0.9042) + h185@O6 * (-0.4272)	
  152	     C4-O6, antibonding (NB)       	  0.00000	h100@C4 * (-0.4272) + h185@O6 * (-0.9042)	
  153	(BD) C4-C5, Io = 0.7002            	0.00000  	h101@C4 * ( 0.9220) + h143@C5 * ( 0.3872)	
  154	     C4-C5, antibonding (NB)       	  0.00000	h101@C4 * ( 0.3872) + h143@C5 * (-0.9220)	
  155	(BD) C4-H15, Io = 0.2918           	0.00162  	h102@C4 * ( 0.8037) + h261@H15 * (-0.5951)	
  156	     C4-H15, antibonding (NB)      	  0.00038	h102@C4 * (-0.5951) + h261@H15 * (-0.8037)	
  157	(BD) C4-H11, Io = 0.5666           	0.00398  	h103@C4 * ( 0.8850) + h237@H11 * (-0.4655)	
  158	     C4-H11, antibonding (NB)      	  0.00058	h103@C4 * (-0.4655) + h237@H11 * (-0.8850)	
  159	(BD) C4-O6, Io = 0.3838            	0.00162  	h104@C4 * ( 0.5551) + h166@O6 * ( 0.8318)	
  160	     C4-O6, antibonding (NB)       	  0.00016	h104@C4 * (-0.8318) + h166@O6 * ( 0.5551)	
  161	(BD) C4-C5, Io = 0.0683            	1.98918  	h105@C4 * ( 0.7309) + h136@C5 * (-0.6825)	
  162	     C4-C5, antibonding (NB)       	  0.08677	h105@C4 * (-0.6825) + h136@C5 * (-0.7309)	
  163	(BD) C4-H14, Io = 0.2051           	1.97651  	h106@C4 * ( 0.7762) + h256@H14 * (-0.6305)	
  164	     C4-H14, antibonding (NB)      	  0.01364	h106@C4 * (-0.6305) + h256@H14 * (-0.7762)	
  165	(BD) C4-O6, Io = 0.8497            	0.00001  	h108@C4 * ( 0.9617) + h175@O6 * ( 0.2742)	
  166	     C4-O6, antibonding (NB)       	  0.00000	h108@C4 * ( 0.2742) + h175@O6 * (-0.9617)	
  167	(BD) C4-C5, Io = 0.7251            	0.00000  	h109@C4 * ( 0.9287) + h150@C5 * ( 0.3707)	
  168	     C4-C5, antibonding (NB)       	  0.00000	h109@C4 * ( 0.3707) + h150@C5 * (-0.9287)	
  169	(BD) C4-H11, Io = 0.2105           	0.00026  	h110@C4 * (-0.6283) + h241@H11 * ( 0.7780)	
  170	     C4-H11, antibonding (NB)      	  0.00007	h110@C4 * (-0.7780) + h241@H11 * (-0.6283)	
  171	(BD) C4-O7, Io = 0.4270            	0.00000  	h112@C4 * (-0.5352) + h192@O7 * ( 0.8447)	
  172	     C4-O7, antibonding (NB)       	  0.00000	h112@C4 * (-0.8447) + h192@O7 * (-0.5352)	
  173	(BD) C4-O7, Io = 0.0547            	0.00110  	h113@C4 * ( 0.7262) + h197@O7 * ( 0.6875)	
  174	     C4-O7, antibonding (NB)       	  0.00040	h113@C4 * ( 0.6875) + h197@O7 * (-0.7262)	
  175	(BD) C4-O7, Io = 0.6362            	0.00138  	h114@C4 * (-0.4265) + h196@O7 * ( 0.9045)	
  176	     C4-O7, antibonding (NB)       	  0.00007	h114@C4 * (-0.9045) + h196@O7 * (-0.4265)	
  177	(BD) C4-H10, Io = 0.3697           	0.00016  	h115@C4 * (-0.5614) + h235@H10 * ( 0.8276)	
  178	     C4-H10, antibonding (NB)      	  0.00006	h115@C4 * (-0.8276) + h235@H10 * (-0.5614)	
  179	(BD) C4-O6, Io = 0.3525            	0.00001  	h117@C4 * ( 0.8224) + h184@O6 * (-0.5690)	
  180	     C4-O6, antibonding (NB)       	  0.00000	h117@C4 * (-0.5690) + h184@O6 * (-0.8224)	
  181	(BD) C4-C5, Io = 0.0397            	0.00000  	h119@C4 * ( 0.7210) + h139@C5 * ( 0.6929)	
  182	     C4-C5, antibonding (NB)       	  0.00000	h119@C4 * ( 0.6929) + h139@C5 * (-0.7210)	
  183	(BD) C4-H16, Io = 0.8930           	0.00076  	h120@C4 * (-0.2313) + h267@H16 * ( 0.9729)	
  184	     C4-H16, antibonding (NB)      	  0.00006	h120@C4 * (-0.9729) + h267@H16 * (-0.2313)	
  185	(BD) C4-C5, Io = 0.5781            	0.00002  	h121@C4 * ( 0.8883) + h147@C5 * ( 0.4593)	
  186	     C4-C5, antibonding (NB)       	  0.00001	h121@C4 * ( 0.4593) + h147@C5 * (-0.8883)	
  187	(BD) C4-C5, Io = 0.7624            	-0.00000 	h122@C4 * ( 0.9387) + h152@C5 * (-0.3447)	
  188	     C4-C5, antibonding (NB)       	 -0.00000	h122@C4 * (-0.3447) + h152@C5 * (-0.9387)	
  189	(BD) C4-O6, Io = 0.8464            	0.00000  	h123@C4 * ( 0.9608) + h172@O6 * ( 0.2772)	
  190	     C4-O6, antibonding (NB)       	  0.00000	h123@C4 * ( 0.2772) + h172@O6 * (-0.9608)	
  191	(BD) C5-O7, Io = 0.9855            	1.63982  	h126@C5 * (-0.0851) + h200@O7 * ( 0.9964)	
  192	     C5-O7, antibonding (NB)       	  0.00333	h126@C5 * (-0.9964) + h200@O7 * (-0.0851)	
  193	(BD) C5-O7, Io = 0.2932            	1.99665  	h128@C5 * ( 0.5945) + h199@O7 * ( 0.8041)	
  194	     C5-O7, antibonding (NB)       	  0.05492	h128@C5 * (-0.8041) + h199@O7 * ( 0.5945)	
  195	(BD) C5-H16, Io = 0.0713           	0.00014  	h130@C5 * ( 0.7319) + h271@H16 * ( 0.6814)	
  196	     C5-H16, antibonding (NB)      	  0.00003	h130@C5 * ( 0.6814) + h271@H16 * (-0.7319)	
  197	(BD) C5-O6, Io = 0.9998            	0.00000  	h131@C5 * ( 0.0111) + h180@O6 * ( 0.9999)	
  198	     C5-O6, antibonding (NB)       	  0.00000	h131@C5 * (-0.9999) + h180@O6 * ( 0.0111)	
  199	(BD) C5-H12, Io = 0.0061           	0.00004  	h132@C5 * ( 0.7093) + h246@H12 * ( 0.7049)	
  200	     C5-H12, antibonding (NB)      	  0.00001	h132@C5 * ( 0.7049) + h246@H12 * (-0.7093)	
  201	(BD) C5-O6, Io = 0.9869            	1.99031  	h133@C5 * (-0.0808) + h167@O6 * ( 0.9967)	
  202	     C5-O6, antibonding (NB)       	  0.00301	h133@C5 * (-0.9967) + h167@O6 * (-0.0808)	
  203	(BD) C5-O7, Io = 0.9876            	1.98779  	h134@C5 * ( 0.0788) + h190@O7 * ( 0.9969)	
  204	     C5-O7, antibonding (NB)       	  0.00348	h134@C5 * (-0.9969) + h190@O7 * ( 0.0788)	
  205	(BD) C5-O6, Io = 0.2891            	1.99706  	h137@C5 * ( 0.5962) + h159@O6 * ( 0.8028)	
  206	     C5-O6, antibonding (NB)       	  0.05263	h137@C5 * (-0.8028) + h159@O6 * ( 0.5962)	
  207	(BD) C5-O6, Io = 0.5401            	1.98938  	h138@C5 * ( 0.4796) + h169@O6 * ( 0.8775)	
  208	     C5-O6, antibonding (NB)       	  0.37978	h138@C5 * (-0.8775) + h169@O6 * ( 0.4796)	
  209	(BD) C5-H13, Io = 0.0596           	0.00010  	h140@C5 * ( 0.7279) + h252@H13 * ( 0.6857)	
  210	     C5-H13, antibonding (NB)      	  0.00002	h140@C5 * ( 0.6857) + h252@H13 * (-0.7279)	
  211	(BD) C5-H12, Io = 0.3577           	0.00010  	h142@C5 * ( 0.5667) + h245@H12 * ( 0.8239)	
  212	     C5-H12, antibonding (NB)      	  0.00001	h142@C5 * (-0.8239) + h245@H12 * ( 0.5667)	
  213	(BD) C5-O6, Io = 0.9955            	1.90809  	h144@C5 * (-0.0474) + h168@O6 * ( 0.9989)	
  214	     C5-O6, antibonding (NB)       	  0.00143	h144@C5 * (-0.9989) + h168@O6 * (-0.0474)	
  215	(BD) C5-O7, Io = 0.9955            	1.90521  	h145@C5 * ( 0.0476) + h198@O7 * ( 0.9989)	
  216	     C5-O7, antibonding (NB)       	  0.00127	h145@C5 * (-0.9989) + h198@O7 * ( 0.0476)	
  217	(BD) C5-O7, Io = 1.0000            	1.99989  	h146@C5 * ( 0.0030) + h191@O7 * ( 1.0000)	
  218	     C5-O7, antibonding (NB)       	  0.00002	h146@C5 * (-1.0000) + h191@O7 * ( 0.0030)	
  219	(BD) C5-O6, Io = 1.0000            	1.99996  	h148@C5 * (-0.0036) + h160@O6 * ( 1.0000)	
  220	     C5-O6, antibonding (NB)       	  0.00002	h148@C5 * (-1.0000) + h160@O6 * (-0.0036)	
  221	(BD) C5-O7, Io = 0.7786            	0.00000  	h151@C5 * ( 0.9430) + h187@O7 * (-0.3327)	
  222	     C5-O7, antibonding (NB)       	  0.00000	h151@C5 * (-0.3327) + h187@O7 * (-0.9430)	
  223	(BD) C5-O7, Io = 0.3391            	0.00000  	h153@C5 * ( 0.8183) + h216@O7 * ( 0.5748)	
  224	     C5-O7, antibonding (NB)       	  0.00000	h153@C5 * ( 0.5748) + h216@O7 * (-0.8183)	
  225	(BD) C5-O7, Io = 0.4226            	0.00000  	h155@C5 * ( 0.8434) + h214@O7 * ( 0.5373)	
  226	     C5-O7, antibonding (NB)       	  0.00000	h155@C5 * ( 0.5373) + h214@O7 * (-0.8434)	
  228	(BD) O6-H12, Io = 0.5355           	0.00011  	h157@O6 * (-0.4819) + h247@H12 * ( 0.8762)	
  229	     O6-H12, antibonding (NB)      	  0.00002	h157@O6 * (-0.8762) + h247@H12 * (-0.4819)	
  230	(BD) O6-O7, Io = 0.2935            	0.00000  	h162@O6 * ( 0.5943) + h206@O7 * ( 0.8042)	
  231	     O6-O7, antibonding (NB)       	  0.00000	h162@O6 * (-0.8042) + h206@O7 * ( 0.5943)	
  232	(BD) O6-O7, Io = 0.0354            	0.00430  	h164@O6 * ( 0.6945) + h195@O7 * ( 0.7195)	
  233	     O6-O7, antibonding (NB)       	  0.00078	h164@O6 * (-0.7195) + h195@O7 * ( 0.6945)	
  234	(BD) O6-O7, Io = 0.6170            	0.00000  	h171@O6 * ( 0.8992) + h217@O7 * (-0.4376)	
  235	     O6-O7, antibonding (NB)       	  0.00000	h171@O6 * (-0.4376) + h217@O7 * (-0.8992)	
  236	(BD) O6-O7, Io = 0.4860            	0.00000  	h176@O6 * ( 0.8620) + h202@O7 * ( 0.5070)	
  237	     O6-O7, antibonding (NB)       	  0.00000	h176@O6 * ( 0.5070) + h202@O7 * (-0.8620)	
  238	(BD) O6-O7, Io = 0.0400            	0.00018  	h177@O6 * ( 0.6928) + h210@O7 * ( 0.7211)	
  239	     O6-O7, antibonding (NB)       	  0.00002	h177@O6 * (-0.7211) + h210@O7 * ( 0.6928)	
  240	(BD) O6-O7, Io = 0.1989            	0.00000  	h179@O6 * (-0.6329) + h212@O7 * ( 0.7742)	
  241	     O6-O7, antibonding (NB)       	  0.00000	h179@O6 * (-0.7742) + h212@O7 * (-0.6329)	
  242	(BD) O6-O7, Io = 0.0425            	0.00000  	h181@O6 * ( 0.6919) + h193@O7 * ( 0.7220)	
  243	     O6-O7, antibonding (NB)       	  0.00000	h181@O6 * (-0.7220) + h193@O7 * ( 0.6919)	
  244	(BD) O6-O7, Io = 0.2110            	0.00000  	h182@O6 * ( 0.7782) + h213@O7 * ( 0.6281)	
  245	     O6-O7, antibonding (NB)       	  0.00000	h182@O6 * ( 0.6281) + h213@O7 * (-0.7782)	
  246	(BD) O6-O7, Io = 0.7601            	0.00000  	h183@O6 * (-0.3463) + h203@O7 * ( 0.9381)	
  247	     O6-O7, antibonding (NB)       	  0.00000	h183@O6 * (-0.9381) + h203@O7 * (-0.3463)	
  248	(BD) O7-H15, Io = 0.6617           	0.00008  	h188@O7 * ( 0.9115) + h263@H15 * ( 0.4113)	
  249	     O7-H15, antibonding (NB)      	  0.00002	h188@O7 * ( 0.4113) + h263@H15 * (-0.9115)	
  250	(BD) O7-H10, Io = 0.5276           	0.00007  	h207@O7 * ( 0.4860) + h233@H10 * ( 0.8740)	
  251	     O7-H10, antibonding (NB)      	  0.00000	h207@O7 * (-0.8740) + h233@H10 * ( 0.4860)	
  252	(BD) O7-H11, Io = 0.6357           	0.00003  	h208@O7 * (-0.4268) + h239@H11 * ( 0.9044)	
  253	     O7-H11, antibonding (NB)      	  0.00001	h208@O7 * (-0.9044) + h239@H11 * (-0.4268)	
  254	(BD) O7-H14, Io = 0.6574           	0.00005  	h209@O7 * ( 0.9103) + h257@H14 * ( 0.4139)	
  255	     O7-H14, antibonding (NB)      	  0.00001	h209@O7 * ( 0.4139) + h257@H14 * (-0.9103)	
  256	(BD) H8-H9, Io = 0.2507            	0.00008  	h221@H8 * ( 0.6121) + h228@H9 * ( 0.7908)	
  257	     H8-H9, antibonding (NB)       	  0.00001	h221@H8 * (-0.7908) + h228@H9 * ( 0.6121)	
  258	(BD) H9-H16, Io = 0.5717           	0.00017  	h224@H9 * ( 0.8865) + h269@H16 * ( 0.4628)	
  259	     H9-H16, antibonding (NB)      	  0.00004	h224@H9 * ( 0.4628) + h269@H16 * (-0.8865)	
  260	(BD) H9-H13, Io = 0.3046           	0.00147  	h225@H9 * ( 0.5896) + h249@H13 * ( 0.8077)	
  261	     H9-H13, antibonding (NB)      	  0.00029	h225@H9 * (-0.8077) + h249@H13 * ( 0.5896)	
  262	(BD) H9-H11, Io = 0.9321           	0.00009  	h227@H9 * (-0.1843) + h240@H11 * ( 0.9829)	
  263	     H9-H11, antibonding (NB)      	  0.00001	h227@H9 * (-0.9829) + h240@H11 * (-0.1843)	
  264	(BD) H10-H11, Io = 0.3729          	0.00014  	h230@H10 * ( 0.8285) + h236@H11 * ( 0.5599)	
  265	     H10-H11, antibonding (NB)     	  0.00002	h230@H10 * ( 0.5599) + h236@H11 * (-0.8285)	
  266	(BD) H10-H13, Io = 0.2163          	0.00002  	h234@H10 * (-0.6260) + h251@H13 * ( 0.7798)	
  267	     H10-H13, antibonding (NB)     	  0.00001	h234@H10 * (-0.7798) + h251@H13 * (-0.6260)	
  268	(BD) H13-H15, Io = 0.3703          	0.00014  	h253@H13 * ( 0.8277) + h264@H15 * (-0.5611)	
  269	     H13-H15, antibonding (NB)     	  0.00003	h253@H13 * (-0.5611) + h264@H15 * (-0.8277)	
  270	(BD) H14-H15, Io = 0.0871          	0.00019  	h254@H14 * ( 0.6756) + h260@H15 * ( 0.7373)	
  271	     H14-H15, antibonding (NB)     	  0.00003	h254@H14 * (-0.7373) + h260@H15 * ( 0.6756)	

Note: 1 one-center RY orbitals, each having occupancy below 1.00e-03,
      were not printed (use the program option -RyOccPrintThreshold to change this behavior)
      Total occupancy of these RY orbitals is 0.00000


Number of two-center(2C) BD orbitals for each pair of atoms
Centr. A/B         1         2         3         4         5         6         7         8         9        10        11        12        13        14        15        16
      1    (     31)         7         5         0         2         6         4         3         1         0         0         0         0         1         0         2
      2              (     31)        11         3         1         2         2         0         0         2         1         0         1         0         0         1
      3                        (     31)         3         2         1         0         2         1         0         0         3         1         1         1         0
      4                                  (     31)         8         5         4         0         0         1         2         0         0         2         2         1
      5                                            (     31)         6         8         0         0         0         0         2         1         0         0         1
      6                                                      (     30)         9         0         0         0         0         1         0         0         0         0
      7                                                                (     31)         0         0         1         1         0         0         1         1         0
      8                                                                          (      6)         1         0         0         0         0         0         0         0
      9                                                                                    (      6)         0         1         0         1         0         0         1
     10                                                                                              (      6)         1         0         1         0         0         0
     11                                                                                                        (      6)         0         0         0         0         0
     12                                                                                                                  (      6)         0         0         0         0
     13                                                                                                                            (      6)         0         1         0
     14                                                                                                                                      (      6)         1         0
     15                                                                                                                                                (      6)         0
     16                                                                                                                                                          (      6)

>> LPO  occupancy summary >>
       bonding (BD):     55.25311 in  135 oribtals
  anti-bonding (NB):      0.74689 in  135 oribtals
 1c-lone pairs (LP):      0.00000 in    0 oribtals
 1c-unoccupied (RY):      0.00000 in    1 oribtals

Method        BD+LP....in      NB+RY     BD+NB+LP  BD+NB+LP+RY      trace(D)   Sum[Bd^2+Lp^2]    ||D||^2
  LPO      55.25311   135    0.74689     56.00000     56.00000       56.000       109.0207      112.0000


                          * * *                                         

Creating CLPOs (Chemist's Localized Property-optimized Orbitals)


Optimizing CLPOs...
Finding an optimal hybrid pairing...
    0    1    2    3    4    5    6    7    8    9   10   11   12   13   14   15   16   17   18   19   20   21   22   23   24   25   26   27   28   29   30   31   32   33   34   35   36   37   38   39   40   41   42   43   44   45   46   47   48   49   50   51   52   53   54   55   56   57   58   59   60   61   62   63   64   65   66   67   68   69   70   71   72   73   74   75   76   77   78   79   80   81   82   83   84   85   86   87   88   89   90   91   92   93   94   95   96   97   98   99  100  101  102  103  104  105  106  107  108  109  110  111  112  113  114  115  116  117  118  119  120  121  122  123  124  125  126  127  128  129  130  131  132  133  134  135  136  137  138  139  140  141  142  143  144  145  146  147  148  149  150  151  152  153  154  155  156  157  158  159  160  161  162  163  164  165  166  167  168  169  170  171  172  173  174  175  176  177  178  179  180  181  182  183  184  185  186  187  188  189  190  191  192  193  194  195  196  197  198  199  200  201  202  203  204  205  206  207  208  209  210  211  212  213  214  215  216  217  218  219  220  221  222  223  224  225  226  227  228  229  230  231  232  233  234  235  236  237  238  239  240  241  242  243  244  245  246  247  248  249  250  251  252  253  254  255  256  257  258  259  260  261  262  263  264  265  266  267  268  269  270  271  272  273  274  275  276  277  278  279  280  281  282  283  284  285  286  287  288  289  290  291  292  293  294  295  296  297  298  299  300  301  302  303  304  305  306  307  308  309  310  311  312  313  314  315  316  317  318  319  320  321  322  323  324  325  326  327  328  329  330  331  332  333  334  335  336  337  338  339  340  341  342  343  344  345  346  347  348  349  350  351  352  353  354  355  356  357  358  359  360  361  362  363  364  365  366  367  368  369  370  371  372  373  374  375  376  377  378  379  380  381  382  383  384  385  386  387  388  389  390  391  392  393  394  395  396  397  398  399  400  401  402  403  404  405  406  407  408  409  410  411  412  413  414  415  416  417  418  419  420  421  422  423  424  425  426  427  428  429  430  431  432  433  434  435  436  437  438  439  440  441  442  443  444  445  446  447  448  449  450  451  452  453  454  455  456  457  458  459  460  461  462  463  464  465  466  467  468  469  470  471  472  473  474  475  476  477  478  479  480  481  482  483  484  485  486  487  488  489  490  491  492  493  494  495  496  497  498  499  500  501  502  503  504  505  506  507  508  509  510  511  512  513  514  515  516  517  518  519  520  521  522  523  524  525  526  527  528  529  530  531  532  533  534  535  536  537  538  539  540  541
  271  272  273   42  275  276  277  278  279  280  281  267  219  225  285  286  287  288  289  290  291  292  293  294  295  296  297  298  299  300  301  302  303  304  237  306  307  308  309  310  311  312    3   65  231  316  317  318  319  320  321  322  323  324  325  326  327  328  329  330  331  332  333  334  335   43  337  338  339  340  341  342  343  249  243  106  347  348  349  350  351  352  353  354  355  356  357  358  359  360  361  362  363  364  365  366  261  368  369  370  371  372  373  374  135  255   75  378  379  380  381  382  383  384  385  386  387  388  389  390  391  392  393  394  395  396  397  198  399  400  401  402  403  404  405  104  158  168  409  410  411  412  413  414  415  416  417  418  419  420  421  422  423  424  425  426  427  428  136  430  431  432  433  434  435  436  437  438  137  440  441  442  443  444  445  446  447  448  449  450  451  452  453  454  455  456  457  458  459  460  461  462  463  464  465  466  467  468  127  470  471  472  473  474  475  476  477  478  479  480  481  482  483  484  485  486  487  488  489   12  491  492  493  494  495   13  497  498  499  500  501   44  503  504  505  506  507   34  509  510  511  512  513   74  515  516  517  518  519   73  521  522  523  524  525  105  527  528  529  530  531   96  533  534  535  536  537   11  539  540  541    0    1    2   -1    4    5    6    7    8    9   10   -1   -1   -1   14   15   16   17   18   19   20   21   22   23   24   25   26   27   28   29   30   31   32   33   -1   35   36   37   38   39   40   41   -1   -1   -1   45   46   47   48   49   50   51   52   53   54   55   56   57   58   59   60   61   62   63   64   -1   66   67   68   69   70   71   72   -1   -1   -1   76   77   78   79   80   81   82   83   84   85   86   87   88   89   90   91   92   93   94   95   -1   97   98   99  100  101  102  103   -1   -1   -1  107  108  109  110  111  112  113  114  115  116  117  118  119  120  121  122  123  124  125  126   -1  128  129  130  131  132  133  134   -1   -1   -1  138  139  140  141  142  143  144  145  146  147  148  149  150  151  152  153  154  155  156  157   -1  159  160  161  162  163  164  165  166  167   -1  169  170  171  172  173  174  175  176  177  178  179  180  181  182  183  184  185  186  187  188  189  190  191  192  193  194  195  196  197   -1  199  200  201  202  203  204  205  206  207  208  209  210  211  212  213  214  215  216  217  218   -1  220  221  222  223  224   -1  226  227  228  229  230   -1  232  233  234  235  236   -1  238  239  240  241  242   -1  244  245  246  247  248   -1  250  251  252  253  254   -1  256  257  258  259  260   -1  262  263  264  265  266   -1  268  269  270
CLPO iteration  1: hybrids reconnected, target function =  108.8468576
Iterative optimization of atomic hybrids
           Target                 Total        max.atomic       Total        max.atomic     Nxt.step
  Itr.    function    new-old  ||Unew-U||^2   ||unew-u||^2   ||Dnew-D||^2   ||dnew-d||^2     lambda 
    1     108.8469   +1.1e+02    5.735730      0.0681360      0.09593        0.0876015       (none)
    2     108.8596   +1.3e-02    3.331141      0.0324823      0.01300        0.0096778       (none)
    3     108.8597   +5.3e-05    2.430807      0.0212351      0.00559        0.0032939       (none)
    4     108.8597   +6.8e-06    << Converged! (threshold = 1.00e-05) >>
Optimization of hybrids finished
CLPO iteration  1: hybrids optimized, target function =  108.8596893
Finding an optimal hybrid pairing...
    0    1    2    3    4    5    6    7    8    9   10   11   12   13   14   15   16   17   18   19   20   21   22   23   24   25   26   27   28   29   30   31   32   33   34   35   36   37   38   39   40   41   42   43   44   45   46   47   48   49   50   51   52   53   54   55   56   57   58   59   60   61   62   63   64   65   66   67   68   69   70   71   72   73   74   75   76   77   78   79   80   81   82   83   84   85   86   87   88   89   90   91   92   93   94   95   96   97   98   99  100  101  102  103  104  105  106  107  108  109  110  111  112  113  114  115  116  117  118  119  120  121  122  123  124  125  126  127  128  129  130  131  132  133  134  135  136  137  138  139  140  141  142  143  144  145  146  147  148  149  150  151  152  153  154  155  156  157  158  159  160  161  162  163  164  165  166  167  168  169  170  171  172  173  174  175  176  177  178  179  180  181  182  183  184  185  186  187  188  189  190  191  192  193  194  195  196  197  198  199  200  201  202  203  204  205  206  207  208  209  210  211  212  213  214  215  216  217  218  219  220  221  222  223  224  225  226  227  228  229  230  231  232  233  234  235  236  237  238  239  240  241  242  243  244  245  246  247  248  249  250  251  252  253  254  255  256  257  258  259  260  261  262  263  264  265  266  267  268  269  270  271  272  273  274  275  276  277  278  279  280  281  282  283  284  285  286  287  288  289  290  291  292  293  294  295  296  297  298  299  300  301  302  303  304  305  306  307  308  309  310  311  312  313  314  315  316  317  318  319  320  321  322  323  324  325  326  327  328  329  330  331  332  333  334  335  336  337  338  339  340  341  342  343  344  345  346  347  348  349  350  351  352  353  354  355  356  357  358  359  360  361  362  363  364  365  366  367  368  369  370  371  372  373  374  375  376  377  378  379  380  381  382  383  384  385  386  387  388  389  390  391  392  393  394  395  396  397  398  399  400  401  402  403  404  405  406  407  408  409  410  411  412  413  414  415  416  417  418  419  420  421  422  423  424  425  426  427  428  429  430  431  432  433  434  435  436  437  438  439  440  441  442  443  444  445  446  447  448  449  450  451  452  453  454  455  456  457  458  459  460  461  462  463  464  465  466  467  468  469  470  471  472  473  474  475  476  477  478  479  480  481  482  483  484  485  486  487  488  489  490  491  492  493  494  495  496  497  498  499  500  501  502  503  504  505  506  507  508  509  510  511  512  513  514  515  516  517  518  519  520  521  522  523  524  525  526  527  528  529  530  531  532  533  534  535  536  537  538  539  540  541
  271  272  273   42  275  276  277  278  279  280  281  267  219  225  285  286  287  288  289  290  291  292  293  294  295  296  297  298  299  300  301  302  303  304  237  306  307  308  309  310  311  312    3   65  231  316  317  318  319  320  321  322  323  324  325  326  327  328  329  330  331  332  333  334  335   43  337  338  339  340  341  342  343  249  243  106  347  348  349  350  351  352  353  354  355  356  357  358  359  360  361  362  363  364  365  366  261  368  369  370  371  372  373  374  135  255   75  378  379  380  381  382  383  384  385  386  387  388  389  390  391  392  393  394  395  396  397  198  399  400  401  402  403  404  405  104  158  168  409  410  411  412  413  414  415  416  417  418  419  420  421  422  423  424  425  426  427  428  136  430  431  432  433  434  435  436  437  438  137  440  441  442  443  444  445  446  447  448  449  450  451  452  453  454  455  456  457  458  459  460  461  462  463  464  465  466  467  468  127  470  471  472  473  474  475  476  477  478  479  480  481  482  483  484  485  486  487  488  489   12  491  492  493  494  495   13  497  498  499  500  501   44  503  504  505  506  507   34  509  510  511  512  513   74  515  516  517  518  519   73  521  522  523  524  525  105  527  528  529  530  531   96  533  534  535  536  537   11  539  540  541    0    1    2   -1    4    5    6    7    8    9   10   -1   -1   -1   14   15   16   17   18   19   20   21   22   23   24   25   26   27   28   29   30   31   32   33   -1   35   36   37   38   39   40   41   -1   -1   -1   45   46   47   48   49   50   51   52   53   54   55   56   57   58   59   60   61   62   63   64   -1   66   67   68   69   70   71   72   -1   -1   -1   76   77   78   79   80   81   82   83   84   85   86   87   88   89   90   91   92   93   94   95   -1   97   98   99  100  101  102  103   -1   -1   -1  107  108  109  110  111  112  113  114  115  116  117  118  119  120  121  122  123  124  125  126   -1  128  129  130  131  132  133  134   -1   -1   -1  138  139  140  141  142  143  144  145  146  147  148  149  150  151  152  153  154  155  156  157   -1  159  160  161  162  163  164  165  166  167   -1  169  170  171  172  173  174  175  176  177  178  179  180  181  182  183  184  185  186  187  188  189  190  191  192  193  194  195  196  197   -1  199  200  201  202  203  204  205  206  207  208  209  210  211  212  213  214  215  216  217  218   -1  220  221  222  223  224   -1  226  227  228  229  230   -1  232  233  234  235  236   -1  238  239  240  241  242   -1  244  245  246  247  248   -1  250  251  252  253  254   -1  256  257  258  259  260   -1  262  263  264  265  266   -1  268  269  270
CLPO iteration  2: hybrids reconnected, target function =  108.8596893
Done! (in 1 iterations)


*** Summary of CLPO results

  CLPO	         D e s c r i p t i o n     	Occupancy	Composition
    4	(BD) N1-C2, Io = 0.2766            	1.99605  	h4@N1 * ( 0.7989) + h43@C2 * (-0.6014)	
    5	     N1-C2, antibonding (NB)       	  0.01427	h4@N1 * (-0.6014) + h43@C2 * (-0.7989)	
    6	(LP)  N1                           	1.99964  	1.0 * h5@N1
   11	                            N1 (RY)	  0.00144	1.0 * h10@N1
   13	(BD) N1-H16, Io = 0.4579           	1.99349  	h12@N1 * ( 0.8538) + h268@H16 * (-0.5206)	
   14	     N1-H16, antibonding (NB)      	  0.00978	h12@N1 * (-0.5206) + h268@H16 * (-0.8538)	
   15	(BD) N1-H8, Io = 0.4581            	1.99199  	h13@N1 * ( 0.8538) + h220@H8 * (-0.5205)	
   16	     N1-H8, antibonding (NB)       	  0.00545	h13@N1 * (-0.5205) + h220@H8 * (-0.8538)	
   17	(BD) N1-H9, Io = 0.4584            	1.99321  	h14@N1 * ( 0.8539) + h226@H9 * ( 0.5204)	
   18	     N1-H9, antibonding (NB)       	  0.00838	h14@N1 * ( 0.5204) + h226@H9 * (-0.8539)	
   38	                            C2 (RY)	  0.00131	1.0 * h34@C2
   39	(BD) C2-H11, Io = 0.2583           	1.98262  	h35@C2 * ( 0.7932) + h238@H11 * ( 0.6090)	
   40	     C2-H11, antibonding (NB)      	  0.02476	h35@C2 * ( 0.6090) + h238@H11 * (-0.7932)	
   41	(LP)  C2                           	1.99951  	1.0 * h36@C2
   45	                            C2 (RY)	  0.00123	1.0 * h40@C2
   47	                            C2 (RY)	  0.00237	1.0 * h42@C2
   48	(BD) C2-C3, Io = 0.0282            	1.98786  	h44@C2 * ( 0.7170) + h66@C3 * ( 0.6971)	
   49	     C2-C3, antibonding (NB)       	  0.01475	h44@C2 * ( 0.6971) + h66@C3 * (-0.7170)	
   50	(BD) C2-H10, Io = 0.2190           	1.98052  	h45@C2 * ( 0.7807) + h232@H10 * ( 0.6249)	
   51	     C2-H10, antibonding (NB)      	  0.01191	h45@C2 * ( 0.6249) + h232@H10 * (-0.7807)	
   72	(LP)  C3                           	1.99944  	1.0 * h67@C3
   76	                            C3 (RY)	  0.00172	1.0 * h71@C3
   77	                            C3 (RY)	  0.00139	1.0 * h72@C3
   79	(BD) C3-H13, Io = 0.2129           	1.98031  	h74@C3 * ( 0.7788) + h250@H13 * (-0.6273)	
   80	     C3-H13, antibonding (NB)      	  0.01311	h74@C3 * (-0.6273) + h250@H13 * (-0.7788)	
   81	(BD) C3-H12, Io = 0.2205           	1.97760  	h75@C3 * ( 0.7812) + h244@H12 * ( 0.6243)	
   82	     C3-H12, antibonding (NB)      	  0.01231	h75@C3 * ( 0.6243) + h244@H12 * (-0.7812)	
   83	(BD) C3-C4, Io = 0.0027            	1.97471  	h76@C3 * ( 0.7081) + h107@C4 * (-0.7062)	
   84	     C3-C4, antibonding (NB)       	  0.01305	h76@C3 * (-0.7062) + h107@C4 * (-0.7081)	
  105	(BD) C4-H15, Io = 0.2121           	1.98099  	h97@C4 * ( 0.7785) + h262@H15 * ( 0.6276)	
  106	     C4-H15, antibonding (NB)      	  0.01102	h97@C4 * ( 0.6276) + h262@H15 * (-0.7785)	
  107	(LP)  C4                           	1.99931  	1.0 * h98@C4
  108	                            C4 (RY)	  0.00114	1.0 * h99@C4
  111	                            C4 (RY)	  0.00137	1.0 * h102@C4
  112	                            C4 (RY)	  0.00327	1.0 * h103@C4
  114	(BD) C4-C5, Io = 0.0679            	1.98938  	h105@C4 * ( 0.7307) + h136@C5 * (-0.6827)	
  115	     C4-C5, antibonding (NB)       	  0.08740	h105@C4 * (-0.6827) + h136@C5 * (-0.7307)	
  116	(BD) C4-H14, Io = 0.2051           	1.97651  	h106@C4 * ( 0.7762) + h256@H14 * (-0.6305)	
  117	     C4-H14, antibonding (NB)      	  0.01364	h106@C4 * (-0.6305) + h256@H14 * (-0.7762)	
  136	                            C5 (RY)	  0.00509	1.0 * h126@C5
  138	(BD) C5-O7, Io = 0.2929            	1.99684  	h128@C5 * ( 0.5946) + h199@O7 * ( 0.8040)	
  139	     C5-O7, antibonding (NB)       	  0.05534	h128@C5 * (-0.8040) + h199@O7 * ( 0.5946)	
  140	(LP)  C5                           	1.99962  	1.0 * h129@C5
  144	                            C5 (RY)	  0.01850	1.0 * h133@C5
  145	                            C5 (RY)	  0.01850	1.0 * h134@C5
  146	                            C5 (RY)	  0.00137	1.0 * h135@C5
  147	(BD) C5-O6, Io = 0.2888            	1.99724  	h137@C5 * ( 0.5963) + h159@O6 * ( 0.8027)	
  148	     C5-O6, antibonding (NB)       	  0.05300	h137@C5 * (-0.8027) + h159@O6 * ( 0.5963)	
  149	(BD) C5-O6, Io = 0.5353            	1.99205  	h138@C5 * ( 0.4820) + h169@O6 * ( 0.8762)	
  150	     C5-O6, antibonding (NB)       	  0.38721	h138@C5 * (-0.8762) + h169@O6 * ( 0.4820)	
  156	                            C5 (RY)	  0.00211	1.0 * h144@C5
  157	                            C5 (RY)	  0.00210	1.0 * h145@C5
  171	(LP)  O6                           	1.99993  	1.0 * h160@O6
  175	                            O6 (RY)	  0.00250	1.0 * h164@O6
  177	                            O6 (RY)	  0.00119	1.0 * h166@O6
  178	(LP)  O6                           	1.97733  	1.0 * h167@O6
  179	(LP)  O6                           	1.90381  	1.0 * h168@O6
  200	(LP)  O7                           	1.97547  	1.0 * h190@O7
  201	(LP)  O7                           	1.99988  	1.0 * h191@O7
  205	                            O7 (RY)	  0.00262	1.0 * h195@O7
  206	                            O7 (RY)	  0.00113	1.0 * h196@O7
  208	(LP)  O7                           	1.90089  	1.0 * h198@O7
  209	(LP)  O7                           	1.62798  	1.0 * h200@O7
  243	                           H11 (RY)	  0.00132	1.0 * h237@H11
  253	                           H13 (RY)	  0.00106	1.0 * h249@H13
  258	                           H14 (RY)	  0.00107	1.0 * h255@H14

Note: 205 one-center RY orbitals, each having occupancy below 1.00e-03,
      were not printed (use the program option -RyOccPrintThreshold to change this behavior)
      Total occupancy of these RY orbitals is 0.01667


Number of two-center(2C) BD orbitals for each pair of atoms
Centr. A/B         1         2         3         4         5         6         7         8         9        10        11        12        13        14        15        16
      1    (      4)         1         0         0         0         0         0         1         1         0         0         0         0         0         0         1
      2              (      4)         1         0         0         0         0         0         0         1         1         0         0         0         0         0
      3                        (      4)         1         0         0         0         0         0         0         0         1         1         0         0         0
      4                                  (      4)         1         0         0         0         0         0         0         0         0         1         1         0
      5                                            (      4)         2         1         0         0         0         0         0         0         0         0         0
      6                                                      (      2)         0         0         0         0         0         0         0         0         0         0
      7                                                                (      1)         0         0         0         0         0         0         0         0         0
      8                                                                          (      1)         0         0         0         0         0         0         0         0
      9                                                                                    (      1)         0         0         0         0         0         0         0
     10                                                                                              (      1)         0         0         0         0         0         0
     11                                                                                                        (      1)         0         0         0         0         0
     12                                                                                                                  (      1)         0         0         0         0
     13                                                                                                                            (      1)         0         0         0
     14                                                                                                                                      (      1)         0         0
     15                                                                                                                                                (      1)         0
     16                                                                                                                                                          (      1)
VAL: 	  N 	 4 
VAL: 	  C 	 4 
VAL: 	  C 	 4 
VAL: 	  C 	 4 
VAL: 	  C 	 4 
VAL: 	  O 	 2 
VAL: 	  O 	 1 
VAL: 	  H 	 1 
VAL: 	  H 	 1 
VAL: 	  H 	 1 
VAL: 	  H 	 1 
VAL: 	  H 	 1 
VAL: 	  H 	 1 
VAL: 	  H 	 1 
VAL: 	  H 	 1 
VAL: 	  H 	 1 

>> CLPO occupancy summary >>
       bonding (BD):     31.79136 in   16 oribtals
  anti-bonding (NB):      0.73537 in   16 oribtals
 1c-lone pairs (LP):     23.38281 in   12 oribtals
 1c-unoccupied (RY):      0.09046 in  227 oribtals

Method        BD+LP....in      NB+RY     BD+NB+LP  BD+NB+LP+RY      trace(D)   Sum[Bd^2+Lp^2]    ||D||^2
  CLPO     55.17417    28    0.82583     55.90954     56.00000       56.000       108.8589      112.0000

                          * * *                                         

Atomic connectivity analysis based on CLPO bonding graph:

There are 1 molecule(s) in the system
(the 'molecule' is defined as the set of atoms linked with BD orbitals)

Molecule   TotalNPA    NumberOf   ListOf 
id         charge      atoms      atoms...
   1       +0.00000       16      N1 C2 C3 C4 C5 O6 O7 H8 H9 H10 H11 H12 H13 H14 H15 H16

Note: The total NPA charge is computed as the sum of NPA charge of atoms belonging to each molecule

                          * * *                                         

Approximate charge transfer analysis in CLPO basis
NOTE: this is an experimental feature AND IS SUBJECT TO CHANGE!
 We expect to have the underlying theory published soon...

Threshold for printing: 0.01000 

IntrAfragment charge transfers (conjugation analysis, etc.)
CT within fragment 1

 orb.num.   description  occup.  -->  charge, e  -->   occup.   description  orb.num.
    83        C3-C4:BD   1.9747  -->   0.01234   -->   0.3872         C5-O6:NB   150
   178           O6:LP   1.9773  -->   0.01289   -->   0.0185            C5:RY   144
   179           O6:LP   1.9038  -->   0.03638   -->   0.0874         C4-C5:NB   115
   179           O6:LP   1.9038  -->   0.04575   -->   0.0553         C5-O7:NB   139
   200           O7:LP   1.9755  -->   0.01232   -->   0.0185            C5:RY   145
   208           O7:LP   1.9009  -->   0.03315   -->   0.0874         C4-C5:NB   115
   208           O7:LP   1.9009  -->   0.04516   -->   0.0530         C5-O6:NB   148
   209           O7:LP   1.6280  -->   0.35216   -->   0.3872         C5-O6:NB   150

6796 orbital pairs with total charge transfer of 0.25956 were not printed


IntErfragment charge transfers (donor-acceptor analysis, etc.)

Inter-molecular charge transfer summary (NEW):
Mol  Accepted -Donated  =  got_electrons
  1  +0.00000 -0.00000  =   +0.00000

                          * * *                                         



0 warning(s)

Total run time: 0 min, 2.3 sec


                          * * *                                         

