Processing input.gbw ...
-----------------------------------------------------------------------
Entering interactive generation of plots ...
GBW-file   : input.gbw
-----------------------------------------------------------------------
 ... the gbw file was successfully read
 ... the default volumetric output format is Cube
 ... the output filenames are input.moxy.plt
-----------------------------------------------------------------------
 NOTE: x=no of the MO to plot:
       y='a' for op=0 (spin up or closed shell)
       y='b' for op=1 (spin-down)
-----------------------------------------------------------------------
       !!!!!!!!!!!!!!!!!!!!!!!!!!!!!!!!!!!!!!!!!!!!!!!!!!!!!!!!!!
       ===>>> Number of available orbitals : 228
       ===>>> Number of operators          : 1
       !!!!!!!!!!!!!!!!!!!!!!!!!!!!!!!!!!!!!!!!!!!!!!!!!!!!!!!!!!
Current-settings:

PlotType       ... MO-PLOT
MO/Operator    ... 0 0
Output file    ... (null)
Format         ... Grid3d/Cube
Resolution     ... 40 40 40
Boundaries     ...   -10.135253     9.416879 (x direction)
                      -8.982568    11.022384 (y direction)
                     -10.439682    12.802389 (z direction)

       1 - Enter type of plot
       2 - Enter no of orbital to plot
       3 - Enter operator of orbital (0=alpha,1=beta)
       4 - Enter number of grid intervals
       5 - Select output file format
       6 - Plot CIS/TD-DFT difference densities
       7 - Plot CIS/TD-DFT transition densities
       8 - Set AO(=1) vs MO(=0) to plot
       9 - List all available densities
      10 - Perform Density Algebraic Operations

      11 - Generate the plot
      12 - exit this program
Enter a number: -----------------------------------------------------------------------
Reading Over   2 Saved Densities                                    ...
-----------------------------------------------------------------------
-----------------------------------------------------------------------
Plot-Type is presently: 1
-----------------------------------------------------------------------
Searching for Ground State Electron or Spin Densities:              ...
-----------------------------------------------------------------------
     1 -   molecular orbitals                          
     2 -   (scf) electron density                              ......  (scfp                     )  => AVAILABLE
     3 -   (scf) spin density                                  ......  (scfr                     )  - NOT AVAILABLE
     4 -   natural orbitals                               
     5 -   corresponding orbitals                         
     6 -   atomic orbitals                                
     7 -   mdci electron density                               ......  (mdcip                    )  - NOT AVAILABLE
     8 -   mdci spin density                                   ......  (mdcir                    )  - NOT AVAILABLE
     9 -   OO-RI-MP2 density                                   ......  (pmp2re                   )  - NOT AVAILABLE
    10 -   OO-RI-MP2 spin density                              ......  (pmp2ur                   )  - NOT AVAILABLE
    11 -   MP2 relaxed density                                 ......  (pmp2re                   )  - NOT AVAILABLE
    12 -   MP2 unrelaxed density                               ......  (pmp2ur                   )  - NOT AVAILABLE
    13 -   MP2 relaxed spin density                            ......  (rmp2re                   )  - NOT AVAILABLE
    14 -   MP2 unrelaxed spin density                          ......  (rmp2ur                   )  - NOT AVAILABLE
    15 -   LED dispersion interaction density                  ......  (ded21                    )  - NOT AVAILABLE
    16 -   Atom pair density                           
    17 -   Shielding Tensors                           
    18 -   Polarisability Tensor                       
    19 -   AutoCI relaxed density                              ......  (autocipre                )  - NOT AVAILABLE
    20 -   AutoCI unrelaxed density                            ......  (autocipur                )  - NOT AVAILABLE
    21 -   AutoCI relaxed spin density                         ......  (autocirre                )  - NOT AVAILABLE
    22 -   AutoCI unrelaxed spin density                       ......  (autocirur                )  - NOT AVAILABLE
-----------------------------------------------------------------------
Searching for State or Transition State AO Electron Densities:      ...
-----------------------------------------------------------------------
    23 -   CIS unrelaxed transition AO density                 ......  (Tdens-CIS                )  - NOT AVAILABLE
    24 -   ROCIS unrelaxed transition AO density               ......  (Tdens-ROCIS              )  - NOT AVAILABLE
    25 -   CAS unrelaxed transition AO density                 ......  (Tdens-CAS                )  - NOT AVAILABLE
    26 -   ICE unrelaxed transition AO density                 ......  (Tdens-ICE                )  - NOT AVAILABLE
    27 -   MRCI unrelaxed transition AO density                ......  (Tdens-MRCI               )  - NOT AVAILABLE
    28 -   LFT unrelaxed transition AO density                 ......  (Tdens-LFT                )  - NOT AVAILABLE
-----------------------------------------------------------------------
Searching for State or Transition State MO Electron Densities:      ...
-----------------------------------------------------------------------
    29 -   CIS unrelaxed transition MO density                 ......  (Tdens-CISMO              )  - NOT AVAILABLE
    30 -   ROCIS unrelaxed transition MO density               ......  (Tdens-ROCISMO            )  - NOT AVAILABLE
    31 -   CAS unrelaxed transition MO density                 ......  (Tdens-CASMO              )  - NOT AVAILABLE
    32 -   ICE unrelaxed transition MO density                 ......  (Tdens-ICEMO              )  - NOT AVAILABLE
    33 -   MRCI unrelaxed transition MO density                ......  (Tdens-MRCIMO             )  - NOT AVAILABLE
    34 -   LFT unrelaxed transition MO density                 ......  (Tdens-LFTMO              )  - NOT AVAILABLE
-----------------------------------------------------------------------
Searching for State or Transition State QDPT AO Electron Densities: ...
-----------------------------------------------------------------------
    35 -   CAS QDPT unrelaxed transition AO density            ......  (Tdens-CASQDSOC           )  - NOT AVAILABLE
    36 -   DCDCAS QDPT unrelaxed transition AO density         ......  (Tdens-CASDCDQDSOC        )  - NOT AVAILABLE
    37 -   CAS CUSTOM E QDPT unrelaxed transition AO density   ......  (Tdens-CASCUSTOMEQDSOC    )  - NOT AVAILABLE
    38 -   NEVPT2 QDPT unrelaxed transition AO density         ......  (Tdens-CASPTQDSOC         )  - NOT AVAILABLE
    39 -   QDNEVPT2 QDPT unrelaxed transition AO density       ......  (Tdens-CASQDPTQDSOC       )  - NOT AVAILABLE
    40 -   MRCI QDPT unrelaxed transition AO density           ......  (Tdens-MRCIQDSOC          )  - NOT AVAILABLE
    41 -   ROCIS QDPT unrelaxed transition AO density          ......  (Tdens-ROCISQDSOC         )  - NOT AVAILABLE
    42 -   LFT QDPT unrelaxed transition AO density            ......  (Tdens-LFTQDSOC           )  - NOT AVAILABLE
Enter Type: The default name of the density would be: input.scfp
Is this the one you want (y/n)? Current-settings:

PlotType       ... DENSITY-PLOT
ElDens File    ... input.scfp
Output file    ... MyElDens
Format         ... Grid3d/Cube
Resolution     ... 40 40 40
Boundaries     ...   -10.135253     9.416879 (x direction)
                      -8.982568    11.022384 (y direction)
                     -10.439682    12.802389 (z direction)

       1 - Enter type of plot
       2 - Enter no of orbital to plot
       3 - Enter operator of orbital (0=alpha,1=beta)
       4 - Enter number of grid intervals
       5 - Select output file format
       6 - Plot CIS/TD-DFT difference densities
       7 - Plot CIS/TD-DFT transition densities
       8 - Set AO(=1) vs MO(=0) to plot
       9 - List all available densities
      10 - Perform Density Algebraic Operations

      11 - Generate the plot
      12 - exit this program
Enter a number: Enter NGRID: Current-settings:

PlotType       ... DENSITY-PLOT
ElDens File    ... input.scfp
Output file    ... MyElDens
Format         ... Grid3d/Cube
Resolution     ... 120 120 120
Boundaries     ...   -10.135253     9.416879 (x direction)
                      -8.982568    11.022384 (y direction)
                     -10.439682    12.802389 (z direction)

       1 - Enter type of plot
       2 - Enter no of orbital to plot
       3 - Enter operator of orbital (0=alpha,1=beta)
       4 - Enter number of grid intervals
       5 - Select output file format
       6 - Plot CIS/TD-DFT difference densities
       7 - Plot CIS/TD-DFT transition densities
       8 - Set AO(=1) vs MO(=0) to plot
       9 - List all available densities
      10 - Perform Density Algebraic Operations

      11 - Generate the plot
      12 - exit this program
Enter a number: File-Format is presently: 7
     1 -  2D   Origin format
     2 -  2D   HPGL format
     3 -  2D   Gnuplot binary format
     4 -  2D   Gnuplot ascii format
     5 -  3D   Grid data binary (Fortran number format!)
     6 -  3D   Grid data ASCII
     7 -  3D   Gaussian cube
     8 -  3D   simple format
Enter Format: Current-settings:

PlotType       ... DENSITY-PLOT
ElDens File    ... input.scfp
Output file    ... MyElDens
Format         ... Grid3d/Cube
Resolution     ... 120 120 120
Boundaries     ...   -10.135253     9.416879 (x direction)
                      -8.982568    11.022384 (y direction)
                     -10.439682    12.802389 (z direction)

       1 - Enter type of plot
       2 - Enter no of orbital to plot
       3 - Enter operator of orbital (0=alpha,1=beta)
       4 - Enter number of grid intervals
       5 - Select output file format
       6 - Plot CIS/TD-DFT difference densities
       7 - Plot CIS/TD-DFT transition densities
       8 - Set AO(=1) vs MO(=0) to plot
       9 - List all available densities
      10 - Perform Density Algebraic Operations

      11 - Generate the plot
      12 - exit this program
Enter a number: Calling PlotGrid3d with ATOM-A,B=0,0
Entering PlotGrid3d with Plottype =2
                 *** PLOTTING FINISHED ***
 Output file: input.eldens.cube
--------------------------------------------------------------------------
Current-settings:

PlotType       ... DENSITY-PLOT
ElDens File    ... input.scfp
Output file    ... input.eldens.cube
Format         ... Grid3d/Cube
Resolution     ... 120 120 120
Boundaries     ...   -10.135253     9.416879 (x direction)
                      -8.982568    11.022384 (y direction)
                     -10.439682    12.802389 (z direction)

       1 - Enter type of plot
       2 - Enter no of orbital to plot
       3 - Enter operator of orbital (0=alpha,1=beta)
       4 - Enter number of grid intervals
       5 - Select output file format
       6 - Plot CIS/TD-DFT difference densities
       7 - Plot CIS/TD-DFT transition densities
       8 - Set AO(=1) vs MO(=0) to plot
       9 - List all available densities
      10 - Perform Density Algebraic Operations

      11 - Generate the plot
      12 - exit this program
Enter a number: Density plot completed for input.gbw
