22
 energy: -34.375617927469 gnorm: 0.148585243931 xtb: 6.7.1 (edcfbbe)
N            0.39850000000000        0.95501000000000        0.35298000000000
C            1.02426000000000        2.11865000000000       -0.27133000000000
C            0.43671000000000        2.48795000000000       -1.65145000000000
C            0.66767000000000        1.45058000000000       -2.76828000000000
C           -0.22466000000000        0.23616000000000       -2.73435000000000
O           -0.05724000000000       -0.72395000000000       -3.66194000000000
O           -1.12876000000000        0.12745000000000       -1.92275000000000
H            0.79119000000000        0.84024000000000        1.31440000000000
H           -0.63409000000000        1.09682000000000        0.43130000000000
H            0.88446000000000        2.99537000000000        0.39861000000000
H            2.11774000000000        1.94251000000000       -0.36713000000000
H            0.97778000000000        3.40916000000000       -1.96052000000000
H           -0.64055000000000        2.74856000000000       -1.57831000000000
H            1.73499000000000        1.14457000000000       -2.75598000000000
H            0.46726000000000        1.94295000000000       -3.74416000000000
H            0.62265000000000        0.08722000000000       -0.18140000000000
O           -0.61116461050000        0.16614873570000        2.63354474580000
H           -0.05450269620000       -0.60505972370000        2.35802110730000
H           -1.39756833370000       -0.24111926720000        3.07661738990000
O           -2.83825108680000       -2.07475698280000       -3.26639132050000
H           -3.10289420870000       -1.85112989280000       -4.19402443370000
H           -2.24391161100000       -1.33176696390000       -2.99191394590000
22
 energy: -34.391095954131 gnorm: 0.073777315122 xtb: 6.7.1 (edcfbbe)
N            0.40642116519526        0.96735075952271        0.33751909971054
C            1.03277203402681        2.13786952881865       -0.28558801424307
C            0.45180685387899        2.49661733187343       -1.65472513808161
C            0.67550523397548        1.45820288175076       -2.76295513334774
C           -0.24150964547041        0.24566399575832       -2.74886273593815
O           -0.03229608728938       -0.65855700625685       -3.64795703910251
O           -1.13965412465993        0.12354356244609       -1.90273810931863
H            0.77244715615319        0.84999986183843        1.29674333689906
H           -0.61617830694705        1.08862585840628        0.40505583787126
H            0.88893510675946        2.99690726974762        0.38140815361923
H            2.10911966534690        1.95402524814086       -0.38459241807106
H            0.95805213174822        3.41773968239449       -1.96873738366229
H           -0.61901613584409        2.71724463195443       -1.57136227481217
H            1.72286416159935        1.13087832521858       -2.77329230033888
H            0.48812634299806        1.93577050184087       -3.73404984996198
H            0.60055540077409        0.10953715343482       -0.19776760120579
O           -0.60628692619278        0.11526736200140        2.65844267170056
H           -0.09712031887868       -0.67733005495807        2.41811166784774
H           -1.40826908693168       -0.22337280452051        3.08801084298196
O           -2.87336140311180       -2.04605130401809       -3.25598591875869
H           -3.07485173774020       -1.84578138326761       -4.18665506390322
H           -2.20844402628981       -1.37258549682636       -2.99447908698442
22
 energy: -34.395636700785 gnorm: 0.030263611494 xtb: 6.7.1 (edcfbbe)
N            0.40852092652379        0.98362747363252        0.31978997598410
C            1.04892307137421        2.15890674892410       -0.29961037560701
C            0.46167742996396        2.50619764785225       -1.65910055240143
C            0.69153542350134        1.46236015457233       -2.75421121806199
C           -0.21900789512847        0.22050498215173       -2.73573429427949
O           -0.06434543475641       -0.57658811298530       -3.67207746878281
O           -1.13805613364626        0.13645546351140       -1.88478002340090
H            0.73647828948266        0.85528890930103        1.28354299991899
H           -0.60916334341190        1.09141736748928        0.35963669274605
H            0.90043856374864        3.00530396513181        0.36485362415032
H            2.11280395989102        1.96189532223100       -0.39936890363573
H            0.92952713601699        3.43328052388695       -1.98192289375151
H           -0.61019278469514        2.67894047804185       -1.57025619740142
H            1.72164310504893        1.11191953359688       -2.77561882871260
H            0.50625602306037        1.91959279639839       -3.72739558762848
H            0.57066331920424        0.13620818545443       -0.22617362636663
O           -0.60162685548069        0.05880172443209        2.67058642286725
H           -0.12913475775521       -0.75877013907226        2.48607459597783
H           -1.41653506466718       -0.20147450397131        3.10769905609987
O           -2.83793476455897       -2.05030193756663       -3.26114897317699
H           -3.05855670300363       -1.83309205399679       -4.16447960677052
H           -2.21429605761217       -1.37890862371517       -2.96476127486652
22
 energy: -34.397548352728 gnorm: 0.041750940060 xtb: 6.7.1 (edcfbbe)
N            0.40098702796014        0.99608860868193        0.30627476109625
C            1.05760133707185        2.17035918305916       -0.30404406764480
C            0.46189346869094        2.51403784822760       -1.66106953523278
C            0.69451679529282        1.47515746156094       -2.75772591380694
C           -0.25091282572429        0.24547926933612       -2.78259610294968
O           -0.04856456471285       -0.57505399651814       -3.68052655856360
O           -1.10763485090498        0.12274743025564       -1.86466560588906
H            0.70716806611665        0.85672527234842        1.27691289107919
H           -0.61920433883372        1.10886349248307        0.32201303709153
H            0.91193782611552        3.01700095776286        0.36235850799334
H            2.12115403853230        1.96421186923452       -0.40508290556876
H            0.91152574338859        3.45057692317209       -1.98772387131878
H           -0.61477303393731        2.66506550774895       -1.56876369132211
H            1.71954006120619        1.10138989422659       -2.77101053456170
H            0.52126197464634        1.93917692346062       -3.73014239504202
H            0.55473782468298        0.15264488746962       -0.25098706537558
O           -0.58105224672721        0.00412239823832        2.67500118861455
H           -0.16052098405513       -0.86908795871292        2.55408834974112
H           -1.43238678945278       -0.16203091521415        3.12521684020905
O           -2.86292196161045       -2.02807421977613       -3.23995744534815
H           -3.01327142481689       -1.82173406345641       -4.16811083697353
H           -2.18146368982854       -1.40610086828778       -2.93391550332692
22
 energy: -34.398755623746 gnorm: 0.030122995776 xtb: 6.7.1 (edcfbbe)
N            0.38423624821834        1.00814864045238        0.29666518510324
C            1.05609965111772        2.17751693672914       -0.30662325550579
C            0.45822346899300        2.51624476829958       -1.66640307028367
C            0.70463428287870        1.47654481766634       -2.75887405274465
C           -0.23580962010820        0.23869205640324       -2.78729311568700
O           -0.05820159246381       -0.56244568682379       -3.73162402198319
O           -1.09572348775994        0.11604239708628       -1.87939106907750
H            0.66884252174929        0.85708141767487        1.27575713190339
H           -0.63851263634463        1.13181246176903        0.28727306357012
H            0.91815305245247        3.02972238277940        0.35922974030395
H            2.12139821628221        1.96460757984592       -0.40775719255580
H            0.89386554282938        3.46189124889120       -1.99654489279457
H           -0.62230163567047        2.65391878268010       -1.57169749666975
H            1.73144170241331        1.10326479193884       -2.75543515124315
H            0.54247235408111        1.93838553317313       -3.73735419688828
H            0.53948056645797        0.16567358468158       -0.26658907580460
O           -0.58373347781112       -0.02082112913908        2.70676541373371
H           -0.16871542253001       -0.88568959218674        2.58230256673112
H           -1.42842063282593       -0.18818774886041        3.14366541158006
O           -2.89051637874169       -2.00529861070401       -3.20379360519995
H           -2.95865371023342       -1.82627717084194       -4.16479555554666
H           -2.14864155988389       -1.42926155621391       -2.90193921804032
22
 energy: -34.399129310256 gnorm: 0.042279751415 xtb: 6.7.1 (edcfbbe)
N            0.35754082119575        1.02392968569285        0.28388257464939
C            1.04998331736295        2.18378814926051       -0.31355771719904
C            0.45204537048019        2.51701202935008       -1.67735141325594
C            0.71823797328736        1.47906119603450       -2.76687186729038
C           -0.21973634491891        0.23506799720600       -2.79717900160894
O           -0.06883153455628       -0.54613335042127       -3.78791446318715
O           -1.07733533341388        0.10707705329317       -1.89785543584475
H            0.61099527315921        0.85680832959410        1.27257852148903
H           -0.66616165502795        1.16409415324069        0.23879151611969
H            0.92850233852131        3.04353512904927        0.35057056233660
H            2.11553030606715        1.95970413807488       -0.41536428669302
H            0.86907742620600        3.47284474115709       -2.00932570494298
H           -0.63057872807437        2.64015590566291       -1.57793455221989
H            1.74569095147766        1.10549384596046       -2.73546260280570
H            0.58016518405591        1.93761214177727       -3.75366897957355
H            0.51397090634481        0.18262547723393       -0.28522870190926
O           -0.56736674819147       -0.06383313142647        2.73987733439924
H           -0.18173317000528       -0.93615422939386        2.63181749453872
H           -1.41438349962075       -0.19948599116761        3.16189890999232
O           -2.78132028061822       -2.04029866746099       -3.19068718942525
H           -2.96602377161289       -1.82399380301470       -4.10204932212493
H           -2.17865134901759       -1.37734489440117       -2.85342213254310
22
 energy: -34.400720862589 gnorm: 0.024969038272 xtb: 6.7.1 (edcfbbe)
N            0.33587789826536        1.02909589095544        0.27989979554777
C            1.03877987229350        2.18313805099542       -0.31845363198283
C            0.44674519098479        2.51868071841232       -1.68392658625351
C            0.72649836816690        1.48509943110480       -2.77504238018824
C           -0.21749650501929        0.24454032414893       -2.81410220394825
O           -0.05610909113864       -0.53611058578216       -3.78016197144740
O           -1.07220983052587        0.11462153543984       -1.91234113893428
H            0.57581010427817        0.85771405629142        1.26925133882232
H           -0.68423970699573        1.17465526435437        0.22193320503469
H            0.92403651675228        3.04298804414920        0.34364406113854
H            2.10130957970867        1.95118812917953       -0.41613737338120
H            0.86001985244898        3.47460435305007       -2.00960597175695
H           -0.63482300208198        2.63719782920713       -1.58914567869310
H            1.74980478448106        1.10477620874354       -2.72462490063754
H            0.60915166066452        1.94226690031513       -3.76387189776428
H            0.48848403470616        0.18788835512852       -0.28772308801183
O           -0.53528320799077       -0.09496105531464        2.73418132149410
H           -0.18738029513161       -1.00045528207997        2.66615565675167
H           -1.40461259332592       -0.16801928159907        3.16169214351396
O           -2.78711491895486       -2.02667411558354       -3.16993988824089
H           -2.92309210727209       -1.81804022454892       -4.09607427831813
H           -2.16453915121278       -1.38262864126552       -2.82006298984332
22
 energy: -34.400151621479 gnorm: 0.059759120707 xtb: 6.7.1 (edcfbbe)
N            0.28286724571928        1.03763857810086        0.27345499865356
C            1.01379300813145        2.17698871040809       -0.32500733568989
C            0.44066868915105        2.51733083831227       -1.69658650026848
C            0.74359504833630        1.49053920172964       -2.78946645297326
C           -0.21938099050076        0.26312815839372       -2.86512135530137
O           -0.02588983645221       -0.51712383605997       -3.78266863530746
O           -1.04286892409689        0.09955376376178       -1.92945631045564
H            0.48786380417056        0.85714559443351        1.26756563447658
H           -0.72893282795879        1.19690638757506        0.18487521424497
H            0.90839408945979        3.03911600675414        0.32940009339843
H            2.07015311308551        1.92658316783580       -0.41050493226328
H            0.84923844231796        3.47301776198543       -2.00999821469937
H           -0.64044984592210        2.62556385300350       -1.61913612938076
H            1.75905182583090        1.09670847160083       -2.70935383150565
H            0.66341493331646        1.95133889204119       -3.77637619192595
H            0.43107175782404        0.19403243658790       -0.28606408034368
O           -0.52631755233547       -0.11415741546392        2.73732707887087
H           -0.15710597648103       -0.98534512337940        2.68726342125981
H           -1.35762940155436       -0.20031217613130        3.17555076337906
O           -2.79811169027531       -2.00058444213489       -3.11701846328666
H           -2.83407776829718       -1.81352589655509       -4.07325858259846
H           -2.12972969036791       -1.39297702749702       -2.74987664538195
22
 energy: -34.402723075201 gnorm: 0.022296972940 xtb: 6.7.1 (edcfbbe)
N            0.26054207657589        1.04257971410308        0.27009900987265
C            1.00110898384287        2.17648803746068       -0.32409060814503
C            0.43505352063493        2.51863335862481       -1.69881583049911
C            0.74975242186272        1.49041341344692       -2.78743275218848
C           -0.19808875031703        0.25446795518715       -2.86746110134149
O           -0.03239351985279       -0.49578756272785       -3.84075783136219
O           -1.03363542062347        0.08243985651711       -1.94894278969568
H            0.45996839005536        0.86002730298412        1.26510335510585
H           -0.74984404036104        1.21033111947088        0.17448279618478
H            0.89939729640921        3.04175512805076        0.32954754636595
H            2.05768076719376        1.91952045945702       -0.40700329875391
H            0.84155578949149        3.47847796646904       -2.00946021949817
H           -0.64873719072795        2.62135035005842       -1.62801966319514
H            1.76762777406827        1.10428296638515       -2.69884446181168
H            0.67644846130852        1.95222658139526       -3.77498014490893
H            0.41105924565095        0.19635113240636       -0.28768430456451
O           -0.49191310187062       -0.13879112735040        2.72329307908369
H           -0.15638114893276       -1.05093529759525        2.72971556020735
H           -1.34504622099718       -0.15914392102965        3.18006364236264
O           -2.78102671946576       -1.99354472324857       -3.09843824522887
H           -2.81857250846931       -1.80857374155948       -4.05143606430474
H           -2.11493865237461       -1.38100306320312       -2.73339413078330
22
 energy: -34.404010915439 gnorm: 0.018059618588 xtb: 6.7.1 (edcfbbe)
N            0.20752307387479        1.05076799839110        0.26470207578914
C            0.97100885000257        2.17247580008616       -0.32284518285483
C            0.42420068086163        2.51443084184741       -1.70669930246532
C            0.76391751859098        1.49060669008365       -2.79367867082936
C           -0.17239618234543        0.25011668916949       -2.89827980085663
O           -0.01869663896704       -0.46775803818967       -3.90995070747156
O           -1.00600093132499        0.04747333987911       -1.98469189002756
H            0.38879632135479        0.86004854941308        1.26283406727914
H           -0.79795610843236        1.23444575796046        0.15259779149755
H            0.87586557346468        3.04234635714809        0.32717739845460
H            2.02549111960803        1.90029787350106       -0.39561772599113
H            0.82941692404391        3.47820933215896       -2.00950279128684
H           -0.66172141814094        2.61118656149189       -1.65328140952793
H            1.78160905070751        1.10798254822536       -2.68117590318904
H            0.71348147891418        1.95545135481753       -3.78197102515692
H            0.35540961623747        0.20049017869400       -0.29054477316723
O           -0.43071963202717       -0.16135802562264        2.75478702548782
H           -0.14124820987074       -1.08290160824044        2.74628652551492
H           -1.30704310827590       -0.14378639164653        3.18014699772128
O           -2.73593085897430       -1.98280157399930       -3.05388931669940
H           -2.78972913899553       -1.80437520178595       -3.99610301263132
H           -2.08566052720427       -1.35178312807995       -2.69475682668737
22
 energy: -34.405816061396 gnorm: 0.025816581158 xtb: 6.7.1 (edcfbbe)
N            0.11399516436946        1.05669968251543        0.25637307841731
C            0.91497500002328        2.15864696286989       -0.31819016580428
C            0.40772595644124        2.50534217791200       -1.71833453028765
C            0.78781913094646        1.49095143832382       -2.80423050102104
C           -0.12963855073378        0.24734929677226       -2.95199085573943
O            0.01011982618290       -0.42312924677420       -4.00787176478931
O           -0.95417172169753       -0.01051782316458       -2.03939605851828
H            0.27314349864605        0.85104445665590        1.25627974242068
H           -0.88081353961256        1.26852012575329        0.12758635413441
H            0.82666185390148        3.03377345316387        0.32637525257566
H            1.96501516114297        1.86248648613784       -0.36939284229115
H            0.81767203804338        3.47305687660870       -2.00433130562215
H           -0.68068307510387        2.59738996053377       -1.69904115407290
H            1.80375370646989        1.11404299492875       -2.65573983484661
H            0.77332389806723        1.96369450867925       -3.78977962221325
H            0.25280769499676        0.20049641910734       -0.29679521294607
O           -0.36377711037069       -0.17928557648949        2.74160214909842
H           -0.08241576516042       -1.10534993442935        2.80017926672288
H           -1.22167999508354       -0.12468195848272        3.18573811031082
O           -2.68808457744448       -1.94970289097219       -2.97383999216614
H           -2.70286610514179       -1.81343712063798       -3.92650615495786
H           -2.05326503577992       -1.29582438370817       -2.62315041550155
22
 energy: -34.407550435814 gnorm: 0.019946513675 xtb: 6.7.1 (edcfbbe)
N            0.02085712481687        1.05289584170081        0.24461100136091
C            0.85624538376660        2.13766954571723       -0.31212046178345
C            0.39712724909964        2.49671154457264       -1.72872317795545
C            0.81345807306620        1.49338704484753       -2.81391884122618
C           -0.08732916175439        0.25457595093683       -2.99216099613499
O            0.04319093393956       -0.39551619924722       -4.05490887880023
O           -0.90097218157429       -0.03853655412491       -2.07784789127884
H            0.17678285661854        0.82533028308969        1.24115970129877
H           -0.96260894642432        1.29677774925001        0.12155338055047
H            0.76718470164772        3.01430415426004        0.32989031552284
H            1.90152681012092        1.82152548706137       -0.33610668477245
H            0.82203634192350        3.46533196007237       -1.99395116519489
H           -0.69226024714047        2.59278690690836       -1.74740532535705
H            1.82572003916427        1.11990678966820       -2.63635787081451
H            0.82607388934656        1.97470254504668       -3.79377343493907
H            0.13807222728365        0.19456266978535       -0.31690414071971
O           -0.28772817796606       -0.17301062937195        2.73654188057962
H           -0.01166769487682       -1.08553773160602        2.81115832336604
H           -1.13246366067966       -0.10679031752987        3.17897073930202
O           -2.66078881508319       -1.93062687650664       -2.91084107539831
H           -2.63851677508409       -1.82461723602647       -3.86655791378466
H           -2.02432251710763       -1.26426702320017       -2.56676394091799
22
 energy: -34.409222532250 gnorm: 0.024468829407 xtb: 6.7.1 (edcfbbe)
N           -0.07888822648909        1.04976298984793        0.22250278435252
C            0.80025489954711        2.11665734352668       -0.30694908420513
C            0.39165007449313        2.49183929704101       -1.73643103421922
C            0.84511689446601        1.50292562010132       -2.82037170311475
C           -0.04627761450829        0.26872052329338       -3.03130721884605
O            0.06391676524642       -0.35016155671187       -4.10297961524742
O           -0.82430617362659       -0.06276934873617       -2.08757848262022
H            0.07345180925555        0.78001997233973        1.21586656760166
H           -1.05215349468873        1.33748699240369        0.10476936660674
H            0.71034994940985        2.99222401030526        0.33461306086420
H            1.83819186731941        1.77672970775487       -0.30091817834444
H            0.82722840375476        3.46258990612610       -1.97763438669862
H           -0.69692448144654        2.58852828206989       -1.79226546176792
H            1.85134314046593        1.12841848016548       -2.61701599030648
H            0.88418240245381        1.99617906803267       -3.79233163332832
H           -0.00197050699034        0.20014925853661       -0.36773989959325
O           -0.19581658242586       -0.17926997054868        2.71905188952689
H            0.05625272020002       -1.09983828982683        2.85171342526827
H           -1.03512860407011       -0.05473013863518        3.17814315854253
O           -2.66087265606291       -1.91311595771032       -2.84809484570325
H           -2.56622987813943       -1.85114274582583       -3.81636855112676
H           -1.99375325506053       -1.25963753824531       -2.51313062473767
22
 energy: -34.410251742431 gnorm: 0.044813950622 xtb: 6.7.1 (edcfbbe)
N           -0.15514368137826        1.03850925852349        0.20090591581454
C            0.75319058308182        2.09276760901280       -0.29869154655664
C            0.39238415999948        2.48614667455672       -1.73405883813043
C            0.86948829189883        1.50979377419680       -2.81436325920346
C           -0.01256461729138        0.27701694540167       -3.04665994014676
O            0.07552035604085       -0.31323447784258       -4.12526506171582
O           -0.75740006591771       -0.07991684465297       -2.07897760419096
H            0.03659554228190        0.71221957776597        1.17686735179495
H           -1.11930741540055        1.37539544765301        0.13214097850278
H            0.65835633068968        2.96316351341699        0.34763448475711
H            1.78267743137292        1.73589794983462       -0.26576094717293
H            0.84843801448156        3.45347439441684       -1.95112432452909
H           -0.69013885805852        2.59823128163826       -1.82262587014690
H            1.87160700293401        1.13898080245720       -2.60248267979057
H            0.91886989188667        2.01778489835492       -3.77651767712112
H           -0.14395539203487        0.21452216360807       -0.45064065299049
O           -0.13030611714379       -0.14868024313354        2.68109394324844
H            0.13417848242638       -1.06220633376782        2.86443506624346
H           -0.93939477740219       -0.00700604339829        3.17812418973821
O           -2.65104658454771       -1.93593747677893       -2.83091900470968
H           -2.58942283008791       -1.85613224264642       -3.76652315337075
H           -1.96300829472741       -1.28922472331191       -2.50104782742029
22
 energy: -34.412363231552 gnorm: 0.031966024233 xtb: 6.7.1 (edcfbbe)
N           -0.20529182771690        1.03642273797909        0.19046299153043
C            0.71827789628838        2.07895849429147       -0.29168182923310
C            0.39030520854923        2.48013422062468       -1.72905893651625
C            0.88450781858246        1.50764168422038       -2.80213338920231
C            0.01122664037033        0.26676021581731       -3.05777584191105
O            0.08292986475126       -0.28327710535278       -4.16616124092183
O           -0.72700680675998       -0.11371668599778       -2.09949565810878
H            0.03563247698984        0.66429349791341        1.14326660986714
H           -1.16175039437685        1.41001341712261        0.17968040214970
H            0.62557168130263        2.94771310584797        0.35788957235156
H            1.74077348788761        1.70717813271901       -0.24218305249753
H            0.86280276957230        3.44305347231168       -1.92885825141872
H           -0.68581837542853        2.60810258570884       -1.84089424728663
H            1.88726632159951        1.14468966364353       -2.57869560806515
H            0.94670802153464        2.02619690668900       -3.76117561773383
H           -0.25146490788748        0.24418919208903       -0.52345891111590
O           -0.06425347165662       -0.12537153554663        2.70266223744722
H            0.17049085059828       -1.03259458350118        2.82957127465548
H           -0.88218950620829        0.02570066164386        3.18092665910167
O           -2.65581699257866       -1.92822355244538       -2.79933979438390
H           -2.55495490225273       -1.91737252799430       -3.75647865012767
H           -1.97832840005655       -1.26892609247868       -2.49152517567684
22
 energy: -34.413331701537 gnorm: 0.026013881332 xtb: 6.7.1 (edcfbbe)
N           -0.25385015091761        1.04550529286058        0.18708608549774
C            0.68431468485333        2.07467907792131       -0.28689623017930
C            0.38516001091558        2.48048575875350       -1.72968273716597
C            0.90023222191953        1.50620585438336       -2.79660025624584
C            0.03141555305368        0.25513255023608       -3.07919943085218
O            0.11086089164274       -0.26321956375549       -4.20626473202706
O           -0.72707638764171       -0.15225064329385       -2.16323905538774
H            0.01316328210261        0.65108516630245        1.11823270553583
H           -1.20070795054545        1.42835275844015        0.22205667264070
H            0.60457944193892        2.94765539180903        0.36235204223233
H            1.70253194963317        1.68286878108390       -0.22244290382288
H            0.86683299535215        3.44198345181750       -1.91311059833579
H           -0.68934017285984        2.61523737145321       -1.86274032719463
H            1.90481367963967        1.14516204543778       -2.53530916050339
H            0.99355788029292        2.02361103184135       -3.76262683294261
H           -0.31772412018570        0.28935482494566       -0.56334525942925
O           -0.02156632509410       -0.13163713446345        2.68315317173743
H            0.19884482500324       -1.05547650040446        2.84706127500166
H           -0.83229063562251        0.05466158071208        3.18156394720107
O           -2.64582315485056       -1.91603647600734       -2.76414437937080
H           -2.53961794111463       -1.95030077978646       -3.72900434329760
H           -1.97869312441128       -1.25149393498150       -2.47135611018776
22
 energy: -34.414606705155 gnorm: 0.021500697150 xtb: 6.7.1 (edcfbbe)
N           -0.29871613850562        1.04393119336030        0.17213043752545
C            0.66265118090112        2.06487902950951       -0.28056942694908
C            0.39503386507230        2.48609677434158       -1.72563536206829
C            0.91689948348020        1.51526735683929       -2.79051156251678
C            0.05800932627819        0.25957939905808       -3.07383956654121
O            0.11984019439477       -0.23030268642850       -4.21898247829585
O           -0.66614663589486       -0.18799329065315       -2.13295154465531
H           -0.00640218958921        0.61753993628074        1.08397715470373
H           -1.23697105373395        1.44520934188729        0.26196931224329
H            0.58722254362701        2.93683089835513        0.37180330328529
H            1.67499439357436        1.65738990790979       -0.19928426680602
H            0.88749734001423        3.44547395017247       -1.89492572379321
H           -0.67768832717200        2.62924687410184       -1.87640894398502
H            1.91872751024114        1.15676539107509       -2.53228391268222
H            1.00158946092340        2.03030740549908       -3.75072208923862
H           -0.38758924330883        0.32248820328824       -0.61140227052124
O            0.01583624994045       -0.10975973583205        2.66980223475588
H            0.23136627249011       -1.03399806394135        2.82427835529199
H           -0.78520832352114        0.07840889991875        3.17331945473123
O           -2.67568566258281       -1.93108630332333       -2.75459098394876
H           -2.56995873853527       -1.98387098670353       -3.71596856774616
H           -1.97568405498938       -1.29083758940971       -2.48366000988511
22
 energy: -34.414631894353 gnorm: 0.031128352982 xtb: 6.7.1 (edcfbbe)
N           -0.30783501951846        1.04858134277076        0.15574029387429
C            0.66704634384409        2.06868132419078       -0.27938216542633
C            0.41312926717274        2.49860182853984       -1.72163791629109
C            0.92816963652111        1.51983891792941       -2.78049719070946
C            0.06141172498417        0.26908707632019       -3.04706326329414
O            0.13704507660542       -0.24357658618753       -4.15962333891905
O           -0.66225737051803       -0.17164458636529       -2.11831348799386
H           -0.01656924184986        0.60593159041526        1.05450812858154
H           -1.24121394713508        1.44684358689050        0.28516581766026
H            0.59615326802194        2.93982067687360        0.37564504341952
H            1.67342282671019        1.65517061452282       -0.19319486053816
H            0.91072526747514        3.45370243490537       -1.88736064683105
H           -0.65607395427523        2.65260851383236       -1.87322712311358
H            1.92507223926191        1.15436373948597       -2.52013066895941
H            1.00990216796445        2.02004220554663       -3.74524240579371
H           -0.38914230311017        0.36313829587088       -0.63586963964102
O            0.02335669539245       -0.09809316632591        2.66853620468323
H            0.22634266152436       -1.02478464825105        2.76614962307375
H           -0.77166022494310        0.07836609907281        3.17517871183853
O           -2.70908751639151       -1.96141463630899       -2.77440964750846
H           -2.63824452968421       -2.00162355906524       -3.72399680362289
H           -1.99007561494816       -1.35207515935772       -2.50543112158511
22
 energy: -34.415550267320 gnorm: 0.016072753025 xtb: 6.7.1 (edcfbbe)
N           -0.34833368751147        1.05870129067234        0.15521253435421
C            0.64734879410913        2.06733664596386       -0.27249074510944
C            0.40901895594211        2.49568729795088       -1.72084832700256
C            0.93868852469197        1.51899678488351       -2.77793080822787
C            0.07822122255076        0.26777250845180       -3.07462873210123
O            0.14608156816172       -0.21336069213566       -4.21491313686001
O           -0.63299212716389       -0.20997799324134       -2.14159044581042
H           -0.07061208895161        0.59192271442690        1.04971026424962
H           -1.27302551124003        1.48154474788638        0.28428363164841
H            0.58264539535191        2.93978075068818        0.37961087577645
H            1.64738426814467        1.63867612195816       -0.18141269853569
H            0.91059509968786        3.44915384978542       -1.88303342431784
H           -0.65889550604402        2.65274766497416       -1.88832904635092
H            1.93290931513929        1.15410999425389       -2.50390294774453
H            1.04064179109193        2.02540151443951       -3.74135236772198
H           -0.45267251856585        0.37517095594555       -0.64624737432079
O            0.05763111645007       -0.10392343219890        2.65230533922232
H            0.24807986477044       -1.03541317046447        2.76675029716096
H           -0.71991508577636        0.09575502282313        3.19126780330959
O           -2.69704093854951       -1.95951079625725       -2.74493934865479
H           -2.62309367578058       -2.01673937205839       -3.69430188468221
H           -1.97304732340410       -1.35226650344187       -2.47767591537725
22
 energy: -34.415192841469 gnorm: 0.031958720040 xtb: 6.7.1 (edcfbbe)
N           -0.34602905567148        1.06410515683799        0.15931602398991
C            0.64432862350526        2.06988503281118       -0.26639284712433
C            0.41074361121857        2.49513918169823       -1.71489350693646
C            0.93757965209163        1.51324977273036       -2.76660225441640
C            0.07873770379731        0.26595139987647       -3.06591040111847
O            0.13405286832456       -0.20201308656842       -4.22045556877444
O           -0.63149903336717       -0.21599220832454       -2.13819661768586
H           -0.06918672327676        0.58890833137449        1.04542170107099
H           -1.26423819580572        1.49260377472799        0.29854411519733
H            0.57618239133431        2.93839094384418        0.38761483373281
H            1.64001503162912        1.63865201743796       -0.17328576506957
H            0.92177250923525        3.44398884244407       -1.87780111014752
H           -0.65432479136978        2.66120110593770       -1.88784822469665
H            1.92968333015792        1.14768320590483       -2.49447204465869
H            1.04085520364555        2.02182054794327       -3.72756297713959
H           -0.45861068603620        0.38405503377044       -0.64747091715629
O            0.04359901872630       -0.08887953764790        2.60326233995225
H            0.26445224701605       -1.01742526875194        2.75141860908677
H           -0.69792176868814        0.09588055979721        3.19204862302331
O           -2.71513788981977       -1.94610957538447       -2.72647310292273
H           -2.63045075662307       -2.08616012085857       -3.69815277492416
H           -1.96498583691942       -1.34336920429475       -2.51656459037835
22
 energy: -34.415955688525 gnorm: 0.007656680114 xtb: 6.7.1 (edcfbbe)
N           -0.36473716303423        1.06911740379662        0.15080436188746
C            0.63831633921217        2.06953513608084       -0.26865285413704
C            0.41228941629530        2.49759106805302       -1.71886343268405
C            0.94351510090312        1.51431628097469       -2.76826138654226
C            0.08156292095759        0.26999843440086       -3.07228557015093
O            0.14157479678068       -0.19861342364291       -4.22292520147623
O           -0.62705230846265       -0.21571362566721       -2.14592255899667
H           -0.10040728163882        0.58648971246164        1.03763586979587
H           -1.28010162746363        1.50480789301799        0.28370956159504
H            0.57326585949263        2.93883706798957        0.38528819494255
H            1.63253928054090        1.63048394489379       -0.16906350743776
H            0.92429850371633        3.44678998502402       -1.87866387990707
H           -0.65274245638667        2.66259127238874       -1.89520922319344
H            1.93316729982394        1.14343545925420       -2.48433104040410
H            1.05798850790927        2.02186028095309       -3.73034562241816
H           -0.47703759808046        0.39119170885475       -0.65383647854194
O            0.06591718719629       -0.09584196486956        2.62396878056745
H            0.26588846719489       -1.02812233141837        2.74298603981191
H           -0.68509268216676        0.09761461478981        3.19409602654230
O           -2.69838619869833       -1.96298939446918       -2.72780315323210
H           -2.63225919079863       -2.05859453355346       -3.68343769884248
H           -1.96288972018842       -1.36321908400706       -2.48334368427435
22
 energy: -34.416140143224 gnorm: 0.004478223888 xtb: 6.7.1 (edcfbbe)
N           -0.37266780846999        1.07703223205662        0.14768875400432
C            0.63655771175407        2.07051714709273       -0.26714269068901
C            0.41515143315325        2.49825060481609       -1.71731698275441
C            0.94399589544394        1.51229604560827       -2.76508517394471
C            0.07739444852129        0.27270822193075       -3.07158099604533
O            0.13950657869987       -0.19470729618723       -4.22006323218115
O           -0.62683333116368       -0.21747862061719       -2.14505941298742
H           -0.11623877779947        0.59379116740908        1.03497110045963
H           -1.28529939356104        1.51850504225576        0.27207066714517
H            0.57277856848235        2.94085545417004        0.38592191476588
H            1.62775751036256        1.62792084840709       -0.16390543249394
H            0.93059759878173        3.44564222602672       -1.87728731609427
H           -0.64861248467834        2.66652043587227       -1.89565366018498
H            1.92964129717519        1.13655404566906       -2.47698031821758
H            1.06583246313295        2.01927682433566       -3.72525938550664
H           -0.47900496979085        0.39403274405886       -0.65506160188358
O            0.05668651434011       -0.09575775505082        2.61535139689502
H            0.27664281597843       -1.02559098121717        2.72552065560826
H           -0.67309771497565        0.09174953462257        3.21612360883818
O           -2.70860855849032       -1.94543059811269       -2.72887898858842
H           -2.63353053373901       -2.08067871708380       -3.67890398766310
H           -1.93903181005287       -1.38444270075681       -2.49392537557791
22
 energy: -34.416305215774 gnorm: 0.007538050696 xtb: 6.7.1 (edcfbbe)
N           -0.38830500369687        1.08993302403311        0.14224607433613
C            0.63283888038068        2.07117906856833       -0.26480807956678
C            0.42130483381685        2.49813904383120       -1.71570261367670
C            0.94781386642437        1.50597780817606       -2.75899709034612
C            0.08064831628795        0.26819021875140       -3.06831081524877
O            0.13436608166204       -0.18839107794274       -4.21873032007359
O           -0.61864826576285       -0.22817439780253       -2.14202393892956
H           -0.14662398537913        0.60554325729324        1.03114407906001
H           -1.29648004357616        1.54184810630029        0.25123952129556
H            0.57259699563131        2.94360610623200        0.38653602513557
H            1.61890936204942        1.62141890246034       -0.15493598128359
H            0.94284111867503        3.44228592639629       -1.87635372362722
H           -0.64036525283738        2.67220843358776       -1.89815726095847
H            1.92779533322267        1.12407831677126       -2.46328112733763
H            1.08048988897906        2.01101201789562       -3.71727350097486
H           -0.48583063871381        0.39811864915594       -0.65677807259741
O            0.04503998591062       -0.09470260743115        2.60337832303564
H            0.29461238427865       -1.02133470780230        2.69173644803028
H           -0.65017738700214        0.08017303559508        3.25314904277243
O           -2.70510692653791       -1.94617775468474       -2.72848124096295
H           -2.63626402126410       -2.09821589634334       -3.67515418763346
H           -1.94183806944373       -1.37514956773527       -2.50489801754448
22
 energy: -34.416416700641 gnorm: 0.005258087532 xtb: 6.7.1 (edcfbbe)
N           -0.40245958379468        1.09844603531866        0.13952846148168
C            0.62772661285478        2.07187273400106       -0.26252736536598
C            0.42643856112916        2.49900411324954       -1.71499704903134
C            0.95290732191638        1.50156946365040       -2.75379227939658
C            0.08074537534980        0.26772339572938       -3.06667843048058
O            0.12817853870872       -0.18271521925584       -4.22004214865578
O           -0.61064100200656       -0.23600057085648       -2.13772045839547
H           -0.17091160836991        0.61316339283122        1.03045688186871
H           -1.30848000108974        1.55681647580269        0.23800445367637
H            0.57151019777406        2.94544969436640        0.38802012754199
H            1.61022060961594        1.61528074533464       -0.14765240863454
H            0.95428327163352        3.43970467526313       -1.87555721458985
H           -0.63344026442774        2.67925934052504       -1.90254459283128
H            1.92866970691449        1.11354665454674       -2.45089957111450
H            1.09403112516507        2.00401401079194       -3.71223614205425
H           -0.49538471139672        0.40172054623147       -0.65680910976513
O            0.04932326198487       -0.09155396314773        2.60119827675746
H            0.30507486029198       -1.01797454759747        2.66705254356650
H           -0.63479531140885        0.07169548897961        3.26248275434364
O           -2.70635024126985       -1.94377965961546       -2.72844474624676
H           -2.63375192789809       -2.11465244936505       -3.67191088248474
H           -1.94327733857206       -1.37102445147803       -2.50938755728556
22
 energy: -34.416552007897 gnorm: 0.004364643058 xtb: 6.7.1 (edcfbbe)
N           -0.42964107645760        1.11314874515109        0.13471299052580
C            0.61613098035533        2.07410700254644       -0.25858387557897
C            0.43597712783020        2.49980055310855       -1.71508354579412
C            0.96481982992775        1.49233441236180       -2.74381623279255
C            0.08557072865210        0.26365615757741       -3.06099859735490
O            0.10846321760686       -0.16762659994465       -4.22469077816011
O           -0.59997385830650       -0.24584377512602       -2.12982872518881
H           -0.21330231316373        0.62892852689005        1.03033025115791
H           -1.33349804301447        1.58013762377763        0.21544680125777
H            0.56590910629255        2.94927315344511        0.39044688867276
H            1.59214865782442        1.60447142290322       -0.13297282676130
H            0.97635428068808        3.43371972133319       -1.87350446083172
H           -0.62006135929131        2.69214557986704       -1.91507438486035
H            1.93295436990492        1.09482799190548       -2.42569117002597
H            1.12205247757929        1.98861979970776       -3.70384300242253
H           -0.51430860044142        0.40936531782964       -0.65700617058576
O            0.05789457962355       -0.08718985419249        2.59124514268833
H            0.32534635319409       -1.01050577577528        2.62677941443669
H           -0.60325535096801        0.05771653706092        3.27532192716886
O           -2.71289580512662       -1.93594672128142       -2.72965301657154
H           -2.62239896636850       -2.14475972157709       -3.66564119351218
H           -1.94466888323636       -1.36881419226253       -2.51235189256329
22
 energy: -34.416642913091 gnorm: 0.004708525059 xtb: 6.7.1 (edcfbbe)
N           -0.45648143816974        1.12662968678744        0.12960383518782
C            0.60348165452594        2.07640933279842       -0.25531671464263
C            0.44658821133993        2.49938895780687       -1.71610370119459
C            0.97705925841669        1.48162013701335       -2.73401661164656
C            0.07991082929842        0.26694869873904       -3.05885250854349
O            0.09353466874504       -0.15677210708424       -4.22643023122184
O           -0.58832681181906       -0.25750827515076       -2.12222132504624
H           -0.25196590756325        0.64613537487866        1.03036804750756
H           -1.35907533595698        1.59955033989250        0.19478402090578
H            0.55688507054610        2.95316670008283        0.39145533909904
H            1.57285802725930        1.59445993065535       -0.11727073628174
H            1.00137731521073        3.42560867983115       -1.87049749090467
H           -0.60465002957689        2.70514550918032       -1.93098162030498
H            1.93573859491390        1.07214815006185       -2.39893761960525
H            1.15423639270011        1.97192701714420       -3.69472906826502
H           -0.53340457468206        0.41750171399916       -0.65799658279809
O            0.06250237698797       -0.08315681790319        2.57483720146959
H            0.34861807830077       -1.00076370146285        2.58833902666618
H           -0.57030318180354        0.04240186549721        3.29041999423609
O           -2.71449867522433       -1.93634996442862       -2.73099346607053
H           -2.61325301624001       -2.15767794375051       -3.66092289659591
H           -1.95121405410435       -1.36524737928233       -2.50899334904652
22
 energy: -34.416710773871 gnorm: 0.003235247139 xtb: 6.7.1 (edcfbbe)
N           -0.46889698828291        1.13230704001002        0.12709354509670
C            0.59594799507632        2.07819667077146       -0.25385245457082
C            0.45259490271213        2.49855902820616       -1.71655458453549
C            0.98403447527188        1.47457311746195       -2.72746074753717
C            0.07999958557309        0.26642051101166       -3.05541642146933
O            0.08389367182128       -0.14923599562521       -4.22559305072013
O           -0.59133810236448       -0.25628664046289       -2.12137088712105
H           -0.26684348199733        0.65505833887221        1.03007707799333
H           -1.37115952582699        1.60577623249108        0.18759135789308
H            0.54783634633931        2.95618372574459        0.39062245789669
H            1.56198966021206        1.59241900022483       -0.10808295140467
H            1.01493660379873        3.42075343487091       -1.86750256212353
H           -0.59524152861113        2.71078851030920       -1.94050898223688
H            1.93648860925652        1.05949964746886       -2.38270127037043
H            1.17333607881974        1.96101981969234       -3.68776688840835
H           -0.54276985552486        0.42234622506661       -0.65931712188867
O            0.06589320499724       -0.07890234721376        2.56506368859425
H            0.36270068899960       -0.99342519404356        2.56785843261943
H           -0.55749988836079        0.03178861145572        3.29014988965277
O           -2.71676582442374       -1.93559733873083       -2.73171287384714
H           -2.60829255507953       -2.16191373586253       -3.65857768913717
H           -1.95122661930139       -1.36876275641293       -2.50649442147142
22
 energy: -34.416773905448 gnorm: 0.002788258199 xtb: 6.7.1 (edcfbbe)
N           -0.48733682939341        1.14083128288152        0.12305102403671
C            0.58372718639957        2.08230350440742       -0.25076954783415
C            0.46289448407982        2.49686597234765       -1.71647421463479
C            0.99515401232914        1.46213368537171       -2.71564160143757
C            0.07650365506346        0.26825332373893       -3.05184762295921
O            0.07039436178282       -0.13667577084322       -4.22448084855846
O           -0.60030427911080       -0.25267605321814       -2.12217103752928
H           -0.28728141568176        0.66838540888751        1.02892711819471
H           -1.38919491609553        1.61434672887095        0.17881654744437
H            0.52934715149471        2.96341221249044        0.38848672178278
H            1.54521920385769        1.59380123268261       -0.09033009844688
H            1.03810020030001        3.41193218989292       -1.86207266668999
H           -0.57872327733415        2.72021327506094       -1.95578705075335
H            1.93537018490788        1.03499750809035       -2.35444093679052
H            1.20670001662844        1.94258100177557       -3.67389376932025
H           -0.55775293598851        0.43072839724518       -0.66240953612127
O            0.07121007245292       -0.07250197919360        2.54660051814125
H            0.38374369758945       -0.98202641984628        2.53236166836900
H           -0.53705717514101        0.01442584834719        3.28760083266510
O           -2.72260593042653       -1.93166521811286       -2.73204792537321
H           -2.59485958649692       -2.17761483674396       -3.65402815240444
H           -1.95363042811250       -1.37048538882689       -2.50390587887655
22
 energy: -34.416796609913 gnorm: 0.006386377020 xtb: 6.7.1 (edcfbbe)
N           -0.49773899829255        1.14533792616199        0.12063987809224
C            0.57562966075393        2.08633481851836       -0.24753154315359
C            0.47204986910475        2.49476413126654       -1.71568345545463
C            1.00405414478990        1.45102519371337       -2.70552434784148
C            0.07169428020732        0.27076939089930       -3.05046960380812
O            0.06029375175326       -0.12635741705940       -4.22492765561567
O           -0.61413165565020       -0.24582874601927       -2.12536411974356
H           -0.29687932119161        0.67492517095673        1.02766187400090
H           -1.39976138894447        1.61779073796656        0.17631588203267
H            0.51267118774364        2.97069498366729        0.38648494078686
H            1.53505118188770        1.59954516430437       -0.07399577654009
H            1.05746993421555        3.40380344832709       -1.85805387977701
H           -0.56441111564581        2.72709882945992       -1.96682916882587
H            1.93300197403116        1.01194060065258       -2.33094678838998
H            1.23474167191436        1.92680808518437       -3.66133507149419
H           -0.56748623334637        0.43704503156264       -0.66557632349202
O            0.07987846023209       -0.06896001344725        2.53334602185531
H            0.39397530160448       -0.97640705410578        2.50725192316448
H           -0.52490260619681        0.00387496359355        3.27458127625944
O           -2.71933721998873       -1.94196663181265       -2.73109325488594
H           -2.59666523690867       -2.17067430492806       -3.65287793058089
H           -1.95958018896803       -1.36999840355627       -2.50052933368487
22
 energy: -34.416829230221 gnorm: 0.004058872190 xtb: 6.7.1 (edcfbbe)
N           -0.50643152413333        1.15108228119025        0.11830461344076
C            0.57025915556974        2.09061072635021       -0.24470732110298
C            0.47897500372402        2.49428638471329       -1.71503615076938
C            1.01029437585888        1.44307017597689       -2.69792845185701
C            0.06863822751380        0.27211516607506       -3.05002654939111
O            0.05276574297750       -0.11817259323984       -4.22714375624805
O           -0.62069081697747       -0.24390552630481       -2.12638676232073
H           -0.30910758465784        0.67985654856406        1.02611113635359
H           -1.40813584377558        1.62520339616684        0.17069620227529
H            0.50200936594111        2.97773391206901        0.38532033075033
H            1.52851997441056        1.60482266994385       -0.06098960277191
H            1.07166256048293        3.39875031734934       -1.85723824905389
H           -0.55428296630741        2.73321912605993       -1.97351597398443
H            1.93072026955259        0.99414266236569       -2.31301568433377
H            1.25512945311602        1.91509311946455       -3.65224335324724
H           -0.57431385818282        0.44206190694474       -0.66785993596054
O            0.08120757289272       -0.06723149499135        2.52411046859357
H            0.40260940329496       -0.97346565084278        2.48204064989811
H           -0.51288661442790       -0.00675178006961        3.27964245002924
O           -2.72072305371873       -1.94385810985353       -2.73114252491728
H           -2.59264631762583       -2.18019088437468       -3.65146822194456
H           -1.96395507242298       -1.36690644825110       -2.50197977053402
22
 energy: -34.416867748879 gnorm: 0.004038422611 xtb: 6.7.1 (edcfbbe)
N           -0.51010474104898        1.15560285745349        0.11673608707645
C            0.56629517349818        2.09791767644124       -0.24070485502099
C            0.48679616312413        2.49466614460583       -1.71325409626273
C            1.01575091762763        1.43462446388817       -2.68851609440753
C            0.06119632636832        0.27744698142730       -3.05198954926333
O            0.04780041909168       -0.10842023797787       -4.23059845502181
O           -0.63603092774761       -0.23578461031214       -2.13112181500511
H           -0.31357558390888        0.67847852649923        1.02234079995468
H           -1.41169660365968        1.63048884325198        0.17122784195941
H            0.48824082810839        2.98847091373384        0.38399369778714
H            1.52560671040731        1.61853838517507       -0.04480177376308
H            1.08709073947353        3.39371999957946       -1.85684448940237
H           -0.54300576472703        2.74041291072887       -1.97821224570958
H            1.92419680616891        0.97182038460802       -2.29133163966774
H            1.27892804558971        1.90227712707858       -3.63994832687011
H           -0.57989666606992        0.44899237019222       -0.67197462906123
O            0.08927992806613       -0.07116087787445        2.51509755496498
H            0.40080767838409       -0.97894813689463        2.46127869722882
H           -0.50355727304743       -0.01172296571858        3.27035244566052
O           -2.72543209788622       -1.94617655679338       -2.73011278420507
H           -2.58624165860605       -2.19948379025280       -3.65004406233041
H           -1.97283096610118       -1.36019450353341       -2.50602876573688
22
 energy: -34.416903912142 gnorm: 0.002555331140 xtb: 6.7.1 (edcfbbe)
N           -0.51098555080695        1.15943822558693        0.11560735018846
C            0.56394267476093        2.10493283736127       -0.23781930275199
C            0.49355599936476        2.49514644999111       -1.71225402593070
C            1.02086843688463        1.42718718746856       -2.68017538224647
C            0.05556167467100        0.28189823796301       -3.05272413021159
O            0.04548218689211       -0.10140756524514       -4.23187805214243
O           -0.65307198090987       -0.22482598060889       -2.13622482330547
H           -0.31354452916129        0.67663668884784        1.01828242083732
H           -1.41246366410076        1.63401554317685        0.17388307822791
H            0.47699559372241        2.99819904682467        0.38215976982912
H            1.52443315048645        1.63185088553367       -0.03203045765282
H            1.10000405681155        3.38971356386056       -1.85711409696807
H           -0.53348639392299        2.74596288300674       -1.98270258335749
H            1.91838419311264        0.95291274499419       -2.27174196468979
H            1.30084644223339        1.89001263199823       -3.62920670166684
H           -0.58353885033116        0.45588604299242       -0.67586965724808
O            0.09279234446874       -0.07662213497669        2.50654648152094
H            0.39901862211264       -0.98542969426552        2.44517754870044
H           -0.49858738911362       -0.01851077441065        3.26348795724033
O           -2.72402341150046       -1.95751792685131       -2.72893396327042
H           -2.59334027789815       -2.19950269476032       -3.65123020604951
H           -1.97922587467089       -1.35841029318142       -2.50969571614878
22
 energy: -34.416938043904 gnorm: 0.002866286099 xtb: 6.7.1 (edcfbbe)
N           -0.51167648994840        1.16682544678537        0.11469915029200
C            0.56112375011656        2.11652868593309       -0.23390856295919
C            0.50385605663048        2.49688942393469       -1.71140890946066
C            1.02899808314920        1.41654523048294       -2.66715109146033
C            0.04744715348918        0.28949143011608       -3.05294225873058
O            0.04248974632966       -0.09112969586600       -4.23287772734435
O           -0.67919574024371       -0.20579541473038       -2.14387835803752
H           -0.31137147012961        0.67469590528479        1.01182497675909
H           -1.41289671192543        1.64053012626288        0.18028944857571
H            0.46206063632487        3.01335764800393        0.37898666338269
H            1.52295048580202        1.65179775258146       -0.01469124737283
H            1.11913940857396        3.38509365850470       -1.85805698805435
H           -0.51941849758801        2.75450352664653       -1.99065948396704
H            1.90950734799954        0.92626759375324       -2.24103652160344
H            1.33513040520293        1.87083967106230       -3.61248731954108
H           -0.58973989139509        0.46900219404368       -0.68178284813290
O            0.09729908587219       -0.08933347049623        2.49379194059324
H            0.39524709247111       -1.00037887447788        2.42389016422687
H           -0.49500665276334       -0.03177671415708        3.24933646589273
O           -2.72344475172558       -1.97407848569312       -2.72797098653915
H           -2.60253904376618       -2.20084746498381       -3.65383778470921
H           -1.99034254937111       -1.35746226768493       -2.51458517890558
22
 energy: -34.416960090876 gnorm: 0.002686711358 xtb: 6.7.1 (edcfbbe)
N           -0.50999555477196        1.17280956305904        0.11497797542036
C            0.56145510380056        2.12459194754490       -0.23245249660966
C            0.50955884311034        2.49906090785391       -1.71156186470114
C            1.03346834747995        1.41168397475877       -2.65968970690883
C            0.04375639896899        0.29487749790611       -3.05218611100573
O            0.04333271427997       -0.08640047736130       -4.23204427616866
O           -0.69454574019734       -0.19147863611030       -2.14821392839578
H           -0.30631841043169        0.67343503689158        1.00703060456923
H           -1.41079968614418        1.64602764999364        0.18761573113029
H            0.45723609573355        3.02321950777417        0.37624042383871
H            1.52380545381900        1.66397173975992       -0.00794838496191
H            1.12799660981880        3.38454438430706       -1.85983033469837
H           -0.51210968072852        2.75847331966319       -1.99479931241413
H            1.90366688173340        0.91388151459633       -2.22356264342674
H            1.35391666878719        1.85949606546467       -3.60259682700010
H           -0.59360306188821        0.47972765986979       -0.68544008470033
O            0.09679561973449       -0.10449952066397        2.48514308953831
H            0.38879598271198       -1.01704713635651        2.41742947107593
H           -0.49656362109488       -0.04151097334494        3.23971263224429
O           -2.72289999267902       -1.98474582905542       -2.72791944738923
H           -2.61033660549517       -2.19906516939834       -3.65706411778792
H           -1.99699491344185       -1.35948712184593       -2.51729684874442
22
 energy: -34.416978397671 gnorm: 0.002156129729 xtb: 6.7.1 (edcfbbe)
N           -0.51518290351546        1.18443766701692        0.11449215588553
C            0.55846051311080        2.13536802672595       -0.22989806288709
C            0.51961600916154        2.50158770073085       -1.71214397084115
C            1.04306179999930        1.40267345865172       -2.64746265747484
C            0.03824319226813        0.30242381506624       -3.04963369069262
O            0.03919805785151       -0.07697388565869       -4.23039748595166
O           -0.71330245867887       -0.17373432991193       -2.15188620280580
H           -0.30905452114040        0.67778151454114        1.00143717349027
H           -1.41498011340130        1.65844492585760        0.19339382274632
H            0.44877035189817        3.03725759788359        0.37256561440213
H            1.51922633727522        1.67607740704807        0.00467766676038
H            1.14560351104399        3.38195322984579       -1.86103757302914
H           -0.49848868934164        2.76660418752574       -2.00495248081787
H            1.89674662970640        0.89081106094272       -2.19248195875399
H            1.38863098040211        1.84075060583809       -3.58712732502996
H           -0.60407577050238        0.49636950801195       -0.69005441018371
O            0.09837961969061       -0.12239207372008        2.47051413508806
H            0.38795262434134       -1.03649827952946        2.39733900835500
H           -0.49438345836006       -0.06173096821966        3.22570539007860
O           -2.72314107998341       -1.99619072096939       -2.72853390014506
H           -2.61528985780057       -2.20161912457081       -3.66020890937994
H           -2.00637332091942       -1.36183541779978       -2.51876279590920
22
 energy: -34.416987318283 gnorm: 0.001703142253 xtb: 6.7.1 (edcfbbe)
N           -0.51432074919391        1.18975644905117        0.11565662565324
C            0.56110180837809        2.13850737355224       -0.23026968597371
C            0.52131067397821        2.50321437149144       -1.71259960982363
C            1.04465198158738        1.40314149091129       -2.64557689042197
C            0.03950659270181        0.30474457299894       -3.04774837423902
O            0.04215693796204       -0.07708305788080       -4.22794739087063
O           -0.71521918067203       -0.16698211068498       -2.15144016728404
H           -0.30637236472636        0.67931423836153        0.99934057367450
H           -1.41295773439321        1.66535119625884        0.19942858825716
H            0.45441443577372        3.04100186361519        0.37122820695584
H            1.52063030102445        1.67688144792357        0.00274407894942
H            1.14540140475839        3.38437037212116       -1.86249905715533
H           -0.49689350483073        2.76591656028665       -2.00528219674465
H            1.89515177890862        0.89185538299125       -2.18885617731450
H            1.39199223270945        1.83789961913481       -3.58387157113255
H           -0.60728106116604        0.50417360284524       -0.69087645562130
O            0.09431711875391       -0.13635957547668        2.46596268650458
H            0.38200692180487       -1.05175669192641        2.39931280017673
H           -0.50117541254795       -0.07045840170794        3.21883611461175
O           -2.72210604298008       -1.99872231041615       -2.72889513172943
H           -2.61867690082713       -2.19947777972106       -3.66274876216634
H           -2.00802178389775       -1.36372270842264       -2.51835466140179
22
 energy: -34.416992709751 gnorm: 0.001285794151 xtb: 6.7.1 (edcfbbe)
N           -0.52107005430566        1.19648342982412        0.11436558509093
C            0.55817761366997        2.14246276784162       -0.22833602544615
C            0.52738082649024        2.50356596295694       -1.71197506385776
C            1.05041586635640        1.39773094441480       -2.63908802344914
C            0.03718176764969        0.30753815386704       -3.04659083555622
O            0.03794277986212       -0.07100641297712       -4.22776706136478
O           -0.72267595564166       -0.16108590110017       -2.15211717455956
H           -0.31443247615416        0.68357792795684        0.99690158895096
H           -1.41833108535768        1.67454248599357        0.19917166002938
H            0.45018202224215        3.04708934615261        0.37057295811875
H            1.51573524718000        1.67933952793716        0.01126222625325
H            1.15633000746393        3.38167777001211       -1.86143844238145
H           -0.48825367644701        2.77043807376512       -2.01028681963960
H            1.89288534558417        0.87853797895243       -2.17340117446891
H            1.41007444757982        1.82863671724556       -3.57564389900560
H           -0.61517234262674        0.51216799991598       -0.69324927845275
O            0.09513635496710       -0.14361425311290        2.45419168079557
H            0.38404348225752       -1.05765969126175        2.38441192121923
H           -0.49527947031056       -0.08132386448655        3.21233311039820
O           -2.72242245743669       -2.00114089949495       -2.72816223172227
H           -2.61607171789775       -2.20551613011551       -3.66170513959397
H           -2.01215907201935       -1.36087602898022       -2.51790601845377
22
 energy: -34.416997695297 gnorm: 0.001208597303 xtb: 6.7.1 (edcfbbe)
N           -0.52454202956405        1.19915552208867        0.11429180438419
C            0.55782407630581        2.14183568605138       -0.22753948651725
C            0.52882298603174        2.50324238327047       -1.71090895369981
C            1.05136195098442        1.39719369417231       -2.63803363667722
C            0.03764727906366        0.30763015692442       -3.04590038759468
O            0.03765726084450       -0.07022013321486       -4.22696666415844
O           -0.72135999548071       -0.16164916587432       -2.15067943207782
H           -0.31997700041601        0.68589849522595        0.99714482481133
H           -1.42040991684286        1.67989850410546        0.19835621809566
H            0.45266958110107        3.04663582297545        0.37180808640974
H            1.51366452666574        1.67558770350153        0.01271835744921
H            1.15885401193383        3.38077337538744       -1.85987703184300
H           -0.48618368388536        2.77121616426084       -2.01021936345121
H            1.89312107197667        0.87748129524545       -2.17225968114102
H            1.41147051290477        1.82792169295964       -3.57429088676641
H           -0.61859630866607        0.51447301673702       -0.69308838608128
O            0.09502442253070       -0.14432346262431        2.45143942080259
H            0.38347103730207       -1.05919307558872        2.37417286977348
H           -0.49626599858614       -0.08747257504369        3.20863883683733
O           -2.72189257894934       -1.99822175485674       -2.72709927904246
H           -2.61250927852734       -2.20710633389789       -3.65948045272534
H           -2.01023447362120       -1.35919110649873       -2.51668323388317
22
 energy: -34.417002803161 gnorm: 0.000992839153 xtb: 6.7.1 (edcfbbe)
N           -0.52791779346942        1.20172888837296        0.11440650038401
C            0.55877332446302        2.13929696284058       -0.22706013599188
C            0.52952607705303        2.50310709979801       -1.70945302650897
C            1.05105250245583        1.39854915380754       -2.63859575225532
C            0.03914058339953        0.30738456013588       -3.04506458547346
O            0.03861379491293       -0.07083281328783       -4.22577221971379
O           -0.71764903295749       -0.16299302216827       -2.14846031917842
H           -0.32600874413335        0.68752565085756        0.99735935735243
H           -1.42158981622314        1.68649477377353        0.19781451411707
H            0.45971512308293        3.04333168264688        0.37423091549572
H            1.51210023652900        1.66747600209446        0.01130233094021
H            1.15980092205438        3.38054733613781       -1.85747477870039
H           -0.48534681150518        2.77179128481055       -2.00824410039186
H            1.89419815880347        0.88024556934916       -2.17541468818443
H            1.40791427406998        1.83011637824653       -3.57507497644182
H           -0.62255834582976        0.51675547598156       -0.69264484504223
O            0.09227021029642       -0.14736407538283        2.44689307969761
H            0.37918204647326       -1.06196401468999        2.36589108094309
H           -0.49786270730524       -0.09297150265684        3.20515336057744
O           -2.72042327935600       -1.99289182524553       -2.72476361945672
H           -2.60754414602499       -2.20657684562163       -3.65542352674334
H           -2.00576912368325       -1.35719081449323       -2.51406102252048
22
 energy: -34.417008319129 gnorm: 0.000958921058 xtb: 6.7.1 (edcfbbe)
N           -0.53157019228775        1.20595319398697        0.11454303513410
C            0.55969075993600        2.13853513778438       -0.22546247090804
C            0.53314073053458        2.50338101274533       -1.70768144404359
C            1.05274306549607        1.39794904170217       -2.63679839484198
C            0.03876450790841        0.30911017170171       -3.04413512550839
O            0.03860957653256       -0.06929976369399       -4.22480102063774
O           -0.72033377884867       -0.15913256700218       -2.14821325635235
H           -0.33186736750240        0.68862258958340        0.99638908205925
H           -1.42287961225857        1.69487665129237        0.19847648571019
H            0.46469920388164        3.04249537063513        0.37646278842243
H            1.51054126757607        1.66186511862646        0.01311304597936
H            1.16561557368385        3.37922598866731       -1.85459524335987
H           -0.48074996419136        2.77475357124777       -2.00727179544192
H            1.89416289016633        0.87757791352698       -2.17294128931393
H            1.41141887218745        1.82887270811106       -3.57287082101965
H           -0.62830581551027        0.52204451809567       -0.69330477527810
O            0.08995889669893       -0.15309036067086        2.44002446247560
H            0.37204235084000       -1.06843300788465        2.35053417061598
H           -0.49864866996461       -0.10180953249985        3.19967548937302
O           -2.71870043909088       -1.99143886885480       -2.72200179444150
H           -2.60338646963015       -2.20706917027286       -3.65154460729920
H           -2.00532793305117       -1.35342381152063       -2.51205297841913
22
 energy: -34.417018142808 gnorm: 0.001030152274 xtb: 6.7.1 (edcfbbe)
N           -0.53529726884793        1.21166428736618        0.11511423027052
C            0.56237783639198        2.13731300776123       -0.22279003308094
C            0.53931483661082        2.50436521636320       -1.70476402769010
C            1.05504134341430        1.39758620299360       -2.63439784900640
C            0.03693659379160        0.31316694936733       -3.04329380536958
O            0.03956700583196       -0.06765423977162       -4.22318971046458
O           -0.72797271448230       -0.14961124092347       -2.14950984770414
H           -0.33796034016357        0.68929422210265        0.99476468319473
H           -1.42315372919277        1.70635424688736        0.20096251793444
H            0.47302761767149        3.04112993536481        0.38015527321380
H            1.50991164825965        1.65379406763183        0.01568327155867
H            1.17610628384748        3.37736343483177       -1.84978305487879
H           -0.47310753375760        2.78076318022724       -2.00505201401999
H            1.89396236910036        0.87323541112830       -2.17014823716661
H            1.41647702724595        1.82770777161856       -3.56988944673865
H           -0.63654247412893        0.53031550663039       -0.69444641009508
O            0.08539961000752       -0.16342901043801        2.42968328057446
H            0.35698830525858       -1.08045788356626        2.32778610105973
H           -0.50013675670000       -0.11447244847195        3.19197629672877
O           -2.71635174752074       -1.99098892280924       -2.71779048594203
H           -2.59778113464642       -2.20863208843549       -3.64612595637472
H           -2.00718932488521       -1.34724170055138       -2.50940123309887
22
 energy: -34.417037220979 gnorm: 0.001736613819 xtb: 6.7.1 (edcfbbe)
N           -0.54111500656815        1.22325727499425        0.11684922394225
C            0.56966466373360        2.13476466447057       -0.21695817516427
C            0.55308017758690        2.50683135236797       -1.69821745690230
C            1.05926475488711        1.39775713123180       -2.63029674514224
C            0.03265083660864        0.32243019179433       -3.04224413181280
O            0.04207090211396       -0.06497605516799       -4.22025326575839
O           -0.74622439105413       -0.12683673669780       -2.15344876507798
H           -0.34849930530117        0.69079047872939        0.99201825312015
H           -1.42180555432692        1.72986426379137        0.20738172323433
H            0.49216872365477        3.03792779311780        0.38868720201363
H            1.51046769992623        1.63722227850649        0.02055222765929
H            1.19868242133124        3.37389245065977       -1.83941509752006
H           -0.45625089158476        2.79410520602605       -1.99892527353950
H            1.89375691303574        0.86504865147986       -2.16695608445948
H            1.42522272867842        1.82674260483722       -3.56474174740606
H           -0.65277074565526        0.54812263537522       -0.69677145349311
O            0.07497597967610       -0.18687992877918        2.40929253081554
H            0.31999317006204       -1.10866581378607        2.28154857066605
H           -0.50273853504589       -0.13962546588400        3.17804774696355
O           -2.71234578403327       -1.99136696797671       -2.70969282576731
H           -2.58736481145048       -2.21414759335877       -3.63580811551935
H           -2.01326649316826       -1.33469251042426       -2.50510479794711
22
 energy: -34.417041926096 gnorm: 0.003631359403 xtb: 6.7.1 (edcfbbe)
N           -0.54533400658567        1.24165195026711        0.12090463308330
C            0.58675003120820        2.12896895867398       -0.20797736733500
C            0.57537590256229        2.51284906627546       -1.68666393081737
C            1.06378823282374        1.40293776274847       -2.62692632273542
C            0.02487114217725        0.34062311827156       -3.04148163798814
O            0.05063204872750       -0.06389944622527       -4.21401249860820
O           -0.77830101670507       -0.08326312832712       -2.16138520987092
H           -0.35973637009102        0.69071604681126        0.98696317502383
H           -1.41308999967263        1.76873819269721        0.22269577366227
H            0.53283230979424        3.02927358193863        0.40487249126419
H            1.51609149559485        1.60628927406266        0.02292525963486
H            1.23476729368214        3.37058738525725       -1.82160892736759
H           -0.42973823832723        2.81820790765302       -1.98435541868975
H            1.89386394317949        0.85733248555609       -2.16978503586162
H            1.43252533390976        1.83211673067780       -3.56034433395863
H           -0.67723530068452        0.57939194191623       -0.70093236045515
O            0.05121699438021       -0.23464175262952        2.37576294576375
H            0.24669185357934       -1.16457871372210        2.21544476156125
H           -0.51402018595449       -0.18176816397165        3.15318067800135
O           -2.70539514725814       -1.99268834924621       -2.69500030093642
H           -2.57331103075597       -2.22261348758225       -3.61824407439801
H           -2.02362783247732       -1.31466545579487       -2.49848875606729
22
 energy: -34.417056934481 gnorm: 0.001268484685 xtb: 6.7.1 (edcfbbe)
N           -0.54439058739892        1.24091180963622        0.12023405077139
C            0.58702586554997        2.12895163279950       -0.20804734310755
C            0.57604160803364        2.51298521015070       -1.68634047816581
C            1.06333034349881        1.40325663915575       -2.62730025364643
C            0.02479308275993        0.34088785795357       -3.04225191914917
O            0.04915821012496       -0.06303637328733       -4.21456687500999
O           -0.77840370229148       -0.08198400324899       -2.16256244638310
H           -0.35985592862397        0.69043693543769        0.98604744767338
H           -1.41190709511337        1.76748987256142        0.22234139412562
H            0.53231792478074        3.02864580227748        0.40520802449613
H            1.51610210166042        1.60727951996163        0.02347191227176
H            1.23582905860737        3.37033587835987       -1.82162369687299
H           -0.42855107994639        2.81900674907635       -1.98417570213937
H            1.89407542109957        0.85768093425683       -2.17176053167966
H            1.43083355476082        1.83299458465395       -3.56089307090345
H           -0.67580943238192        0.57974070994083       -0.70195779957496
O            0.04840317232990       -0.23448606304561        2.37585932686739
H            0.24500287935741       -1.16306078436259        2.21855403968377
H           -0.51022964805903       -0.18110946447742        3.15782172671755
O           -2.70534145187512       -1.99360793391195       -2.69457235835303
H           -2.57548692236572       -2.22511835500836       -3.61823261901683
H           -2.02331992140071       -1.31663525357184       -2.49970928569939
22
 energy: -34.417061901961 gnorm: 0.002329919056 xtb: 6.7.1 (edcfbbe)
N           -0.54279200691717        1.23938123876195        0.11847932826973
C            0.58775105465949        2.12880532859499       -0.20849569859614
C            0.57719075476420        2.51377317387128       -1.68601278673393
C            1.06238663198057        1.40515628551633       -2.62930350687491
C            0.02226897690318        0.34452523813473       -3.04514838761665
O            0.04811777421328       -0.06174635122073       -4.21619230344085
O           -0.77751964530376       -0.08124895150221       -2.16468717978359
H           -0.36063221395254        0.69000336090147        0.98431353062746
H           -1.41021874695561        1.76518329550514        0.22112207442824
H            0.53120437700661        3.02784784880355        0.40526903646276
H            1.51699522833607        1.60901288763963        0.02392381236537
H            1.23860912475388        3.36992901275106       -1.82097306043332
H           -0.42646012818681        2.82214442197620       -1.98376572593006
H            1.89432619441158        0.85883368168445       -2.17722777859953
H            1.42769650314424        1.83690447566830       -3.56290247467283
H           -0.67357396424276        0.57992131192703       -0.70434362301396
O            0.04298278229990       -0.23394788447358        2.37798945129662
H            0.24088856901507       -1.16136113125993        2.22641781914762
H           -0.50062345955750       -0.17837856704975        3.17046929389062
O           -2.70413626709126       -1.99942959657286       -2.69297629993106
H           -2.58018500940134       -2.23319042245685       -3.61744838690560
H           -2.02465907677250       -1.32055275189264       -2.50296359105073
22
 energy: -34.417066635327 gnorm: 0.001917341387 xtb: 6.7.1 (edcfbbe)
N           -0.54230933643837        1.23880220704986        0.11775289315215
C            0.58817009631493        2.12858846167866       -0.20875518808472
C            0.57766678474470        2.51412214647748       -1.68609087654058
C            1.06237328891873        1.40589633736490       -2.63022993154850
C            0.02374968769243        0.34338780380357       -3.04545534700759
O            0.04673223404739       -0.05926542916719       -4.21789586621059
O           -0.77912166793129       -0.07944431726280       -2.16634079273753
H           -0.36096609131987        0.68980942123632        0.98382964682110
H           -1.40989693068985        1.76450185274454        0.22038876392790
H            0.53106243829708        3.02758942680971        0.40513493355113
H            1.51765983501156        1.60911514199314        0.02372912013884
H            1.23971237159137        3.36993728917602       -1.82047772775247
H           -0.42579713859371        2.82342153454219       -1.98360902367498
H            1.89507271638136        0.85990777427783       -2.17921811581478
H            1.42666743212798        1.83846540424565       -3.56392171216673
H           -0.67286758114359        0.57957624570581       -0.70529358034537
O            0.04161073401261       -0.23366612625968        2.37980064501901
H            0.23895296243514       -1.16160113501267        2.22989711412134
H           -0.49677446046472       -0.17637716376379        3.17580200469372
O           -2.70456978265122       -2.00181276227233       -2.69257110350795
H           -2.58246696877190       -2.23649772124719       -3.61700809271759
H           -2.02504317046400       -1.32289048681257       -2.50392422041055
22
 energy: -34.417070844433 gnorm: 0.000350080526 xtb: 6.7.1 (edcfbbe)
N           -0.54264525711886        1.23864978933443        0.11753244956153
C            0.58832294297578        2.12807082631690       -0.20892576995372
C            0.57797872272696        2.51464883657784       -1.68629878036121
C            1.06219578816013        1.40667552025733       -2.63099563332479
C            0.02304032880347        0.34466575146349       -3.04642377405423
O            0.04754702261896       -0.05824520474273       -4.21911331326477
O           -0.77975245767842       -0.07941857789373       -2.16726435075450
H           -0.36115096488875        0.68963691358126        0.98399467597155
H           -1.41047935047770        1.76475406338817        0.21975261564380
H            0.53178575049869        3.02711977613303        0.40521977984625
H            1.51789196121509        1.60758871847232        0.02289224528553
H            1.24055736981697        3.37025686200599       -1.81968486598188
H           -0.42555898124812        2.82461290326064       -1.98344021875277
H            1.89480162260925        0.86035658714304       -2.17990338280784
H            1.42653895102345        1.83931016334166       -3.56461338907897
H           -0.67346799979002        0.57870707868543       -0.70553638349515
O            0.04311421015272       -0.23337174097860        2.38187057471199
H            0.23766432570554       -1.16311450267291        2.23136216394074
H           -0.49555386921037       -0.17363898730575        3.17716398653118
O           -2.70498839623565       -2.00360080048945       -2.69210563100422
H           -2.58339062719394       -2.23769777530768       -3.61631777813652
H           -2.02483363935847       -1.32440029526323       -2.50362167761677
22
 energy: -34.417072499677 gnorm: 0.000352802984 xtb: 6.7.1 (edcfbbe)
N           -0.54259188462740        1.23794986981370        0.11665500974543
C            0.58854964306777        2.12736368729642       -0.20915455833913
C            0.57824862242307        2.51525985280312       -1.68620692793461
C            1.06161193820850        1.40802554489403       -2.63214075513271
C            0.02261731879438        0.34595451068830       -3.04779789216338
O            0.04742093371639       -0.05634888179760       -4.22070886493856
O           -0.77989748687834       -0.07904336366911       -2.16888087131845
H           -0.36171559593333        0.68937474611394        0.98333678458227
H           -1.41047558426938        1.76410327329361        0.21846318380893
H            0.53220042045392        3.02593803428969        0.40568032964119
H            1.51801139036334        1.60650362775053        0.02222130115139
H            1.24167631279302        3.37034967189898       -1.81869662221215
H           -0.42498975998564        2.82653157101115       -1.98297717256540
H            1.89478908693112        0.86151531626509       -2.18230188632789
H            1.42498196962966        1.84149099154881       -3.56575754403489
H           -0.67333423568453        0.57803298615998       -0.70658555864007
O            0.04274167799778       -0.23287725168733        2.38349957989160
H            0.23478800484889       -1.16343325416619        2.23459452957053
H           -0.49088741885946       -0.16982042876253        3.18205152490405
O           -2.70375860183867       -2.00759048816262       -2.69030117988911
H           -2.58506793090332       -2.24171060781389       -3.61489690535898
H           -2.02530136714113       -1.32600350246070       -2.50455196153479
22
 energy: -34.417073949381 gnorm: 0.000217729247 xtb: 6.7.1 (edcfbbe)
N           -0.54281930313283        1.23672764915540        0.11541608255135
C            0.58901238434478        2.12557800901078       -0.20929348630964
C            0.57892535504598        2.51587917881657       -1.68571109201737
C            1.06080703877470        1.40983356077536       -2.63367943796790
C            0.02151313104965        0.34827252444707       -3.04995012887595
O            0.04673348646812       -0.05333598791598       -4.22309113435671
O           -0.78066619815742       -0.07786784202187       -2.17139738670152
H           -0.36297124793185        0.68873281663462        0.98239772987135
H           -1.41057422717239        1.76325051964977        0.21620002778615
H            0.53359074745529        3.02319044404177        0.40698058261335
H            1.51798872517735        1.60351042458226        0.02107401453756
H            1.24359208501089        3.37022807825143       -1.81680085958842
H           -0.42384227748254        2.82914334622962       -1.98185222558018
H            1.89464611435120        0.86276762329628       -2.18571658223962
H            1.42300579179045        1.84458835219333       -3.56716088270821
H           -0.67327265250289        0.57688833874255       -0.70799845759644
O            0.04266501748584       -0.23174487205811        2.38514563941314
H            0.23018016200151       -1.16340083655754        2.23834452712910
H           -0.48466532162294       -0.16357540612488        3.18743880672217
O           -2.70247162669536       -2.01166452146121       -2.68745011605951
H           -2.58804048936101       -2.24565248278341       -3.61267697976322
H           -2.02371924178998       -1.32978301159652       -2.50467509795422
22
 energy: -34.417073913463 gnorm: 0.000445936829 xtb: 6.7.1 (edcfbbe)
N           -0.54300517600141        1.23562272619600        0.11429480808358
C            0.58943840319716        2.12397774785946       -0.20942328744807
C            0.57955365221787        2.51644156475933       -1.68527237117860
C            1.06008118655626        1.41145827400702       -2.63506889382882
C            0.02047112703451        0.35041119210777       -3.05190989531624
O            0.04613919484849       -0.05063951159559       -4.22523212124611
O           -0.78139426675072       -0.07677620257232       -2.17368560507111
H           -0.36408482323572        0.68815767449722        0.98154480880281
H           -1.41064967418265        1.76246710006881        0.21415830218639
H            0.53483997814214        3.02072660720436        0.40813900755174
H            1.51798191422692        1.60083828661174        0.02004585729643
H            1.24535770202920        3.37010610619780       -1.81510131666350
H           -0.42277954196067        2.83152682699561       -1.98085229921928
H            1.89449910309767        0.86386944054128       -2.18878860796441
H            1.42123959523993        1.84736466185502       -3.56842700204580
H           -0.67319662042742        0.57584776861605       -0.70927699148501
O            0.04258601913007       -0.23073741415773        2.38667734957346
H            0.22601136283520       -1.16338431319056        2.24177909245128
H           -0.47902679639406       -0.15794427697922        3.19237491932685
O           -2.70139948132928       -2.01528561144005       -2.68492636311896
H           -2.59080785872015       -2.24918410926376       -3.61071741374743
H           -2.02223754644685       -1.33329863301105       -2.50478843403396
22
 energy: -34.417075016638 gnorm: 0.000256607452 xtb: 6.7.1 (edcfbbe)
N           -0.54362058232105        1.23534998083145        0.11413574822606
C            0.58932293194555        2.12313954772713       -0.20933408355810
C            0.57922381620345        2.51648751539608       -1.68492527347865
C            1.05979009704417        1.41205351825353       -2.63538621549329
C            0.02081264321969        0.35033974238560       -3.05216627989039
O            0.04562974909752       -0.04972290939989       -4.22586183113371
O           -0.78054463521426       -0.07748285807705       -2.17376069115460
H           -0.36481423069434        0.68777422557150        0.98143676219044
H           -1.41106570398294        1.76260106012931        0.21362247499515
H            0.53552383628173        3.01948549553698        0.40891397659894
H            1.51756051694199        1.59912902703389        0.01950416064103
H            1.24483095091204        3.37036244956429       -1.81438732979943
H           -0.42322308040586        2.83152887354180       -1.98016996575818
H            1.89459744660603        0.86462561109105       -2.18965883807622
H            1.42046296507101        1.84853298377986       -3.56866979041861
H           -0.67383726618360        0.57567738373039       -0.70943824562281
O            0.04315949168799       -0.23005323541678        2.38581720405475
H            0.22513442071534       -1.16303615215929        2.24117418946035
H           -0.47839145808241       -0.15605721744918        3.19121084274957
O           -2.69884974483862       -2.01731238255995       -2.68295807992434
H           -2.58924602429361       -2.25024845961712       -3.60906284065739
H           -2.02283868660335       -1.33160829458641       -2.50449235104534
22
 energy: -34.417075868552 gnorm: 0.000175331443 xtb: 6.7.1 (edcfbbe)
N           -0.54429392931501        1.23487507010709        0.11390195638041
C            0.58963679531472        2.12155075602211       -0.20913838470433
C            0.57924504080830        2.51624537018498       -1.68434263604937
C            1.05958698114935        1.41264374497732       -2.63594452933876
C            0.02063196173935        0.35094995976981       -3.05288322093830
O            0.04432594476728       -0.04788050496278       -4.22702173585217
O           -0.78031677571542       -0.07737742074191       -2.17430870553114
H           -0.36591847597074        0.68692794111768        0.98126459340102
H           -1.41127029820542        1.76299166710203        0.21304968180525
H            0.53726407438074        3.01730671959710        0.41012326995442
H            1.51725860971448        1.59600012322932        0.01884507356381
H            1.24483025886457        3.37021504962832       -1.81324311619637
H           -0.42329656032936        2.83153807260010       -1.97908899493185
H            1.89465948647309        0.86495945245084       -2.19103226673998
H            1.41973304905393        1.84993835889763       -3.56905433309369
H           -0.67457199655968        0.57548739821455       -0.70974661374918
O            0.04312473816094       -0.22917099016718        2.38445834003201
H            0.22356010185194       -1.16265872583600        2.24069569883160
H           -0.47763346413913       -0.15338106314687        3.19018350698334
O           -2.69715413235659       -2.01782778465800       -2.68097781022172
H           -2.58826664418144       -2.25016997131253       -3.60724011114837
H           -2.02151731239951       -1.33159731776641       -2.50295611955138
