[ XTB Batch Run Started ]
Total files: 72

[1/72] ▶ case_028 처리 중...
[1/72] ✅ case_028 최적화 완료
[2/72] ▶ case_029 처리 중...
[2/72] ✅ case_029 최적화 완료
[3/72] ▶ case_057 처리 중...
[3/72] ✅ case_057 최적화 완료
[4/72] ▶ case_007 처리 중...
[4/72] ✅ case_007 최적화 완료
[5/72] ▶ case_100 처리 중...
[5/72] ✅ case_100 최적화 완료
[6/72] ▶ case_045 처리 중...
[6/72] ✅ case_045 최적화 완료
[7/72] ▶ case_074 처리 중...
[7/72] ✅ case_074 최적화 완료
[8/72] ▶ case_086 처리 중...
[8/72] ✅ case_086 최적화 완료
[9/72] ▶ case_067 처리 중...
[9/72] ✅ case_067 최적화 완료
[10/72] ▶ case_075 처리 중...
[10/72] ✅ case_075 최적화 완료
[11/72] ▶ case_010 처리 중...
[11/72] ✅ case_010 최적화 완료
[12/72] ▶ case_087 처리 중...
[12/72] ✅ case_087 최적화 완료
[13/72] ▶ case_072 처리 중...
[13/72] ✅ case_072 최적화 완료
[14/72] ▶ case_012 처리 중...
[14/72] ✅ case_012 최적화 완료
[15/72] ▶ case_076 처리 중...
[15/72] ✅ case_076 최적화 완료
[16/72] ▶ case_008 처리 중...
[16/72] ✅ case_008 최적화 완료
[17/72] ▶ case_044 처리 중...
[17/72] ✅ case_044 최적화 완료
[18/72] ▶ case_046 처리 중...
[18/72] ✅ case_046 최적화 완료
[19/72] ▶ case_081 처리 중...
[19/72] ✅ case_081 최적화 완료
[20/72] ▶ case_083 처리 중...
[20/72] ✅ case_083 최적화 완료
[21/72] ▶ case_002 처리 중...
[21/72] ✅ case_002 최적화 완료
[22/72] ▶ case_014 처리 중...
[22/72] ✅ case_014 최적화 완료
[23/72] ▶ case_065 처리 중...
[23/72] ✅ case_065 최적화 완료
[24/72] ▶ case_094 처리 중...
[24/72] ✅ case_094 최적화 완료
[25/72] ▶ case_088 처리 중...
[25/72] ✅ case_088 최적화 완료
[26/72] ▶ case_026 처리 중...
[26/72] ✅ case_026 최적화 완료
[27/72] ▶ case_032 처리 중...
[27/72] ✅ case_032 최적화 완료
[28/72] ▶ case_054 처리 중...
[28/72] ✅ case_054 최적화 완료
[29/72] ▶ case_009 처리 중...
[29/72] ✅ case_009 최적화 완료
[30/72] ▶ case_077 처리 중...
[30/72] ✅ case_077 최적화 완료
[31/72] ▶ case_099 처리 중...
[31/72] ✅ case_099 최적화 완료
[32/72] ▶ case_048 처리 중...
[32/72] ✅ case_048 최적화 완료
[33/72] ▶ case_039 처리 중...
[33/72] ✅ case_039 최적화 완료
[34/72] ▶ case_049 처리 중...
[34/72] ✅ case_049 최적화 완료
[35/72] ▶ case_079 처리 중...
[35/72] ✅ case_079 최적화 완료
[36/72] ▶ case_082 처리 중...
[36/72] ✅ case_082 최적화 완료
[37/72] ▶ case_004 처리 중...
[37/72] ✅ case_004 최적화 완료
[38/72] ▶ case_073 처리 중...
[38/72] ✅ case_073 최적화 완료
[39/72] ▶ case_035 처리 중...
[39/72] ✅ case_035 최적화 완료
[40/72] ▶ case_063 처리 중...
[40/72] ✅ case_063 최적화 완료
[41/72] ▶ case_098 처리 중...
[41/72] ✅ case_098 최적화 완료
[42/72] ▶ case_084 처리 중...
[42/72] ✅ case_084 최적화 완료
[43/72] ▶ case_062 처리 중...
[43/72] ✅ case_062 최적화 완료
[44/72] ▶ case_019 처리 중...
[44/72] ✅ case_019 최적화 완료
[45/72] ▶ case_047 처리 중...
[45/72] ✅ case_047 최적화 완료
[46/72] ▶ case_090 처리 중...
[46/72] ✅ case_090 최적화 완료
[47/72] ▶ case_023 처리 중...
[47/72] ✅ case_023 최적화 완료
[48/72] ▶ case_034 처리 중...
[48/72] ✅ case_034 최적화 완료
[49/72] ▶ case_016 처리 중...
[49/72] ✅ case_016 최적화 완료
[50/72] ▶ case_070 처리 중...
[50/72] ✅ case_070 최적화 완료
[51/72] ▶ case_030 처리 중...
[51/72] ✅ case_030 최적화 완료
[52/72] ▶ case_011 처리 중...
[52/72] ✅ case_011 최적화 완료
[53/72] ▶ case_038 처리 중...
[53/72] ✅ case_038 최적화 완료
[54/72] ▶ case_096 처리 중...
[54/72] ✅ case_096 최적화 완료
[55/72] ▶ case_024 처리 중...
[55/72] ✅ case_024 최적화 완료
[56/72] ▶ case_003 처리 중...
[56/72] ✅ case_003 최적화 완료
[57/72] ▶ case_050 처리 중...
[57/72] ✅ case_050 최적화 완료
[58/72] ▶ case_021 처리 중...
[58/72] ✅ case_021 최적화 완료
[59/72] ▶ case_066 처리 중...
[59/72] ✅ case_066 최적화 완료
[60/72] ▶ case_001 처리 중...
[60/72] ✅ case_001 최적화 완료
[61/72] ▶ case_033 처리 중...
[61/72] ✅ case_033 최적화 완료
[62/72] ▶ case_091 처리 중...
[62/72] ✅ case_091 최적화 완료
[63/72] ▶ case_042 처리 중...
[63/72] ✅ case_042 최적화 완료
[64/72] ▶ case_056 처리 중...
[64/72] ✅ case_056 최적화 완료
[65/72] ▶ case_085 처리 중...
[65/72] ✅ case_085 최적화 완료
[66/72] ▶ case_040 처리 중...
[66/72] ✅ case_040 최적화 완료
[67/72] ▶ case_055 처리 중...
[67/72] ✅ case_055 최적화 완료
[68/72] ▶ case_020 처리 중...
[68/72] ✅ case_020 최적화 완료
[69/72] ▶ case_071 처리 중...
[69/72] ✅ case_071 최적화 완료
[70/72] ▶ case_059 처리 중...
[70/72] ✅ case_059 최적화 완료
[71/72] ▶ case_058 처리 중...
[71/72] ✅ case_058 최적화 완료
[72/72] ▶ case_053 처리 중...
[72/72] ✅ case_053 최적화 완료

[ XTB Batch Run Completed ]
