 * * * * * * * * * * * * * * * * * * * * * * * * * * * * * * * * * * * *
 *    janpa: A cross-platform open-source implementation of NPA        * 
 *    and other electronic structure analysis methods with Java        * 
 *        A part of JANPA package,   http://janpa.sourceforge.net      * 
 *                    Version:    2.02 (13-01-2019)                    * 
 * * * * * * * * * * * * * * * * * * * * * * * * * * * * * * * * * * * *

 (c) Tymofii Nikolaienko, 2014-2019

 If any results obtained with this program are published,
 or for any other reasons, please, cite this work as: 
 1) T.Y.Nikolaienko, L.A.Bulavin; Int. J. Quantum Chem. (2019), 
    Vol.119, page e25798, DOI: 10.1002/qua.25798
 2) T.Y.Nikolaienko, L.A.Bulavin, D.M.Hovorun; Comput.Theor.Chem.(2014),
    Vol.1050, pages 15-22, DOI: 10.1016/j.comptc.2014.10.002

                          * * *                                         

Settings used in this run:

 -i: input_janpa.molden
 -npacharges: (empty)
 -NAO_Molden_File: (empty)
 -LHO_Molden_File: (empty)
 -CLPO_Molden_File: (empty)
 -PrintGeom: false
 -WibergBondOrders_File: (empty)
 -D_Matrix_File: (empty)
 -S_Matrix_File: (empty)
 -SDS_Matrix_File: (empty)
 -PNAO_OverlapMatrix_File: (empty)
 -PNAO_SDS_Matrix_File: (empty)
 -NMB_old_Overlap_Matrix_File: (empty)
 -NMB_old_SDS_Matrix_File: (empty)
 -NRB_old_Overlap_Matrix_File: (empty)
 -NRB_new_Overlap_Matrix_File: (empty)
 -S_Matrix_after_ON2_File: (empty)
 -SDS_Matrix_after_ON2_File: (empty)
 -NRB_Overlap_after_OW_heavy_File: (empty)
 -NRB_Overlap_after_Schmidt2_File: (empty)
 -NRB_Overlap_after_OW2_final_File: (empty)
 -OW2_File: (empty)
 -S_Matrix_after_OW2_File: (empty)
 -SDS_Matrix_after_OW2_File: (empty)
 -SDS_NAO_File: (empty)
 -NAO2AO_File: (empty)
 -PNAO2AO_File: (empty)
 -CLPO2LHO_File: (empty)
 -LHO2NAO_File: (empty)
 -LPO2AHO_File: (empty)
 -AHO2NAO_File: (empty)
 -doFock: false
 -Fock_AO_File: (empty)
 -Fock_NAO_File: (empty)
 -printnmbfock: false
 -PNAO_Molden_File: (empty)
 -AHO_Molden_File: (empty)
 -LPO_Molden_File: (empty)
 -MatrixMaxValuesPerLine: 0
 -MatrixFloatNumberFormat: %.5f
 -maximumBondIonicity: 9.00E-01
 -RyOccPrintThreshold: 1.00E-03
 -HybrOptOccConvThresh: 1.00E-05
 -HybrOptMaxIter: 1000
 -verboseprint: false
 -directNRBwsw: false
 -heavyNRBthreshold: 1.00E-04
 -overlap_straightforward: false
 -p: (empty)

                          * * *                                         

Loading MOLDEN from input_janpa.molden
Basis functions are spherical: true
Total number of basis functions: 271
Total number of different contractions (radial parts): 113
Highest angular momentum: f (Lmax = 3)
Total number of MO: 271

Data loaded successfully
 Number of basis functions: 271; number of molecular orbitals: 271 

Building overlap S and dipole matrices...
Overlap & dipole integrals evaluated in 0.029 seconds
Checking whether the basis functions are unity-normalized...
 Maximum deviation of the basis function norm2 from unity: BFN 42 (0-based num.), max|norm2-1| = 1.000E-09 
Checking for the eigenvalues (linear (in)dependency) of the basis function overlap matrix...
The smallest eigenvalue of the basis function overlap matrix: 1.250E-04 
Checking whether the orbitals are unity-normalized...
Checking MO overlap matrix...
 Maximum of MO |norm2-1|: 1.807E-09 (MO   80)
 Maximum absolute value of off-diagonal MO overlap element: 5.647E-09 (< MO   13 | MO   80 >)
First-order reduced density matrix is OK.

Building density matrix D... done.
Building D.S... done.
Total number of electrons: 56.000000
Sum of electrons charges and the nuclei charges: 0.00000 

Performing Mulliken and Lowdin population analyses...
   Atom	Mulliken  	Lowdin    	Mulliken	Lowdin
       	Population	Population	Charge  	Charge
     N1	 7.24972	 6.81300	-0.24972	 0.18700
     C2	 6.12789	 6.25790	-0.12789	-0.25790
     C3	 6.18004	 6.26130	-0.18004	-0.26130
     C4	 6.24390	 6.24907	-0.24390	-0.24907
     C5	 5.77172	 6.68765	 0.22828	-0.68765
     O6	 8.57209	 8.13882	-0.57209	-0.13882
     O7	 8.59711	 8.16494	-0.59711	-0.16494
     H8	 0.66666	 0.76398	 0.33334	 0.23602
     H9	 0.66484	 0.76756	 0.33516	 0.23244
    H10	 0.84278	 0.85234	 0.15722	 0.14766
    H11	 0.84347	 0.85116	 0.15653	 0.14884
    H12	 0.89954	 0.86019	 0.10046	 0.13981
    H13	 0.89048	 0.86030	 0.10952	 0.13970
    H14	 0.89459	 0.85608	 0.10541	 0.14392
    H15	 0.89397	 0.85130	 0.10603	 0.14870
    H16	 0.66122	 0.76441	 0.33878	 0.23559

Building S.D.S... done.

                          * * *                                         

Creating NAOs


STEP 1. Produce PNAOs

 Total number of natural functions produced: 271
Sorting PNAOs...

STEP 2. Split PNAOs into NMB / NRB sets

 Number of basis functions in teh Natural Minimal Basis (NMB) set for each center: 
center   1:   2 of s |  3 of p |  0 of d |  0 of f |  0 of g |
center   2:   2 of s |  3 of p |  0 of d |  0 of f |  0 of g |
center   3:   2 of s |  3 of p |  0 of d |  0 of f |  0 of g |
center   4:   2 of s |  3 of p |  0 of d |  0 of f |  0 of g |
center   5:   2 of s |  3 of p |  0 of d |  0 of f |  0 of g |
center   6:   2 of s |  3 of p |  0 of d |  0 of f |  0 of g |
center   7:   2 of s |  3 of p |  0 of d |  0 of f |  0 of g |
center   8:   1 of s |  0 of p |  0 of d |  0 of f |  0 of g |
center   9:   1 of s |  0 of p |  0 of d |  0 of f |  0 of g |
center  10:   1 of s |  0 of p |  0 of d |  0 of f |  0 of g |
center  11:   1 of s |  0 of p |  0 of d |  0 of f |  0 of g |
center  12:   1 of s |  0 of p |  0 of d |  0 of f |  0 of g |
center  13:   1 of s |  0 of p |  0 of d |  0 of f |  0 of g |
center  14:   1 of s |  0 of p |  0 of d |  0 of f |  0 of g |
center  15:   1 of s |  0 of p |  0 of d |  0 of f |  0 of g |
center  16:   1 of s |  0 of p |  0 of d |  0 of f |  0 of g |
In total: NMB set has 44 functions, NRB set has 227 functions; 

Trace of the PNAO overlap matrix: 271.0000000 (should be equal to 271, the total number of PNAOs)
 The trace of SDS matrix in PNAO basis = 115.02988376889596

STEP 3. Weighted orthogonalization of NMB PNAOs

 min weight of NMB PNAO = 1.4361965646064865

STEP 4. Schmidt orthogonalization of NRBs to new NMBs


STEP 5. Intracenter naturalization of new NRBs

 Total number of natural functions produced: 227

STEP 6. Weighted orthogonalization of naturalized NRBs

Maximum weight of NRB function = 8.71484E-02
 min weight = 8.243947979377805E-7
 |S_NRB - 1| = 3.15068E-12 (Should be VERY close to zero!)

STEP 7. Final Intracenter Natural Transformation withing the full set of functions

 Total number of natural functions produced: 271
 SQRT{ SUM[(NaoOverlap_ij - delta_ij)^2] } = 2.98e-12 (should be VERY close to zero) 
 max_offdiag = 3.12e-13 (should be VERY close to zero) 
                          * * *                                         

 Final NAO occupancies and leading AO terms:

NAO #                 Name  Occupancy                             Leading term
    1         A1*: R1*s(0)  0.0000001              (-2.26)*BF[4 = A1: R4*s(0)]
    2         A1*: R2*s(0)  0.0000095             (-16.22)*BF[5 = A1: R5*s(0)]
    3         A1*: R3*s(0)  0.0001535              (-8.45)*BF[5 = A1: R5*s(0)]
    4          A1: R4*s(0)  1.3745728               (0.73)*BF[4 = A1: R4*s(0)]
    5          A1: R5*s(0)  1.9996236               (0.65)*BF[2 = A1: R2*s(0)]
    6         A1*: R6*p(0)  0.0000108               (4.21)*BF[9 = A1: R7*p(0)]
    7         A1*: R6*p(1)  0.0000131              (4.05)*BF[10 = A1: R7*p(1)]
    8        A1*: R6*p(-1)  0.0001656             (5.69)*BF[11 = A1: R7*p(-1)]
    9         A1*: R7*p(0)  0.0004777             (-2.62)*BF[12 = A1: R8*p(0)]
   10         A1*: R7*p(1)  0.0005422             (-2.82)*BF[13 = A1: R8*p(1)]
   11        A1*: R7*p(-1)  0.0006352            (-2.93)*BF[14 = A1: R8*p(-1)]
   12          A1: R8*p(0)  1.4416103               (0.57)*BF[6 = A1: R6*p(0)]
   13          A1: R8*p(1)  1.4505479               (0.58)*BF[7 = A1: R6*p(1)]
   14         A1: R8*p(-1)  1.3656628              (0.58)*BF[8 = A1: R6*p(-1)]
   15         A1*: R9*d(0)  0.0000346             (-1.26)*BF[15 = A1: R9*d(0)]
   16         A1*: R9*d(1)  0.0000414             (-1.25)*BF[16 = A1: R9*d(1)]
   17        A1*: R9*d(-1)  0.0000526            (-1.26)*BF[17 = A1: R9*d(-1)]
   18         A1*: R9*d(2)  0.0000203             (-1.25)*BF[18 = A1: R9*d(2)]
   19        A1*: R9*d(-2)  0.0000086            (-1.23)*BF[19 = A1: R9*d(-2)]
   20        A1*: R10*d(0)  0.0028029            (-4.09)*BF[35 = A2: R15*s(0)]
   21        A1*: R10*d(1)  0.0015464            (-2.60)*BF[35 = A2: R15*s(0)]
   22       A1*: R10*d(-1)  0.0021913            (2.08)*BF[22 = A1: R10*d(-1)]
   23        A1*: R10*d(2)  0.0037786             (2.27)*BF[23 = A1: R10*d(2)]
   24       A1*: R10*d(-2)  0.0012441            (1.56)*BF[24 = A1: R10*d(-2)]
   25        A1*: R11*f(0)  0.0000720             (1.38)*BF[35 = A2: R15*s(0)]
   26        A1*: R11*f(1)  0.0001971              (-1.52)*BF[4 = A1: R4*s(0)]
   27       A1*: R11*f(-1)  0.0001849              (-1.43)*BF[4 = A1: R4*s(0)]
   28        A1*: R11*f(2)  0.0000627             (1.17)*BF[28 = A1: R11*f(2)]
   29       A1*: R11*f(-2)  0.0000448            (1.19)*BF[29 = A1: R11*f(-2)]
   30        A1*: R11*f(3)  0.0002034               (1.34)*BF[4 = A1: R4*s(0)]
   31       A1*: R11*f(-3)  0.0001120            (1.18)*BF[31 = A1: R11*f(-3)]
   32        A2*: R12*s(0)  0.0000057            (18.94)*BF[36 = A2: R16*s(0)]
   33        A2*: R13*s(0)  0.0000596           (-37.70)*BF[36 = A2: R16*s(0)]
   34        A2*: R14*s(0)  0.0025171            (-7.71)*BF[36 = A2: R16*s(0)]
   35         A2: R15*s(0)  1.0469402             (0.80)*BF[35 = A2: R15*s(0)]
   36         A2: R16*s(0)  1.9993246             (0.63)*BF[33 = A2: R13*s(0)]
   37        A2*: R17*p(0)  0.0000580             (7.16)*BF[43 = A2: R19*p(0)]
   38        A2*: R17*p(1)  0.0000786             (6.34)*BF[44 = A2: R19*p(1)]
   39       A2*: R17*p(-1)  0.0001773            (6.62)*BF[45 = A2: R19*p(-1)]
   40        A2*: R18*p(0)  0.0011046            (-2.36)*BF[43 = A2: R19*p(0)]
   41        A2*: R18*p(1)  0.0010200            (-2.17)*BF[44 = A2: R19*p(1)]
   42       A2*: R18*p(-1)  0.0021194           (-2.46)*BF[45 = A2: R19*p(-1)]
   43         A2: R19*p(0)  1.1586190             (0.61)*BF[37 = A2: R17*p(0)]
   44         A2: R19*p(1)  1.1582582             (0.61)*BF[38 = A2: R17*p(1)]
   45        A2: R19*p(-1)  0.8346909            (0.62)*BF[39 = A2: R17*p(-1)]
   46        A2*: R20*d(0)  0.0003513             (2.43)*BF[51 = A2: R21*d(0)]
   47        A2*: R20*d(1)  0.0003112             (2.15)*BF[52 = A2: R21*d(1)]
   48       A2*: R20*d(-1)  0.0002777            (2.18)*BF[53 = A2: R21*d(-1)]
   49        A2*: R20*d(2)  0.0000662             (2.21)*BF[54 = A2: R21*d(2)]
   50       A2*: R20*d(-2)  0.0001781            (2.13)*BF[55 = A2: R21*d(-2)]
   51        A2*: R21*d(0)  0.0005271             (6.40)*BF[35 = A2: R15*s(0)]
   52        A2*: R21*d(1)  0.0002838             (7.62)*BF[66 = A3: R26*s(0)]
   53       A2*: R21*d(-1)  0.0003677             (8.90)*BF[66 = A3: R26*s(0)]
   54        A2*: R21*d(2)  0.0013661          (-3.87)*BF[231 = A10: R87*s(0)]
   55       A2*: R21*d(-2)  0.0006992            (-5.09)*BF[66 = A3: R26*s(0)]
   56        A2*: R22*f(0)  0.0000626             (2.63)*BF[35 = A2: R15*s(0)]
   57        A2*: R22*f(1)  0.0002421             (5.47)*BF[35 = A2: R15*s(0)]
   58       A2*: R22*f(-1)  0.0002327             (5.15)*BF[35 = A2: R15*s(0)]
   59        A2*: R22*f(2)  0.0000377             (1.36)*BF[59 = A2: R22*f(2)]
   60       A2*: R22*f(-2)  0.0000365             (2.66)*BF[66 = A3: R26*s(0)]
   61        A2*: R22*f(3)  0.0002152            (-3.40)*BF[35 = A2: R15*s(0)]
   62       A2*: R22*f(-3)  0.0001196             (2.60)*BF[35 = A2: R15*s(0)]
   63        A3*: R23*s(0)  0.0000024            (-7.86)*BF[66 = A3: R26*s(0)]
   64        A3*: R24*s(0)  0.0000995           (-39.87)*BF[67 = A3: R27*s(0)]
   65        A3*: R25*s(0)  0.0018520           (-11.42)*BF[67 = A3: R27*s(0)]
   66         A3: R26*s(0)  1.0552228             (0.71)*BF[65 = A3: R25*s(0)]
   67         A3: R27*s(0)  1.9994131             (0.63)*BF[64 = A3: R24*s(0)]
   68        A3*: R28*p(0)  0.0000655             (6.88)*BF[74 = A3: R30*p(0)]
   69        A3*: R28*p(1)  0.0000944             (7.02)*BF[75 = A3: R30*p(1)]
   70       A3*: R28*p(-1)  0.0001019           (-7.48)*BF[73 = A3: R29*p(-1)]
   71        A3*: R29*p(0)  0.0015004            (-3.78)*BF[74 = A3: R30*p(0)]
   72        A3*: R29*p(1)  0.0018589            (-3.87)*BF[75 = A3: R30*p(1)]
   73       A3*: R29*p(-1)  0.0021037           (-4.21)*BF[76 = A3: R30*p(-1)]
   74         A3: R30*p(0)  1.1683755             (0.61)*BF[68 = A3: R28*p(0)]
   75         A3: R30*p(1)  1.1445795             (0.62)*BF[69 = A3: R28*p(1)]
   76        A3: R30*p(-1)  1.0155418            (0.63)*BF[70 = A3: R28*p(-1)]
   77        A3*: R31*d(0)  0.0002317             (1.79)*BF[82 = A3: R32*d(0)]
   78        A3*: R31*d(1)  0.0002349             (1.64)*BF[83 = A3: R32*d(1)]
   79       A3*: R31*d(-1)  0.0001945            (1.39)*BF[84 = A3: R32*d(-1)]
   80        A3*: R31*d(2)  0.0000992             (1.67)*BF[85 = A3: R32*d(2)]
   81       A3*: R31*d(-2)  0.0001259            (1.75)*BF[86 = A3: R32*d(-2)]
   82        A3*: R32*d(0)  0.0008382             (9.72)*BF[66 = A3: R26*s(0)]
   83        A3*: R32*d(1)  0.0006365             (7.44)*BF[35 = A2: R15*s(0)]
   84       A3*: R32*d(-1)  0.0008944           (-9.59)*BF[73 = A3: R29*p(-1)]
   85        A3*: R32*d(2)  0.0012743          (-4.45)*BF[243 = A12: R95*s(0)]
   86       A3*: R32*d(-2)  0.0007963            (-5.63)*BF[35 = A2: R15*s(0)]
   87        A3*: R33*f(0)  0.0001200            (-2.79)*BF[66 = A3: R26*s(0)]
   88        A3*: R33*f(1)  0.0002163            (-4.43)*BF[66 = A3: R26*s(0)]
   89       A3*: R33*f(-1)  0.0003697            (-6.02)*BF[66 = A3: R26*s(0)]
   90        A3*: R33*f(2)  0.0000254             (1.34)*BF[90 = A3: R33*f(2)]
   91       A3*: R33*f(-2)  0.0000387            (-2.75)*BF[35 = A2: R15*s(0)]
   92        A3*: R33*f(3)  0.0003131             (3.86)*BF[66 = A3: R26*s(0)]
   93       A3*: R33*f(-3)  0.0000818            (-1.82)*BF[66 = A3: R26*s(0)]
   94        A4*: R34*s(0)  0.0000073            (-5.60)*BF[97 = A4: R37*s(0)]
   95        A4*: R35*s(0)  0.0001069           (-45.97)*BF[98 = A4: R38*s(0)]
   96        A4*: R36*s(0)  0.0015928           (-19.52)*BF[98 = A4: R38*s(0)]
   97         A4: R37*s(0)  1.0798306             (0.76)*BF[97 = A4: R37*s(0)]
   98         A4: R38*s(0)  1.9992408             (0.63)*BF[95 = A4: R35*s(0)]
   99        A4*: R39*p(0)  0.0001180            (5.60)*BF[105 = A4: R41*p(0)]
  100        A4*: R39*p(1)  0.0001279            (5.05)*BF[106 = A4: R41*p(1)]
  101       A4*: R39*p(-1)  0.0001521          (-7.49)*BF[104 = A4: R40*p(-1)]
  102        A4*: R40*p(0)  0.0020111           (-3.64)*BF[105 = A4: R41*p(0)]
  103        A4*: R40*p(1)  0.0016623           (-3.37)*BF[106 = A4: R41*p(1)]
  104       A4*: R40*p(-1)  0.0027183          (-4.24)*BF[107 = A4: R41*p(-1)]
  105         A4: R41*p(0)  1.1866139             (0.60)*BF[99 = A4: R39*p(0)]
  106         A4: R41*p(1)  1.1791277            (0.60)*BF[100 = A4: R39*p(1)]
  107        A4: R41*p(-1)  1.0431982           (0.63)*BF[101 = A4: R39*p(-1)]
  108        A4*: R42*d(0)  0.0001323            (-2.34)*BF[97 = A4: R37*s(0)]
  109        A4*: R42*d(1)  0.0001758          (-1.98)*BF[104 = A4: R40*p(-1)]
  110       A4*: R42*d(-1)  0.0001355          (-2.10)*BF[104 = A4: R40*p(-1)]
  111        A4*: R42*d(2)  0.0001145           (-1.38)*BF[111 = A4: R42*d(2)]
  112       A4*: R42*d(-2)  0.0000500           (1.52)*BF[117 = A4: R43*d(-2)]
  113        A4*: R43*d(0)  0.0012932            (10.18)*BF[97 = A4: R37*s(0)]
  114        A4*: R43*d(1)  0.0019194            (7.87)*BF[128 = A5: R48*s(0)]
  115       A4*: R43*d(-1)  0.0014736           (8.53)*BF[104 = A4: R40*p(-1)]
  116        A4*: R43*d(2)  0.0012813         (-4.04)*BF[255 = A14: R103*s(0)]
  117       A4*: R43*d(-2)  0.0008234           (-5.02)*BF[128 = A5: R48*s(0)]
  118        A4*: R44*f(0)  0.0001687             (2.44)*BF[97 = A4: R37*s(0)]
  119        A4*: R44*f(1)  0.0003448             (5.02)*BF[97 = A4: R37*s(0)]
  120       A4*: R44*f(-1)  0.0004253             (5.83)*BF[97 = A4: R37*s(0)]
  121        A4*: R44*f(2)  0.0000445            (-1.44)*BF[97 = A4: R37*s(0)]
  122       A4*: R44*f(-2)  0.0000386            (2.37)*BF[128 = A5: R48*s(0)]
  123        A4*: R44*f(3)  0.0002165            (-3.13)*BF[97 = A4: R37*s(0)]
  124       A4*: R44*f(-3)  0.0001327             (2.79)*BF[97 = A4: R37*s(0)]
  125        A5*: R45*s(0)  0.0000042            (12.11)*BF[98 = A4: R38*s(0)]
  126        A5*: R46*s(0)  0.0004530           (17.43)*BF[129 = A5: R49*s(0)]
  127        A5*: R47*s(0)  0.0070119           (-8.08)*BF[128 = A5: R48*s(0)]
  128         A5: R48*s(0)  0.7933552            (1.12)*BF[128 = A5: R48*s(0)]
  129         A5: R49*s(0)  1.9995434           (-0.63)*BF[126 = A5: R46*s(0)]
  130        A5*: R50*p(0)  0.0003452            (7.15)*BF[136 = A5: R52*p(0)]
  131        A5*: R50*p(1)  0.0003303            (5.96)*BF[137 = A5: R52*p(1)]
  132       A5*: R50*p(-1)  0.0003785            (-9.99)*BF[98 = A4: R38*s(0)]
  133        A5*: R51*p(0)  0.0113365           (-2.52)*BF[136 = A5: R52*p(0)]
  134        A5*: R51*p(1)  0.0086221           (-2.17)*BF[137 = A5: R52*p(1)]
  135       A5*: R51*p(-1)  0.0154224          (-3.12)*BF[138 = A5: R52*p(-1)]
  136         A5: R52*p(0)  0.7923869            (0.66)*BF[130 = A5: R50*p(0)]
  137         A5: R52*p(1)  0.7821107            (0.64)*BF[131 = A5: R50*p(1)]
  138        A5: R52*p(-1)  0.8417150           (0.72)*BF[132 = A5: R50*p(-1)]
  139        A5*: R53*d(0)  0.0003995           (-5.86)*BF[128 = A5: R48*s(0)]
  140        A5*: R53*d(1)  0.0003429            (-7.68)*BF[97 = A4: R37*s(0)]
  141       A5*: R53*d(-1)  0.0002842            (-6.63)*BF[97 = A4: R37*s(0)]
  142        A5*: R53*d(2)  0.0002491           (-2.64)*BF[147 = A5: R54*d(2)]
  143       A5*: R53*d(-2)  0.0003913           (-8.91)*BF[128 = A5: R48*s(0)]
  144        A5*: R54*d(0)  0.0011673            (4.44)*BF[128 = A5: R48*s(0)]
  145        A5*: R54*d(1)  0.0016280             (4.83)*BF[97 = A4: R37*s(0)]
  146       A5*: R54*d(-1)  0.0015135             (3.99)*BF[97 = A4: R37*s(0)]
  147        A5*: R54*d(2)  0.0017012            (1.20)*BF[128 = A5: R48*s(0)]
  148       A5*: R54*d(-2)  0.0006762            (6.77)*BF[128 = A5: R48*s(0)]
  149        A5*: R55*f(0)  0.0001291           (-2.00)*BF[128 = A5: R48*s(0)]
  150        A5*: R55*f(1)  0.0002735           (-5.07)*BF[128 = A5: R48*s(0)]
  151       A5*: R55*f(-1)  0.0002035           (-4.15)*BF[128 = A5: R48*s(0)]
  152        A5*: R55*f(2)  0.0000197            (1.35)*BF[152 = A5: R55*f(2)]
  153       A5*: R55*f(-2)  0.0001987            (2.69)*BF[128 = A5: R48*s(0)]
  154        A5*: R55*f(3)  0.0001265           (-1.60)*BF[134 = A5: R51*p(1)]
  155       A5*: R55*f(-3)  0.0001238            (2.31)*BF[133 = A5: R51*p(0)]
  156        A6*: R56*s(0)  0.0000002            (1.60)*BF[128 = A5: R48*s(0)]
  157        A6*: R57*s(0)  0.0001963           (-8.86)*BF[128 = A5: R48*s(0)]
  158        A6*: R58*s(0)  0.0003954            (7.05)*BF[159 = A6: R59*s(0)]
  159         A6: R59*s(0)  1.7248229            (0.58)*BF[159 = A6: R59*s(0)]
  160         A6: R60*s(0)  1.9997730            (0.66)*BF[157 = A6: R57*s(0)]
  161        A6*: R61*p(0)  0.0001034            (4.72)*BF[128 = A5: R48*s(0)]
  162        A6*: R61*p(1)  0.0000883            (4.08)*BF[128 = A5: R48*s(0)]
  163       A6*: R61*p(-1)  0.0000141           (2.52)*BF[166 = A6: R62*p(-1)]
  164        A6*: R62*p(0)  0.0011145           (-2.75)*BF[128 = A5: R48*s(0)]
  165        A6*: R62*p(1)  0.0010786           (-2.21)*BF[128 = A5: R48*s(0)]
  166       A6*: R62*p(-1)  0.0023344          (-2.13)*BF[169 = A6: R63*p(-1)]
  167         A6: R63*p(0)  1.5850631            (0.54)*BF[161 = A6: R61*p(0)]
  168         A6: R63*p(1)  1.5890463            (0.53)*BF[162 = A6: R61*p(1)]
  169        A6: R63*p(-1)  1.8908016           (0.51)*BF[163 = A6: R61*p(-1)]
  170        A6*: R64*d(0)  0.0000028           (-2.34)*BF[128 = A5: R48*s(0)]
  171        A6*: R64*d(1)  0.0000089            (-1.38)*BF[98 = A4: R38*s(0)]
  172       A6*: R64*d(-1)  0.0000070          (-1.20)*BF[172 = A6: R64*d(-1)]
  173        A6*: R64*d(2)  0.0000222           (-1.21)*BF[173 = A6: R64*d(2)]
  174       A6*: R64*d(-2)  0.0000025           (-2.39)*BF[159 = A6: R59*s(0)]
  175        A6*: R65*d(0)  0.0019340            (1.27)*BF[128 = A5: R48*s(0)]
  176        A6*: R65*d(1)  0.0018523            (1.30)*BF[176 = A6: R65*d(1)]
  177       A6*: R65*d(-1)  0.0013832           (1.22)*BF[177 = A6: R65*d(-1)]
  178        A6*: R65*d(2)  0.0037117            (1.37)*BF[178 = A6: R65*d(2)]
  179       A6*: R65*d(-2)  0.0051410           (-2.18)*BF[128 = A5: R48*s(0)]
  180        A6*: R66*f(0)  0.0000593            (1.07)*BF[180 = A6: R66*f(0)]
  181        A6*: R66*f(1)  0.0000520            (1.07)*BF[181 = A6: R66*f(1)]
  182       A6*: R66*f(-1)  0.0000416           (1.05)*BF[182 = A6: R66*f(-1)]
  183        A6*: R66*f(2)  0.0000103            (1.05)*BF[183 = A6: R66*f(2)]
  184       A6*: R66*f(-2)  0.0000619           (1.12)*BF[184 = A6: R66*f(-2)]
  185        A6*: R66*f(3)  0.0000944            (1.14)*BF[185 = A6: R66*f(3)]
  186       A6*: R66*f(-3)  0.0000748           (1.13)*BF[186 = A6: R66*f(-3)]
  187        A7*: R67*s(0)  0.0000002          (-1.55)*BF[135 = A5: R51*p(-1)]
  188        A7*: R68*s(0)  0.0001625            (9.10)*BF[190 = A7: R70*s(0)]
  189        A7*: R69*s(0)  0.0002968           (-8.86)*BF[191 = A7: R71*s(0)]
  190         A7: R70*s(0)  1.7276541            (0.57)*BF[190 = A7: R70*s(0)]
  191         A7: R71*s(0)  1.9997784            (0.66)*BF[188 = A7: R68*s(0)]
  192        A7*: R72*p(0)  0.0000341            (2.52)*BF[195 = A7: R73*p(0)]
  193        A7*: R72*p(1)  0.0000312            (2.38)*BF[196 = A7: R73*p(1)]
  194       A7*: R72*p(-1)  0.0001364           (-5.54)*BF[128 = A5: R48*s(0)]
  195        A7*: R73*p(0)  0.0017854           (-1.87)*BF[198 = A7: R74*p(0)]
  196        A7*: R73*p(1)  0.0015753           (-1.81)*BF[199 = A7: R74*p(1)]
  197       A7*: R73*p(-1)  0.0013619            (3.30)*BF[128 = A5: R48*s(0)]
  198         A7: R74*p(0)  1.7665627            (0.51)*BF[192 = A7: R72*p(0)]
  199         A7: R74*p(1)  1.7245471            (0.50)*BF[193 = A7: R72*p(1)]
  200        A7: R74*p(-1)  1.5857304           (0.55)*BF[194 = A7: R72*p(-1)]
  201        A7*: R75*d(0)  0.0000084           (-2.08)*BF[190 = A7: R70*s(0)]
  202        A7*: R75*d(1)  0.0000153            (1.57)*BF[128 = A5: R48*s(0)]
  203       A7*: R75*d(-1)  0.0000171            (1.27)*BF[128 = A5: R48*s(0)]
  204        A7*: R75*d(2)  0.0000017           (-1.18)*BF[204 = A7: R75*d(2)]
  205       A7*: R75*d(-2)  0.0000021            (-1.58)*BF[98 = A4: R38*s(0)]
  206        A7*: R76*d(0)  0.0053911           (-2.37)*BF[128 = A5: R48*s(0)]
  207        A7*: R76*d(1)  0.0038477            (1.43)*BF[207 = A7: R76*d(1)]
  208       A7*: R76*d(-1)  0.0035755           (1.40)*BF[208 = A7: R76*d(-1)]
  209        A7*: R76*d(2)  0.0004225            (1.05)*BF[209 = A7: R76*d(2)]
  210       A7*: R76*d(-2)  0.0003715           (1.07)*BF[210 = A7: R76*d(-2)]
  211        A7*: R77*f(0)  0.0001128            (1.17)*BF[211 = A7: R77*f(0)]
  212        A7*: R77*f(1)  0.0000978            (1.14)*BF[212 = A7: R77*f(1)]
  213       A7*: R77*f(-1)  0.0000923           (1.13)*BF[213 = A7: R77*f(-1)]
  214        A7*: R77*f(2)  0.0000398            (1.07)*BF[214 = A7: R77*f(2)]
  215       A7*: R77*f(-2)  0.0000379           (1.07)*BF[215 = A7: R77*f(-2)]
  216        A7*: R77*f(3)  0.0000006            (1.01)*BF[216 = A7: R77*f(3)]
  217       A7*: R77*f(-3)  0.0000011           (1.01)*BF[217 = A7: R77*f(-3)]
  218        A8*: R78*s(0)  0.0001210           (-3.31)*BF[220 = A8: R80*s(0)]
  219        A8*: R79*s(0)  0.0007169           (-2.26)*BF[220 = A8: R80*s(0)]
  220         A8: R80*s(0)  0.5464435            (0.97)*BF[219 = A8: R79*s(0)]
  221        A8*: R81*p(0)  0.0001346           (-5.10)*BF[219 = A8: R79*s(0)]
  222        A8*: R81*p(1)  0.0000481            (1.42)*BF[222 = A8: R81*p(1)]
  223       A8*: R81*p(-1)  0.0000877           (1.41)*BF[223 = A8: R81*p(-1)]
  224        A9*: R82*s(0)  0.0001308           (-3.20)*BF[226 = A9: R84*s(0)]
  225        A9*: R83*s(0)  0.0006075           (-2.19)*BF[226 = A9: R84*s(0)]
  226         A9: R84*s(0)  0.5441318            (0.97)*BF[225 = A9: R83*s(0)]
  227        A9*: R85*p(0)  0.0000612            (1.46)*BF[227 = A9: R85*p(0)]
  228        A9*: R85*p(1)  0.0001347           (-4.94)*BF[225 = A9: R83*s(0)]
  229       A9*: R85*p(-1)  0.0000754           (1.49)*BF[229 = A9: R85*p(-1)]
  230       A10*: R86*s(0)  0.0000893          (-3.91)*BF[232 = A10: R88*s(0)]
  231       A10*: R87*s(0)  0.0007376          (-4.33)*BF[232 = A10: R88*s(0)]
  232        A10: R88*s(0)  0.7783912           (0.89)*BF[231 = A10: R87*s(0)]
  233       A10*: R89*p(0)  0.0008380           (5.79)*BF[231 = A10: R87*s(0)]
  234       A10*: R89*p(1)  0.0000663           (1.47)*BF[234 = A10: R89*p(1)]
  235      A10*: R89*p(-1)  0.0001304          (1.52)*BF[235 = A10: R89*p(-1)]
  236       A11*: R90*s(0)  0.0000878          (-4.01)*BF[238 = A11: R92*s(0)]
  237       A11*: R91*s(0)  0.0009038          (-4.37)*BF[238 = A11: R92*s(0)]
  238        A11: R92*s(0)  0.7810884           (0.89)*BF[237 = A11: R91*s(0)]
  239       A11*: R93*p(0)  0.0000779           (1.49)*BF[239 = A11: R93*p(0)]
  240       A11*: R93*p(1)  0.0008020           (5.74)*BF[237 = A11: R91*s(0)]
  241      A11*: R93*p(-1)  0.0001656          (1.55)*BF[241 = A11: R93*p(-1)]
  242       A12*: R94*s(0)  0.0000963          (-3.95)*BF[244 = A12: R96*s(0)]
  243       A12*: R95*s(0)  0.0015138          (-4.81)*BF[244 = A12: R96*s(0)]
  244        A12: R96*s(0)  0.7862619           (0.86)*BF[243 = A12: R95*s(0)]
  245       A12*: R97*p(0)  0.0008179          (-5.93)*BF[243 = A12: R95*s(0)]
  246       A12*: R97*p(1)  0.0000623           (1.48)*BF[246 = A12: R97*p(1)]
  247      A12*: R97*p(-1)  0.0001382           (-1.62)*BF[73 = A3: R29*p(-1)]
  248       A13*: R98*s(0)  0.0000955         (-3.93)*BF[250 = A13: R100*s(0)]
  249       A13*: R99*s(0)  0.0010114         (-4.83)*BF[250 = A13: R100*s(0)]
  250       A13: R100*s(0)  0.7895798           (0.87)*BF[249 = A13: R99*s(0)]
  251      A13*: R101*p(0)  0.0001083          (1.53)*BF[251 = A13: R101*p(0)]
  252      A13*: R101*p(1)  0.0007668          (-5.75)*BF[249 = A13: R99*s(0)]
  253     A13*: R101*p(-1)  0.0001258           (-1.58)*BF[73 = A3: R29*p(-1)]
  254      A14*: R102*s(0)  0.0000908         (-4.27)*BF[256 = A14: R104*s(0)]
  255      A14*: R103*s(0)  0.0009133         (-4.88)*BF[256 = A14: R104*s(0)]
  256       A14: R104*s(0)  0.7823737          (0.89)*BF[255 = A14: R103*s(0)]
  257      A14*: R105*p(0)  0.0007860          (5.79)*BF[255 = A14: R103*s(0)]
  258      A14*: R105*p(1)  0.0000615          (1.48)*BF[258 = A14: R105*p(1)]
  259     A14*: R105*p(-1)  0.0001280         (1.58)*BF[259 = A14: R105*p(-1)]
  260      A15*: R106*s(0)  0.0000860         (-4.80)*BF[262 = A15: R108*s(0)]
  261      A15*: R107*s(0)  0.0007974         (-4.67)*BF[262 = A15: R108*s(0)]
  262       A15: R108*s(0)  0.7816829          (0.88)*BF[261 = A15: R107*s(0)]
  263      A15*: R109*p(0)  0.0000882          (1.50)*BF[263 = A15: R109*p(0)]
  264      A15*: R109*p(1)  0.0007742          (5.89)*BF[261 = A15: R107*s(0)]
  265     A15*: R109*p(-1)  0.0001122          (-1.56)*BF[104 = A4: R40*p(-1)]
  266      A16*: R110*s(0)  0.0001650         (-3.03)*BF[268 = A16: R112*s(0)]
  267      A16*: R111*s(0)  0.0003563         (-2.73)*BF[268 = A16: R112*s(0)]
  268       A16: R112*s(0)  0.5397037          (0.98)*BF[267 = A16: R111*s(0)]
  269      A16*: R113*p(0)  0.0000694          (1.86)*BF[267 = A16: R111*s(0)]
  270      A16*: R113*p(1)  0.0000901          (2.93)*BF[267 = A16: R111*s(0)]
  271     A16*: R113*p(-1)  0.0000939         (-3.89)*BF[267 = A16: R111*s(0)]
 trace = 55.99999999883773

Final electron populations and NPA charges:

Center	Nuclear	 Electron  	  NMB       	NPA   
      	 charge	 population	  population	charge
   N1	    7.0	  7.6466229	   7.6320174	-0.6466228755
   C2	    6.0	  6.2103481	   6.1978329	-0.2103481187
   C3	    6.0	  6.3973024	   6.3831328	-0.3973023794
   C4	    6.0	  6.5052778	   6.4880112	-0.5052777627
   C5	    6.0	  5.2624434	   5.2091111	 0.7375566350
   O6	    8.0	  8.8092919	   8.7895068	-0.8092918535
   O7	    8.0	  8.8236916	   8.8042727	-0.8236916254
   H8	    1.0	  0.5475517	   0.5464435	 0.4524482664
   H9	    1.0	  0.5451413	   0.5441318	 0.4548587179
  H10	    1.0	  0.7802528	   0.7783912	 0.2197472101
  H11	    1.0	  0.7831255	   0.7810884	 0.2168745157
  H12	    1.0	  0.7888905	   0.7862619	 0.2111094935
  H13	    1.0	  0.7916876	   0.7895798	 0.2083124115
  H14	    1.0	  0.7843533	   0.7823737	 0.2156466590
  H15	    1.0	  0.7835409	   0.7816829	 0.2164591445
  H16	    1.0	  0.5404784	   0.5397037	 0.4595215629

Angular momentum contributions of the total atomic population:

   Cntr           s           p           d           f           g
     N1   3.3743595   4.2596656   0.0117209   0.0008769   0.0000000
     C2   3.0488473   3.1561259   0.0044285   0.0009464   0.0000000
     C3   3.0565898   3.3342217   0.0053258   0.0011651   0.0000000
     C4   3.0807783   3.4157295   0.0073989   0.0013711   0.0000000
     C5   2.8003676   2.4526477   0.0083532   0.0010748   0.0000000
     O6   3.7251878   5.0696442   0.0140655   0.0003943   0.0000000
     O7   3.7278919   5.0817645   0.0136529   0.0003823   0.0000000
     H8   0.5472813   0.0002705   0.0000000   0.0000000   0.0000000
     H9   0.5448701   0.0002712   0.0000000   0.0000000   0.0000000
    H10   0.7792181   0.0010347   0.0000000   0.0000000   0.0000000
    H11   0.7820800   0.0010455   0.0000000   0.0000000   0.0000000
    H12   0.7878720   0.0010185   0.0000000   0.0000000   0.0000000
    H13   0.7906867   0.0010009   0.0000000   0.0000000   0.0000000
    H14   0.7833778   0.0009756   0.0000000   0.0000000   0.0000000
    H15   0.7825663   0.0009745   0.0000000   0.0000000   0.0000000
    H16   0.5402250   0.0002534   0.0000000   0.0000000   0.0000000


                          * * *                                         

Wiberg-Mayer bond indices (based on density matrix in NAO basis):
Centr. A/B         1         2         3         4         5         6         7         8         9        10        11        12        13        14        15        16
      1    ( 3.3030)    0.9496    0.0061    0.0078    0.0008    0.0003    0.0009    0.7784    0.7765    0.0023    0.0019    0.0018    0.0008    0.0002    0.0003    0.7753
      2              ( 3.8438)    1.0159    0.0082    0.0073    0.0037    0.0023    0.0038    0.0043    0.9207    0.9212    0.0014    0.0013    0.0008    0.0016    0.0018
      3                        ( 3.9276)    1.0147    0.0045    0.0086    0.0119    0.0016    0.0010    0.0029    0.0030    0.9209    0.9240    0.0019    0.0021    0.0084
      4                                  ( 3.9237)    0.9520    0.0496    0.0524    0.0002    0.0001    0.0006    0.0016    0.0024    0.0022    0.9179    0.9130    0.0010
      5                                            ( 3.8988)    1.4686    1.4540    0.0000    0.0000    0.0001    0.0003    0.0018    0.0009    0.0035    0.0047    0.0002
      6                                                      ( 1.7652)    0.2077    0.0001    0.0000    0.0001    0.0001    0.0021    0.0005    0.0119    0.0118    0.0000
      7                                                                ( 1.7418)    0.0000    0.0000    0.0001    0.0002    0.0008    0.0004    0.0041    0.0066    0.0003
      8                                                                          ( 0.7964)    0.0001    0.0104    0.0010    0.0006    0.0000    0.0000    0.0000    0.0001
      9                                                                                    ( 0.7941)    0.0011    0.0104    0.0000    0.0003    0.0000    0.0000    0.0001
     10                                                                                              ( 0.9533)    0.0003    0.0118    0.0016    0.0003    0.0000    0.0009
     11                                                                                                        ( 0.9549)    0.0008    0.0122    0.0000    0.0007    0.0013
     12                                                                                                                  ( 0.9583)    0.0002    0.0128    0.0007    0.0002
     13                                                                                                                            ( 0.9587)    0.0013    0.0128    0.0001
     14                                                                                                                                      ( 0.9554)    0.0006    0.0000
     15                                                                                                                                                ( 0.9549)    0.0000
     16                                                                                                                                                          ( 0.7896)

                          * * *                                         

Creating  LPOs (Localized Property-optimized Orbitals)


Creating initial guess...
Optimizing LPOs...

Finding an optimal hybrid pairing...
    0    1    2    3    4    5    6    7    8    9   10   11   12   13   14   15   16   17   18   19   20   21   22   23   24   25   26   27   28   29   30   31   32   33   34   35   36   37   38   39   40   41   42   43   44   45   46   47   48   49   50   51   52   53   54   55   56   57   58   59   60   61   62   63   64   65   66   67   68   69   70   71   72   73   74   75   76   77   78   79   80   81   82   83   84   85   86   87   88   89   90   91   92   93   94   95   96   97   98   99  100  101  102  103  104  105  106  107  108  109  110  111  112  113  114  115  116  117  118  119  120  121  122  123  124  125  126  127  128  129  130  131  132  133  134  135  136  137  138  139  140  141  142  143  144  145  146  147  148  149  150  151  152  153  154  155  156  157  158  159  160  161  162  163  164  165  166  167  168  169  170  171  172  173  174  175  176  177  178  179  180  181  182  183  184  185  186  187  188  189  190  191  192  193  194  195  196  197  198  199  200  201  202  203  204  205  206  207  208  209  210  211  212  213  214  215  216  217  218  219  220  221  222  223  224  225  226  227  228  229  230  231  232  233  234  235  236  237  238  239  240  241  242  243  244  245  246  247  248  249  250  251  252  253  254  255  256  257  258  259  260  261  262  263  264  265  266  267  268  269  270
  201  250   48  267  265  155  172  214   77  266   69  219  225   44   56  210   55  123   49   68   46  245  259   45  130   87   58  215  203   93   -1   89   76  217   65   71   83   94   81  223  226  260  231  237   13   23   20  247    2   18  100  208   79   78  202   16   14   91   26   86   90  116  200  120  253   34  103  121   19   10  133   35  218  243  249  106   32    8   53   52  163   38  206   36  264   99   59   25  108   31   60   57  140   29   37  254  127  126  184   85   50  236  230   66  255  261   75  269   88  151  146  174  157  164  128  195   61  241  239  144   63   67  191   17  183  168   97   96  114  246   24  190  158   70  197  166  167  199  192  170   92  256  244  189  119  198  110  159  209  263  178  109  169  182  171    5  205  112  132  147  211  207  187   80  113  194  135  136  125  152  139  154    6  204  111  188  257  193  150  213  212  186  153  124   98  216  181  162  175  143  131  122  138  177  165  115  242  134  145  137   62    0   54   28  173  156   82  161   51  148   15  160  180  179    7   27  185   33   72   11  233  240  251   39  248   12   40  238  270  235  102   42  252  220  268  229  101   43  227  118  221  117  196   73  142   21  129   47  224   74    1  222  232   64   95  104  141  176  262   22   41  105  258  149   84    4    9    3  234  107  228
LPO iteration  1: hybrids reconnected, target function =  109.1542468
Iterative optimization of atomic hybrids
           Target                 Total        max.atomic       Total        max.atomic     Nxt.step
  Itr.    function    new-old  ||Unew-U||^2   ||unew-u||^2   ||Dnew-D||^2   ||dnew-d||^2     lambda 
    1     109.1542   +1.1e+02   14.028747      0.1182948      0.11603        0.0808489       (none)
    2     109.1797   +2.5e-02    5.830916      0.0545189      0.04195        0.0329399       (none)
    3     109.1833   +3.7e-03    4.111538      0.0350674      0.01991        0.0143515       (none)
    4     109.1841   +7.9e-04    2.759294      0.0179670      0.01031        0.0065092       (none)
    5     109.1843   +2.1e-04    2.282210      0.0168585      0.00594        0.0030019       (none)
    6     109.1844   +7.3e-05    2.565839      0.0344828      0.00380        0.0013968       (none)
    7     109.1844   +3.2e-05    2.917643      0.0435085      0.00269        0.0006562       (none)
    8     109.1844   +1.6e-05    1.536740      0.0180061      0.00206        0.0005915       (none)
    9     109.1844   +9.5e-06    << Converged! (threshold = 1.00e-05) >>
Optimization of hybrids finished
LPO iteration  1: hybrids optimized, target function =  109.1844475
Finding an optimal hybrid pairing...
    0    1    2    3    4    5    6    7    8    9   10   11   12   13   14   15   16   17   18   19   20   21   22   23   24   25   26   27   28   29   30   31   32   33   34   35   36   37   38   39   40   41   42   43   44   45   46   47   48   49   50   51   52   53   54   55   56   57   58   59   60   61   62   63   64   65   66   67   68   69   70   71   72   73   74   75   76   77   78   79   80   81   82   83   84   85   86   87   88   89   90   91   92   93   94   95   96   97   98   99  100  101  102  103  104  105  106  107  108  109  110  111  112  113  114  115  116  117  118  119  120  121  122  123  124  125  126  127  128  129  130  131  132  133  134  135  136  137  138  139  140  141  142  143  144  145  146  147  148  149  150  151  152  153  154  155  156  157  158  159  160  161  162  163  164  165  166  167  168  169  170  171  172  173  174  175  176  177  178  179  180  181  182  183  184  185  186  187  188  189  190  191  192  193  194  195  196  197  198  199  200  201  202  203  204  205  206  207  208  209  210  211  212  213  214  215  216  217  218  219  220  221  222  223  224  225  226  227  228  229  230  231  232  233  234  235  236  237  238  239  240  241  242  243  244  245  246  247  248  249  250  251  252  253  254  255  256  257  258  259  260  261  262  263  264  265  266  267  268  269  270
  144  209  109  267  265   94  202   90   77  266   69  219  225   44   56  215   54  123   60  257   46  245  238   48  130  155   49  186  201  210   -1  169  258  217   65   71   83  241  269  230   76  260  231  237   13   68   20  247   23   26   80  208   79   78   16  121   14  140  116   86   18  179  200  120  196   34  103  244   45   10  133   35  242  243  249  106   40    8   53   52   50  107  206   36  264   99   59   98  108  213    7  124  183  153    5  254  127  126   87   85  163  236  218   66  255  261   75   81   88    2  232  174  157  164  128  195   58  234  239  182   63   55  191   17   91  168   97   96  114  246   24  190  158   70  197  166  167  199  192  170   57  228  250  189    0  198  227  159  171  263  178  184  203   93  172   25  205  112  132  147  211  207  187  100  113  194  135  136  125   31  139  148  154  204  111  188  252  193  150   61  214  212  119   92  151  216   27  162  175  143  131  122  138  177  165  115   64  134  145  137   62   28    6  152  173  156   82  161   51    1   29  160  181   89  180   15  185   33  102   11  233  226  251  268  248   12  221  146  141  235   39   42  110  220  117  229  101   43   22  118  270   37   72   73   67   21  129   47  224   74  142  222  176  259   95  104  262   19   32  253   41  105  256  149   84    4    9    3  223   38  240
LPO iteration  2: hybrids reconnected, target function =  109.1844491
Done! (in 1 iterations)


*** Summary of LPO  results

  LPO 	         D e s c r i p t i o n     	Occupancy	Composition
    1	(BD) N1-C5, Io = 0.8755            	0.00000  	h1@N1 * (-0.2495) + h145@C5 * ( 0.9684)	
    2	     N1-C5, antibonding (NB)       	 -0.00000	h1@N1 * (-0.9684) + h145@C5 * (-0.2495)	
    3	(BD) N1-O7, Io = 0.2119            	0.00001  	h2@N1 * (-0.6277) + h210@O7 * ( 0.7784)	
    4	     N1-O7, antibonding (NB)       	  0.00000	h2@N1 * (-0.7784) + h210@O7 * (-0.6277)	
    5	(BD) N1-C4, Io = 0.9976            	0.00000  	h3@N1 * ( 0.9994) + h110@C4 * (-0.0344)	
    6	     N1-C4, antibonding (NB)       	  0.00000	h3@N1 * (-0.0344) + h110@C4 * (-0.9994)	
    7	(BD) N1-H16, Io = 0.4629           	1.99234  	h4@N1 * ( 0.8552) + h268@H16 * ( 0.5182)	
    8	     N1-H16, antibonding (NB)      	  0.00647	h4@N1 * ( 0.5182) + h268@H16 * (-0.8552)	
    9	(BD) N1-H16, Io = 0.9999           	1.99971  	h5@N1 * ( 1.0000) + h266@H16 * ( 0.0059)	
   10	     N1-H16, antibonding (NB)      	  0.00016	h5@N1 * ( 0.0059) + h266@H16 * (-1.0000)	
   11	(BD) N1-C4, Io = 0.7695            	0.00000  	h6@N1 * (-0.3395) + h95@C4 * ( 0.9406)	
   12	     N1-C4, antibonding (NB)       	  0.00000	h6@N1 * (-0.9406) + h95@C4 * (-0.3395)	
   13	(BD) N1-O7, Io = 0.7881            	0.00000  	h7@N1 * ( 0.9455) + h203@O7 * ( 0.3255)	
   14	     N1-O7, antibonding (NB)       	  0.00000	h7@N1 * ( 0.3255) + h203@O7 * (-0.9455)	
   15	(BD) N1-C3, Io = 0.9986            	0.00000  	h8@N1 * ( 0.9997) + h91@C3 * (-0.0264)	
   16	     N1-C3, antibonding (NB)       	  0.00000	h8@N1 * (-0.0264) + h91@C3 * (-0.9997)	
   17	(BD) N1-C3, Io = 0.1762            	0.00097  	h9@N1 * ( 0.7669) + h78@C3 * (-0.6418)	
   18	     N1-C3, antibonding (NB)       	  0.00005	h9@N1 * (-0.6418) + h78@C3 * (-0.7669)	
   19	(BD) N1-H16, Io = 0.6333           	0.00152  	h10@N1 * ( 0.9037) + h267@H16 * (-0.4282)	
   20	     N1-H16, antibonding (NB)      	  0.00010	h10@N1 * (-0.4282) + h267@H16 * (-0.9037)	
   21	(BD) N1-C3, Io = 0.4619            	0.00034  	h11@N1 * (-0.5187) + h70@C3 * ( 0.8550)	
   22	     N1-C3, antibonding (NB)       	  0.00012	h11@N1 * (-0.8550) + h70@C3 * (-0.5187)	
   23	(BD) N1-H8, Io = 0.4576            	1.99230  	h12@N1 * ( 0.8537) + h220@H8 * ( 0.5208)	
   24	     N1-H8, antibonding (NB)       	  0.00855	h12@N1 * ( 0.5208) + h220@H8 * (-0.8537)	
   25	(BD) N1-H9, Io = 0.4604            	1.99334  	h13@N1 * ( 0.8545) + h226@H9 * ( 0.5194)	
   26	     N1-H9, antibonding (NB)       	  0.00879	h13@N1 * ( 0.5194) + h226@H9 * (-0.8545)	
   27	(BD) N1-C2, Io = 0.2714            	1.99565  	h14@N1 * ( 0.7973) + h45@C2 * (-0.6036)	
   28	     N1-C2, antibonding (NB)       	  0.01312	h14@N1 * (-0.6036) + h45@C2 * (-0.7973)	
   29	(BD) N1-C2, Io = 0.8541            	0.00000  	h15@N1 * ( 0.2701) + h57@C2 * ( 0.9628)	
   30	     N1-C2, antibonding (NB)       	  0.00000	h15@N1 * (-0.9628) + h57@C2 * ( 0.2701)	
   31	(BD) N1-O7, Io = 0.9999            	0.00000  	h16@N1 * ( 1.0000) + h216@O7 * ( 0.0052)	
   32	     N1-O7, antibonding (NB)       	  0.00000	h16@N1 * ( 0.0052) + h216@O7 * (-1.0000)	
   33	(BD) N1-C2, Io = 0.9780            	0.00000  	h17@N1 * ( 0.9945) + h55@C2 * (-0.1048)	
   34	     N1-C2, antibonding (NB)       	  0.00000	h17@N1 * (-0.1048) + h55@C2 * (-0.9945)	
   35	(BD) N1-C4, Io = 0.8559            	0.00000  	h18@N1 * ( 0.2684) + h124@C4 * ( 0.9633)	
   36	     N1-C4, antibonding (NB)       	  0.00000	h18@N1 * (-0.9633) + h124@C4 * ( 0.2684)	
   37	(BD) N1-C2, Io = 0.8055            	0.00000  	h19@N1 * ( 0.9501) + h61@C2 * (-0.3119)	
   38	     N1-C2, antibonding (NB)       	  0.00000	h19@N1 * (-0.3119) + h61@C2 * (-0.9501)	
   39	(BD) N1-H14, Io = 0.4302           	0.00007  	h20@N1 * ( 0.8456) + h258@H14 * (-0.5337)	
   40	     N1-H14, antibonding (NB)      	  0.00004	h20@N1 * (-0.5337) + h258@H14 * (-0.8456)	
   41	(BD) N1-C2, Io = 0.4666            	0.00051  	h21@N1 * (-0.5164) + h47@C2 * ( 0.8563)	
   42	     N1-C2, antibonding (NB)       	  0.00002	h21@N1 * (-0.8563) + h47@C2 * (-0.5164)	
   43	(BD) N1-H12, Io = 0.5288           	0.00013  	h22@N1 * ( 0.8743) + h246@H12 * (-0.4854)	
   44	     N1-H12, antibonding (NB)      	  0.00002	h22@N1 * (-0.4854) + h246@H12 * (-0.8743)	
   45	(BD) N1-H11, Io = 0.6071           	0.00002  	h23@N1 * ( 0.8964) + h239@H11 * ( 0.4432)	
   46	     N1-H11, antibonding (NB)      	  0.00001	h23@N1 * ( 0.4432) + h239@H11 * (-0.8964)	
   47	(BD) N1-C2, Io = 0.9597            	0.00001  	h24@N1 * ( 0.9899) + h49@C2 * ( 0.1419)	
   48	     N1-C2, antibonding (NB)       	  0.00000	h24@N1 * ( 0.1419) + h49@C2 * (-0.9899)	
   49	(BD) N1-C5, Io = 0.3315            	0.00000  	h25@N1 * (-0.5781) + h131@C5 * ( 0.8159)	
   50	     N1-C5, antibonding (NB)       	  0.00000	h25@N1 * (-0.8159) + h131@C5 * (-0.5781)	
   51	(BD) N1-O6, Io = 0.9927            	0.00000  	h26@N1 * ( 0.9982) + h156@O6 * (-0.0606)	
   52	     N1-O6, antibonding (NB)       	  0.00000	h26@N1 * (-0.0606) + h156@O6 * (-0.9982)	
   53	(BD) N1-C2, Io = 0.9095            	0.00000  	h27@N1 * ( 0.9771) + h50@C2 * (-0.2127)	
   54	     N1-C2, antibonding (NB)       	  0.00000	h27@N1 * (-0.2127) + h50@C2 * (-0.9771)	
   55	(BD) N1-O7, Io = 0.8409            	0.00000  	h28@N1 * ( 0.2821) + h187@O7 * ( 0.9594)	
   56	     N1-O7, antibonding (NB)       	  0.00000	h28@N1 * (-0.9594) + h187@O7 * ( 0.2821)	
   57	(BD) N1-O7, Io = 0.9990            	0.00000  	h29@N1 * (-0.0225) + h202@O7 * ( 0.9997)	
   58	     N1-O7, antibonding (NB)       	  0.00000	h29@N1 * (-0.9997) + h202@O7 * (-0.0225)	
   59	(BD) N1-O7, Io = 0.9833            	0.00000  	h30@N1 * (-0.0912) + h211@O7 * ( 0.9958)	
   60	     N1-O7, antibonding (NB)       	  0.00000	h30@N1 * (-0.9958) + h211@O7 * (-0.0912)	
   62	(BD) C2-O6, Io = 0.7851            	-0.00000 	h32@C2 * ( 0.3278) + h170@O6 * ( 0.9447)	
   63	     C2-O6, antibonding (NB)       	 -0.00000	h32@C2 * (-0.9447) + h170@O6 * ( 0.3278)	
   64	(BD) C2-H14, Io = 0.6749           	0.00009  	h33@C2 * ( 0.4032) + h259@H14 * ( 0.9151)	
   65	     C2-H14, antibonding (NB)      	  0.00004	h33@C2 * (-0.9151) + h259@H14 * ( 0.4032)	
   66	(BD) C2-H8, Io = 0.9065            	0.00132  	h34@C2 * ( 0.9764) + h218@H8 * (-0.2162)	
   67	     C2-H8, antibonding (NB)       	  0.00006	h34@C2 * (-0.2162) + h218@H8 * (-0.9764)	
   68	(BD) C2-C3, Io = 0.0359            	1.98621  	h35@C2 * ( 0.7197) + h66@C3 * ( 0.6943)	
   69	     C2-C3, antibonding (NB)       	  0.01379	h35@C2 * ( 0.6943) + h66@C3 * (-0.7197)	
   70	(BD) C2-C3, Io = 0.9998            	1.99969  	h36@C2 * ( 1.0000) + h72@C3 * ( 0.0095)	
   71	     C2-C3, antibonding (NB)       	  0.00163	h36@C2 * ( 0.0095) + h72@C3 * (-1.0000)	
   72	(BD) C2-C3, Io = 0.2347            	0.00009  	h37@C2 * (-0.6186) + h84@C3 * ( 0.7857)	
   73	     C2-C3, antibonding (NB)       	  0.00001	h37@C2 * (-0.7857) + h84@C3 * (-0.6186)	
   74	(BD) C2-H12, Io = 0.8619           	0.00012  	h38@C2 * ( 0.2628) + h242@H12 * ( 0.9649)	
   75	     C2-H12, antibonding (NB)      	  0.00003	h38@C2 * (-0.9649) + h242@H12 * ( 0.2628)	
   76	(BD) C2-H16, Io = 0.8043           	0.00002  	h39@C2 * ( 0.9498) + h270@H16 * (-0.3128)	
   77	     C2-H16, antibonding (NB)      	  0.00001	h39@C2 * (-0.3128) + h270@H16 * (-0.9498)	
   78	(BD) C2-H10, Io = 0.4242           	0.00166  	h40@C2 * ( 0.8439) + h231@H10 * (-0.5366)	
   79	     C2-H10, antibonding (NB)      	  0.00039	h40@C2 * (-0.5366) + h231@H10 * (-0.8439)	
   80	(BD) C2-C3, Io = 0.7905            	0.00074  	h41@C2 * ( 0.9462) + h77@C3 * ( 0.3237)	
   81	     C2-C3, antibonding (NB)       	  0.00013	h41@C2 * ( 0.3237) + h77@C3 * (-0.9462)	
   82	(BD) C2-H15, Io = 0.4930           	0.00187  	h42@C2 * ( 0.8640) + h261@H15 * (-0.5035)	
   83	     C2-H15, antibonding (NB)      	  0.00045	h42@C2 * (-0.5035) + h261@H15 * (-0.8640)	
   84	(BD) C2-H10, Io = 0.2236           	1.98339  	h43@C2 * ( 0.7822) + h232@H10 * (-0.6231)	
   85	     C2-H10, antibonding (NB)      	  0.01505	h43@C2 * (-0.6231) + h232@H10 * (-0.7822)	
   86	(BD) C2-H11, Io = 0.2203           	1.98222  	h44@C2 * ( 0.7811) + h238@H11 * (-0.6244)	
   87	     C2-H11, antibonding (NB)      	  0.01491	h44@C2 * (-0.6244) + h238@H11 * (-0.7811)	
   88	(BD) C2-C3, Io = 0.0000            	0.00001  	h46@C2 * (-0.7071) + h69@C3 * ( 0.7071)	
   89	     C2-C3, antibonding (NB)       	  0.00000	h46@C2 * (-0.7071) + h69@C3 * (-0.7071)	
   90	(BD) C2-H13, Io = 0.3126           	0.00028  	h48@C2 * ( 0.8101) + h248@H13 * (-0.5863)	
   91	     C2-H13, antibonding (NB)      	  0.00004	h48@C2 * (-0.5863) + h248@H13 * (-0.8101)	
   92	(BD) C2-C3, Io = 0.5888            	0.00027  	h51@C2 * (-0.4534) + h81@C3 * ( 0.8913)	
   93	     C2-C3, antibonding (NB)       	  0.00004	h51@C2 * (-0.8913) + h81@C3 * (-0.4534)	
   94	(BD) C2-O7, Io = 0.1559            	0.00013  	h52@C2 * ( 0.7602) + h209@O7 * ( 0.6497)	
   95	     C2-O7, antibonding (NB)       	  0.00001	h52@C2 * ( 0.6497) + h209@O7 * (-0.7602)	
   96	(BD) C2-C3, Io = 0.5150            	0.00000  	h53@C2 * (-0.4925) + h80@C3 * ( 0.8703)	
   97	     C2-C3, antibonding (NB)       	  0.00000	h53@C2 * (-0.8703) + h80@C3 * (-0.4925)	
   98	(BD) C2-C3, Io = 0.6946            	0.00002  	h54@C2 * ( 0.3908) + h79@C3 * ( 0.9205)	
   99	     C2-C3, antibonding (NB)       	  0.00000	h54@C2 * (-0.9205) + h79@C3 * ( 0.3908)	
  100	(BD) C2-C4, Io = 0.4089            	0.00000  	h56@C2 * (-0.5437) + h122@C4 * ( 0.8393)	
  101	     C2-C4, antibonding (NB)       	  0.00000	h56@C2 * (-0.8393) + h122@C4 * (-0.5437)	
  102	(BD) C2-C5, Io = 0.9184            	0.00000  	h58@C2 * (-0.2020) + h141@C5 * ( 0.9794)	
  103	     C2-C5, antibonding (NB)       	 -0.00000	h58@C2 * (-0.9794) + h141@C5 * (-0.2020)	
  104	(BD) C2-C4, Io = 0.8321            	0.00000  	h59@C2 * ( 0.2898) + h117@C4 * ( 0.9571)	
  105	     C2-C4, antibonding (NB)       	  0.00000	h59@C2 * (-0.9571) + h117@C4 * ( 0.2898)	
  106	(BD) C2-C3, Io = 0.8605            	0.00000  	h60@C2 * (-0.2641) + h87@C3 * ( 0.9645)	
  107	     C2-C3, antibonding (NB)       	  0.00000	h60@C2 * (-0.9645) + h87@C3 * (-0.2641)	
  108	(BD) C2-O6, Io = 0.9753            	-0.00000 	h62@C2 * ( 0.1111) + h180@O6 * ( 0.9938)	
  109	     C2-O6, antibonding (NB)       	 -0.00000	h62@C2 * (-0.9938) + h180@O6 * ( 0.1111)	
  110	(BD) C3-O7, Io = 0.8047            	0.00000  	h63@C3 * (-0.3125) + h201@O7 * ( 0.9499)	
  111	     C3-O7, antibonding (NB)       	  0.00000	h63@C3 * (-0.9499) + h201@O7 * (-0.3125)	
  112	(BD) C3-C4, Io = 0.7033            	0.00000  	h64@C3 * ( 0.9228) + h121@C4 * ( 0.3852)	
  113	     C3-C4, antibonding (NB)       	  0.00000	h64@C3 * ( 0.3852) + h121@C4 * (-0.9228)	
  114	(BD) C3-O7, Io = 0.2544            	0.00107  	h65@C3 * ( 0.7920) + h197@O7 * ( 0.6106)	
  115	     C3-O7, antibonding (NB)       	  0.00042	h65@C3 * ( 0.6106) + h197@O7 * (-0.7920)	
  116	(BD) C3-C4, Io = 0.9998            	1.99961  	h67@C3 * ( 1.0000) + h104@C4 * (-0.0089)	
  117	     C3-C4, antibonding (NB)       	  0.00187	h67@C3 * (-0.0089) + h104@C4 * (-1.0000)	
  118	(BD) C3-H12, Io = 0.0535           	0.00002  	h68@C3 * (-0.6879) + h245@H12 * ( 0.7258)	
  119	     C3-H12, antibonding (NB)      	  0.00001	h68@C3 * (-0.7258) + h245@H12 * (-0.6879)	
  120	(BD) C3-C5, Io = 0.2530            	0.00232  	h71@C3 * ( 0.7915) + h134@C5 * (-0.6111)	
  121	     C3-C5, antibonding (NB)       	  0.00019	h71@C3 * (-0.6111) + h134@C5 * (-0.7915)	
  122	(BD) C3-H12, Io = 0.2677           	0.00280  	h73@C3 * ( 0.7961) + h243@H12 * ( 0.6051)	
  123	     C3-H12, antibonding (NB)      	  0.00081	h73@C3 * ( 0.6051) + h243@H12 * (-0.7961)	
  124	(BD) C3-H12, Io = 0.2142           	1.97953  	h74@C3 * ( 0.7792) + h244@H12 * ( 0.6268)	
  125	     C3-H12, antibonding (NB)      	  0.01534	h74@C3 * ( 0.6268) + h244@H12 * (-0.7792)	
  126	(BD) C3-H13, Io = 0.2110           	1.98081  	h75@C3 * ( 0.7781) + h250@H13 * ( 0.6281)	
  127	     C3-H13, antibonding (NB)      	  0.01469	h75@C3 * ( 0.6281) + h250@H13 * (-0.7781)	
  128	(BD) C3-C4, Io = 0.0158            	1.98231  	h76@C3 * ( 0.7127) + h107@C4 * (-0.7015)	
  129	     C3-C4, antibonding (NB)       	  0.01157	h76@C3 * (-0.7015) + h107@C4 * (-0.7127)	
  130	(BD) C3-C4, Io = 0.1457            	0.00005  	h82@C3 * ( 0.6536) + h108@C4 * ( 0.7569)	
  131	     C3-C4, antibonding (NB)       	  0.00001	h82@C3 * (-0.7569) + h108@C4 * ( 0.6536)	
  132	(BD) C3-O7, Io = 0.1121            	0.00020  	h83@C3 * ( 0.7457) + h207@O7 * (-0.6663)	
  133	     C3-O7, antibonding (NB)       	  0.00005	h83@C3 * (-0.6663) + h207@O7 * (-0.7457)	
  134	(BD) C3-H15, Io = 0.5437           	0.00014  	h85@C3 * (-0.4777) + h265@H15 * ( 0.8785)	
  135	     C3-H15, antibonding (NB)      	  0.00002	h85@C3 * (-0.8785) + h265@H15 * (-0.4777)	
  136	(BD) C3-C4, Io = 0.7300            	0.00005  	h86@C3 * ( 0.9301) + h100@C4 * (-0.3674)	
  137	     C3-C4, antibonding (NB)       	  0.00000	h86@C3 * (-0.3674) + h100@C4 * (-0.9301)	
  138	(BD) C3-C4, Io = 0.7428            	0.00000  	h88@C3 * (-0.3586) + h99@C4 * ( 0.9335)	
  139	     C3-C4, antibonding (NB)       	  0.00000	h88@C3 * (-0.9335) + h99@C4 * (-0.3586)	
  140	(BD) C3-C4, Io = 0.6280            	0.00001  	h89@C3 * ( 0.9022) + h109@C4 * ( 0.4313)	
  141	     C3-C4, antibonding (NB)       	  0.00000	h89@C3 * ( 0.4313) + h109@C4 * (-0.9022)	
  142	(BD) C3-O7, Io = 0.9150            	0.00000  	h90@C3 * ( 0.9785) + h214@O7 * (-0.2061)	
  143	     C3-O7, antibonding (NB)       	  0.00000	h90@C3 * (-0.2061) + h214@O7 * (-0.9785)	
  144	(BD) C3-C5, Io = 0.4037            	0.00000  	h92@C3 * ( 0.8378) + h125@C5 * (-0.5460)	
  145	     C3-C5, antibonding (NB)       	  0.00000	h92@C3 * (-0.5460) + h125@C5 * (-0.8378)	
  146	(BD) C3-O6, Io = 0.9576            	0.00000  	h93@C3 * ( 0.9893) + h184@O6 * (-0.1456)	
  147	     C3-O6, antibonding (NB)       	  0.00000	h93@C3 * (-0.1456) + h184@O6 * (-0.9893)	
  148	(BD) C4-C5, Io = 0.0927            	0.00000  	h94@C4 * ( 0.7392) + h154@C5 * (-0.6735)	
  149	     C4-C5, antibonding (NB)       	  0.00000	h94@C4 * (-0.6735) + h154@C5 * (-0.7392)	
  150	(BD) C4-H14, Io = 0.4298           	0.00206  	h96@C4 * ( 0.8455) + h255@H14 * (-0.5339)	
  151	     C4-H14, antibonding (NB)      	  0.00049	h96@C4 * (-0.5339) + h255@H14 * (-0.8455)	
  152	(BD) C4-C5, Io = 0.0769            	1.98872  	h97@C4 * ( 0.7338) + h128@C5 * ( 0.6794)	
  153	     C4-C5, antibonding (NB)       	  0.08902	h97@C4 * ( 0.6794) + h128@C5 * (-0.7338)	
  154	(BD) C4-C5, Io = 0.9999            	1.99943  	h98@C4 * ( 1.0000) + h127@C5 * (-0.0084)	
  155	     C4-C5, antibonding (NB)       	  0.00011	h98@C4 * (-0.0084) + h127@C5 * (-1.0000)	
  156	(BD) C4-O6, Io = 0.0827            	0.00119  	h101@C4 * ( 0.6772) + h164@O6 * ( 0.7358)	
  157	     C4-O6, antibonding (NB)       	  0.00012	h101@C4 * (-0.7358) + h164@O6 * ( 0.6772)	
  158	(BD) C4-H11, Io = 0.1258           	0.00175  	h102@C4 * ( 0.7503) + h237@H11 * (-0.6611)	
  159	     C4-H11, antibonding (NB)      	  0.00027	h102@C4 * (-0.6611) + h237@H11 * (-0.7503)	
  160	(BD) C4-H8, Io = 0.5236            	0.00139  	h103@C4 * ( 0.8728) + h219@H8 * ( 0.4880)	
  161	     C4-H8, antibonding (NB)       	  0.00053	h103@C4 * ( 0.4880) + h219@H8 * (-0.8728)	
  162	(BD) C4-H14, Io = 0.2147           	1.97426  	h105@C4 * ( 0.7793) + h256@H14 * (-0.6266)	
  163	     C4-H14, antibonding (NB)      	  0.01308	h105@C4 * (-0.6266) + h256@H14 * (-0.7793)	
  164	(BD) C4-H15, Io = 0.2132           	1.96851  	h106@C4 * ( 0.7788) + h262@H15 * (-0.6272)	
  165	     C4-H15, antibonding (NB)      	  0.01323	h106@C4 * (-0.6272) + h262@H15 * (-0.7788)	
  166	(BD) C4-H10, Io = 0.0685           	0.00008  	h111@C4 * ( 0.7309) + h233@H10 * ( 0.6825)	
  167	     C4-H10, antibonding (NB)      	  0.00002	h111@C4 * ( 0.6825) + h233@H10 * (-0.7309)	
  168	(BD) C4-O6, Io = 0.4692            	0.00002  	h112@C4 * ( 0.8571) + h175@O6 * ( 0.5152)	
  169	     C4-O6, antibonding (NB)       	  0.00000	h112@C4 * ( 0.5152) + h175@O6 * (-0.8571)	
  170	(BD) C4-O6, Io = 0.7746            	0.00073  	h113@C4 * ( 0.9420) + h158@O6 * (-0.3357)	
  171	     C4-O6, antibonding (NB)       	  0.00007	h113@C4 * (-0.3357) + h158@O6 * (-0.9420)	
  172	(BD) C4-O6, Io = 0.6176            	0.00136  	h114@C4 * ( 0.4373) + h165@O6 * ( 0.8993)	
  173	     C4-O6, antibonding (NB)       	  0.00005	h114@C4 * (-0.8993) + h165@O6 * ( 0.4373)	
  174	(BD) C4-C5, Io = 0.9998            	1.99977  	h115@C4 * (-0.0090) + h129@C5 * ( 1.0000)	
  175	     C4-C5, antibonding (NB)       	  0.00110	h115@C4 * (-1.0000) + h129@C5 * (-0.0090)	
  176	(BD) C4-O7, Io = 0.7141            	0.00120  	h116@C4 * (-0.3781) + h196@O7 * ( 0.9258)	
  177	     C4-O7, antibonding (NB)       	  0.00002	h116@C4 * (-0.9258) + h196@O7 * (-0.3781)	
  178	(BD) C4-H10, Io = 0.2366           	0.00018  	h118@C4 * ( 0.6178) + h235@H10 * ( 0.7863)	
  179	     C4-H10, antibonding (NB)      	  0.00006	h118@C4 * (-0.7863) + h235@H10 * ( 0.6178)	
  180	(BD) C4-H11, Io = 0.3671           	0.00006  	h119@C4 * ( 0.5625) + h240@H11 * ( 0.8268)	
  181	     C4-H11, antibonding (NB)      	  0.00001	h119@C4 * (-0.8268) + h240@H11 * ( 0.5625)	
  182	(BD) C4-O6, Io = 0.8289            	0.00000  	h120@C4 * ( 0.9563) + h183@O6 * (-0.2925)	
  183	     C4-O6, antibonding (NB)       	  0.00000	h120@C4 * (-0.2925) + h183@O6 * (-0.9563)	
  184	(BD) C4-O7, Io = 0.5061            	0.00001  	h123@C4 * ( 0.8678) + h192@O7 * ( 0.4969)	
  185	     C4-O7, antibonding (NB)       	  0.00000	h123@C4 * ( 0.4969) + h192@O7 * (-0.8678)	
  186	(BD) C5-O6, Io = 0.9957            	1.90379  	h126@C5 * (-0.0464) + h169@O6 * ( 0.9989)	
  187	     C5-O6, antibonding (NB)       	  0.00123	h126@C5 * (-0.9989) + h169@O6 * (-0.0464)	
  188	(BD) C5-H12, Io = 0.0119           	0.00024  	h130@C5 * (-0.7029) + h247@H12 * ( 0.7113)	
  189	     C5-H12, antibonding (NB)      	  0.00004	h130@C5 * (-0.7113) + h247@H12 * (-0.7029)	
  190	(BD) C5-O7, Io = 1.0000            	1.99995  	h132@C5 * ( 0.0037) + h191@O7 * ( 1.0000)	
  191	     C5-O7, antibonding (NB)       	  0.00001	h132@C5 * (-1.0000) + h191@O7 * ( 0.0037)	
  192	(BD) C5-O6, Io = 0.9873            	1.99039  	h133@C5 * (-0.0796) + h159@O6 * ( 0.9968)	
  193	     C5-O6, antibonding (NB)       	  0.00342	h133@C5 * (-0.9968) + h159@O6 * (-0.0796)	
  194	(BD) C5-O7, Io = 0.9874            	1.99073  	h135@C5 * (-0.0793) + h198@O7 * ( 0.9968)	
  195	     C5-O7, antibonding (NB)       	  0.00281	h135@C5 * (-0.9968) + h198@O7 * (-0.0793)	
  196	(BD) C5-O6, Io = 0.2908            	1.99720  	h136@C5 * (-0.5955) + h167@O6 * ( 0.8034)	
  197	     C5-O6, antibonding (NB)       	  0.05353	h136@C5 * (-0.8034) + h167@O6 * (-0.5955)	
  198	(BD) C5-O6, Io = 0.5401            	1.98912  	h137@C5 * ( 0.4795) + h168@O6 * ( 0.8775)	
  199	     C5-O6, antibonding (NB)       	  0.38087	h137@C5 * (-0.8775) + h168@O6 * ( 0.4795)	
  200	(BD) C5-O7, Io = 0.2869            	1.99638  	h138@C5 * (-0.5971) + h200@O7 * ( 0.8021)	
  201	     C5-O7, antibonding (NB)       	  0.05150	h138@C5 * (-0.8021) + h200@O7 * (-0.5971)	
  202	(BD) C5-O7, Io = 0.6323            	0.00000  	h139@C5 * ( 0.9034) + h193@O7 * (-0.4288)	
  203	     C5-O7, antibonding (NB)       	  0.00000	h139@C5 * (-0.4288) + h193@O7 * (-0.9034)	
  204	(BD) C5-O6, Io = 0.0672            	0.00000  	h140@C5 * ( 0.7305) + h171@O6 * (-0.6829)	
  205	     C5-O6, antibonding (NB)       	  0.00000	h140@C5 * (-0.6829) + h171@O6 * (-0.7305)	
  206	(BD) C5-H9, Io = 0.6426            	0.00007  	h142@C5 * ( 0.4227) + h229@H9 * ( 0.9063)	
  207	     C5-H9, antibonding (NB)       	  0.00001	h142@C5 * (-0.9063) + h229@H9 * ( 0.4227)	
  208	(BD) C5-H13, Io = 0.2331           	0.00003  	h143@C5 * ( 0.7852) + h251@H13 * ( 0.6192)	
  209	     C5-H13, antibonding (NB)      	  0.00001	h143@C5 * ( 0.6192) + h251@H13 * (-0.7852)	
  210	(BD) C5-O7, Io = 0.9954            	1.90682  	h144@C5 * ( 0.0482) + h190@O7 * ( 0.9988)	
  211	     C5-O7, antibonding (NB)       	  0.00143	h144@C5 * (-0.9988) + h190@O7 * ( 0.0482)	
  212	(BD) C5-O7, Io = 0.9861            	1.64721  	h146@C5 * (-0.0833) + h199@O7 * ( 0.9965)	
  213	     C5-O7, antibonding (NB)       	  0.00317	h146@C5 * (-0.9965) + h199@O7 * (-0.0833)	
  214	(BD) C5-H9, Io = 0.1701            	0.00002  	h147@C5 * ( 0.7649) + h228@H9 * (-0.6442)	
  215	     C5-H9, antibonding (NB)       	  0.00001	h147@C5 * (-0.6442) + h228@H9 * (-0.7649)	
  216	(BD) C5-O6, Io = 1.0000            	1.99994  	h148@C5 * (-0.0032) + h160@O6 * ( 1.0000)	
  217	     C5-O6, antibonding (NB)       	  0.00000	h148@C5 * (-1.0000) + h160@O6 * (-0.0032)	
  218	(BD) C5-O6, Io = 0.9605            	0.00000  	h149@C5 * ( 0.9901) + h172@O6 * ( 0.1405)	
  219	     C5-O6, antibonding (NB)       	  0.00000	h149@C5 * ( 0.1405) + h172@O6 * (-0.9901)	
  220	(BD) C5-H15, Io = 0.0906           	0.00008  	h150@C5 * ( 0.7384) + h264@H15 * (-0.6743)	
  221	     C5-H15, antibonding (NB)      	  0.00003	h150@C5 * (-0.6743) + h264@H15 * (-0.7384)	
  222	(BD) C5-O6, Io = 0.5134            	0.00002  	h151@C5 * (-0.4933) + h179@O6 * ( 0.8699)	
  223	     C5-O6, antibonding (NB)       	  0.00000	h151@C5 * (-0.8699) + h179@O6 * (-0.4933)	
  224	(BD) C5-O6, Io = 0.8795            	0.00000  	h152@C5 * ( 0.9694) + h185@O6 * (-0.2455)	
  225	     C5-O6, antibonding (NB)       	  0.00000	h152@C5 * (-0.2455) + h185@O6 * (-0.9694)	
  226	(BD) C5-O7, Io = 0.9999            	0.00000  	h153@C5 * ( 0.0074) + h204@O7 * ( 1.0000)	
  227	     C5-O7, antibonding (NB)       	 -0.00000	h153@C5 * (-1.0000) + h204@O7 * ( 0.0074)	
  228	(BD) C5-O6, Io = 0.6387            	0.00000  	h155@C5 * ( 0.9052) + h173@O6 * (-0.4251)	
  229	     C5-O6, antibonding (NB)       	  0.00000	h155@C5 * (-0.4251) + h173@O6 * (-0.9052)	
  230	(BD) O6-O7, Io = 0.1303            	0.00017  	h157@O6 * ( 0.7518) + h206@O7 * ( 0.6594)	
  231	     O6-O7, antibonding (NB)       	  0.00003	h157@O6 * ( 0.6594) + h206@O7 * (-0.7518)	
  232	(BD) O6-O7, Io = 0.5486            	0.00000  	h161@O6 * ( 0.4751) + h212@O7 * ( 0.8800)	
  233	     O6-O7, antibonding (NB)       	  0.00000	h161@O6 * (-0.8800) + h212@O7 * ( 0.4751)	
  234	(BD) O6-O7, Io = 0.3555            	0.00001  	h162@O6 * ( 0.8233) + h208@O7 * ( 0.5677)	
  235	     O6-O7, antibonding (NB)       	  0.00000	h162@O6 * ( 0.5677) + h208@O7 * (-0.8233)	
  236	(BD) O6-O7, Io = 0.7090            	0.00000  	h163@O6 * ( 0.9244) + h188@O7 * ( 0.3814)	
  237	     O6-O7, antibonding (NB)       	  0.00000	h163@O6 * ( 0.3814) + h188@O7 * (-0.9244)	
  238	(BD) O6-O7, Io = 0.0088            	0.00401  	h166@O6 * (-0.7040) + h195@O7 * ( 0.7102)	
  239	     O6-O7, antibonding (NB)       	  0.00085	h166@O6 * (-0.7102) + h195@O7 * (-0.7040)	
  240	(BD) O6-O7, Io = 0.9280            	0.00000  	h174@O6 * ( 0.1898) + h205@O7 * ( 0.9818)	
  241	     O6-O7, antibonding (NB)       	  0.00000	h174@O6 * (-0.9818) + h205@O7 * ( 0.1898)	
  242	(BD) O6-O7, Io = 0.0351            	0.00005  	h176@O6 * (-0.6946) + h189@O7 * ( 0.7194)	
  243	     O6-O7, antibonding (NB)       	  0.00001	h176@O6 * (-0.7194) + h189@O7 * (-0.6946)	
  244	(BD) O6-H13, Io = 0.7268           	0.00014  	h177@O6 * (-0.3696) + h253@H13 * ( 0.9292)	
  245	     O6-H13, antibonding (NB)      	  0.00002	h177@O6 * (-0.9292) + h253@H13 * (-0.3696)	
  246	(BD) O6-O7, Io = 0.1809            	0.00000  	h178@O6 * ( 0.7684) + h194@O7 * ( 0.6400)	
  247	     O6-O7, antibonding (NB)       	  0.00000	h178@O6 * ( 0.6400) + h194@O7 * (-0.7684)	
  248	(BD) O6-O7, Io = 0.7500            	0.00000  	h181@O6 * ( 0.3535) + h215@O7 * ( 0.9354)	
  249	     O6-O7, antibonding (NB)       	  0.00000	h181@O6 * (-0.9354) + h215@O7 * ( 0.3535)	
  250	(BD) O6-O7, Io = 0.7578            	0.00000  	h182@O6 * ( 0.9375) + h213@O7 * (-0.3480)	
  251	     O6-O7, antibonding (NB)       	  0.00000	h182@O6 * (-0.3480) + h213@O7 * (-0.9375)	
  252	(BD) O6-O7, Io = 0.8038            	0.00000  	h186@O6 * ( 0.9497) + h217@O7 * (-0.3132)	
  253	     O6-O7, antibonding (NB)       	  0.00000	h186@O6 * (-0.3132) + h217@O7 * (-0.9497)	
  254	(BD) H8-H10, Io = 0.2506           	0.00002  	h221@H8 * ( 0.7908) + h234@H10 * ( 0.6121)	
  255	     H8-H10, antibonding (NB)      	  0.00000	h221@H8 * ( 0.6121) + h234@H10 * (-0.7908)	
  256	(BD) H8-H9, Io = 0.2394            	0.00012  	h222@H8 * ( 0.6167) + h227@H9 * ( 0.7872)	
  257	     H8-H9, antibonding (NB)       	  0.00001	h222@H8 * (-0.7872) + h227@H9 * ( 0.6167)	
  258	(BD) H8-H13, Io = 0.5301           	0.00010  	h223@H8 * ( 0.8747) + h252@H13 * (-0.4847)	
  259	     H8-H13, antibonding (NB)      	  0.00003	h223@H8 * (-0.4847) + h252@H13 * (-0.8747)	
  260	(BD) H9-H16, Io = 0.5714           	0.00014  	h224@H9 * ( 0.8864) + h269@H16 * ( 0.4629)	
  261	     H9-H16, antibonding (NB)      	  0.00002	h224@H9 * ( 0.4629) + h269@H16 * (-0.8864)	
  262	(BD) H9-H13, Io = 0.4346           	0.00130  	h225@H9 * ( 0.5317) + h249@H13 * ( 0.8469)	
  263	     H9-H13, antibonding (NB)      	  0.00036	h225@H9 * (-0.8469) + h249@H13 * ( 0.5317)	
  264	(BD) H10-H11, Io = 0.0348          	0.00019  	h230@H10 * ( 0.7193) + h236@H11 * ( 0.6947)	
  265	     H10-H11, antibonding (NB)     	  0.00002	h230@H10 * ( 0.6947) + h236@H11 * (-0.7193)	
  266	(BD) H11-H16, Io = 0.8404          	0.00017  	h241@H11 * ( 0.9593) + h271@H16 * (-0.2825)	
  267	     H11-H16, antibonding (NB)     	  0.00002	h241@H11 * (-0.2825) + h271@H16 * (-0.9593)	
  268	(BD) H14-H15, Io = 0.0460          	0.00017  	h254@H14 * ( 0.7232) + h260@H15 * ( 0.6907)	
  269	     H14-H15, antibonding (NB)     	  0.00005	h254@H14 * ( 0.6907) + h260@H15 * (-0.7232)	
  270	(BD) H14-H15, Io = 0.1138          	0.00004  	h257@H14 * ( 0.7463) + h263@H15 * (-0.6656)	
  271	     H14-H15, antibonding (NB)     	  0.00001	h257@H14 * (-0.6656) + h263@H15 * (-0.7463)	

Note: 1 one-center RY orbitals, each having occupancy below 1.00e-03,
      were not printed (use the program option -RyOccPrintThreshold to change this behavior)
      Total occupancy of these RY orbitals is -0.00000


Number of two-center(2C) BD orbitals for each pair of atoms
Centr. A/B         1         2         3         4         5         6         7         8         9        10        11        12        13        14        15        16
      1    (     30)         7         3         3         2         1         6         1         1         0         1         1         0         1         0         3
      2              (     31)         9         2         1         2         1         1         0         2         1         1         1         1         1         1
      3                        (     31)         7         2         1         4         0         0         0         0         3         1         0         1         0
      4                                  (     31)         4         5         2         1         0         2         2         0         0         2         1         0
      5                                            (     31)        10         7         0         2         0         0         1         1         0         1         0
      6                                                      (     31)        11         0         0         0         0         0         1         0         0         0
      7                                                                (     31)         0         0         0         0         0         0         0         0         0
      8                                                                          (      6)         1         1         0         0         1         0         0         0
      9                                                                                    (      6)         0         0         0         1         0         0         1
     10                                                                                              (      6)         1         0         0         0         0         0
     11                                                                                                        (      6)         0         0         0         0         1
     12                                                                                                                  (      6)         0         0         0         0
     13                                                                                                                            (      6)         0         0         0
     14                                                                                                                                      (      6)         2         0
     15                                                                                                                                                (      6)         0
     16                                                                                                                                                          (      6)

>> LPO  occupancy summary >>
       bonding (BD):     55.25331 in  135 oribtals
  anti-bonding (NB):      0.74669 in  135 oribtals
 1c-lone pairs (LP):      0.00000 in    0 oribtals
 1c-unoccupied (RY):     -0.00000 in    1 oribtals

Method        BD+LP....in      NB+RY     BD+NB+LP  BD+NB+LP+RY      trace(D)   Sum[Bd^2+Lp^2]    ||D||^2
  LPO      55.25331   135    0.74669     56.00000     56.00000       56.000       109.0240      112.0000


                          * * *                                         

Creating CLPOs (Chemist's Localized Property-optimized Orbitals)


Optimizing CLPOs...
Finding an optimal hybrid pairing...
    0    1    2    3    4    5    6    7    8    9   10   11   12   13   14   15   16   17   18   19   20   21   22   23   24   25   26   27   28   29   30   31   32   33   34   35   36   37   38   39   40   41   42   43   44   45   46   47   48   49   50   51   52   53   54   55   56   57   58   59   60   61   62   63   64   65   66   67   68   69   70   71   72   73   74   75   76   77   78   79   80   81   82   83   84   85   86   87   88   89   90   91   92   93   94   95   96   97   98   99  100  101  102  103  104  105  106  107  108  109  110  111  112  113  114  115  116  117  118  119  120  121  122  123  124  125  126  127  128  129  130  131  132  133  134  135  136  137  138  139  140  141  142  143  144  145  146  147  148  149  150  151  152  153  154  155  156  157  158  159  160  161  162  163  164  165  166  167  168  169  170  171  172  173  174  175  176  177  178  179  180  181  182  183  184  185  186  187  188  189  190  191  192  193  194  195  196  197  198  199  200  201  202  203  204  205  206  207  208  209  210  211  212  213  214  215  216  217  218  219  220  221  222  223  224  225  226  227  228  229  230  231  232  233  234  235  236  237  238  239  240  241  242  243  244  245  246  247  248  249  250  251  252  253  254  255  256  257  258  259  260  261  262  263  264  265  266  267  268  269  270  271  272  273  274  275  276  277  278  279  280  281  282  283  284  285  286  287  288  289  290  291  292  293  294  295  296  297  298  299  300  301  302  303  304  305  306  307  308  309  310  311  312  313  314  315  316  317  318  319  320  321  322  323  324  325  326  327  328  329  330  331  332  333  334  335  336  337  338  339  340  341  342  343  344  345  346  347  348  349  350  351  352  353  354  355  356  357  358  359  360  361  362  363  364  365  366  367  368  369  370  371  372  373  374  375  376  377  378  379  380  381  382  383  384  385  386  387  388  389  390  391  392  393  394  395  396  397  398  399  400  401  402  403  404  405  406  407  408  409  410  411  412  413  414  415  416  417  418  419  420  421  422  423  424  425  426  427  428  429  430  431  432  433  434  435  436  437  438  439  440  441  442  443  444  445  446  447  448  449  450  451  452  453  454  455  456  457  458  459  460  461  462  463  464  465  466  467  468  469  470  471  472  473  474  475  476  477  478  479  480  481  482  483  484  485  486  487  488  489  490  491  492  493  494  495  496  497  498  499  500  501  502  503  504  505  506  507  508  509  510  511  512  513  514  515  516  517  518  519  520  521  522  523  524  525  526  527  528  529  530  531  532  533  534  535  536  537  538  539  540  541
  271  272  273  267  275  276  277  278  279  280  281  219  225   44  285  286  287  288  289  290  291  292  293  294  295  296  297  298  299  300  301  302  303  304   65  306  307  308  309  310  311  312  231  237   13  316  317  318  319  320  321  322  323  324  325  326  327  328  329  330  331  332  333  334  335   34  337  338  339  340  341  342  343  243  249  106  347  348  349  350  351  352  353  354  355  356  357  358  359  360  361  362  363  364  365  366  127  368  369  370  371  372  373  374  255  261   75  378  379  380  381  382  383  384  385  386  387  388  389  390  391  392  393  394  395  396  397   96  399  400  401  402  403  404  405  166  167  199  409  410  411  412  413  414  415  416  417  418  419  420  421  422  423  424  425  426  427  428  429  430  431  432  433  434  435  436  135  136  439  440  441  442  443  444  445  446  447  448  449  450  451  452  453  454  455  456  457  458  459  460  461  462  463  464  465  466  467  468  469  137  471  472  473  474  475  476  477  478  479  480  481  482  483  484  485  486  487  488  489   11  491  492  493  494  495   12  497  498  499  500  501   42  503  504  505  506  507   43  509  510  511  512  513   73  515  516  517  518  519   74  521  522  523  524  525  104  527  528  529  530  531  105  533  534  535  536  537    3  539  540  541    0    1    2   -1    4    5    6    7    8    9   10   -1   -1   -1   14   15   16   17   18   19   20   21   22   23   24   25   26   27   28   29   30   31   32   33   -1   35   36   37   38   39   40   41   -1   -1   -1   45   46   47   48   49   50   51   52   53   54   55   56   57   58   59   60   61   62   63   64   -1   66   67   68   69   70   71   72   -1   -1   -1   76   77   78   79   80   81   82   83   84   85   86   87   88   89   90   91   92   93   94   95   -1   97   98   99  100  101  102  103   -1   -1   -1  107  108  109  110  111  112  113  114  115  116  117  118  119  120  121  122  123  124  125  126   -1  128  129  130  131  132  133  134   -1   -1   -1  138  139  140  141  142  143  144  145  146  147  148  149  150  151  152  153  154  155  156  157  158  159  160  161  162  163  164  165   -1   -1  168  169  170  171  172  173  174  175  176  177  178  179  180  181  182  183  184  185  186  187  188  189  190  191  192  193  194  195  196  197  198   -1  200  201  202  203  204  205  206  207  208  209  210  211  212  213  214  215  216  217  218   -1  220  221  222  223  224   -1  226  227  228  229  230   -1  232  233  234  235  236   -1  238  239  240  241  242   -1  244  245  246  247  248   -1  250  251  252  253  254   -1  256  257  258  259  260   -1  262  263  264  265  266   -1  268  269  270
CLPO iteration  1: hybrids reconnected, target function =  108.8522079
Iterative optimization of atomic hybrids
           Target                 Total        max.atomic       Total        max.atomic     Nxt.step
  Itr.    function    new-old  ||Unew-U||^2   ||unew-u||^2   ||Dnew-D||^2   ||dnew-d||^2     lambda 
    1     108.8522   +1.1e+02    6.921857      0.0512143      0.09653        0.0865783       (none)
    2     108.8646   +1.2e-02    5.031480      0.0585513      0.01402        0.0097363       (none)
    3     108.8647   +5.5e-05    3.558024      0.0458792      0.00592        0.0032788       (none)
    4     108.8647   +7.8e-06    << Converged! (threshold = 1.00e-05) >>
Optimization of hybrids finished
CLPO iteration  1: hybrids optimized, target function =  108.8646601
Finding an optimal hybrid pairing...
    0    1    2    3    4    5    6    7    8    9   10   11   12   13   14   15   16   17   18   19   20   21   22   23   24   25   26   27   28   29   30   31   32   33   34   35   36   37   38   39   40   41   42   43   44   45   46   47   48   49   50   51   52   53   54   55   56   57   58   59   60   61   62   63   64   65   66   67   68   69   70   71   72   73   74   75   76   77   78   79   80   81   82   83   84   85   86   87   88   89   90   91   92   93   94   95   96   97   98   99  100  101  102  103  104  105  106  107  108  109  110  111  112  113  114  115  116  117  118  119  120  121  122  123  124  125  126  127  128  129  130  131  132  133  134  135  136  137  138  139  140  141  142  143  144  145  146  147  148  149  150  151  152  153  154  155  156  157  158  159  160  161  162  163  164  165  166  167  168  169  170  171  172  173  174  175  176  177  178  179  180  181  182  183  184  185  186  187  188  189  190  191  192  193  194  195  196  197  198  199  200  201  202  203  204  205  206  207  208  209  210  211  212  213  214  215  216  217  218  219  220  221  222  223  224  225  226  227  228  229  230  231  232  233  234  235  236  237  238  239  240  241  242  243  244  245  246  247  248  249  250  251  252  253  254  255  256  257  258  259  260  261  262  263  264  265  266  267  268  269  270  271  272  273  274  275  276  277  278  279  280  281  282  283  284  285  286  287  288  289  290  291  292  293  294  295  296  297  298  299  300  301  302  303  304  305  306  307  308  309  310  311  312  313  314  315  316  317  318  319  320  321  322  323  324  325  326  327  328  329  330  331  332  333  334  335  336  337  338  339  340  341  342  343  344  345  346  347  348  349  350  351  352  353  354  355  356  357  358  359  360  361  362  363  364  365  366  367  368  369  370  371  372  373  374  375  376  377  378  379  380  381  382  383  384  385  386  387  388  389  390  391  392  393  394  395  396  397  398  399  400  401  402  403  404  405  406  407  408  409  410  411  412  413  414  415  416  417  418  419  420  421  422  423  424  425  426  427  428  429  430  431  432  433  434  435  436  437  438  439  440  441  442  443  444  445  446  447  448  449  450  451  452  453  454  455  456  457  458  459  460  461  462  463  464  465  466  467  468  469  470  471  472  473  474  475  476  477  478  479  480  481  482  483  484  485  486  487  488  489  490  491  492  493  494  495  496  497  498  499  500  501  502  503  504  505  506  507  508  509  510  511  512  513  514  515  516  517  518  519  520  521  522  523  524  525  526  527  528  529  530  531  532  533  534  535  536  537  538  539  540  541
  271  272  273  267  275  276  277  278  279  280  281  219  225   44  285  286  287  288  289  290  291  292  293  294  295  296  297  298  299  300  301  302  303  304   65  306  307  308  309  310  311  312  231  237   13  316  317  318  319  320  321  322  323  324  325  326  327  328  329  330  331  332  333  334  335   34  337  338  339  340  341  342  343  243  249  106  347  348  349  350  351  352  353  354  355  356  357  358  359  360  361  362  363  364  365  366  127  368  369  370  371  372  373  374  255  261   75  378  379  380  381  382  383  384  385  386  387  388  389  390  391  392  393  394  395  396  397   96  399  400  401  402  403  404  405  166  167  199  409  410  411  412  413  414  415  416  417  418  419  420  421  422  423  424  425  426  427  428  429  430  431  432  433  434  435  436  135  136  439  440  441  442  443  444  445  446  447  448  449  450  451  452  453  454  455  456  457  458  459  460  461  462  463  464  465  466  467  468  469  137  471  472  473  474  475  476  477  478  479  480  481  482  483  484  485  486  487  488  489   11  491  492  493  494  495   12  497  498  499  500  501   42  503  504  505  506  507   43  509  510  511  512  513   73  515  516  517  518  519   74  521  522  523  524  525  104  527  528  529  530  531  105  533  534  535  536  537    3  539  540  541    0    1    2   -1    4    5    6    7    8    9   10   -1   -1   -1   14   15   16   17   18   19   20   21   22   23   24   25   26   27   28   29   30   31   32   33   -1   35   36   37   38   39   40   41   -1   -1   -1   45   46   47   48   49   50   51   52   53   54   55   56   57   58   59   60   61   62   63   64   -1   66   67   68   69   70   71   72   -1   -1   -1   76   77   78   79   80   81   82   83   84   85   86   87   88   89   90   91   92   93   94   95   -1   97   98   99  100  101  102  103   -1   -1   -1  107  108  109  110  111  112  113  114  115  116  117  118  119  120  121  122  123  124  125  126   -1  128  129  130  131  132  133  134   -1   -1   -1  138  139  140  141  142  143  144  145  146  147  148  149  150  151  152  153  154  155  156  157  158  159  160  161  162  163  164  165   -1   -1  168  169  170  171  172  173  174  175  176  177  178  179  180  181  182  183  184  185  186  187  188  189  190  191  192  193  194  195  196  197  198   -1  200  201  202  203  204  205  206  207  208  209  210  211  212  213  214  215  216  217  218   -1  220  221  222  223  224   -1  226  227  228  229  230   -1  232  233  234  235  236   -1  238  239  240  241  242   -1  244  245  246  247  248   -1  250  251  252  253  254   -1  256  257  258  259  260   -1  262  263  264  265  266   -1  268  269  270
CLPO iteration  2: hybrids reconnected, target function =  108.8646601
Done! (in 1 iterations)


*** Summary of CLPO results

  CLPO	         D e s c r i p t i o n     	Occupancy	Composition
    4	(BD) N1-H16, Io = 0.4629           	1.99234  	h4@N1 * ( 0.8552) + h268@H16 * ( 0.5182)	
    5	     N1-H16, antibonding (NB)      	  0.00647	h4@N1 * ( 0.5182) + h268@H16 * (-0.8552)	
    6	(LP)  N1                           	1.99964  	1.0 * h5@N1
   11	                            N1 (RY)	  0.00126	1.0 * h10@N1
   13	(BD) N1-H8, Io = 0.4576            	1.99230  	h12@N1 * ( 0.8537) + h220@H8 * ( 0.5208)	
   14	     N1-H8, antibonding (NB)       	  0.00855	h12@N1 * ( 0.5208) + h220@H8 * (-0.8537)	
   15	(BD) N1-H9, Io = 0.4604            	1.99334  	h13@N1 * ( 0.8545) + h226@H9 * ( 0.5194)	
   16	     N1-H9, antibonding (NB)       	  0.00878	h13@N1 * ( 0.5194) + h226@H9 * (-0.8545)	
   17	(BD) N1-C2, Io = 0.2714            	1.99566  	h14@N1 * ( 0.7973) + h45@C2 * (-0.6036)	
   18	     N1-C2, antibonding (NB)       	  0.01313	h14@N1 * (-0.6036) + h45@C2 * (-0.7973)	
   38	                            C2 (RY)	  0.00126	1.0 * h34@C2
   39	(BD) C2-C3, Io = 0.0359            	1.98621  	h35@C2 * ( 0.7197) + h66@C3 * ( 0.6943)	
   40	     C2-C3, antibonding (NB)       	  0.01379	h35@C2 * ( 0.6943) + h66@C3 * (-0.7197)	
   41	(LP)  C2                           	1.99951  	1.0 * h36@C2
   45	                            C2 (RY)	  0.00130	1.0 * h40@C2
   47	                            C2 (RY)	  0.00156	1.0 * h42@C2
   48	(BD) C2-H10, Io = 0.2236           	1.98339  	h43@C2 * ( 0.7822) + h232@H10 * (-0.6231)	
   49	     C2-H10, antibonding (NB)      	  0.01505	h43@C2 * (-0.6231) + h232@H10 * (-0.7822)	
   50	(BD) C2-H11, Io = 0.2203           	1.98222  	h44@C2 * ( 0.7811) + h238@H11 * (-0.6244)	
   51	     C2-H11, antibonding (NB)      	  0.01490	h44@C2 * (-0.6244) + h238@H11 * (-0.7811)	
   72	(LP)  C3                           	1.99945  	1.0 * h67@C3
   76	                            C3 (RY)	  0.00158	1.0 * h71@C3
   77	                            C3 (RY)	  0.00245	1.0 * h72@C3
   78	                            C3 (RY)	  0.00208	1.0 * h73@C3
   79	(BD) C3-H12, Io = 0.2142           	1.97952  	h74@C3 * ( 0.7792) + h244@H12 * ( 0.6268)	
   80	     C3-H12, antibonding (NB)      	  0.01534	h74@C3 * ( 0.6268) + h244@H12 * (-0.7792)	
   81	(BD) C3-H13, Io = 0.2110           	1.98080  	h75@C3 * ( 0.7781) + h250@H13 * ( 0.6281)	
   82	     C3-H13, antibonding (NB)      	  0.01469	h75@C3 * ( 0.6281) + h250@H13 * (-0.7781)	
   83	(BD) C3-C4, Io = 0.0158            	1.98232  	h76@C3 * ( 0.7127) + h107@C4 * (-0.7015)	
   84	     C3-C4, antibonding (NB)       	  0.01157	h76@C3 * (-0.7015) + h107@C4 * (-0.7127)	
  104	                            C4 (RY)	  0.00210	1.0 * h96@C4
  105	(BD) C4-C5, Io = 0.0765            	1.98892  	h97@C4 * ( 0.7337) + h128@C5 * ( 0.6795)	
  106	     C4-C5, antibonding (NB)       	  0.08964	h97@C4 * ( 0.6795) + h128@C5 * (-0.7337)	
  107	(LP)  C4                           	1.99929  	1.0 * h98@C4
  111	                            C4 (RY)	  0.00109	1.0 * h102@C4
  113	                            C4 (RY)	  0.00293	1.0 * h104@C4
  114	(BD) C4-H14, Io = 0.2147           	1.97426  	h105@C4 * ( 0.7793) + h256@H14 * (-0.6266)	
  115	     C4-H14, antibonding (NB)      	  0.01308	h105@C4 * (-0.6266) + h256@H14 * (-0.7793)	
  116	(BD) C4-H15, Io = 0.2132           	1.96851  	h106@C4 * ( 0.7788) + h262@H15 * (-0.6272)	
  117	     C4-H15, antibonding (NB)      	  0.01324	h106@C4 * (-0.6272) + h262@H15 * (-0.7788)	
  125	                            C4 (RY)	  0.00113	1.0 * h115@C4
  136	                            C5 (RY)	  0.00197	1.0 * h126@C5
  138	(LP)  C5                           	1.99961  	1.0 * h129@C5
  142	                            C5 (RY)	  0.01890	1.0 * h133@C5
  144	                            C5 (RY)	  0.01761	1.0 * h135@C5
  145	(BD) C5-O6, Io = 0.2905            	1.99739  	h136@C5 * (-0.5956) + h167@O6 * ( 0.8033)	
  146	     C5-O6, antibonding (NB)       	  0.05393	h136@C5 * (-0.8033) + h167@O6 * (-0.5956)	
  147	(BD) C5-O6, Io = 0.5355            	1.99170  	h137@C5 * ( 0.4819) + h168@O6 * ( 0.8762)	
  148	     C5-O6, antibonding (NB)       	  0.38803	h137@C5 * (-0.8762) + h168@O6 * ( 0.4819)	
  149	(BD) C5-O7, Io = 0.2866            	1.99655  	h138@C5 * (-0.5972) + h200@O7 * ( 0.8021)	
  150	     C5-O7, antibonding (NB)       	  0.05187	h138@C5 * (-0.8021) + h200@O7 * (-0.5972)	
  156	                            C5 (RY)	  0.00209	1.0 * h144@C5
  158	                            C5 (RY)	  0.00485	1.0 * h146@C5
  171	(LP)  O6                           	1.97781  	1.0 * h159@O6
  172	(LP)  O6                           	1.99992  	1.0 * h160@O6
  177	                            O6 (RY)	  0.00113	1.0 * h165@O6
  178	                            O6 (RY)	  0.00244	1.0 * h166@O6
  179	(LP)  O6                           	1.89968  	1.0 * h169@O6
  200	(LP)  O7                           	1.90238  	1.0 * h190@O7
  201	(LP)  O7                           	1.99993  	1.0 * h191@O7
  205	                            O7 (RY)	  0.00247	1.0 * h195@O7
  206	                            O7 (RY)	  0.00106	1.0 * h196@O7
  208	(LP)  O7                           	1.97822  	1.0 * h198@O7
  209	(LP)  O7                           	1.63580  	1.0 * h199@O7
  248	                           H12 (RY)	  0.00154	1.0 * h243@H12
  253	                           H13 (RY)	  0.00104	1.0 * h249@H13

Note: 205 one-center RY orbitals, each having occupancy below 1.00e-03,
      were not printed (use the program option -RyOccPrintThreshold to change this behavior)
      Total occupancy of these RY orbitals is 0.01741


Number of two-center(2C) BD orbitals for each pair of atoms
Centr. A/B         1         2         3         4         5         6         7         8         9        10        11        12        13        14        15        16
      1    (      4)         1         0         0         0         0         0         1         1         0         0         0         0         0         0         1
      2              (      4)         1         0         0         0         0         0         0         1         1         0         0         0         0         0
      3                        (      4)         1         0         0         0         0         0         0         0         1         1         0         0         0
      4                                  (      4)         1         0         0         0         0         0         0         0         0         1         1         0
      5                                            (      4)         2         1         0         0         0         0         0         0         0         0         0
      6                                                      (      2)         0         0         0         0         0         0         0         0         0         0
      7                                                                (      1)         0         0         0         0         0         0         0         0         0
      8                                                                          (      1)         0         0         0         0         0         0         0         0
      9                                                                                    (      1)         0         0         0         0         0         0         0
     10                                                                                              (      1)         0         0         0         0         0         0
     11                                                                                                        (      1)         0         0         0         0         0
     12                                                                                                                  (      1)         0         0         0         0
     13                                                                                                                            (      1)         0         0         0
     14                                                                                                                                      (      1)         0         0
     15                                                                                                                                                (      1)         0
     16                                                                                                                                                          (      1)
VAL: 	  N 	 4 
VAL: 	  C 	 4 
VAL: 	  C 	 4 
VAL: 	  C 	 4 
VAL: 	  C 	 4 
VAL: 	  O 	 2 
VAL: 	  O 	 1 
VAL: 	  H 	 1 
VAL: 	  H 	 1 
VAL: 	  H 	 1 
VAL: 	  H 	 1 
VAL: 	  H 	 1 
VAL: 	  H 	 1 
VAL: 	  H 	 1 
VAL: 	  H 	 1 
VAL: 	  H 	 1 

>> CLPO occupancy summary >>
       bonding (BD):     31.78544 in   16 oribtals
  anti-bonding (NB):      0.73206 in   16 oribtals
 1c-lone pairs (LP):     23.39126 in   12 oribtals
 1c-unoccupied (RY):      0.09124 in  227 oribtals

Method        BD+LP....in      NB+RY     BD+NB+LP  BD+NB+LP+RY      trace(D)   Sum[Bd^2+Lp^2]    ||D||^2
  CLPO     55.17669    28    0.82331     55.90876     56.00000       56.000       108.8639      112.0000

                          * * *                                         

Atomic connectivity analysis based on CLPO bonding graph:

There are 1 molecule(s) in the system
(the 'molecule' is defined as the set of atoms linked with BD orbitals)

Molecule   TotalNPA    NumberOf   ListOf 
id         charge      atoms      atoms...
   1       +0.00000       16      N1 C2 C3 C4 C5 O6 O7 H8 H9 H10 H11 H12 H13 H14 H15 H16

Note: The total NPA charge is computed as the sum of NPA charge of atoms belonging to each molecule

                          * * *                                         

Approximate charge transfer analysis in CLPO basis
NOTE: this is an experimental feature AND IS SUBJECT TO CHANGE!
 We expect to have the underlying theory published soon...

Threshold for printing: 0.01000 

IntrAfragment charge transfers (conjugation analysis, etc.)
CT within fragment 1

 orb.num.   description  occup.  -->  charge, e  -->   occup.   description  orb.num.
   116       C4-H15:BD   1.9685  -->   0.01520   -->   0.3880         C5-O6:NB   148
   171           O6:LP   1.9778  -->   0.01259   -->   0.0189            C5:RY   142
   179           O6:LP   1.8997  -->   0.04101   -->   0.0896         C4-C5:NB   106
   179           O6:LP   1.8997  -->   0.04474   -->   0.0519         C5-O7:NB   150
   200           O7:LP   1.9024  -->   0.03316   -->   0.0896         C4-C5:NB   106
   200           O7:LP   1.9024  -->   0.04527   -->   0.0539         C5-O6:NB   146
   208           O7:LP   1.9782  -->   0.01232   -->   0.0176            C5:RY   144
   209           O7:LP   1.6358  -->   0.34979   -->   0.3880         C5-O6:NB   148

6796 orbital pairs with total charge transfer of 0.25204 were not printed


IntErfragment charge transfers (donor-acceptor analysis, etc.)

Inter-molecular charge transfer summary (NEW):
Mol  Accepted -Donated  =  got_electrons
  1  +0.00000 -0.00000  =   +0.00000

                          * * *                                         



0 warning(s)

Total run time: 0 min, 2.0 sec


                          * * *                                         

