 * * * * * * * * * * * * * * * * * * * * * * * * * * * * * * * * * * * *
 *    janpa: A cross-platform open-source implementation of NPA        * 
 *    and other electronic structure analysis methods with Java        * 
 *        A part of JANPA package,   http://janpa.sourceforge.net      * 
 *                    Version:    2.02 (13-01-2019)                    * 
 * * * * * * * * * * * * * * * * * * * * * * * * * * * * * * * * * * * *

 (c) Tymofii Nikolaienko, 2014-2019

 If any results obtained with this program are published,
 or for any other reasons, please, cite this work as: 
 1) T.Y.Nikolaienko, L.A.Bulavin; Int. J. Quantum Chem. (2019), 
    Vol.119, page e25798, DOI: 10.1002/qua.25798
 2) T.Y.Nikolaienko, L.A.Bulavin, D.M.Hovorun; Comput.Theor.Chem.(2014),
    Vol.1050, pages 15-22, DOI: 10.1016/j.comptc.2014.10.002

                          * * *                                         

Settings used in this run:

 -i: input_janpa.molden
 -npacharges: (empty)
 -NAO_Molden_File: (empty)
 -LHO_Molden_File: (empty)
 -CLPO_Molden_File: (empty)
 -PrintGeom: false
 -WibergBondOrders_File: (empty)
 -D_Matrix_File: (empty)
 -S_Matrix_File: (empty)
 -SDS_Matrix_File: (empty)
 -PNAO_OverlapMatrix_File: (empty)
 -PNAO_SDS_Matrix_File: (empty)
 -NMB_old_Overlap_Matrix_File: (empty)
 -NMB_old_SDS_Matrix_File: (empty)
 -NRB_old_Overlap_Matrix_File: (empty)
 -NRB_new_Overlap_Matrix_File: (empty)
 -S_Matrix_after_ON2_File: (empty)
 -SDS_Matrix_after_ON2_File: (empty)
 -NRB_Overlap_after_OW_heavy_File: (empty)
 -NRB_Overlap_after_Schmidt2_File: (empty)
 -NRB_Overlap_after_OW2_final_File: (empty)
 -OW2_File: (empty)
 -S_Matrix_after_OW2_File: (empty)
 -SDS_Matrix_after_OW2_File: (empty)
 -SDS_NAO_File: (empty)
 -NAO2AO_File: (empty)
 -PNAO2AO_File: (empty)
 -CLPO2LHO_File: (empty)
 -LHO2NAO_File: (empty)
 -LPO2AHO_File: (empty)
 -AHO2NAO_File: (empty)
 -doFock: false
 -Fock_AO_File: (empty)
 -Fock_NAO_File: (empty)
 -printnmbfock: false
 -PNAO_Molden_File: (empty)
 -AHO_Molden_File: (empty)
 -LPO_Molden_File: (empty)
 -MatrixMaxValuesPerLine: 0
 -MatrixFloatNumberFormat: %.5f
 -maximumBondIonicity: 9.00E-01
 -RyOccPrintThreshold: 1.00E-03
 -HybrOptOccConvThresh: 1.00E-05
 -HybrOptMaxIter: 1000
 -verboseprint: false
 -directNRBwsw: false
 -heavyNRBthreshold: 1.00E-04
 -overlap_straightforward: false
 -p: (empty)

                          * * *                                         

Loading MOLDEN from input_janpa.molden
Basis functions are spherical: true
Total number of basis functions: 228
Total number of different contractions (radial parts): 94
Highest angular momentum: f (Lmax = 3)
Total number of MO: 228

Data loaded successfully
 Number of basis functions: 228; number of molecular orbitals: 228 

Building overlap S and dipole matrices...
Overlap & dipole integrals evaluated in 0.025 seconds
Checking whether the basis functions are unity-normalized...
 Maximum deviation of the basis function norm2 from unity: BFN 17 (0-based num.), max|norm2-1| = 1.000E-09 
Checking for the eigenvalues (linear (in)dependency) of the basis function overlap matrix...
The smallest eigenvalue of the basis function overlap matrix: 1.934E-04 
Checking whether the orbitals are unity-normalized...
Checking MO overlap matrix...
 Maximum of MO |norm2-1|: 1.472E-09 (MO   34)
 Maximum absolute value of off-diagonal MO overlap element: 4.189E-09 (< MO   11 | MO   68 >)
First-order reduced density matrix is OK.

Building density matrix D... done.
Building D.S... done.
Total number of electrons: 48.000000
Sum of electrons charges and the nuclei charges: 0.00000 

Performing Mulliken and Lowdin population analyses...
   Atom	Mulliken  	Lowdin    	Mulliken	Lowdin
       	Population	Population	Charge  	Charge
     H1	 0.84762	 0.85130	 0.15238	 0.14870
     C2	 6.10010	 6.25427	-0.10010	-0.25427
     H3	 0.66181	 0.76350	 0.33819	 0.23650
     H4	 0.84185	 0.85420	 0.15815	 0.14580
     N5	 7.26459	 6.81389	-0.26459	 0.18611
     H6	 0.88007	 0.84699	 0.11993	 0.15301
     C7	 6.24620	 6.25194	-0.24620	-0.25194
     O8	 8.55587	 8.11080	-0.55587	-0.11080
     C9	 5.77238	 6.68833	 0.22762	-0.68833
    H10	 0.68928	 0.78267	 0.31072	 0.21733
    O11	 8.60081	 8.16953	-0.60081	-0.16953
    H12	 0.66665	 0.76814	 0.33335	 0.23186
    H13	 0.87276	 0.84444	 0.12724	 0.15556

Building S.D.S... done.

                          * * *                                         

Creating NAOs


STEP 1. Produce PNAOs

 Total number of natural functions produced: 228
Sorting PNAOs...

STEP 2. Split PNAOs into NMB / NRB sets

 Number of basis functions in teh Natural Minimal Basis (NMB) set for each center: 
center   1:   1 of s |  0 of p |  0 of d |  0 of f |  0 of g |
center   2:   2 of s |  3 of p |  0 of d |  0 of f |  0 of g |
center   3:   1 of s |  0 of p |  0 of d |  0 of f |  0 of g |
center   4:   1 of s |  0 of p |  0 of d |  0 of f |  0 of g |
center   5:   2 of s |  3 of p |  0 of d |  0 of f |  0 of g |
center   6:   1 of s |  0 of p |  0 of d |  0 of f |  0 of g |
center   7:   2 of s |  3 of p |  0 of d |  0 of f |  0 of g |
center   8:   2 of s |  3 of p |  0 of d |  0 of f |  0 of g |
center   9:   2 of s |  3 of p |  0 of d |  0 of f |  0 of g |
center  10:   1 of s |  0 of p |  0 of d |  0 of f |  0 of g |
center  11:   2 of s |  3 of p |  0 of d |  0 of f |  0 of g |
center  12:   1 of s |  0 of p |  0 of d |  0 of f |  0 of g |
center  13:   1 of s |  0 of p |  0 of d |  0 of f |  0 of g |
In total: NMB set has 37 functions, NRB set has 191 functions; 

Trace of the PNAO overlap matrix: 228.0000000 (should be equal to 228, the total number of PNAOs)
 The trace of SDS matrix in PNAO basis = 95.72198202035113

STEP 3. Weighted orthogonalization of NMB PNAOs

 min weight of NMB PNAO = 1.4374234862882993

STEP 4. Schmidt orthogonalization of NRBs to new NMBs


STEP 5. Intracenter naturalization of new NRBs

 Total number of natural functions produced: 191

STEP 6. Weighted orthogonalization of naturalized NRBs

Maximum weight of NRB function = 8.70010E-02
 min weight = 8.01139913677693E-7
 |S_NRB - 1| = 5.11624E-12 (Should be VERY close to zero!)

STEP 7. Final Intracenter Natural Transformation withing the full set of functions

 Total number of natural functions produced: 228
 SQRT{ SUM[(NaoOverlap_ij - delta_ij)^2] } = 4.82e-12 (should be VERY close to zero) 
 max_offdiag = 4.86e-13 (should be VERY close to zero) 
                          * * *                                         

 Final NAO occupancies and leading AO terms:

NAO #                 Name  Occupancy                             Leading term
    1         A1*: R1*s(0)  0.0000889              (-3.96)*BF[3 = A1: R3*s(0)]
    2         A1*: R2*s(0)  0.0010809              (-4.36)*BF[3 = A1: R3*s(0)]
    3          A1: R3*s(0)  0.7737870               (0.89)*BF[2 = A1: R2*s(0)]
    4         A1*: R4*p(0)  0.0005727              (-4.70)*BF[2 = A1: R2*s(0)]
    5         A1*: R4*p(1)  0.0003185              (-3.21)*BF[2 = A1: R2*s(0)]
    6        A1*: R4*p(-1)  0.0001679             (-2.16)*BF[10 = A2: R8*s(0)]
    7         A2*: R5*s(0)  0.0000053             (10.09)*BF[11 = A2: R9*s(0)]
    8         A2*: R6*s(0)  0.0000821            (-38.38)*BF[11 = A2: R9*s(0)]
    9         A2*: R7*s(0)  0.0022066             (-9.04)*BF[11 = A2: R9*s(0)]
   10          A2: R8*s(0)  1.0455846              (0.76)*BF[10 = A2: R8*s(0)]
   11          A2: R9*s(0)  1.9993304               (0.63)*BF[8 = A2: R6*s(0)]
   12        A2*: R10*p(0)  0.0001250             (5.02)*BF[18 = A2: R12*p(0)]
   13        A2*: R10*p(1)  0.0001249             (8.97)*BF[19 = A2: R12*p(1)]
   14       A2*: R10*p(-1)  0.0001600            (5.14)*BF[20 = A2: R12*p(-1)]
   15        A2*: R11*p(0)  0.0015521            (-2.31)*BF[18 = A2: R12*p(0)]
   16        A2*: R11*p(1)  0.0028761            (-3.42)*BF[19 = A2: R12*p(1)]
   17       A2*: R11*p(-1)  0.0017903           (-2.57)*BF[20 = A2: R12*p(-1)]
   18         A2: R12*p(0)  0.9611945             (0.60)*BF[12 = A2: R10*p(0)]
   19         A2: R12*p(1)  1.2075536             (0.62)*BF[13 = A2: R10*p(1)]
   20        A2: R12*p(-1)  0.9828913            (0.62)*BF[14 = A2: R10*p(-1)]
   21        A2*: R13*d(0)  0.0002643             (1.99)*BF[26 = A2: R14*d(0)]
   22        A2*: R13*d(1)  0.0003429             (2.09)*BF[27 = A2: R14*d(1)]
   23       A2*: R13*d(-1)  0.0002513            (2.05)*BF[28 = A2: R14*d(-1)]
   24        A2*: R13*d(2)  0.0002305             (1.95)*BF[29 = A2: R14*d(2)]
   25       A2*: R13*d(-2)  0.0002006            (1.96)*BF[30 = A2: R14*d(-2)]
   26        A2*: R14*d(0)  0.0009407           (-12.00)*BF[90 = A7: R42*s(0)]
   27        A2*: R14*d(1)  0.0003986           (-6.16)*BF[17 = A2: R11*p(-1)]
   28       A2*: R14*d(-1)  0.0004547            (-3.20)*BF[90 = A7: R42*s(0)]
   29        A2*: R14*d(2)  0.0007924             (3.56)*BF[45 = A4: R21*s(0)]
   30       A2*: R14*d(-2)  0.0007292              (-3.94)*BF[2 = A1: R2*s(0)]
   31        A2*: R15*f(0)  0.0003333              (6.12)*BF[10 = A2: R8*s(0)]
   32        A2*: R15*f(1)  0.0001502             (-3.91)*BF[10 = A2: R8*s(0)]
   33       A2*: R15*f(-1)  0.0000746              (2.14)*BF[10 = A2: R8*s(0)]
   34        A2*: R15*f(2)  0.0000190             (1.99)*BF[53 = A5: R27*s(0)]
   35       A2*: R15*f(-2)  0.0000334            (1.37)*BF[35 = A2: R15*f(-2)]
   36        A2*: R15*f(3)  0.0001295             (-2.84)*BF[10 = A2: R8*s(0)]
   37       A2*: R15*f(-3)  0.0002309              (3.77)*BF[10 = A2: R8*s(0)]
   38        A3*: R16*s(0)  0.0001609            (-3.23)*BF[40 = A3: R18*s(0)]
   39        A3*: R17*s(0)  0.0003593            (-2.47)*BF[40 = A3: R18*s(0)]
   40         A3: R18*s(0)  0.5392312             (0.98)*BF[39 = A3: R17*s(0)]
   41        A3*: R19*p(0)  0.0001078             (1.56)*BF[41 = A3: R19*p(0)]
   42        A3*: R19*p(1)  0.0000638             (1.47)*BF[42 = A3: R19*p(1)]
   43       A3*: R19*p(-1)  0.0001110             (4.73)*BF[39 = A3: R17*s(0)]
   44        A4*: R20*s(0)  0.0000974            (-3.99)*BF[46 = A4: R22*s(0)]
   45        A4*: R21*s(0)  0.0006614            (-5.16)*BF[46 = A4: R22*s(0)]
   46         A4: R22*s(0)  0.7750393             (0.91)*BF[45 = A4: R21*s(0)]
   47        A4*: R23*p(0)  0.0001528            (-1.81)*BF[45 = A4: R21*s(0)]
   48        A4*: R23*p(1)  0.0007741             (5.44)*BF[45 = A4: R21*s(0)]
   49       A4*: R23*p(-1)  0.0001479             (-1.78)*BF[10 = A2: R8*s(0)]
   50        A5*: R24*s(0)  0.0000003            (-2.62)*BF[53 = A5: R27*s(0)]
   51        A5*: R25*s(0)  0.0000329           (-14.69)*BF[54 = A5: R28*s(0)]
   52        A5*: R26*s(0)  0.0002122            (-8.55)*BF[54 = A5: R28*s(0)]
   53         A5: R27*s(0)  1.3740967             (0.72)*BF[53 = A5: R27*s(0)]
   54         A5: R28*s(0)  1.9996208             (0.65)*BF[51 = A5: R25*s(0)]
   55        A5*: R29*p(0)  0.0000529             (5.12)*BF[58 = A5: R30*p(0)]
   56        A5*: R29*p(1)  0.0000087             (4.00)*BF[59 = A5: R30*p(1)]
   57       A5*: R29*p(-1)  0.0001093            (4.63)*BF[60 = A5: R30*p(-1)]
   58        A5*: R30*p(0)  0.0005913            (-2.97)*BF[61 = A5: R31*p(0)]
   59        A5*: R30*p(1)  0.0006578            (-2.73)*BF[62 = A5: R31*p(1)]
   60       A5*: R30*p(-1)  0.0011928           (-2.90)*BF[63 = A5: R31*p(-1)]
   61         A5: R31*p(0)  1.3827184             (0.58)*BF[55 = A5: R29*p(0)]
   62         A5: R31*p(1)  1.4575807             (0.57)*BF[56 = A5: R29*p(1)]
   63        A5: R31*p(-1)  1.4241682            (0.58)*BF[57 = A5: R29*p(-1)]
   64        A5*: R32*d(0)  0.0000470            (-1.25)*BF[64 = A5: R32*d(0)]
   65        A5*: R32*d(1)  0.0000157            (-1.25)*BF[65 = A5: R32*d(1)]
   66       A5*: R32*d(-1)  0.0000220           (-1.24)*BF[66 = A5: R32*d(-1)]
   67        A5*: R32*d(2)  0.0000200            (-1.25)*BF[67 = A5: R32*d(2)]
   68       A5*: R32*d(-2)  0.0000506           (-1.26)*BF[68 = A5: R32*d(-2)]
   69        A5*: R33*d(0)  0.0023276             (2.07)*BF[69 = A5: R33*d(0)]
   70        A5*: R33*d(1)  0.0029876             (-4.10)*BF[10 = A2: R8*s(0)]
   71       A5*: R33*d(-1)  0.0015768            (1.73)*BF[71 = A5: R33*d(-1)]
   72        A5*: R33*d(2)  0.0012829             (-2.51)*BF[10 = A2: R8*s(0)]
   73       A5*: R33*d(-2)  0.0032621            (2.34)*BF[73 = A5: R33*d(-2)]
   74        A5*: R34*f(0)  0.0001454            (-1.28)*BF[53 = A5: R27*s(0)]
   75        A5*: R34*f(1)  0.0001805             (1.48)*BF[53 = A5: R27*s(0)]
   76       A5*: R34*f(-1)  0.0000837            (1.18)*BF[76 = A5: R34*f(-1)]
   77        A5*: R34*f(2)  0.0000495             (1.15)*BF[77 = A5: R34*f(2)]
   78       A5*: R34*f(-2)  0.0001536            (-1.36)*BF[53 = A5: R27*s(0)]
   79        A5*: R34*f(3)  0.0001964             (1.54)*BF[53 = A5: R27*s(0)]
   80       A5*: R34*f(-3)  0.0000695            (1.17)*BF[80 = A5: R34*f(-3)]
   81        A6*: R35*s(0)  0.0000915            (-4.56)*BF[83 = A6: R37*s(0)]
   82        A6*: R36*s(0)  0.0006222            (-5.32)*BF[83 = A6: R37*s(0)]
   83         A6: R37*s(0)  0.7604217             (0.90)*BF[82 = A6: R36*s(0)]
   84        A6*: R38*p(0)  0.0003743            (-3.66)*BF[82 = A6: R36*s(0)]
   85        A6*: R38*p(1)  0.0002336             (3.20)*BF[82 = A6: R36*s(0)]
   86       A6*: R38*p(-1)  0.0003639             (3.36)*BF[90 = A7: R42*s(0)]
   87        A7*: R39*s(0)  0.0000064            (-5.68)*BF[90 = A7: R42*s(0)]
   88        A7*: R40*s(0)  0.0000648           (-40.44)*BF[91 = A7: R43*s(0)]
   89        A7*: R41*s(0)  0.0016364           (-16.10)*BF[91 = A7: R43*s(0)]
   90         A7: R42*s(0)  1.0906439             (0.76)*BF[90 = A7: R42*s(0)]
   91         A7: R43*s(0)  1.9992522             (0.63)*BF[88 = A7: R40*s(0)]
   92        A7*: R44*p(0)  0.0000537             (6.05)*BF[98 = A7: R46*p(0)]
   93        A7*: R44*p(1)  0.0002541            (-5.89)*BF[96 = A7: R45*p(1)]
   94       A7*: R44*p(-1)  0.0001566           (-6.14)*BF[97 = A7: R45*p(-1)]
   95        A7*: R45*p(0)  0.0007319            (-3.55)*BF[98 = A7: R46*p(0)]
   96        A7*: R45*p(1)  0.0016827            (-2.97)*BF[99 = A7: R46*p(1)]
   97       A7*: R45*p(-1)  0.0032680          (-3.36)*BF[100 = A7: R46*p(-1)]
   98         A7: R46*p(0)  1.2213389             (0.60)*BF[92 = A7: R44*p(0)]
   99         A7: R46*p(1)  1.1507838             (0.60)*BF[93 = A7: R44*p(1)]
  100        A7: R46*p(-1)  1.0520049            (0.62)*BF[94 = A7: R44*p(-1)]
  101        A7*: R47*d(0)  0.0000773            (2.30)*BF[97 = A7: R45*p(-1)]
  102        A7*: R47*d(1)  0.0001484            (1.47)*BF[107 = A7: R48*d(1)]
  103       A7*: R47*d(-1)  0.0002307            (-1.95)*BF[96 = A7: R45*p(1)]
  104        A7*: R47*d(2)  0.0000358           (-2.21)*BF[152 = A9: R64*s(0)]
  105       A7*: R47*d(-2)  0.0000541           (1.41)*BF[110 = A7: R48*d(-2)]
  106        A7*: R48*d(0)  0.0021711            (-12.08)*BF[10 = A2: R8*s(0)]
  107        A7*: R48*d(1)  0.0008186              (4.35)*BF[10 = A2: R8*s(0)]
  108       A7*: R48*d(-1)  0.0010581             (6.43)*BF[90 = A7: R42*s(0)]
  109        A7*: R48*d(2)  0.0025140            (9.78)*BF[152 = A9: R64*s(0)]
  110       A7*: R48*d(-2)  0.0006644             (2.93)*BF[82 = A6: R36*s(0)]
  111        A7*: R49*f(0)  0.0005399            (-6.29)*BF[90 = A7: R42*s(0)]
  112        A7*: R49*f(1)  0.0001567             (3.00)*BF[90 = A7: R42*s(0)]
  113       A7*: R49*f(-1)  0.0001290            (-2.32)*BF[90 = A7: R42*s(0)]
  114        A7*: R49*f(2)  0.0000770            (1.94)*BF[152 = A9: R64*s(0)]
  115       A7*: R49*f(-2)  0.0000487             (1.42)*BF[82 = A6: R36*s(0)]
  116        A7*: R49*f(3)  0.0000497            (1.31)*BF[116 = A7: R49*f(3)]
  117       A7*: R49*f(-3)  0.0003779            (-5.13)*BF[90 = A7: R42*s(0)]
  118        A8*: R50*s(0)  0.0000004            (1.76)*BF[152 = A9: R64*s(0)]
  119        A8*: R51*s(0)  0.0002148           (-9.12)*BF[152 = A9: R64*s(0)]
  120        A8*: R52*s(0)  0.0004787           (-7.14)*BF[122 = A8: R54*s(0)]
  121         A8: R53*s(0)  1.7192631            (0.59)*BF[121 = A8: R53*s(0)]
  122         A8: R54*s(0)  1.9997618            (0.66)*BF[119 = A8: R51*s(0)]
  123        A8*: R55*p(0)  0.0000413            (2.19)*BF[126 = A8: R56*p(0)]
  124        A8*: R55*p(1)  0.0000994            (4.75)*BF[152 = A9: R64*s(0)]
  125       A8*: R55*p(-1)  0.0000648           (-4.55)*BF[152 = A9: R64*s(0)]
  126        A8*: R56*p(0)  0.0011121           (-1.75)*BF[129 = A8: R57*p(0)]
  127        A8*: R56*p(1)  0.0015064           (-3.21)*BF[152 = A9: R64*s(0)]
  128       A8*: R56*p(-1)  0.0022120          (-2.39)*BF[131 = A8: R57*p(-1)]
  129         A8: R57*p(0)  1.6139556            (0.50)*BF[123 = A8: R55*p(0)]
  130         A8: R57*p(1)  1.6938825            (0.54)*BF[124 = A8: R55*p(1)]
  131        A8: R57*p(-1)  1.7519838           (0.53)*BF[125 = A8: R55*p(-1)]
  132        A8*: R58*d(0)  0.0000129            (-1.54)*BF[91 = A7: R43*s(0)]
  133        A8*: R58*d(1)  0.0000069           (-1.19)*BF[133 = A8: R58*d(1)]
  134       A8*: R58*d(-1)  0.0000031           (-3.10)*BF[152 = A9: R64*s(0)]
  135        A8*: R58*d(2)  0.0000059            (1.58)*BF[121 = A8: R53*s(0)]
  136       A8*: R58*d(-2)  0.0000175          (-1.20)*BF[136 = A8: R58*d(-2)]
  137        A8*: R59*d(0)  0.0021346            (1.38)*BF[137 = A8: R59*d(0)]
  138        A8*: R59*d(1)  0.0013678            (1.18)*BF[138 = A8: R59*d(1)]
  139       A8*: R59*d(-1)  0.0061150            (1.93)*BF[152 = A9: R64*s(0)]
  140        A8*: R59*d(2)  0.0026342            (1.47)*BF[152 = A9: R64*s(0)]
  141       A8*: R59*d(-2)  0.0028303           (1.22)*BF[141 = A8: R59*d(-2)]
  142        A8*: R60*f(0)  0.0000544            (1.09)*BF[142 = A8: R60*f(0)]
  143        A8*: R60*f(1)  0.0000080            (1.04)*BF[143 = A8: R60*f(1)]
  144       A8*: R60*f(-1)  0.0001203           (1.16)*BF[144 = A8: R60*f(-1)]
  145        A8*: R60*f(2)  0.0000780            (1.10)*BF[145 = A8: R60*f(2)]
  146       A8*: R60*f(-2)  0.0000926           (1.10)*BF[146 = A8: R60*f(-2)]
  147        A8*: R60*f(3)  0.0000361            (1.07)*BF[147 = A8: R60*f(3)]
  148       A8*: R60*f(-3)  0.0000270           (1.07)*BF[148 = A8: R60*f(-3)]
  149        A9*: R61*s(0)  0.0000028             (9.09)*BF[91 = A7: R43*s(0)]
  150        A9*: R62*s(0)  0.0005263           (16.21)*BF[153 = A9: R65*s(0)]
  151        A9*: R63*s(0)  0.0075576           (-7.92)*BF[152 = A9: R64*s(0)]
  152         A9: R64*s(0)  0.7948074            (1.11)*BF[152 = A9: R64*s(0)]
  153         A9: R65*s(0)  1.9995509           (-0.63)*BF[150 = A9: R62*s(0)]
  154        A9*: R66*p(0)  0.0003361            (-3.79)*BF[98 = A7: R46*p(0)]
  155        A9*: R66*p(1)  0.0003587            (11.50)*BF[91 = A7: R43*s(0)]
  156       A9*: R66*p(-1)  0.0002238           (8.41)*BF[162 = A9: R68*p(-1)]
  157        A9*: R67*p(0)  0.0026342           (-1.44)*BF[160 = A9: R68*p(0)]
  158        A9*: R67*p(1)  0.0133330           (-3.27)*BF[161 = A9: R68*p(1)]
  159       A9*: R67*p(-1)  0.0192166          (-2.78)*BF[162 = A9: R68*p(-1)]
  160         A9: R68*p(0)  0.7626392            (0.59)*BF[154 = A9: R66*p(0)]
  161         A9: R68*p(1)  0.8777904            (0.72)*BF[155 = A9: R66*p(1)]
  162        A9: R68*p(-1)  0.7790880           (0.71)*BF[156 = A9: R66*p(-1)]
  163        A9*: R69*d(0)  0.0003858           (-5.09)*BF[168 = A9: R70*d(0)]
  164        A9*: R69*d(1)  0.0004166           (-2.44)*BF[169 = A9: R70*d(1)]
  165       A9*: R69*d(-1)  0.0003936          (-6.37)*BF[170 = A9: R70*d(-1)]
  166        A9*: R69*d(2)  0.0004933           (11.27)*BF[152 = A9: R64*s(0)]
  167       A9*: R69*d(-2)  0.0000283          (-2.73)*BF[172 = A9: R70*d(-2)]
  168        A9*: R70*d(0)  0.0018087          (-2.66)*BF[190 = A11: R80*s(0)]
  169        A9*: R70*d(1)  0.0022970            (1.60)*BF[152 = A9: R64*s(0)]
  170       A9*: R70*d(-1)  0.0016236           (-4.29)*BF[158 = A9: R67*p(1)]
  171        A9*: R70*d(2)  0.0003938           (-8.24)*BF[152 = A9: R64*s(0)]
  172       A9*: R70*d(-2)  0.0006681           (1.07)*BF[167 = A9: R69*d(-2)]
  173        A9*: R71*f(0)  0.0002759            (4.50)*BF[152 = A9: R64*s(0)]
  174        A9*: R71*f(1)  0.0001240            (1.40)*BF[174 = A9: R71*f(1)]
  175       A9*: R71*f(-1)  0.0002276            (3.48)*BF[152 = A9: R64*s(0)]
  176        A9*: R71*f(2)  0.0001912            (4.02)*BF[152 = A9: R64*s(0)]
  177       A9*: R71*f(-2)  0.0000236           (1.39)*BF[177 = A9: R71*f(-2)]
  178        A9*: R71*f(3)  0.0000801            (1.34)*BF[178 = A9: R71*f(3)]
  179       A9*: R71*f(-3)  0.0001543            (-3.35)*BF[90 = A7: R42*s(0)]
  180       A10*: R72*s(0)  0.0001362          (-3.23)*BF[182 = A10: R74*s(0)]
  181       A10*: R73*s(0)  0.0020961          (-3.01)*BF[182 = A10: R74*s(0)]
  182        A10: R74*s(0)  0.5443984           (0.94)*BF[181 = A10: R73*s(0)]
  183       A10*: R75*p(0)  0.0000931           (2.76)*BF[181 = A10: R73*s(0)]
  184       A10*: R75*p(1)  0.0001353          (-4.11)*BF[181 = A10: R73*s(0)]
  185      A10*: R75*p(-1)  0.0001059          (-1.88)*BF[181 = A10: R73*s(0)]
  186       A11*: R76*s(0)  0.0000002           (1.53)*BF[159 = A9: R67*p(-1)]
  187       A11*: R77*s(0)  0.0001334           (9.70)*BF[189 = A11: R79*s(0)]
  188       A11*: R78*s(0)  0.0003328          (-9.33)*BF[190 = A11: R80*s(0)]
  189        A11: R79*s(0)  1.7343255           (0.57)*BF[189 = A11: R79*s(0)]
  190        A11: R80*s(0)  1.9997895           (0.66)*BF[187 = A11: R77*s(0)]
  191       A11*: R81*p(0)  0.0000329           (2.15)*BF[194 = A11: R82*p(0)]
  192       A11*: R81*p(1)  0.0000183           (2.49)*BF[195 = A11: R82*p(1)]
  193      A11*: R81*p(-1)  0.0001388           (5.70)*BF[159 = A9: R67*p(-1)]
  194       A11*: R82*p(0)  0.0010016          (-1.68)*BF[197 = A11: R83*p(0)]
  195       A11*: R82*p(1)  0.0021570          (-1.94)*BF[198 = A11: R83*p(1)]
  196      A11*: R82*p(-1)  0.0013750           (-3.29)*BF[152 = A9: R64*s(0)]
  197        A11: R83*p(0)  1.6268465           (0.50)*BF[191 = A11: R81*p(0)]
  198        A11: R83*p(1)  1.8849444           (0.50)*BF[192 = A11: R81*p(1)]
  199       A11: R83*p(-1)  1.5534750          (0.56)*BF[193 = A11: R81*p(-1)]
  200       A11*: R84*d(0)  0.0000044            (2.39)*BF[152 = A9: R64*s(0)]
  201       A11*: R84*d(1)  0.0000186          (-1.21)*BF[201 = A11: R84*d(1)]
  202      A11*: R84*d(-1)  0.0000148             (1.31)*BF[91 = A7: R43*s(0)]
  203       A11*: R84*d(2)  0.0000022          (-1.18)*BF[203 = A11: R84*d(2)]
  204      A11*: R84*d(-2)  0.0000037         (-1.18)*BF[204 = A11: R84*d(-2)]
  205       A11*: R85*d(0)  0.0064878           (2.31)*BF[190 = A11: R80*s(0)]
  206       A11*: R85*d(1)  0.0033371           (1.38)*BF[206 = A11: R85*d(1)]
  207      A11*: R85*d(-1)  0.0028227          (1.48)*BF[207 = A11: R85*d(-1)]
  208       A11*: R85*d(2)  0.0002283           (1.03)*BF[208 = A11: R85*d(2)]
  209      A11*: R85*d(-2)  0.0003338          (1.02)*BF[209 = A11: R85*d(-2)]
  210       A11*: R86*f(0)  0.0001144           (1.17)*BF[210 = A11: R86*f(0)]
  211       A11*: R86*f(1)  0.0000947           (1.14)*BF[211 = A11: R86*f(1)]
  212      A11*: R86*f(-1)  0.0001073          (1.16)*BF[212 = A11: R86*f(-1)]
  213       A11*: R86*f(2)  0.0000178           (1.06)*BF[213 = A11: R86*f(2)]
  214      A11*: R86*f(-2)  0.0000182          (1.05)*BF[214 = A11: R86*f(-2)]
  215       A11*: R86*f(3)  0.0000019           (1.01)*BF[215 = A11: R86*f(3)]
  216      A11*: R86*f(-3)  0.0000021          (1.00)*BF[216 = A11: R86*f(-3)]
  217       A12*: R87*s(0)  0.0001497          (-3.07)*BF[219 = A12: R89*s(0)]
  218       A12*: R88*s(0)  0.0004870          (-2.42)*BF[219 = A12: R89*s(0)]
  219        A12: R89*s(0)  0.5453523           (0.97)*BF[218 = A12: R88*s(0)]
  220       A12*: R90*p(0)  0.0001114           (3.59)*BF[218 = A12: R88*s(0)]
  221       A12*: R90*p(1)  0.0001060           (3.80)*BF[218 = A12: R88*s(0)]
  222      A12*: R90*p(-1)  0.0000579          (1.42)*BF[222 = A12: R90*p(-1)]
  223       A13*: R91*s(0)  0.0000875          (-4.37)*BF[225 = A13: R93*s(0)]
  224       A13*: R92*s(0)  0.0006163          (-4.73)*BF[225 = A13: R93*s(0)]
  225        A13: R93*s(0)  0.7685503           (0.88)*BF[224 = A13: R92*s(0)]
  226       A13*: R94*p(0)  0.0006412           (5.36)*BF[224 = A13: R92*s(0)]
  227       A13*: R94*p(1)  0.0001623            (-2.48)*BF[90 = A7: R42*s(0)]
  228      A13*: R94*p(-1)  0.0001346             (1.69)*BF[90 = A7: R42*s(0)]
 trace = 47.999999999146745

Final electron populations and NPA charges:

Center	Nuclear	 Electron  	  NMB       	NPA   
      	 charge	 population	  population	charge
   H1	    1.0	  0.7760159	   0.7737870	 0.2239841428
   C2	    6.0	  6.2110530	   6.1965543	-0.2110529650
   H3	    1.0	  0.5400339	   0.5392312	 0.4599660639
   H4	    1.0	  0.7768730	   0.7750393	 0.2231269735
   N5	    7.0	  7.6535135	   7.6381848	-0.6535134903
   H6	    1.0	  0.7621072	   0.7604217	 0.2378928040
   C7	    6.0	  6.5310296	   6.5140237	-0.5310295642
   O8	    8.0	  8.8001213	   8.7788468	-0.8001213215
   C9	    6.0	  5.2676505	   5.2138759	 0.7323495162
  H10	    1.0	  0.5469649	   0.5443984	 0.4530351056
  O11	    8.0	  8.8181807	   8.7993809	-0.8181807113
  H12	    1.0	  0.5462643	   0.5453523	 0.4537357133
  H13	    1.0	  0.7701923	   0.7685503	 0.2298077339

Angular momentum contributions of the total atomic population:

   Cntr           s           p           d           f           g
     H1   0.7749568   0.0010591   0.0000000   0.0000000   0.0000000
     C2   3.0472091   3.1582677   0.0046052   0.0009709   0.0000000
     H3   0.5397514   0.0002825   0.0000000   0.0000000   0.0000000
     H4   0.7757982   0.0010749   0.0000000   0.0000000   0.0000000
     N5   3.3739628   4.2670800   0.0115922   0.0008785   0.0000000
     H6   0.7611354   0.0009718   0.0000000   0.0000000   0.0000000
     C7   3.0916036   3.4302746   0.0077726   0.0013788   0.0000000
     O8   3.7197187   5.0648578   0.0151283   0.0004165   0.0000000
     C9   2.8024451   2.4556200   0.0085086   0.0010768   0.0000000
    H10   0.5466306   0.0003343   0.0000000   0.0000000   0.0000000
    O11   3.7345814   5.0699895   0.0132535   0.0003563   0.0000000
    H12   0.5459890   0.0002753   0.0000000   0.0000000   0.0000000
    H13   0.7692541   0.0009382   0.0000000   0.0000000   0.0000000


                          * * *                                         

Wiberg-Mayer bond indices (based on density matrix in NAO basis):
Centr. A/B         1         2         3         4         5         6         7         8         9        10        11        12        13
      1    ( 0.9520)    0.9198    0.0021    0.0003    0.0022    0.0001    0.0024    0.0017    0.0026    0.0001    0.0012    0.0084    0.0111
      2              ( 3.8441)    0.0015    0.9229    0.9462    0.0028    1.0160    0.0069    0.0054    0.0037    0.0133    0.0036    0.0019
      3                        ( 0.7892)    0.0001    0.7768    0.0005    0.0071    0.0001    0.0000    0.0001    0.0002    0.0001    0.0004
      4                                  ( 0.9518)    0.0020    0.0020    0.0019    0.0019    0.0076    0.0087    0.0015    0.0025    0.0002
      5                                            ( 3.2992)    0.0081    0.0069    0.0045    0.0008    0.7697    0.0014    0.7781    0.0025
      6                                                      ( 0.9448)    0.9121    0.0117    0.0029    0.0004    0.0030    0.0000    0.0012
      7                                                                ( 3.9096)    0.0517    0.9493    0.0023    0.0509    0.0002    0.9087
      8                                                                          ( 1.7845)    1.4772    0.0085    0.2093    0.0014    0.0095
      9                                                                                    ( 3.9019)    0.0004    1.4514    0.0000    0.0043
     10                                                                                              ( 0.7974)    0.0031    0.0002    0.0000
     11                                                                                                        ( 1.7440)    0.0001    0.0085
     12                                                                                                                  ( 0.7950)    0.0002
     13                                                                                                                            ( 0.9486)

                          * * *                                         

Creating  LPOs (Localized Property-optimized Orbitals)


Creating initial guess...
Optimizing LPOs...

Finding an optimal hybrid pairing...
    0    1    2    3    4    5    6    7    8    9   10   11   12   13   14   15   16   17   18   19   20   21   22   23   24   25   26   27   28   29   30   31   32   33   34   35   36   37   38   39   40   41   42   43   44   45   46   47   48   49   50   51   52   53   54   55   56   57   58   59   60   61   62   63   64   65   66   67   68   69   70   71   72   73   74   75   76   77   78   79   80   81   82   83   84   85   86   87   88   89   90   91   92   93   94   95   96   97   98   99  100  101  102  103  104  105  106  107  108  109  110  111  112  113  114  115  116  117  118  119  120  121  122  123  124  125  126  127  128  129  130  131  132  133  134  135  136  137  138  139  140  141  142  143  144  145  146  147  148  149  150  151  152  153  154  155  156  157  158  159  160  161  162  163  164  165  166  167  168  169  170  171  172  173  174  175  176  177  178  179  180  181  182  183  184  185  186  187  188  189  190  191  192  193  194  195  196  197  198  199  200  201  202  203  204  205  206  207  208  209  210  211  212  213  214  215  216  217  218  219  220  221  222  223  224  225  226  227
   43   15    9  184  119  105   87  112  216    2   96   73  226  174  156    1   94   60   45   99   63   70   44  207  179  102  172  227   55   85   77  114  173   76  100  135  116   53   59   62  221   48   65    0   22   18  171   64   41  215  199  200  218   37  212   28  108   91   88   38   17  181   39   20   47   42  142  209   84  225   21  107  202   11  143  117   33   30  147  185  222  126   89  164   68   29  149    6   58   82  150   57  204  165   16  139   10  224  160   19   34  187   25  177  131    5  125   71   56  193  148  219    7  162   31  166   36   75  208    4  157  170  190  178  175  106   81  194  159  151  167  104  210  176  201   35  182  206  152   95  186  191   66   74  203  214  213   78  110   86   90  129  138  211  183  189   14  120  188  128   98  198  113  192   83   93  115  130  196  197  121   46   26   32   13  124  133  103  123   24  195   61  136  154    3   79  140  101  158  155  122  141  163  109  127  180  168  169  161   50   51  134   72  144   92  220  137   23  118   67  132  153   54  146  145   49    8  223   52  111  205   40   80  217   97   69   12   27
LPO iteration  1: hybrids reconnected, target function =   93.3579977
Iterative optimization of atomic hybrids
           Target                 Total        max.atomic       Total        max.atomic     Nxt.step
  Itr.    function    new-old  ||Unew-U||^2   ||unew-u||^2   ||Dnew-D||^2   ||dnew-d||^2     lambda 
    1      93.3580   +9.3e+01   11.766178      0.1046805      0.11245        0.0825797       (none)
    2      93.3832   +2.5e-02    4.983993      0.0293031      0.04110        0.0336484       (none)
    3      93.3869   +3.7e-03    6.265540      0.0798919      0.01911        0.0146597       (none)
    4      93.3877   +8.0e-04    7.172186      0.0654491      0.00974        0.0066427       (none)
    5      93.3880   +2.2e-04    4.481514      0.0615280      0.00544        0.0030616       (none)
    6      93.3880   +7.7e-05    6.275205      0.0667850      0.00335        0.0014255       (none)
    7      93.3881   +3.4e-05    6.525592      0.0647188      0.00227        0.0006733       (none)
    8      93.3881   +1.8e-05    3.920562      0.0653095      0.00166        0.0004843       (none)
    9      93.3881   +1.1e-05    6.070404      0.0669524      0.00129        0.0004344       (none)
   10      93.3881   +7.5e-06    << Converged! (threshold = 1.00e-05) >>
Optimization of hybrids finished
LPO iteration  1: hybrids optimized, target function =   93.3881054
Finding an optimal hybrid pairing...
    0    1    2    3    4    5    6    7    8    9   10   11   12   13   14   15   16   17   18   19   20   21   22   23   24   25   26   27   28   29   30   31   32   33   34   35   36   37   38   39   40   41   42   43   44   45   46   47   48   49   50   51   52   53   54   55   56   57   58   59   60   61   62   63   64   65   66   67   68   69   70   71   72   73   74   75   76   77   78   79   80   81   82   83   84   85   86   87   88   89   90   91   92   93   94   95   96   97   98   99  100  101  102  103  104  105  106  107  108  109  110  111  112  113  114  115  116  117  118  119  120  121  122  123  124  125  126  127  128  129  130  131  132  133  134  135  136  137  138  139  140  141  142  143  144  145  146  147  148  149  150  151  152  153  154  155  156  157  158  159  160  161  162  163  164  165  166  167  168  169  170  171  172  173  174  175  176  177  178  179  180  181  182  183  184  185  186  187  188  189  190  191  192  193  194  195  196  197  198  199  200  201  202  203  204  205  206  207  208  209  210  211  212  213  214  215  216  217  218  219  220  221  222  223  224  225  226  227
   43   15    9   57   65   81   87  209  216    2   96   56  226   79  156    1   94   60   45   99   63  187   44  102   48  182   51  172   55   85  110  115   76  112  100   78  114   53   59   62  221  111  220    0   22   18  171   64   24  215  113   26  218   37  212   28   11    3   88   38   17  181   39   20   47    4  117  103   84   93  101  107  202  201  205  177   32   86   35   13  222    5   89  119   68   29   77    6   58   82  150  126  204   69   16  139   10  224  160   19   34   70   23   67  131  183  125   71  207  193   30   41   33   50   36   31  149   66  208   83  157  170  190  178  175  106   91  194  159  151  167  104  199  176  200  166  163  206  152   95  186  191  211  192  203  214  153  174  213  116   90  129  138  146  225  189   14  120  188  128   98  198  185  136  227  184  135  130  196  197  121   46   27  210  147  124  133   75  123  219  195   61   25  105  165  162  140   21  158  155  122  141  143  109  127  180  168  169  161  132  134   73   72  144   92   74  137  108  118    7  173  142   54  148  145   49    8  223   52  179   42   40   80  217   97  154   12  164
LPO iteration  2: hybrids reconnected, target function =   93.3881055
Done! (in 1 iterations)


*** Summary of LPO  results

  LPO 	         D e s c r i p t i o n     	Occupancy	Composition
    1	(BD) H1-H4, Io = 0.0826            	0.00020  	h1@H1 * ( 0.6773) + h44@H4 * ( 0.7357)	
    2	     H1-H4, antibonding (NB)       	  0.00002	h1@H1 * (-0.7357) + h44@H4 * ( 0.6773)	
    3	(BD) H1-C2, Io = 0.6299            	0.00330  	h2@H1 * ( 0.4302) + h16@C2 * ( 0.9027)	
    4	     H1-C2, antibonding (NB)       	  0.00059	h2@H1 * (-0.9027) + h16@C2 * ( 0.4302)	
    5	(BD) H1-C2, Io = 0.2276            	1.98320  	h3@H1 * ( 0.6215) + h10@C2 * ( 0.7834)	
    6	     H1-C2, antibonding (NB)       	  0.01408	h3@H1 * (-0.7834) + h10@C2 * ( 0.6215)	
    7	(BD) H1-N5, Io = 0.7136            	0.00025  	h4@H1 * ( 0.3784) + h58@N5 * ( 0.9256)	
    8	     H1-N5, antibonding (NB)       	  0.00005	h4@H1 * (-0.9256) + h58@N5 * ( 0.3784)	
    9	(BD) H1-N5, Io = 0.3381            	0.00002  	h5@H1 * ( 0.8180) + h66@N5 * (-0.5753)	
   10	     H1-N5, antibonding (NB)       	  0.00001	h5@H1 * (-0.5753) + h66@N5 * (-0.8180)	
   11	(BD) H1-H6, Io = 0.9050            	0.00066  	h6@H1 * ( 0.2179) + h82@H6 * ( 0.9760)	
   12	     H1-H6, antibonding (NB)       	  0.00011	h6@H1 * (-0.9760) + h82@H6 * ( 0.2179)	
   13	(BD) C2-C7, Io = 0.0495            	0.00000  	h7@C2 * (-0.6894) + h88@C7 * ( 0.7244)	
   14	     C2-C7, antibonding (NB)       	  0.00000	h7@C2 * (-0.7244) + h88@C7 * (-0.6894)	
   15	(BD) C2-O11, Io = 0.8663           	0.00000  	h8@C2 * ( 0.2585) + h210@O11 * ( 0.9660)	
   16	     C2-O11, antibonding (NB)      	  0.00000	h8@C2 * (-0.9660) + h210@O11 * ( 0.2585)	
   17	(BD) C2-H12, Io = 0.9179           	0.00151  	h9@C2 * ( 0.9792) + h217@H12 * (-0.2027)	
   18	     C2-H12, antibonding (NB)      	  0.00008	h9@C2 * (-0.2027) + h217@H12 * (-0.9792)	
   19	(BD) C2-C7, Io = 0.9998            	1.99969  	h11@C2 * ( 1.0000) + h97@C7 * ( 0.0091)	
   20	     C2-C7, antibonding (NB)       	  0.00195	h11@C2 * ( 0.0091) + h97@C7 * (-1.0000)	
   21	(BD) C2-N5, Io = 0.9246            	0.00000  	h12@C2 * (-0.1942) + h57@N5 * ( 0.9810)	
   22	     C2-N5, antibonding (NB)       	  0.00000	h12@C2 * (-0.9810) + h57@N5 * (-0.1942)	
   23	(BD) C2-H13, Io = 0.4733           	0.00011  	h13@C2 * ( 0.5132) + h227@H13 * ( 0.8583)	
   24	     C2-H13, antibonding (NB)      	  0.00002	h13@C2 * (-0.8583) + h227@H13 * ( 0.5132)	
   25	(BD) C2-N5, Io = 0.1524            	0.00000  	h14@C2 * ( 0.6510) + h80@N5 * ( 0.7591)	
   26	     C2-N5, antibonding (NB)       	  0.00000	h14@C2 * (-0.7591) + h80@N5 * ( 0.6510)	
   27	(BD) C2-C9, Io = 0.3194            	0.00135  	h15@C2 * ( 0.5833) + h157@C9 * ( 0.8122)	
   28	     C2-C9, antibonding (NB)       	  0.00009	h15@C2 * (-0.8122) + h157@C9 * ( 0.5833)	
   29	(BD) C2-C7, Io = 0.0829            	0.00169  	h17@C2 * ( 0.7358) + h95@C7 * (-0.6772)	
   30	     C2-C7, antibonding (NB)       	  0.00064	h17@C2 * (-0.6772) + h95@C7 * (-0.7358)	
   31	(BD) C2-N5, Io = 0.2712            	1.99595  	h18@C2 * (-0.6037) + h61@N5 * ( 0.7972)	
   32	     C2-N5, antibonding (NB)       	  0.01375	h18@C2 * (-0.7972) + h61@N5 * (-0.6037)	
   33	(BD) C2-H4, Io = 0.2256            	1.98401  	h19@C2 * ( 0.7828) + h46@H4 * (-0.6223)	
   34	     C2-H4, antibonding (NB)       	  0.01244	h19@C2 * (-0.6223) + h46@H4 * (-0.7828)	
   35	(BD) C2-C7, Io = 0.0243            	1.98709  	h20@C2 * ( 0.7156) + h100@C7 * (-0.6985)	
   36	     C2-C7, antibonding (NB)       	  0.01496	h20@C2 * (-0.6985) + h100@C7 * (-0.7156)	
   37	(BD) C2-N5, Io = 0.4543            	0.00022  	h21@C2 * ( 0.8527) + h64@N5 * (-0.5224)	
   38	     C2-N5, antibonding (NB)       	  0.00006	h21@C2 * (-0.5224) + h64@N5 * (-0.8527)	
   39	(BD) C2-O11, Io = 0.7857           	0.00013  	h22@C2 * (-0.3273) + h188@O11 * ( 0.9449)	
   40	     C2-O11, antibonding (NB)      	  0.00001	h22@C2 * (-0.9449) + h188@O11 * (-0.3273)	
   41	(BD) C2-H4, Io = 0.3087            	0.00099  	h23@C2 * ( 0.5879) + h45@H4 * ( 0.8089)	
   42	     C2-H4, antibonding (NB)       	  0.00014	h23@C2 * (-0.8089) + h45@H4 * ( 0.5879)	
   43	(BD) C2-C7, Io = 0.7749            	0.00001  	h24@C2 * ( 0.3355) + h103@C7 * ( 0.9420)	
   44	     C2-C7, antibonding (NB)       	  0.00000	h24@C2 * (-0.9420) + h103@C7 * ( 0.3355)	
   45	(BD) C2-H4, Io = 0.6164            	0.00034  	h25@C2 * ( 0.8990) + h49@H4 * ( 0.4379)	
   46	     C2-H4, antibonding (NB)       	  0.00009	h25@C2 * ( 0.4379) + h49@H4 * (-0.8990)	
   47	(BD) C2-H10, Io = 0.7048           	0.00003  	h26@C2 * ( 0.9233) + h183@H10 * (-0.3842)	
   48	     C2-H10, antibonding (NB)      	  0.00002	h26@C2 * (-0.3842) + h183@H10 * (-0.9233)	
   49	(BD) C2-N5, Io = 0.2233            	0.00001  	h27@C2 * ( 0.7821) + h52@N5 * (-0.6232)	
   50	     C2-N5, antibonding (NB)       	  0.00000	h27@C2 * (-0.6232) + h52@N5 * (-0.7821)	
   51	(BD) C2-C9, Io = 0.6152            	0.00019  	h28@C2 * ( 0.8987) + h173@C9 * ( 0.4386)	
   52	     C2-C9, antibonding (NB)       	  0.00003	h28@C2 * ( 0.4386) + h173@C9 * (-0.8987)	
   53	(BD) C2-N5, Io = 0.7168            	0.00001  	h29@C2 * ( 0.9265) + h56@N5 * ( 0.3763)	
   54	     C2-N5, antibonding (NB)       	  0.00000	h29@C2 * ( 0.3763) + h56@N5 * (-0.9265)	
   55	(BD) C2-H6, Io = 0.0531            	0.00011  	h30@C2 * ( 0.7256) + h86@H6 * ( 0.6881)	
   56	     C2-H6, antibonding (NB)       	  0.00004	h30@C2 * ( 0.6881) + h86@H6 * (-0.7256)	
   57	(BD) C2-C7, Io = 0.7387            	0.00000  	h31@C2 * ( 0.3614) + h111@C7 * ( 0.9324)	
   58	     C2-C7, antibonding (NB)       	  0.00000	h31@C2 * (-0.9324) + h111@C7 * ( 0.3614)	
   59	(BD) C2-C7, Io = 0.8654            	0.00000  	h32@C2 * (-0.2594) + h116@C7 * ( 0.9658)	
   60	     C2-C7, antibonding (NB)       	  0.00000	h32@C2 * (-0.9658) + h116@C7 * (-0.2594)	
   61	(BD) C2-N5, Io = 0.2033            	0.00000  	h33@C2 * ( 0.7757) + h77@N5 * ( 0.6311)	
   62	     C2-N5, antibonding (NB)       	  0.00000	h33@C2 * ( 0.6311) + h77@N5 * (-0.7757)	
   63	(BD) C2-C7, Io = 0.6784            	0.00000  	h34@C2 * (-0.4010) + h113@C7 * ( 0.9161)	
   64	     C2-C7, antibonding (NB)       	  0.00000	h34@C2 * (-0.9161) + h113@C7 * (-0.4010)	
   65	(BD) C2-C7, Io = 0.7809            	0.00002  	h35@C2 * (-0.3310) + h101@C7 * ( 0.9436)	
   66	     C2-C7, antibonding (NB)       	  0.00000	h35@C2 * (-0.9436) + h101@C7 * (-0.3310)	
   67	(BD) C2-N5, Io = 0.5084            	0.00000  	h36@C2 * ( 0.8684) + h79@N5 * ( 0.4958)	
   68	     C2-N5, antibonding (NB)       	  0.00000	h36@C2 * ( 0.4958) + h79@N5 * (-0.8684)	
   69	(BD) C2-C7, Io = 0.6572            	0.00000  	h37@C2 * (-0.4140) + h115@C7 * ( 0.9103)	
   70	     C2-C7, antibonding (NB)       	  0.00000	h37@C2 * (-0.9103) + h115@C7 * (-0.4140)	
   71	(BD) H3-N5, Io = 0.9999            	1.99971  	h38@H3 * ( 0.0059) + h54@N5 * ( 1.0000)	
   72	     H3-N5, antibonding (NB)       	  0.00017	h38@H3 * (-1.0000) + h54@N5 * ( 0.0059)	
   73	(BD) H3-N5, Io = 0.7385            	0.00167  	h39@H3 * (-0.3616) + h60@N5 * ( 0.9323)	
   74	     H3-N5, antibonding (NB)       	  0.00014	h39@H3 * (-0.9323) + h60@N5 * (-0.3616)	
   75	(BD) H3-N5, Io = 0.4624            	1.99244  	h40@H3 * (-0.5184) + h63@N5 * ( 0.8551)	
   76	     H3-N5, antibonding (NB)       	  0.00520	h40@H3 * (-0.8551) + h63@N5 * (-0.5184)	
   77	(BD) H3-H12, Io = 0.0060           	0.00007  	h41@H3 * ( 0.7050) + h222@H12 * ( 0.7092)	
   78	     H3-H12, antibonding (NB)      	  0.00002	h41@H3 * (-0.7092) + h222@H12 * ( 0.7050)	
   79	(BD) H3-C7, Io = 0.6129            	0.00007  	h42@H3 * ( 0.8980) + h112@C7 * (-0.4400)	
   80	     H3-C7, antibonding (NB)       	  0.00001	h42@H3 * (-0.4400) + h112@C7 * (-0.8980)	
   81	(BD) H3-H12, Io = 0.1157           	0.00002  	h43@H3 * ( 0.7469) + h221@H12 * (-0.6649)	
   82	     H3-H12, antibonding (NB)      	  0.00001	h43@H3 * (-0.6649) + h221@H12 * (-0.7469)	
   83	(BD) H4-C9, Io = 0.3493            	0.00007  	h47@H4 * ( 0.8214) + h172@C9 * (-0.5704)	
   84	     H4-C9, antibonding (NB)       	  0.00001	h47@H4 * (-0.5704) + h172@C9 * (-0.8214)	
   85	(BD) H4-N5, Io = 0.4682            	0.00001  	h48@H4 * ( 0.8568) + h65@N5 * (-0.5157)	
   86	     H4-N5, antibonding (NB)       	  0.00000	h48@H4 * (-0.5157) + h65@N5 * (-0.8568)	
   87	(BD) N5-O11, Io = 0.9914           	-0.00000 	h50@N5 * ( 0.0655) + h216@O11 * ( 0.9979)	
   88	     N5-O11, antibonding (NB)      	 -0.00000	h50@N5 * (-0.9979) + h216@O11 * ( 0.0655)	
   89	(BD) N5-C7, Io = 0.2492            	0.00000  	h51@N5 * (-0.6127) + h114@C7 * ( 0.7903)	
   90	     N5-C7, antibonding (NB)       	  0.00000	h51@N5 * (-0.7903) + h114@C7 * (-0.6127)	
   91	(BD) N5-H12, Io = 0.4588           	1.99322  	h53@N5 * ( 0.8541) + h219@H12 * ( 0.5202)	
   92	     N5-H12, antibonding (NB)      	  0.00842	h53@N5 * ( 0.5202) + h219@H12 * (-0.8541)	
   93	(BD) N5-O11, Io = 0.8582           	0.00000  	h55@N5 * ( 0.9639) + h213@O11 * (-0.2662)	
   94	     N5-O11, antibonding (NB)      	  0.00000	h55@N5 * (-0.2662) + h213@O11 * (-0.9639)	
   95	(BD) N5-C7, Io = 0.0089            	0.00197  	h59@N5 * ( 0.7102) + h89@C7 * (-0.7040)	
   96	     N5-C7, antibonding (NB)       	  0.00018	h59@N5 * (-0.7040) + h89@C7 * (-0.7102)	
   97	(BD) N5-H10, Io = 0.4637           	1.99334  	h62@N5 * ( 0.8555) + h182@H10 * ( 0.5178)	
   98	     N5-H10, antibonding (NB)      	  0.01370	h62@N5 * ( 0.5178) + h182@H10 * (-0.8555)	
   99	(BD) N5-O8, Io = 1.0000            	0.00000  	h67@N5 * ( 1.0000) + h118@O8 * (-0.0023)	
  100	     N5-O8, antibonding (NB)       	  0.00000	h67@N5 * (-0.0023) + h118@O8 * (-1.0000)	
  101	(BD) N5-C7, Io = 0.0390            	0.00000  	h68@N5 * ( 0.7208) + h104@C7 * ( 0.6932)	
  102	     N5-C7, antibonding (NB)       	  0.00000	h68@N5 * ( 0.6932) + h104@C7 * (-0.7208)	
  103	(BD) N5-H6, Io = 0.4388            	0.00015  	h69@N5 * ( 0.8482) + h85@H6 * (-0.5297)	
  104	     N5-H6, antibonding (NB)       	  0.00001	h69@N5 * (-0.5297) + h85@H6 * (-0.8482)	
  105	(BD) N5-C7, Io = 0.4034            	0.00011  	h70@N5 * (-0.5462) + h94@C7 * ( 0.8377)	
  106	     N5-C7, antibonding (NB)       	  0.00003	h70@N5 * (-0.8377) + h94@C7 * (-0.5462)	
  107	(BD) N5-C7, Io = 0.8890            	0.00004  	h71@N5 * (-0.2356) + h102@C7 * ( 0.9719)	
  108	     N5-C7, antibonding (NB)       	  0.00000	h71@N5 * (-0.9719) + h102@C7 * (-0.2356)	
  109	(BD) N5-C7, Io = 0.9279            	0.00188  	h72@N5 * ( 0.1898) + h108@C7 * ( 0.9818)	
  110	     N5-C7, antibonding (NB)       	  0.00013	h72@N5 * (-0.9818) + h108@C7 * ( 0.1898)	
  111	(BD) N5-O11, Io = 0.5832           	0.00000  	h73@N5 * ( 0.8897) + h203@O11 * (-0.4565)	
  112	     N5-O11, antibonding (NB)      	  0.00000	h73@N5 * (-0.4565) + h203@O11 * (-0.8897)	
  113	(BD) N5-O11, Io = 0.6261           	0.00000  	h74@N5 * ( 0.9017) + h202@O11 * ( 0.4324)	
  114	     N5-O11, antibonding (NB)      	  0.00000	h74@N5 * ( 0.4324) + h202@O11 * (-0.9017)	
  115	(BD) N5-O11, Io = 0.8132           	0.00000  	h75@N5 * ( 0.9522) + h206@O11 * (-0.3056)	
  116	     N5-O11, antibonding (NB)      	  0.00000	h75@N5 * (-0.3056) + h206@O11 * (-0.9522)	
  117	(BD) N5-C9, Io = 1.0000            	0.00000  	h76@N5 * (-0.0021) + h178@C9 * ( 1.0000)	
  118	     N5-C9, antibonding (NB)       	  0.00000	h76@N5 * (-1.0000) + h178@C9 * (-0.0021)	
  119	(BD) N5-C7, Io = 0.9054            	0.00000  	h78@N5 * (-0.2175) + h87@C7 * ( 0.9761)	
  120	     N5-C7, antibonding (NB)       	  0.00000	h78@N5 * (-0.9761) + h87@C7 * (-0.2175)	
  121	(BD) H6-H13, Io = 0.0510           	0.00019  	h81@H6 * ( 0.7249) + h223@H13 * ( 0.6888)	
  122	     H6-H13, antibonding (NB)      	  0.00001	h81@H6 * ( 0.6888) + h223@H13 * (-0.7249)	
  123	(BD) H6-C7, Io = 0.2339            	1.97286  	h83@H6 * ( 0.6189) + h90@C7 * ( 0.7855)	
  124	     H6-C7, antibonding (NB)       	  0.00894	h83@H6 * (-0.7855) + h90@C7 * ( 0.6189)	
  125	(BD) H6-O8, Io = 0.0377            	0.00005  	h84@H6 * ( 0.7203) + h120@O8 * (-0.6937)	
  126	     H6-O8, antibonding (NB)       	  0.00001	h84@H6 * (-0.6937) + h120@O8 * (-0.7203)	
  127	(BD) C7-C9, Io = 0.9999            	1.99944  	h91@C7 * ( 1.0000) + h151@C9 * (-0.0085)	
  128	     C7-C9, antibonding (NB)       	  0.00015	h91@C7 * (-0.0085) + h151@C9 * (-1.0000)	
  129	(BD) C7-O8, Io = 0.2537            	0.00076  	h92@C7 * (-0.6108) + h127@O8 * ( 0.7917)	
  130	     C7-O8, antibonding (NB)       	  0.00010	h92@C7 * (-0.7917) + h127@O8 * (-0.6108)	
  131	(BD) C7-O11, Io = 0.3502           	0.00021  	h93@C7 * ( 0.8216) + h205@O11 * ( 0.5700)	
  132	     C7-O11, antibonding (NB)      	  0.00003	h93@C7 * ( 0.5700) + h205@O11 * (-0.8216)	
  133	(BD) C7-O8, Io = 0.8213            	0.00110  	h96@C7 * ( 0.9543) + h140@O8 * ( 0.2989)	
  134	     C7-O8, antibonding (NB)       	  0.00009	h96@C7 * ( 0.2989) + h140@O8 * (-0.9543)	
  135	(BD) C7-H13, Io = 0.2249           	1.96712  	h98@C7 * ( 0.7826) + h225@H13 * (-0.6226)	
  136	     C7-H13, antibonding (NB)      	  0.01126	h98@C7 * (-0.6226) + h225@H13 * (-0.7826)	
  137	(BD) C7-C9, Io = 0.0794            	1.99066  	h99@C7 * ( 0.7347) + h161@C9 * (-0.6784)	
  138	     C7-C9, antibonding (NB)       	  0.09163	h99@C7 * (-0.6784) + h161@C9 * (-0.7347)	
  139	(BD) C7-O8, Io = 0.7573            	0.00000  	h105@C7 * ( 0.9374) + h132@O8 * ( 0.3484)	
  140	     C7-O8, antibonding (NB)       	  0.00000	h105@C7 * ( 0.3484) + h132@O8 * (-0.9374)	
  141	(BD) C7-H10, Io = 0.2470           	0.00006  	h106@C7 * ( 0.6136) + h184@H10 * ( 0.7896)	
  142	     C7-H10, antibonding (NB)      	  0.00002	h106@C7 * (-0.7896) + h184@H10 * ( 0.6136)	
  143	(BD) C7-O8, Io = 0.5794            	0.00154  	h107@C7 * ( 0.4586) + h126@O8 * ( 0.8887)	
  144	     C7-O8, antibonding (NB)       	  0.00006	h107@C7 * (-0.8887) + h126@O8 * ( 0.4586)	
  145	(BD) C7-O11, Io = 0.4138           	0.00000  	h109@C7 * ( 0.5414) + h208@O11 * ( 0.8408)	
  146	     C7-O11, antibonding (NB)      	  0.00000	h109@C7 * (-0.8408) + h208@O11 * ( 0.5414)	
  147	(BD) C7-O11, Io = 0.6923           	0.00108  	h110@C7 * ( 0.3922) + h194@O11 * ( 0.9199)	
  148	     C7-O11, antibonding (NB)      	  0.00003	h110@C7 * (-0.9199) + h194@O11 * ( 0.3922)	
  149	(BD) C7-C9, Io = 1.0000            	0.00000  	h117@C7 * ( 0.0044) + h150@C9 * ( 1.0000)	
  150	     C7-C9, antibonding (NB)       	  0.00000	h117@C7 * (-1.0000) + h150@C9 * ( 0.0044)	
  151	(BD) O8-O11, Io = 0.2871           	0.00007  	h119@O8 * ( 0.8022) + h209@O11 * (-0.5970)	
  152	     O8-O11, antibonding (NB)      	  0.00001	h119@O8 * (-0.5970) + h209@O11 * (-0.8022)	
  153	(BD) O8-C9, Io = 0.9867            	1.99025  	h121@O8 * ( 0.9967) + h158@C9 * (-0.0815)	
  154	     O8-C9, antibonding (NB)       	  0.00383	h121@O8 * (-0.0815) + h158@C9 * (-0.9967)	
  155	(BD) O8-C9, Io = 1.0000            	1.99993  	h122@O8 * ( 1.0000) + h171@C9 * ( 0.0032)	
  156	     O8-C9, antibonding (NB)       	  0.00001	h122@O8 * ( 0.0032) + h171@C9 * (-1.0000)	
  157	(BD) O8-O11, Io = 0.0454           	0.00000  	h123@O8 * ( 0.6909) + h191@O11 * ( 0.7230)	
  158	     O8-O11, antibonding (NB)      	  0.00000	h123@O8 * (-0.7230) + h191@O11 * ( 0.6909)	
  159	(BD) O8-C9, Io = 0.1070            	0.00000  	h124@O8 * ( 0.7440) + h179@C9 * ( 0.6682)	
  160	     O8-C9, antibonding (NB)       	  0.00000	h124@O8 * ( 0.6682) + h179@C9 * (-0.7440)	
  161	(BD) O8-C9, Io = 0.6387            	0.00000  	h125@O8 * ( 0.4251) + h176@C9 * ( 0.9052)	
  162	     O8-C9, antibonding (NB)       	  0.00000	h125@O8 * (-0.9052) + h176@C9 * ( 0.4251)	
  163	(BD) O8-O11, Io = 0.0740           	0.00397  	h128@O8 * ( 0.7328) + h195@O11 * ( 0.6804)	
  164	     O8-O11, antibonding (NB)      	  0.00083	h128@O8 * ( 0.6804) + h195@O11 * (-0.7328)	
  165	(BD) O8-C9, Io = 0.5367            	1.98889  	h129@O8 * ( 0.8766) + h160@C9 * ( 0.4813)	
  166	     O8-C9, antibonding (NB)       	  0.38002	h129@O8 * ( 0.4813) + h160@C9 * (-0.8766)	
  167	(BD) O8-C9, Io = 0.2943            	1.99728  	h130@O8 * ( 0.8045) + h152@C9 * (-0.5940)	
  168	     O8-C9, antibonding (NB)       	  0.05176	h130@O8 * (-0.5940) + h152@C9 * (-0.8045)	
  169	(BD) O8-C9, Io = 0.9955            	1.89545  	h131@O8 * ( 0.9989) + h168@C9 * (-0.0472)	
  170	     O8-C9, antibonding (NB)       	  0.00115	h131@O8 * (-0.0472) + h168@C9 * (-0.9989)	
  171	(BD) O8-O11, Io = 0.4873           	0.00000  	h133@O8 * (-0.5063) + h200@O11 * ( 0.8623)	
  172	     O8-O11, antibonding (NB)      	 -0.00000	h133@O8 * (-0.8623) + h200@O11 * (-0.5063)	
  173	(BD) O8-C9, Io = 0.8056            	0.00000  	h134@O8 * ( 0.3117) + h177@C9 * ( 0.9502)	
  174	     O8-C9, antibonding (NB)       	  0.00000	h134@O8 * (-0.9502) + h177@C9 * ( 0.3117)	
  175	(BD) O8-O11, Io = 0.9022           	0.00000  	h135@O8 * ( 0.2211) + h201@O11 * ( 0.9753)	
  176	     O8-O11, antibonding (NB)      	  0.00000	h135@O8 * (-0.9753) + h201@O11 * ( 0.2211)	
  177	(BD) O8-C9, Io = 0.9415            	0.00000  	h136@O8 * (-0.1710) + h167@C9 * ( 0.9853)	
  178	     O8-C9, antibonding (NB)       	 -0.00000	h136@O8 * (-0.9853) + h167@C9 * (-0.1710)	
  179	(BD) O8-C9, Io = 0.4407            	0.00001  	h137@O8 * ( 0.8487) + h164@C9 * ( 0.5288)	
  180	     O8-C9, antibonding (NB)       	  0.00000	h137@O8 * ( 0.5288) + h164@C9 * (-0.8487)	
  181	(BD) O8-O11, Io = 0.2098           	0.00008  	h138@O8 * (-0.6286) + h207@O11 * ( 0.7778)	
  182	     O8-O11, antibonding (NB)      	  0.00000	h138@O8 * (-0.7778) + h207@O11 * (-0.6286)	
  183	(BD) O8-C9, Io = 0.9999            	1.99972  	h139@O8 * (-0.0072) + h153@C9 * ( 1.0000)	
  184	     O8-C9, antibonding (NB)       	  0.00022	h139@O8 * (-1.0000) + h153@C9 * (-0.0072)	
  185	(BD) O8-O11, Io = 0.0104           	0.00001  	h141@O8 * ( 0.7108) + h187@O11 * ( 0.7034)	
  186	     O8-O11, antibonding (NB)      	  0.00000	h141@O8 * ( 0.7034) + h187@O11 * (-0.7108)	
  187	(BD) O8-O11, Io = 0.7912           	0.00000  	h142@O8 * ( 0.3231) + h192@O11 * ( 0.9464)	
  188	     O8-O11, antibonding (NB)      	  0.00000	h142@O8 * (-0.9464) + h192@O11 * ( 0.3231)	
  189	(BD) O8-O11, Io = 0.1245           	0.00000  	h143@O8 * ( 0.7498) + h212@O11 * (-0.6616)	
  190	     O8-O11, antibonding (NB)      	 -0.00000	h143@O8 * (-0.6616) + h212@O11 * (-0.7498)	
  191	(BD) O8-O11, Io = 0.8813           	0.00000  	h144@O8 * ( 0.9699) + h193@O11 * ( 0.2436)	
  192	     O8-O11, antibonding (NB)      	  0.00000	h144@O8 * ( 0.2436) + h193@O11 * (-0.9699)	
  193	(BD) O8-O11, Io = 0.5852           	0.00000  	h145@O8 * (-0.4554) + h204@O11 * ( 0.8903)	
  194	     O8-O11, antibonding (NB)      	 -0.00000	h145@O8 * (-0.8903) + h204@O11 * (-0.4554)	
  195	(BD) O8-O11, Io = 0.6137           	0.00000  	h146@O8 * (-0.4395) + h215@O11 * ( 0.8982)	
  196	     O8-O11, antibonding (NB)      	 -0.00000	h146@O8 * (-0.8982) + h215@O11 * (-0.4395)	
  197	(BD) O8-C9, Io = 0.6679            	0.00000  	h147@O8 * ( 0.4075) + h154@C9 * ( 0.9132)	
  198	     O8-C9, antibonding (NB)       	  0.00000	h147@O8 * (-0.9132) + h154@C9 * ( 0.4075)	
  199	(BD) O8-C9, Io = 0.9958            	0.00000  	h148@O8 * ( 0.0459) + h175@C9 * ( 0.9989)	
  200	     O8-C9, antibonding (NB)       	 -0.00000	h148@O8 * (-0.9989) + h175@C9 * ( 0.0459)	
  201	(BD) C9-O11, Io = 0.8165           	0.00000  	h149@C9 * ( 0.9530) + h214@O11 * (-0.3029)	
  202	     C9-O11, antibonding (NB)      	  0.00000	h149@C9 * (-0.3029) + h214@O11 * (-0.9530)	
  203	(BD) C9-H13, Io = 0.8907           	0.00002  	h155@C9 * (-0.2337) + h226@H13 * ( 0.9723)	
  204	     C9-H13, antibonding (NB)      	  0.00000	h155@C9 * (-0.9723) + h226@H13 * (-0.2337)	
  205	(BD) C9-O11, Io = 1.0000           	1.99996  	h156@C9 * (-0.0036) + h190@O11 * ( 1.0000)	
  206	     C9-O11, antibonding (NB)      	  0.00000	h156@C9 * (-1.0000) + h190@O11 * (-0.0036)	
  207	(BD) C9-O11, Io = 0.9880           	1.99075  	h159@C9 * (-0.0776) + h189@O11 * ( 0.9970)	
  208	     C9-O11, antibonding (NB)      	  0.00261	h159@C9 * (-0.9970) + h189@O11 * (-0.0776)	
  209	(BD) C9-O11, Io = 0.2819           	1.99630  	h162@C9 * (-0.5992) + h199@O11 * ( 0.8006)	
  210	     C9-O11, antibonding (NB)      	  0.05477	h162@C9 * (-0.8006) + h199@O11 * (-0.5992)	
  211	(BD) C9-O11, Io = 0.9827           	0.00000  	h163@C9 * ( 0.9957) + h186@O11 * ( 0.0931)	
  212	     C9-O11, antibonding (NB)      	 -0.00000	h163@C9 * ( 0.0931) + h186@O11 * (-0.9957)	
  213	(BD) C9-H13, Io = 0.0489           	0.00010  	h165@C9 * ( 0.7242) + h228@H13 * (-0.6896)	
  214	     C9-H13, antibonding (NB)      	  0.00002	h165@C9 * (-0.6896) + h228@H13 * (-0.7242)	
  215	(BD) C9-H10, Io = 0.1996           	0.00021  	h166@C9 * ( 0.7745) + h185@H10 * (-0.6326)	
  216	     C9-H10, antibonding (NB)      	  0.00003	h166@C9 * (-0.6326) + h185@H10 * (-0.7745)	
  217	(BD) C9-O11, Io = 0.9853           	1.64327  	h169@C9 * ( 0.0858) + h197@O11 * ( 0.9963)	
  218	     C9-O11, antibonding (NB)      	  0.00317	h169@C9 * (-0.9963) + h197@O11 * ( 0.0858)	
  219	(BD) C9-O11, Io = 0.9954           	1.90914  	h170@C9 * ( 0.0479) + h198@O11 * ( 0.9989)	
  220	     C9-O11, antibonding (NB)      	  0.00138	h170@C9 * (-0.9989) + h198@O11 * ( 0.0479)	
  221	(BD) C9-O11, Io = 0.9930           	0.00000  	h174@C9 * ( 0.9983) + h211@O11 * (-0.0590)	
  222	     C9-O11, antibonding (NB)      	  0.00000	h174@C9 * (-0.0590) + h211@O11 * (-0.9983)	
  223	(BD) H10-H12, Io = 0.4534          	0.00018  	h180@H10 * ( 0.8525) + h220@H12 * ( 0.5228)	
  224	     H10-H12, antibonding (NB)     	  0.00003	h180@H10 * ( 0.5228) + h220@H12 * (-0.8525)	
  225	(BD) H10-O11, Io = 0.6148          	0.00256  	h181@H10 * ( 0.8986) + h196@O11 * (-0.4389)	
  226	     H10-O11, antibonding (NB)     	  0.00036	h181@H10 * (-0.4389) + h196@O11 * (-0.8986)	
  227	(BD) H12-H13, Io = 0.1529          	0.00097  	h218@H12 * ( 0.6508) + h224@H13 * ( 0.7592)	
  228	     H12-H13, antibonding (NB)     	  0.00018	h218@H12 * (-0.7592) + h224@H13 * ( 0.6508)	



Number of two-center(2C) BD orbitals for each pair of atoms
Centr. A/B         1         2         3         4         5         6         7         8         9        10        11        12        13
      1    (      6)         2         0         1         2         1         0         0         0         0         0         0         0
      2              (     31)         0         3         8         1        10         0         2         1         2         1         1
      3                        (      6)         0         3         0         1         0         0         0         0         2         0
      4                                  (      6)         1         0         0         0         1         0         0         0         0
      5                                            (     31)         1         7         1         1         1         5         1         0
      6                                                      (      6)         1         1         0         0         0         0         1
      7                                                                (     31)         4         3         1         3         0         1
      8                                                                          (     31)        13         0        12         0         0
      9                                                                                    (     31)         1         8         0         2
     10                                                                                              (      6)         1         1         0
     11                                                                                                        (     31)         0         0
     12                                                                                                                  (      6)         1
     13                                                                                                                            (      6)

>> LPO  occupancy summary >>
       bonding (BD):     47.30006 in  114 oribtals
  anti-bonding (NB):      0.69994 in  114 oribtals
 1c-lone pairs (LP):      0.00000 in    0 oribtals
 1c-unoccupied (RY):      0.00000 in    0 oribtals

Method        BD+LP....in      NB+RY     BD+NB+LP  BD+NB+LP+RY      trace(D)   Sum[Bd^2+Lp^2]    ||D||^2
  LPO      47.30006   114    0.69994     48.00000     48.00000       48.000        93.2283       96.0000


                          * * *                                         

Creating CLPOs (Chemist's Localized Property-optimized Orbitals)


Optimizing CLPOs...
Finding an optimal hybrid pairing...
    0    1    2    3    4    5    6    7    8    9   10   11   12   13   14   15   16   17   18   19   20   21   22   23   24   25   26   27   28   29   30   31   32   33   34   35   36   37   38   39   40   41   42   43   44   45   46   47   48   49   50   51   52   53   54   55   56   57   58   59   60   61   62   63   64   65   66   67   68   69   70   71   72   73   74   75   76   77   78   79   80   81   82   83   84   85   86   87   88   89   90   91   92   93   94   95   96   97   98   99  100  101  102  103  104  105  106  107  108  109  110  111  112  113  114  115  116  117  118  119  120  121  122  123  124  125  126  127  128  129  130  131  132  133  134  135  136  137  138  139  140  141  142  143  144  145  146  147  148  149  150  151  152  153  154  155  156  157  158  159  160  161  162  163  164  165  166  167  168  169  170  171  172  173  174  175  176  177  178  179  180  181  182  183  184  185  186  187  188  189  190  191  192  193  194  195  196  197  198  199  200  201  202  203  204  205  206  207  208  209  210  211  212  213  214  215  216  217  218  219  220  221  222  223  224  225  226  227  228  229  230  231  232  233  234  235  236  237  238  239  240  241  242  243  244  245  246  247  248  249  250  251  252  253  254  255  256  257  258  259  260  261  262  263  264  265  266  267  268  269  270  271  272  273  274  275  276  277  278  279  280  281  282  283  284  285  286  287  288  289  290  291  292  293  294  295  296  297  298  299  300  301  302  303  304  305  306  307  308  309  310  311  312  313  314  315  316  317  318  319  320  321  322  323  324  325  326  327  328  329  330  331  332  333  334  335  336  337  338  339  340  341  342  343  344  345  346  347  348  349  350  351  352  353  354  355  356  357  358  359  360  361  362  363  364  365  366  367  368  369  370  371  372  373  374  375  376  377  378  379  380  381  382  383  384  385  386  387  388  389  390  391  392  393  394  395  396  397  398  399  400  401  402  403  404  405  406  407  408  409  410  411  412  413  414  415  416  417  418  419  420  421  422  423  424  425  426  427  428  429  430  431  432  433  434  435  436  437  438  439  440  441  442  443  444  445  446  447  448  449  450  451  452  453  454  455
  228  229    9  231  232  233  234  235  236    2  238  239  240  241  242  243  244   60   45   99  248  249  250  251  252  253  254  255  256  257  258  259  260  261  262  263  264  265  266   62  268  269  270  271  272   18  274  275  276  277  278  279  218  281  282  283  284  285  286  287   17  181   39  291  292  293  294  295  296  297  298  299  300  301  302  303  304  305  306  307  308  309   89  311  312  313  314  315  316   82  318  319  320  321  322  323  324  224  160   19  328  329  330  331  332  333  334  335  336  337  338  339  340  341  342  343  344  345  346  347  348  349  350  351  352  353  354  355  159  151  358  359  360  361  362  363  364  365  366  367  368  369  370  371  372  373  374  375  376  377  378  129  380  381  382  383  384  385  386  128   98  198  390  391  392  393  394  395  396  397  398  399  400  401  402  403  404  405  406  407  408   61  410  411  412  413  414  415  416  417  418  419  420  421  422  423  424  425  161  427  428  429  430  431  432  433  434  435  436  437  438  439  440  441  442  443  444  445   52  447  448  449  450  451   97  453  454  455    0    1   -1    3    4    5    6    7    8   -1   10   11   12   13   14   15   16   -1   -1   -1   20   21   22   23   24   25   26   27   28   29   30   31   32   33   34   35   36   37   38   -1   40   41   42   43   44   -1   46   47   48   49   50   51   -1   53   54   55   56   57   58   59   -1   -1   -1   63   64   65   66   67   68   69   70   71   72   73   74   75   76   77   78   79   80   81   -1   83   84   85   86   87   88   -1   90   91   92   93   94   95   96   -1   -1   -1  100  101  102  103  104  105  106  107  108  109  110  111  112  113  114  115  116  117  118  119  120  121  122  123  124  125  126  127   -1   -1  130  131  132  133  134  135  136  137  138  139  140  141  142  143  144  145  146  147  148  149  150   -1  152  153  154  155  156  157  158   -1   -1   -1  162  163  164  165  166  167  168  169  170  171  172  173  174  175  176  177  178  179  180   -1  182  183  184  185  186  187  188  189  190  191  192  193  194  195  196  197   -1  199  200  201  202  203  204  205  206  207  208  209  210  211  212  213  214  215  216  217   -1  219  220  221  222  223   -1  225  226  227
CLPO iteration  1: hybrids reconnected, target function =   93.0549622
Iterative optimization of atomic hybrids
           Target                 Total        max.atomic       Total        max.atomic     Nxt.step
  Itr.    function    new-old  ||Unew-U||^2   ||unew-u||^2   ||Dnew-D||^2   ||dnew-d||^2     lambda 
    1      93.0550   +9.3e+01    9.262799      0.0737122      0.09649        0.0886985       (none)
    2      93.0680   +1.3e-02    7.709206      0.0646166      0.01304        0.0092363       (none)
    3      93.0681   +5.3e-05    6.914812      0.0651013      0.00564        0.0031535       (none)
    4      93.0681   +7.5e-06    << Converged! (threshold = 1.00e-05) >>
Optimization of hybrids finished
CLPO iteration  1: hybrids optimized, target function =   93.0680681
Finding an optimal hybrid pairing...
    0    1    2    3    4    5    6    7    8    9   10   11   12   13   14   15   16   17   18   19   20   21   22   23   24   25   26   27   28   29   30   31   32   33   34   35   36   37   38   39   40   41   42   43   44   45   46   47   48   49   50   51   52   53   54   55   56   57   58   59   60   61   62   63   64   65   66   67   68   69   70   71   72   73   74   75   76   77   78   79   80   81   82   83   84   85   86   87   88   89   90   91   92   93   94   95   96   97   98   99  100  101  102  103  104  105  106  107  108  109  110  111  112  113  114  115  116  117  118  119  120  121  122  123  124  125  126  127  128  129  130  131  132  133  134  135  136  137  138  139  140  141  142  143  144  145  146  147  148  149  150  151  152  153  154  155  156  157  158  159  160  161  162  163  164  165  166  167  168  169  170  171  172  173  174  175  176  177  178  179  180  181  182  183  184  185  186  187  188  189  190  191  192  193  194  195  196  197  198  199  200  201  202  203  204  205  206  207  208  209  210  211  212  213  214  215  216  217  218  219  220  221  222  223  224  225  226  227  228  229  230  231  232  233  234  235  236  237  238  239  240  241  242  243  244  245  246  247  248  249  250  251  252  253  254  255  256  257  258  259  260  261  262  263  264  265  266  267  268  269  270  271  272  273  274  275  276  277  278  279  280  281  282  283  284  285  286  287  288  289  290  291  292  293  294  295  296  297  298  299  300  301  302  303  304  305  306  307  308  309  310  311  312  313  314  315  316  317  318  319  320  321  322  323  324  325  326  327  328  329  330  331  332  333  334  335  336  337  338  339  340  341  342  343  344  345  346  347  348  349  350  351  352  353  354  355  356  357  358  359  360  361  362  363  364  365  366  367  368  369  370  371  372  373  374  375  376  377  378  379  380  381  382  383  384  385  386  387  388  389  390  391  392  393  394  395  396  397  398  399  400  401  402  403  404  405  406  407  408  409  410  411  412  413  414  415  416  417  418  419  420  421  422  423  424  425  426  427  428  429  430  431  432  433  434  435  436  437  438  439  440  441  442  443  444  445  446  447  448  449  450  451  452  453  454  455
  228  229    9  231  232  233  234  235  236    2  238  239  240  241  242  243  244   60   45   99  248  249  250  251  252  253  254  255  256  257  258  259  260  261  262  263  264  265  266   62  268  269  270  271  272   18  274  275  276  277  278  279  218  281  282  283  284  285  286  287   17  181   39  291  292  293  294  295  296  297  298  299  300  301  302  303  304  305  306  307  308  309   89  311  312  313  314  315  316   82  318  319  320  321  322  323  324  224  160   19  328  329  330  331  332  333  334  335  336  337  338  339  340  341  342  343  344  345  346  347  348  349  350  351  352  353  354  355  159  151  358  359  360  361  362  363  364  365  366  367  368  369  370  371  372  373  374  375  376  377  378  129  380  381  382  383  384  385  386  128   98  198  390  391  392  393  394  395  396  397  398  399  400  401  402  403  404  405  406  407  408   61  410  411  412  413  414  415  416  417  418  419  420  421  422  423  424  425  161  427  428  429  430  431  432  433  434  435  436  437  438  439  440  441  442  443  444  445   52  447  448  449  450  451   97  453  454  455    0    1   -1    3    4    5    6    7    8   -1   10   11   12   13   14   15   16   -1   -1   -1   20   21   22   23   24   25   26   27   28   29   30   31   32   33   34   35   36   37   38   -1   40   41   42   43   44   -1   46   47   48   49   50   51   -1   53   54   55   56   57   58   59   -1   -1   -1   63   64   65   66   67   68   69   70   71   72   73   74   75   76   77   78   79   80   81   -1   83   84   85   86   87   88   -1   90   91   92   93   94   95   96   -1   -1   -1  100  101  102  103  104  105  106  107  108  109  110  111  112  113  114  115  116  117  118  119  120  121  122  123  124  125  126  127   -1   -1  130  131  132  133  134  135  136  137  138  139  140  141  142  143  144  145  146  147  148  149  150   -1  152  153  154  155  156  157  158   -1   -1   -1  162  163  164  165  166  167  168  169  170  171  172  173  174  175  176  177  178  179  180   -1  182  183  184  185  186  187  188  189  190  191  192  193  194  195  196  197   -1  199  200  201  202  203  204  205  206  207  208  209  210  211  212  213  214  215  216  217   -1  219  220  221  222  223   -1  225  226  227
CLPO iteration  2: hybrids reconnected, target function =   93.0680681
Done! (in 1 iterations)


*** Summary of CLPO results

  CLPO	         D e s c r i p t i o n     	Occupancy	Composition
    2	                            H1 (RY)	  0.00109	1.0 * h2@H1
    3	(BD) H1-C2, Io = 0.2276            	1.98320  	h3@H1 * ( 0.6215) + h10@C2 * ( 0.7834)	
    4	     H1-C2, antibonding (NB)       	  0.01408	h3@H1 * (-0.7834) + h10@C2 * ( 0.6215)	
   10	                            C2 (RY)	  0.00147	1.0 * h9@C2
   11	(LP)  C2                           	1.99953  	1.0 * h11@C2
   16	                            C2 (RY)	  0.00284	1.0 * h16@C2
   17	                            C2 (RY)	  0.00129	1.0 * h17@C2
   18	(BD) C2-N5, Io = 0.2712            	1.99596  	h18@C2 * (-0.6037) + h61@N5 * ( 0.7972)	
   19	     C2-N5, antibonding (NB)       	  0.01376	h18@C2 * (-0.7972) + h61@N5 * (-0.6037)	
   20	(BD) C2-H4, Io = 0.2256            	1.98401  	h19@C2 * ( 0.7828) + h46@H4 * (-0.6223)	
   21	     C2-H4, antibonding (NB)       	  0.01244	h19@C2 * (-0.6223) + h46@H4 * (-0.7828)	
   22	(BD) C2-C7, Io = 0.0243            	1.98709  	h20@C2 * ( 0.7156) + h100@C7 * (-0.6985)	
   23	     C2-C7, antibonding (NB)       	  0.01496	h20@C2 * (-0.6985) + h100@C7 * (-0.7156)	
   43	(BD) H3-N5, Io = 0.4624            	1.99244  	h40@H3 * (-0.5184) + h63@N5 * ( 0.8551)	
   44	     H3-N5, antibonding (NB)       	  0.00519	h40@H3 * (-0.8551) + h63@N5 * (-0.5184)	
   56	(BD) N5-H12, Io = 0.4588           	1.99322  	h53@N5 * ( 0.8541) + h219@H12 * ( 0.5202)	
   57	     N5-H12, antibonding (NB)      	  0.00842	h53@N5 * ( 0.5202) + h219@H12 * (-0.8541)	
   58	(LP)  N5                           	1.99964  	1.0 * h54@N5
   63	                            N5 (RY)	  0.00105	1.0 * h59@N5
   64	                            N5 (RY)	  0.00150	1.0 * h60@N5
   65	(BD) N5-H10, Io = 0.4637           	1.99334  	h62@N5 * ( 0.8555) + h182@H10 * ( 0.5178)	
   66	     N5-H10, antibonding (NB)      	  0.01370	h62@N5 * ( 0.5178) + h182@H10 * (-0.8555)	
   86	(BD) H6-C7, Io = 0.2339            	1.97287  	h83@H6 * ( 0.6189) + h90@C7 * ( 0.7855)	
   87	     H6-C7, antibonding (NB)       	  0.00895	h83@H6 * (-0.7855) + h90@C7 * ( 0.6189)	
   94	(LP)  C7                           	1.99930  	1.0 * h91@C7
  100	                            C7 (RY)	  0.00334	1.0 * h97@C7
  101	(BD) C7-H13, Io = 0.2249           	1.96712  	h98@C7 * ( 0.7826) + h225@H13 * (-0.6225)	
  102	     C7-H13, antibonding (NB)      	  0.01126	h98@C7 * (-0.6225) + h225@H13 * (-0.7826)	
  103	(BD) C7-C9, Io = 0.0790            	1.99087  	h99@C7 * ( 0.7345) + h161@C9 * (-0.6786)	
  104	     C7-C9, antibonding (NB)       	  0.09225	h99@C7 * (-0.6786) + h161@C9 * (-0.7345)	
  112	                            C7 (RY)	  0.00186	1.0 * h108@C7
  125	(LP)  O8                           	1.97706  	1.0 * h121@O8
  126	(LP)  O8                           	1.99991  	1.0 * h122@O8
  130	                            O8 (RY)	  0.00127	1.0 * h126@O8
  132	                            O8 (RY)	  0.00255	1.0 * h128@O8
  133	(BD) O8-C9, Io = 0.5319            	1.99163  	h129@O8 * ( 0.8752) + h160@C9 * ( 0.4838)	
  134	     O8-C9, antibonding (NB)       	  0.38748	h129@O8 * ( 0.4838) + h160@C9 * (-0.8752)	
  135	(BD) O8-C9, Io = 0.2941            	1.99746  	h130@O8 * ( 0.8044) + h152@C9 * (-0.5941)	
  136	     O8-C9, antibonding (NB)       	  0.05215	h130@O8 * (-0.5941) + h152@C9 * (-0.8044)	
  137	(LP)  O8                           	1.89122  	1.0 * h131@O8
  158	(LP)  C9                           	1.99962  	1.0 * h153@C9
  163	                            C9 (RY)	  0.01992	1.0 * h158@C9
  164	                            C9 (RY)	  0.01672	1.0 * h159@C9
  165	(BD) C9-O11, Io = 0.2817           	1.99648  	h162@C9 * (-0.5993) + h199@O11 * ( 0.8005)	
  166	     C9-O11, antibonding (NB)      	  0.05516	h162@C9 * (-0.8005) + h199@O11 * (-0.5993)	
  172	                            C9 (RY)	  0.00212	1.0 * h168@C9
  173	                            C9 (RY)	  0.00503	1.0 * h169@C9
  174	                            C9 (RY)	  0.00203	1.0 * h170@C9
  185	                           H10 (RY)	  0.00214	1.0 * h181@H10
  192	(LP)  O11                          	1.97879  	1.0 * h189@O11
  193	(LP)  O11                          	1.99993  	1.0 * h190@O11
  198	                           O11 (RY)	  0.00237	1.0 * h195@O11
  200	(LP)  O11                          	1.63118  	1.0 * h197@O11
  201	(LP)  O11                          	1.90476  	1.0 * h198@O11

Note: 174 one-center RY orbitals, each having occupancy below 1.00e-03,
      were not printed (use the program option -RyOccPrintThreshold to change this behavior)
      Total occupancy of these RY orbitals is 0.01498


Number of two-center(2C) BD orbitals for each pair of atoms
Centr. A/B         1         2         3         4         5         6         7         8         9        10        11        12        13
      1    (      1)         1         0         0         0         0         0         0         0         0         0         0         0
      2              (      4)         0         1         1         0         1         0         0         0         0         0         0
      3                        (      1)         0         1         0         0         0         0         0         0         0         0
      4                                  (      1)         0         0         0         0         0         0         0         0         0
      5                                            (      4)         0         0         0         0         1         0         1         0
      6                                                      (      1)         1         0         0         0         0         0         0
      7                                                                (      4)         0         1         0         0         0         1
      8                                                                          (      2)         2         0         0         0         0
      9                                                                                    (      4)         0         1         0         0
     10                                                                                              (      1)         0         0         0
     11                                                                                                        (      1)         0         0
     12                                                                                                                  (      1)         0
     13                                                                                                                            (      1)
VAL: 	  H 	 1 
VAL: 	  C 	 4 
VAL: 	  H 	 1 
VAL: 	  H 	 1 
VAL: 	  N 	 4 
VAL: 	  H 	 1 
VAL: 	  C 	 4 
VAL: 	  O 	 2 
VAL: 	  C 	 4 
VAL: 	  H 	 1 
VAL: 	  O 	 1 
VAL: 	  H 	 1 
VAL: 	  H 	 1 

>> CLPO occupancy summary >>
       bonding (BD):     25.84568 in   13 oribtals
  anti-bonding (NB):      0.68981 in   13 oribtals
 1c-lone pairs (LP):     21.38095 in   11 oribtals
 1c-unoccupied (RY):      0.08355 in  191 oribtals

Method        BD+LP....in      NB+RY     BD+NB+LP  BD+NB+LP+RY      trace(D)   Sum[Bd^2+Lp^2]    ||D||^2
  CLPO     47.22663    24    0.77337     47.91645     48.00000       48.000        93.0673       96.0000

                          * * *                                         

Atomic connectivity analysis based on CLPO bonding graph:

There are 1 molecule(s) in the system
(the 'molecule' is defined as the set of atoms linked with BD orbitals)

Molecule   TotalNPA    NumberOf   ListOf 
id         charge      atoms      atoms...
   1       +0.00000       13      H1 C2 H3 H4 N5 H6 C7 O8 C9 H10 O11 H12 H13

Note: The total NPA charge is computed as the sum of NPA charge of atoms belonging to each molecule

                          * * *                                         

Approximate charge transfer analysis in CLPO basis
NOTE: this is an experimental feature AND IS SUBJECT TO CHANGE!
 We expect to have the underlying theory published soon...

Threshold for printing: 0.01000 

IntrAfragment charge transfers (conjugation analysis, etc.)
CT within fragment 1

 orb.num.   description  occup.  -->  charge, e  -->   occup.   description  orb.num.
    86        H6-C7:BD   1.9729  -->   0.01026   -->   0.0138         C2-N5:NB    19
   101       C7-H13:BD   1.9671  -->   0.01590   -->   0.3875         O8-C9:NB   134
   125           O8:LP   1.9771  -->   0.01335   -->   0.0199            C9:RY   163
   137           O8:LP   1.8912  -->   0.04195   -->   0.0923         C7-C9:NB   104
   137           O8:LP   1.8912  -->   0.04826   -->   0.0552        C9-O11:NB   166
   192          O11:LP   1.9788  -->   0.01169   -->   0.0167            C9:RY   164
   200          O11:LP   1.6312  -->   0.35177   -->   0.3875         O8-C9:NB   134
   201          O11:LP   1.9048  -->   0.03251   -->   0.0923         C7-C9:NB   104
   201          O11:LP   1.9048  -->   0.04329   -->   0.0521         O8-C9:NB   136

4887 orbital pairs with total charge transfer of 0.18871 were not printed


IntErfragment charge transfers (donor-acceptor analysis, etc.)

Inter-molecular charge transfer summary (NEW):
Mol  Accepted -Donated  =  got_electrons
  1  +0.00000 -0.00000  =   +0.00000

                          * * *                                         



0 warning(s)

Total run time: 0 min, 1.6 sec


                          * * *                                         

