[ XTB Batch Run Started ]
Total files: 62

[1/62] ▶ case_029 처리 중...
[1/62] ✅ case_029 최적화 완료
[2/62] ▶ case_080 처리 중...
[2/62] ✅ case_080 최적화 완료
[3/62] ▶ case_057 처리 중...
[3/62] ✅ case_057 최적화 완료
[4/62] ▶ case_097 처리 중...
[4/62] ✅ case_097 최적화 완료
[5/62] ▶ case_078 처리 중...
[5/62] ✅ case_078 최적화 완료
[6/62] ▶ case_074 처리 중...
[6/62] ✅ case_074 최적화 완료
[7/62] ▶ case_067 처리 중...
[7/62] ✅ case_067 최적화 완료
[8/62] ▶ case_075 처리 중...
[8/62] ✅ case_075 최적화 완료
[9/62] ▶ case_010 처리 중...
[9/62] ✅ case_010 최적화 완료
[10/62] ▶ case_006 처리 중...
[10/62] ✅ case_006 최적화 완료
[11/62] ▶ case_087 처리 중...
[11/62] ✅ case_087 최적화 완료
[12/62] ▶ case_072 처리 중...
[12/62] ✅ case_072 최적화 완료
[13/62] ▶ case_076 처리 중...
[13/62] ✅ case_076 최적화 완료
[14/62] ▶ case_008 처리 중...
[14/62] ✅ case_008 최적화 완료
[15/62] ▶ case_044 처리 중...
[15/62] ✅ case_044 최적화 완료
[16/62] ▶ case_083 처리 중...
[16/62] ✅ case_083 최적화 완료
[17/62] ▶ case_065 처리 중...
[17/62] ✅ case_065 최적화 완료
[18/62] ▶ case_089 처리 중...
[18/62] ✅ case_089 최적화 완료
[19/62] ▶ case_088 처리 중...
[19/62] ✅ case_088 최적화 완료
[20/62] ▶ case_026 처리 중...
[20/62] ✅ case_026 최적화 완료
[21/62] ▶ case_009 처리 중...
[21/62] ✅ case_009 최적화 완료
[22/62] ▶ case_077 처리 중...
[22/62] ✅ case_077 최적화 완료
[23/62] ▶ case_099 처리 중...
[23/62] ✅ case_099 최적화 완료
[24/62] ▶ case_064 처리 중...
[24/62] ✅ case_064 최적화 완료
[25/62] ▶ case_039 처리 중...
[25/62] ✅ case_039 최적화 완료
[26/62] ▶ case_049 처리 중...
[26/62] ✅ case_049 최적화 완료
[27/62] ▶ case_079 처리 중...
[27/62] ✅ case_079 최적화 완료
[28/62] ▶ case_082 처리 중...
[28/62] ✅ case_082 최적화 완료
[29/62] ▶ case_004 처리 중...
[29/62] ✅ case_004 최적화 완료
[30/62] ▶ case_035 처리 중...
[30/62] ✅ case_035 최적화 완료
[31/62] ▶ case_063 처리 중...
[31/62] ✅ case_063 최적화 완료
[32/62] ▶ case_098 처리 중...
[32/62] ✅ case_098 최적화 완료
[33/62] ▶ case_084 처리 중...
[33/62] ✅ case_084 최적화 완료
[34/62] ▶ case_062 처리 중...
[34/62] ✅ case_062 최적화 완료
[35/62] ▶ case_019 처리 중...
[35/62] ✅ case_019 최적화 완료
[36/62] ▶ case_052 처리 중...
[36/62] ✅ case_052 최적화 완료
[37/62] ▶ case_047 처리 중...
[37/62] ✅ case_047 최적화 완료
[38/62] ▶ case_090 처리 중...
[38/62] ✅ case_090 최적화 완료
[39/62] ▶ case_023 처리 중...
[39/62] ✅ case_023 최적화 완료
[40/62] ▶ case_034 처리 중...
[40/62] ✅ case_034 최적화 완료
[41/62] ▶ case_016 처리 중...
[41/62] ✅ case_016 최적화 완료
[42/62] ▶ case_070 처리 중...
[42/62] ✅ case_070 최적화 완료
[43/62] ▶ case_038 처리 중...
[43/62] ✅ case_038 최적화 완료
[44/62] ▶ case_096 처리 중...
[44/62] ✅ case_096 최적화 완료
[45/62] ▶ case_003 처리 중...
[45/62] ✅ case_003 최적화 완료
[46/62] ▶ case_095 처리 중...
[46/62] ✅ case_095 최적화 완료
[47/62] ▶ case_050 처리 중...
[47/62] ✅ case_050 최적화 완료
[48/62] ▶ case_027 처리 중...
[48/62] ✅ case_027 최적화 완료
[49/62] ▶ case_021 처리 중...
[49/62] ✅ case_021 최적화 완료
[50/62] ▶ case_066 처리 중...
[50/62] ✅ case_066 최적화 완료
[51/62] ▶ case_001 처리 중...
[51/62] ✅ case_001 최적화 완료
[52/62] ▶ case_018 처리 중...
[52/62] ✅ case_018 최적화 완료
[53/62] ▶ case_033 처리 중...
[53/62] ✅ case_033 최적화 완료
[54/62] ▶ case_025 처리 중...
[54/62] ✅ case_025 최적화 완료
[55/62] ▶ case_091 처리 중...
[55/62] ✅ case_091 최적화 완료
[56/62] ▶ case_042 처리 중...
[56/62] ✅ case_042 최적화 완료
[57/62] ▶ case_040 처리 중...
[57/62] ✅ case_040 최적화 완료
[58/62] ▶ case_055 처리 중...
[58/62] ✅ case_055 최적화 완료
[59/62] ▶ case_020 처리 중...
[59/62] ✅ case_020 최적화 완료
[60/62] ▶ case_059 처리 중...
[60/62] ✅ case_059 최적화 완료
[61/62] ▶ case_058 처리 중...
[61/62] ✅ case_058 최적화 완료
[62/62] ▶ case_053 처리 중...
[62/62] ✅ case_053 최적화 완료

[ XTB Batch Run Completed ]
