                      :-) GROMACS - gmx mdrun, 2025.2 (-:

Copyright 1991-2025 The GROMACS Authors.
GROMACS is free software; you can redistribute it and/or modify it
under the terms of the GNU Lesser General Public License
as published by the Free Software Foundation; either version 2.1
of the License, or (at your option) any later version.

                         Current GROMACS contributors:
       Mark Abraham           Andrey Alekseenko           Brian Andrews       
      Vladimir Basov              Paul Bauer                Hugh Bird         
      Eliane Briand               Ania Brown              Mahesh Doijade      
      Giacomo Fiorin          Stefan Fleischmann          Sergey Gorelov      
   Gilles Gouaillardet            Alan Gray              M. Eric Irrgang      
   Farzaneh Jalalypour         Petter Johansson          Carsten Kutzner      
    Grzegorz Łazarski         Justin A. Lemkul          Magnus Lundborg      
       Pascal Merz             Vedran Miletić            Dmitry Morozov      
     Lukas Müllender            Julien Nabet             Szilárd Páll      
 Andrea Pasquadibisceglie     Michele Pellegrino         Nicola Piasentin     
     Daniele Rapetti         Muhammad Umair Sadiq         Hubert Santuz       
      Roland Schulz             Michael Shirts           Tatiana Shugaeva     
     Alexey Shvetsov            Philip Turner            Alessandra Villa     
 Sebastian Wingbermühle  

                         Previous GROMACS contributors:
        Emile Apol             Rossen Apostolov           James Barnett       
  Herman J.C. Berendsen         Cathrine Bergh             Par Bjelkmar       
      Christian Blau          Viacheslav Bolnykh            Kevin Boyd        
    Aldert van Buuren          Carlo Camilloni           Rudi van Drunen      
      Anton Feenstra           Oliver Fleetwood            Vytas Gapsys       
       Gaurav Garg             Gerrit Groenhof            Bert de Groot       
      Anca Hamuraru           Vincent Hindriksen          Victor Holanda      
     Aleksei Iupinov              Joe Jordan            Christoph Junghans    
    Prashanth Kanduri        Dimitrios Karkoulis           Peter Kasson       
      Sebastian Kehl           Sebastian Keller             Jiri Kraus        
       Per Larsson              Viveca Lindahl            Erik Marklund       
    Pieter Meulenhoff           Teemu Murtola              Sander Pronk       
      Alfons Sijbers            Balint Soproni         David van der Spoel    
      Peter Tieleman            Carsten Uphoff             Jon Vincent        
     Teemu Virolainen         Christian Wennberg           Maarten Wolf       
      Artem Zhmurov       

                  Coordinated by the GROMACS project leaders:
                           Berk Hess and Erik Lindahl

GROMACS:      gmx mdrun, version 2025.2
Executable:   /usr/local/gromacs/bin/gmx
Data prefix:  /usr/local/gromacs
Working dir:  /home/yongsang/Research/PSID_server_room/KETI_KimDongUk/DFT_1Step/09_GROMACS/01_Alanine_zwitterion/simulations/case_091_sorted
Process ID:   2066994
Command line:
  gmx mdrun -deffnm nvt -nt 25

GROMACS version:     2025.2
Precision:           mixed
Memory model:        64 bit
MPI library:         thread_mpi
OpenMP support:      enabled (GMX_OPENMP_MAX_THREADS = 128)
GPU support:         disabled
SIMD instructions:   AVX_512
CPU FFT library:     fftw-3.3.10-sse2-avx-avx2-avx2_128-avx512
GPU FFT library:     none
Multi-GPU FFT:       none
RDTSCP usage:        enabled
TNG support:         enabled
Hwloc support:       disabled
Tracing support:     disabled
C compiler:          /opt/rh/devtoolset-11/root/usr/bin/gcc GNU 11.2.1
C compiler flags:    -fexcess-precision=fast -funroll-all-loops -march=skylake-avx512 -Wno-missing-field-initializers -O3 -DNDEBUG
C++ compiler:        /opt/rh/devtoolset-11/root/usr/bin/g++ GNU 11.2.1
C++ compiler flags:  -fexcess-precision=fast -funroll-all-loops -march=skylake-avx512 -Wno-missing-field-initializers -Wno-cast-function-type-strict SHELL:-fopenmp -O3 -DNDEBUG
BLAS library:        External - detected on the system
LAPACK library:      External - detected on the system


Running on 1 node with total 36 cores, 36 processing units
Hardware detected on host ga00:
  CPU info:
    Vendor: Intel
    Brand:  Intel(R) Xeon(R) Gold 6354 CPU @ 3.00GHz
    Family: 6   Model: 106   Stepping: 6
    Features: aes apic avx avx2 avx512f avx512cd avx512bw avx512vl avx512secondFMA clfsh cmov cx8 cx16 f16c fma htt intel lahf mmx msr nonstop_tsc pcid pclmuldq pdcm pdpe1gb popcnt pse rdrnd rdtscp sha sse2 sse3 sse4.1 sse4.2 ssse3 tdt x2apic
    Number of AVX-512 FMA units: 2
  Hardware topology: Basic
    Packages, cores, and logical processors:
    [indices refer to OS logical processors]
      Package  0: [   0] [   2] [   4] [   6] [   8] [  10] [  12] [  14] [  16] [  18] [  20] [  22] [  24] [  26] [  28] [  30] [  32] [  34]
      Package  1: [   1] [   3] [   5] [   7] [   9] [  11] [  13] [  15] [  17] [  19] [  21] [  23] [  25] [  27] [  29] [  31] [  33] [  35]
    CPU limit set by OS: -1   Recommended max number of threads: 36


++++ PLEASE READ AND CITE THE FOLLOWING REFERENCE ++++
M. J. Abraham, T. Murtola, R. Schulz, S. Páll, J. C. Smith, B. Hess, E.
Lindahl
GROMACS: High performance molecular simulations through multi-level
parallelism from laptops to supercomputers
SoftwareX (2015)
DOI: 10.1016/j.softx.2015.06.001
-------- -------- --- Thank You --- -------- --------


++++ PLEASE READ AND CITE THE FOLLOWING REFERENCE ++++
S. Páll, M. J. Abraham, C. Kutzner, B. Hess, E. Lindahl
Tackling Exascale Software Challenges in Molecular Dynamics Simulations with
GROMACS
In S. Markidis & E. Laure (Eds.), Solving Software Challenges for Exascale (2015)
DOI: 10.1007/978-3-319-15976-8_1
-------- -------- --- Thank You --- -------- --------


++++ PLEASE READ AND CITE THE FOLLOWING REFERENCE ++++
S. Pronk, S. Páll, R. Schulz, P. Larsson, P. Bjelkmar, R. Apostolov, M. R.
Shirts, J. C. Smith, P. M. Kasson, D. van der Spoel, B. Hess, E. Lindahl
GROMACS 4.5: a high-throughput and highly parallel open source molecular
simulation toolkit
Bioinformatics (2013)
DOI: 10.1093/bioinformatics/btt055
-------- -------- --- Thank You --- -------- --------


++++ PLEASE READ AND CITE THE FOLLOWING REFERENCE ++++
B. Hess, C. Kutzner, D. van der Spoel, E. Lindahl
GROMACS 4: Algorithms for highly efficient, load-balanced, and scalable
molecular simulation
J. Chem. Theory Comput. (2008)
DOI: 10.1021/ct700301q
-------- -------- --- Thank You --- -------- --------


++++ PLEASE READ AND CITE THE FOLLOWING REFERENCE ++++
D. van der Spoel, E. Lindahl, B. Hess, G. Groenhof, A. E. Mark, H. J. C.
Berendsen
GROMACS: Fast, Flexible and Free
J. Comp. Chem. (2005)
DOI: 10.1002/jcc.20291
-------- -------- --- Thank You --- -------- --------


++++ PLEASE READ AND CITE THE FOLLOWING REFERENCE ++++
E. Lindahl, B. Hess, D. van der Spoel
GROMACS 3.0: A package for molecular simulation and trajectory analysis
J. Mol. Mod. (2001)
DOI: 10.1007/s008940100045
-------- -------- --- Thank You --- -------- --------


++++ PLEASE READ AND CITE THE FOLLOWING REFERENCE ++++
H. J. C. Berendsen, D. van der Spoel and R. van Drunen
GROMACS: A message-passing parallel molecular dynamics implementation
Comp. Phys. Comm. (1995)
DOI: 10.1016/0010-4655(95)00042-E
-------- -------- --- Thank You --- -------- --------


++++ PLEASE CITE THE DOI FOR THIS VERSION OF GROMACS ++++
https://doi.org/10.5281/zenodo.15387018
-------- -------- --- Thank You --- -------- --------

Input Parameters:
   integrator                     = md
   tinit                          = 0
   dt                             = 0.002
   nsteps                         = 50000
   init-step                      = 0
   simulation-part                = 1
   mts                            = false
   mass-repartition-factor        = 1
   comm-mode                      = Linear
   nstcomm                        = 100
   bd-fric                        = 0
   ld-seed                        = -8496129
   emtol                          = 10
   emstep                         = 0.01
   niter                          = 20
   fcstep                         = 0
   nstcgsteep                     = 1000
   nbfgscorr                      = 10
   rtpi                           = 0.05
   nstxout                        = 1000
   nstvout                        = 1000
   nstfout                        = 0
   nstlog                         = 1000
   nstcalcenergy                  = 100
   nstenergy                      = 1000
   nstxout-compressed             = 0
   compressed-x-precision         = 1000
   cutoff-scheme                  = Verlet
   nstlist                        = 10
   pbc                            = xyz
   periodic-molecules             = false
   verlet-buffer-tolerance        = 0.005
   verlet-buffer-pressure-tolerance = 0.5
   rlist                          = 1
   coulombtype                    = PME
   coulomb-modifier               = Potential-shift
   rcoulomb-switch                = 0
   rcoulomb                       = 1
   epsilon-r                      = 1
   epsilon-rf                     = inf
   vdw-type                       = Cut-off
   vdw-modifier                   = Potential-shift
   rvdw-switch                    = 0
   rvdw                           = 1
   DispCorr                       = No
   table-extension                = 1
   fourierspacing                 = 0.12
   fourier-nx                     = 24
   fourier-ny                     = 24
   fourier-nz                     = 24
   pme-order                      = 4
   ewald-rtol                     = 1e-05
   ewald-rtol-lj                  = 0.001
   lj-pme-comb-rule               = Geometric
   ewald-geometry                 = 3d
   epsilon-surface                = 0
   ensemble-temperature-setting   = constant
   ensemble-temperature           = 300
   tcoupl                         = V-rescale
   nsttcouple                     = 10
   nh-chain-length                = 0
   print-nose-hoover-chain-variables = false
   pcoupl                         = No
   refcoord-scaling               = No
   posres-com: not available
   posres-comB: not available
   QMMM                           = false
qm-opts:
   ngQM                           = 0
   constraint-algorithm           = Lincs
   continuation                   = false
   Shake-SOR                      = false
   shake-tol                      = 0.0001
   lincs-order                    = 4
   lincs-iter                     = 1
   lincs-warnangle                = 30
   nwall                          = 0
   wall-type                      = 9-3
   wall-r-linpot                  = -1
   wall-atomtype[0]               = -1
   wall-atomtype[1]               = -1
   wall-density[0]                = 0
   wall-density[1]                = 0
   wall-ewald-zfac                = 3
   pull                           = false
   awh                            = false
   rotation                       = false
   interactiveMD                  = false
   disre                          = No
   disre-weighting                = Conservative
   disre-mixed                    = false
   dr-fc                          = 1000
   dr-tau                         = 0
   nstdisreout                    = 100
   orire-fc                       = 0
   orire-tau                      = 0
   nstorireout                    = 100
   free-energy                    = no
   cos-acceleration               = 0
   deform (3x3):
      deform[    0]={ 0.00000e+00,  0.00000e+00,  0.00000e+00}
      deform[    1]={ 0.00000e+00,  0.00000e+00,  0.00000e+00}
      deform[    2]={ 0.00000e+00,  0.00000e+00,  0.00000e+00}
   simulated-tempering            = false
   swapcoords                     = no
   userint1                       = 0
   userint2                       = 0
   userint3                       = 0
   userint4                       = 0
   userreal1                      = 0
   userreal2                      = 0
   userreal3                      = 0
   userreal4                      = 0
   applied-forces:
     electric-field:
       x:
         E0                       = 0
         omega                    = 0
         t0                       = 0
         sigma                    = 0
       y:
         E0                       = 0
         omega                    = 0
         t0                       = 0
         sigma                    = 0
       z:
         E0                       = 0
         omega                    = 0
         t0                       = 0
         sigma                    = 0
     density-guided-simulation:
       active                     = false
       group                      = protein
       similarity-measure         = inner-product
       atom-spreading-weight      = unity
       force-constant             = 1e+09
       gaussian-transform-spreading-width = 0.2
       gaussian-transform-spreading-range-in-multiples-of-width = 4
       reference-density-filename = reference.mrc
       nst                        = 1
       normalize-densities        = true
       adaptive-force-scaling     = false
       adaptive-force-scaling-time-constant = 4
       shift-vector               = 
       transformation-matrix      = 
     qmmm-cp2k:
       active                     = false
       qmgroup                    = System
       qmmethod                   = PBE
       qmfilenames                = 
       qmcharge                   = 0
       qmmultiplicity             = 1
     colvars:
       active                     = false
       configfile                 = 
       seed                       = -1
     nnpot:
       active                     = false
       modelfile                  = model.pt
       input-group                = System
       model-input1               = 
       model-input2               = 
       model-input3               = 
       model-input4               = 
grpopts:
   nrdf:          66
   ref-t:         300
   tau-t:         0.1
annealing:          No
annealing-npoints:           0
   acc:	           0           0           0
   nfreeze:           N           N           N
   energygrp-flags[  0]: 0

Changing nstlist from 10 to 100, rlist from 1 to 1.116

Update groups can not be used for this system because there are three or more consecutively coupled constraints

Initializing Domain Decomposition on 1 ranks
Dynamic load balancing: auto
Minimum cell size due to atom displacement: 0.676 nm
Initial maximum distances in bonded interactions:
    two-body bonded interactions: 0.357 nm, LJ-14, atoms 5 13
  multi-body bonded interactions: 0.357 nm, Ryckaert-Bell., atoms 5 13
Minimum cell size due to bonded interactions: 0.393 nm
Maximum distance for 5 constraints, at 120 deg. angles, all-trans: 0.678 nm
Estimated maximum distance required for P-LINCS: 0.678 nm
This distance will limit the DD cell size, you can override this with -rcon
Using 0 separate PME ranks because: there are too few total ranks for efficient splitting
Optimizing the DD grid for 1 cells with a minimum initial size of 0.678 nm
The maximum allowed number of cells is: X 4 Y 4 Z 4
Domain decomposition grid 1 x 1 x 1, separate PME ranks 0
PME domain decomposition: 1 x 1 x 1

The initial number of communication pulses is:
The initial domain decomposition cell size is:

The maximum allowed distance for atoms involved in interactions is:
                 non-bonded interactions           1.116 nm
            two-body bonded interactions  (-rdd)   1.116 nm
          multi-body bonded interactions  (-rdd)   1.116 nm
  atoms separated by up to 5 constraints  (-rcon)  2.871 nm

When dynamic load balancing gets turned on, these settings will change to:
The maximum number of communication pulses is:
The minimum size for domain decomposition cells is 1.116 nm
The requested allowed shrink of DD cells (option -dds) is: 0.80
The allowed shrink of domain decomposition cells is:
The maximum allowed distance for atoms involved in interactions is:
                 non-bonded interactions           1.116 nm
            two-body bonded interactions  (-rdd)   1.116 nm
          multi-body bonded interactions  (-rdd)   1.116 nm
  atoms separated by up to 5 constraints  (-rcon)  1.116 nm

Local state does not use filler particles

Using 1 MPI thread
Using 25 OpenMP threads 

System total charge: -0.000
Will do PME sum in reciprocal space for electrostatic interactions.

++++ PLEASE READ AND CITE THE FOLLOWING REFERENCE ++++
U. Essmann, L. Perera, M. L. Berkowitz, T. Darden, H. Lee, L. G. Pedersen 
A smooth particle mesh Ewald method
J. Chem. Phys. (1995)
DOI: 10.1063/1.470117
-------- -------- --- Thank You --- -------- --------

Using a Gaussian width (1/beta) of 0.320163 nm for Ewald
Potential shift: LJ r^-12: -1.000e+00 r^-6: -1.000e+00, Ewald -1.000e-05
Initialized non-bonded Coulomb Ewald tables, spacing: 9.33e-04 size: 1073

Generated table with 1058 data points for 1-4 COUL.
Tabscale = 500 points/nm
Generated table with 1058 data points for 1-4 LJ6.
Tabscale = 500 points/nm
Generated table with 1058 data points for 1-4 LJ12.
Tabscale = 500 points/nm


Using SIMD2xMM 4x8 nonbonded short-range kernels

Using a dual 4x8 pair-list setup updated with dynamic pruning:
  outer list: updated every 100 steps, buffer 0.116 nm, rlist 1.116 nm
  inner list: updated every  20 steps, buffer 0.001 nm, rlist 1.001 nm
At tolerance 0.005 kJ/mol/ps per atom, equivalent classical 1x1 list would be:
  outer list: updated every 100 steps, buffer 0.233 nm, rlist 1.233 nm
  inner list: updated every  20 steps, buffer 0.062 nm, rlist 1.062 nm

The average pressure is off by at most 0.48 bar due to missing LJ interactions

Using Geometric Lennard-Jones combination rule
Removing pbc first time

Linking all bonded interactions to atoms


NOTE: The number of threads is not equal to the number of (logical) cpus
      and the -pin option is set to auto: will not pin threads to cpus.
      This can lead to significant performance degradation.
      Consider using -pin on (and -pinoffset in case you run multiple jobs).

Initializing Parallel LINear Constraint Solver

++++ PLEASE READ AND CITE THE FOLLOWING REFERENCE ++++
B. Hess
P-LINCS: A Parallel Linear Constraint Solver for molecular simulation
J. Chem. Theory Comput. (2008)
DOI: 10.1021/ct700200b
-------- -------- --- Thank You --- -------- --------

The number of constraints is 12
There are constraints between atoms in different decomposition domains,
will communicate selected coordinates each lincs iteration

++++ PLEASE READ AND CITE THE FOLLOWING REFERENCE ++++
S. Miyamoto, P. A. Kollman
SETTLE: An Analytical Version of the SHAKE and RATTLE Algorithms for Rigid
Water Models
J. Comp. Chem. (1992)
DOI: 10.1002/jcc.540130805
-------- -------- --- Thank You --- -------- --------


++++ PLEASE READ AND CITE THE FOLLOWING REFERENCE ++++
G. Bussi, D. Donadio, M. Parrinello
Canonical sampling through velocity rescaling
J. Chem. Phys. (2007)
DOI: 10.1063/1.2408420
-------- -------- --- Thank You --- -------- --------

There are: 34 Atoms

Atom distribution over 1 domains: av 34 stddev 0 min 34 max 34

Constraining the starting coordinates (step 0)

Constraining the coordinates at t0-dt (step 0)
Center of mass motion removal mode is Linear
We have the following groups for center of mass motion removal:
  0:  rest
RMS relative constraint deviation after constraining: 3.01e-06
Initial temperature: 307.451 K

Started mdrun on rank 0 Sun May 18 14:36:01 2025

           Step           Time
              0        0.00000

   Energies (kJ/mol)
          Angle Ryckaert-Bell.          LJ-14     Coulomb-14        LJ (SR)
    1.04139e+01    4.33574e+00    1.26643e+01   -2.93068e+02    5.44497e+01
   Coulomb (SR)   Coul. recip. Position Rest.      Potential    Kinetic En.
   -2.98051e+02    1.06074e+02    4.36724e-04   -4.03181e+02    7.83068e+01
   Total Energy  Conserved En.    Temperature Pressure (bar)   Constr. rmsd
   -3.24874e+02   -3.24874e+02    2.85398e+02    1.37301e+02    3.91308e-06

           Step           Time
           1000        2.00000

   Energies (kJ/mol)
          Angle Ryckaert-Bell.          LJ-14     Coulomb-14        LJ (SR)
    3.70326e+01    5.79315e+00    1.27366e+01   -2.94709e+02    1.21108e+02
   Coulomb (SR)   Coul. recip. Position Rest.      Potential    Kinetic En.
   -6.05928e+02    4.75600e+01    1.19023e+01   -6.64504e+02    1.16437e+02
   Total Energy  Conserved En.    Temperature Pressure (bar)   Constr. rmsd
   -5.48067e+02   -3.43630e+02    4.24369e+02    1.10313e+02    2.84827e-06

           Step           Time
           2000        4.00000

   Energies (kJ/mol)
          Angle Ryckaert-Bell.          LJ-14     Coulomb-14        LJ (SR)
    1.30748e+01    4.95452e+00    6.95178e+00   -2.87617e+02    7.09043e+01
   Coulomb (SR)   Coul. recip. Position Rest.      Potential    Kinetic En.
   -5.30426e+02    3.85482e+01    2.86505e+00   -6.80745e+02    7.04229e+01
   Total Energy  Conserved En.    Temperature Pressure (bar)   Constr. rmsd
   -6.10322e+02   -3.90844e+02    2.56665e+02   -5.25486e+00    3.19678e-06

           Step           Time
           3000        6.00000

   Energies (kJ/mol)
          Angle Ryckaert-Bell.          LJ-14     Coulomb-14        LJ (SR)
    3.69302e+01    1.73720e+01    5.95697e+00   -2.82806e+02    8.74322e+01
   Coulomb (SR)   Coul. recip. Position Rest.      Potential    Kinetic En.
   -5.93653e+02    2.64373e+01    1.41776e+01   -6.88153e+02    7.79517e+01
   Total Energy  Conserved En.    Temperature Pressure (bar)   Constr. rmsd
   -6.10201e+02   -4.04514e+02    2.84104e+02    1.31031e+01    4.97535e-06

           Step           Time
           4000        8.00000

   Energies (kJ/mol)
          Angle Ryckaert-Bell.          LJ-14     Coulomb-14        LJ (SR)
    2.40864e+01    9.07776e+00    7.50610e+00   -2.90954e+02    9.26763e+01
   Coulomb (SR)   Coul. recip. Position Rest.      Potential    Kinetic En.
   -5.89543e+02    3.63657e+01    1.47294e+01   -6.96056e+02    8.86389e+01
   Total Energy  Conserved En.    Temperature Pressure (bar)   Constr. rmsd
   -6.07417e+02   -4.30055e+02    3.23055e+02    5.81290e+01    5.12889e-06

           Step           Time
           5000       10.00000

   Energies (kJ/mol)
          Angle Ryckaert-Bell.          LJ-14     Coulomb-14        LJ (SR)
    2.03710e+01    8.75521e+00    7.17400e+00   -2.87222e+02    8.55577e+01
   Coulomb (SR)   Coul. recip. Position Rest.      Potential    Kinetic En.
   -5.68307e+02    2.11598e+01    6.06080e+00   -7.06451e+02    9.11936e+01
   Total Energy  Conserved En.    Temperature Pressure (bar)   Constr. rmsd
   -6.15257e+02   -4.42775e+02    3.32366e+02    3.64278e+01    5.19613e-06

           Step           Time
           6000       12.00000

   Energies (kJ/mol)
          Angle Ryckaert-Bell.          LJ-14     Coulomb-14        LJ (SR)
    3.63353e+01    7.85866e+00    9.40278e+00   -2.92768e+02    4.92556e+01
   Coulomb (SR)   Coul. recip. Position Rest.      Potential    Kinetic En.
   -5.45778e+02    1.88902e+01    1.34036e+00   -7.15462e+02    6.55381e+01
   Total Energy  Conserved En.    Temperature Pressure (bar)   Constr. rmsd
   -6.49924e+02   -4.52211e+02    2.38861e+02   -8.31144e+01    6.28247e-06

           Step           Time
           7000       14.00000

   Energies (kJ/mol)
          Angle Ryckaert-Bell.          LJ-14     Coulomb-14        LJ (SR)
    2.61241e+01    5.55198e+00    1.16516e+01   -2.86867e+02    8.29544e+01
   Coulomb (SR)   Coul. recip. Position Rest.      Potential    Kinetic En.
   -5.82833e+02    2.70200e+01    1.98811e+00   -7.14410e+02    6.53388e+01
   Total Energy  Conserved En.    Temperature Pressure (bar)   Constr. rmsd
   -6.49071e+02   -4.62598e+02    2.38135e+02    1.22537e+01    5.70941e-06

           Step           Time
           8000       16.00000

   Energies (kJ/mol)
          Angle Ryckaert-Bell.          LJ-14     Coulomb-14        LJ (SR)
    2.73028e+01    7.87697e+00    8.37460e+00   -2.91396e+02    9.40048e+01
   Coulomb (SR)   Coul. recip. Position Rest.      Potential    Kinetic En.
   -5.80506e+02    2.56706e+01    1.67249e+00   -7.07000e+02    7.86320e+01
   Total Energy  Conserved En.    Temperature Pressure (bar)   Constr. rmsd
   -6.28368e+02   -4.70192e+02    2.86584e+02    7.18128e+01    3.24453e-06

           Step           Time
           9000       18.00000

   Energies (kJ/mol)
          Angle Ryckaert-Bell.          LJ-14     Coulomb-14        LJ (SR)
    2.81837e+01    7.92552e+00    1.11824e+01   -2.91196e+02    3.38642e+01
   Coulomb (SR)   Coul. recip. Position Rest.      Potential    Kinetic En.
   -5.21791e+02    2.87805e+01    3.64234e+00   -6.99408e+02    7.50188e+01
   Total Energy  Conserved En.    Temperature Pressure (bar)   Constr. rmsd
   -6.24389e+02   -4.78577e+02    2.73415e+02   -1.38355e+02    4.48232e-06

           Step           Time
          10000       20.00000

   Energies (kJ/mol)
          Angle Ryckaert-Bell.          LJ-14     Coulomb-14        LJ (SR)
    3.50870e+01    8.68237e+00    6.90145e+00   -2.85597e+02    7.11434e+01
   Coulomb (SR)   Coul. recip. Position Rest.      Potential    Kinetic En.
   -5.92303e+02    2.65986e+01    3.60608e+00   -7.25881e+02    6.38429e+01
   Total Energy  Conserved En.    Temperature Pressure (bar)   Constr. rmsd
   -6.62038e+02   -4.93307e+02    2.32683e+02   -2.71186e+01    3.06124e-06

           Step           Time
          11000       22.00000

   Energies (kJ/mol)
          Angle Ryckaert-Bell.          LJ-14     Coulomb-14        LJ (SR)
    5.32808e+01    7.39547e+00    3.59493e+00   -2.82439e+02    6.29733e+01
   Coulomb (SR)   Coul. recip. Position Rest.      Potential    Kinetic En.
   -5.68155e+02    2.17172e+01    6.55977e+00   -6.95073e+02    5.72199e+01
   Total Energy  Conserved En.    Temperature Pressure (bar)   Constr. rmsd
   -6.37853e+02   -4.98897e+02    2.08545e+02   -5.92318e+01    5.34055e-06

           Step           Time
          12000       24.00000

   Energies (kJ/mol)
          Angle Ryckaert-Bell.          LJ-14     Coulomb-14        LJ (SR)
    2.63734e+01    8.74169e+00    5.79684e+00   -2.85261e+02    6.33551e+01
   Coulomb (SR)   Coul. recip. Position Rest.      Potential    Kinetic En.
   -5.84401e+02    1.93385e+01    3.74686e+00   -7.42309e+02    7.58305e+01
   Total Energy  Conserved En.    Temperature Pressure (bar)   Constr. rmsd
   -6.66479e+02   -5.07560e+02    2.76373e+02   -1.27497e+02    6.16416e-06

           Step           Time
          13000       26.00000

   Energies (kJ/mol)
          Angle Ryckaert-Bell.          LJ-14     Coulomb-14        LJ (SR)
    3.35940e+01    6.43273e+00    1.19787e+01   -2.92651e+02    8.82613e+01
   Coulomb (SR)   Coul. recip. Position Rest.      Potential    Kinetic En.
   -5.89174e+02    2.26907e+01    1.51031e+00   -7.17357e+02    7.98274e+01
   Total Energy  Conserved En.    Temperature Pressure (bar)   Constr. rmsd
   -6.37530e+02   -5.14008e+02    2.90940e+02    9.39004e+01    3.28529e-06

           Step           Time
          14000       28.00000

   Energies (kJ/mol)
          Angle Ryckaert-Bell.          LJ-14     Coulomb-14        LJ (SR)
    2.29278e+01    7.86350e+00    1.05210e+01   -2.93912e+02    7.35343e+01
   Coulomb (SR)   Coul. recip. Position Rest.      Potential    Kinetic En.
   -5.64118e+02    2.27062e+01    5.35160e+00   -7.15125e+02    7.78806e+01
   Total Energy  Conserved En.    Temperature Pressure (bar)   Constr. rmsd
   -6.37245e+02   -5.22541e+02    2.83845e+02    3.41977e+01    5.07923e-06

           Step           Time
          15000       30.00000

   Energies (kJ/mol)
          Angle Ryckaert-Bell.          LJ-14     Coulomb-14        LJ (SR)
    2.74113e+01    1.34895e+01    9.31128e+00   -2.88670e+02    1.15418e+02
   Coulomb (SR)   Coul. recip. Position Rest.      Potential    Kinetic En.
   -5.92436e+02    1.82604e+01    8.14240e+00   -6.89073e+02    1.38608e+02
   Total Energy  Conserved En.    Temperature Pressure (bar)   Constr. rmsd
   -5.50466e+02   -5.35687e+02    5.05171e+02    2.39931e+02    8.13365e-06

           Step           Time
          16000       32.00000

   Energies (kJ/mol)
          Angle Ryckaert-Bell.          LJ-14     Coulomb-14        LJ (SR)
    4.99984e+01    8.47948e+00    1.06539e+01   -2.95061e+02    9.15826e+01
   Coulomb (SR)   Coul. recip. Position Rest.      Potential    Kinetic En.
   -5.86858e+02    1.77962e+01    5.72826e+00   -6.97681e+02    6.16146e+01
   Total Energy  Conserved En.    Temperature Pressure (bar)   Constr. rmsd
   -6.36066e+02   -5.44729e+02    2.24561e+02    4.95833e+01    3.69248e-06

           Step           Time
          17000       34.00000

   Energies (kJ/mol)
          Angle Ryckaert-Bell.          LJ-14     Coulomb-14        LJ (SR)
    1.96797e+01    6.78192e+00    8.11924e+00   -2.90075e+02    6.61344e+01
   Coulomb (SR)   Coul. recip. Position Rest.      Potential    Kinetic En.
   -5.60154e+02    2.94514e+01    3.42250e+00   -7.16639e+02    8.84642e+01
   Total Energy  Conserved En.    Temperature Pressure (bar)   Constr. rmsd
   -6.28175e+02   -5.55366e+02    3.22418e+02   -1.84293e+01    7.78094e-06

           Step           Time
          18000       36.00000

   Energies (kJ/mol)
          Angle Ryckaert-Bell.          LJ-14     Coulomb-14        LJ (SR)
    2.71462e+01    6.44286e+00    8.24239e+00   -2.82482e+02    9.39333e+01
   Coulomb (SR)   Coul. recip. Position Rest.      Potential    Kinetic En.
   -6.15124e+02    2.88313e+01    6.99605e+00   -7.26013e+02    5.64203e+01
   Total Energy  Conserved En.    Temperature Pressure (bar)   Constr. rmsd
   -6.69593e+02   -5.66369e+02    2.05630e+02   -2.86268e+01    2.77530e-06

           Step           Time
          19000       38.00000

   Energies (kJ/mol)
          Angle Ryckaert-Bell.          LJ-14     Coulomb-14        LJ (SR)
    2.68552e+01    8.12946e+00    1.19490e+01   -2.91752e+02    8.87528e+01
   Coulomb (SR)   Coul. recip. Position Rest.      Potential    Kinetic En.
   -5.91450e+02    2.52263e+01    1.01212e+00   -7.21277e+02    6.19698e+01
   Total Energy  Conserved En.    Temperature Pressure (bar)   Constr. rmsd
   -6.59308e+02   -5.81107e+02    2.25856e+02    4.39796e+01    1.81052e-06

           Step           Time
          20000       40.00000

   Energies (kJ/mol)
          Angle Ryckaert-Bell.          LJ-14     Coulomb-14        LJ (SR)
    1.93540e+01    9.92969e+00    1.10045e+01   -2.89825e+02    6.61246e+01
   Coulomb (SR)   Coul. recip. Position Rest.      Potential    Kinetic En.
   -5.62143e+02    1.92545e+01    3.32953e+00   -7.22971e+02    6.87144e+01
   Total Energy  Conserved En.    Temperature Pressure (bar)   Constr. rmsd
   -6.54257e+02   -5.92679e+02    2.50438e+02    1.64315e+01    3.46015e-06

           Step           Time
          21000       42.00000

   Energies (kJ/mol)
          Angle Ryckaert-Bell.          LJ-14     Coulomb-14        LJ (SR)
    2.88440e+01    6.51654e+00    7.71281e+00   -2.87181e+02    6.92613e+01
   Coulomb (SR)   Coul. recip. Position Rest.      Potential    Kinetic En.
   -5.49402e+02    2.44875e+01    2.26627e+00   -6.97495e+02    8.60710e+01
   Total Energy  Conserved En.    Temperature Pressure (bar)   Constr. rmsd
   -6.11424e+02   -6.03869e+02    3.13696e+02   -4.19109e+01    3.79431e-06

           Step           Time
          22000       44.00000

   Energies (kJ/mol)
          Angle Ryckaert-Bell.          LJ-14     Coulomb-14        LJ (SR)
    3.61737e+01    9.02842e+00    6.20601e+00   -2.89404e+02    8.78842e+01
   Coulomb (SR)   Coul. recip. Position Rest.      Potential    Kinetic En.
   -5.67557e+02    2.23781e+01    6.17045e+00   -6.89120e+02    8.43063e+01
   Total Energy  Conserved En.    Temperature Pressure (bar)   Constr. rmsd
   -6.04814e+02   -6.16871e+02    3.07264e+02    3.05340e+01    2.97088e-06

           Step           Time
          23000       46.00000

   Energies (kJ/mol)
          Angle Ryckaert-Bell.          LJ-14     Coulomb-14        LJ (SR)
    1.98735e+01    9.42159e+00    1.11898e+01   -2.90543e+02    9.89387e+01
   Coulomb (SR)   Coul. recip. Position Rest.      Potential    Kinetic En.
   -5.85481e+02    1.80137e+01    2.96966e+00   -7.15617e+02    7.52339e+01
   Total Energy  Conserved En.    Temperature Pressure (bar)   Constr. rmsd
   -6.40383e+02   -6.24048e+02    2.74199e+02    1.55207e+02    2.41282e-06

           Step           Time
          24000       48.00000

   Energies (kJ/mol)
          Angle Ryckaert-Bell.          LJ-14     Coulomb-14        LJ (SR)
    1.94409e+01    8.49996e+00    9.72370e+00   -2.90083e+02    4.22093e+01
   Coulomb (SR)   Coul. recip. Position Rest.      Potential    Kinetic En.
   -5.42227e+02    1.77777e+01    1.83977e+00   -7.32818e+02    4.36170e+01
   Total Energy  Conserved En.    Temperature Pressure (bar)   Constr. rmsd
   -6.89201e+02   -6.26632e+02    1.58967e+02   -8.09196e+01    2.89947e-06

           Step           Time
          25000       50.00000

   Energies (kJ/mol)
          Angle Ryckaert-Bell.          LJ-14     Coulomb-14        LJ (SR)
    2.79438e+01    1.10168e+01    7.75030e+00   -2.90756e+02    7.16666e+01
   Coulomb (SR)   Coul. recip. Position Rest.      Potential    Kinetic En.
   -5.89261e+02    2.31789e+01    3.26016e+00   -7.35200e+02    7.34175e+01
   Total Energy  Conserved En.    Temperature Pressure (bar)   Constr. rmsd
   -6.61783e+02   -6.32643e+02    2.67579e+02   -9.12099e+00    2.28922e-06

           Step           Time
          26000       52.00000

   Energies (kJ/mol)
          Angle Ryckaert-Bell.          LJ-14     Coulomb-14        LJ (SR)
    1.95343e+01    9.28020e+00    1.25523e+01   -2.94872e+02    1.03134e+02
   Coulomb (SR)   Coul. recip. Position Rest.      Potential    Kinetic En.
   -5.84656e+02    2.31681e+01    9.96966e+00   -7.01890e+02    1.09676e+02
   Total Energy  Conserved En.    Temperature Pressure (bar)   Constr. rmsd
   -5.92214e+02   -6.43742e+02    3.99727e+02    9.66092e+01    2.96953e-06

           Step           Time
          27000       54.00000

   Energies (kJ/mol)
          Angle Ryckaert-Bell.          LJ-14     Coulomb-14        LJ (SR)
    2.12415e+01    1.01168e+01    8.11835e+00   -2.89285e+02    9.22953e+01
   Coulomb (SR)   Coul. recip. Position Rest.      Potential    Kinetic En.
   -6.18095e+02    2.08627e+01    8.27452e+00   -7.46470e+02    9.50375e+01
   Total Energy  Conserved En.    Temperature Pressure (bar)   Constr. rmsd
   -6.51433e+02   -6.52448e+02    3.46375e+02   -5.24879e+01    3.42264e-06

           Step           Time
          28000       56.00000

   Energies (kJ/mol)
          Angle Ryckaert-Bell.          LJ-14     Coulomb-14        LJ (SR)
    1.69214e+01    1.04829e+01    7.93127e+00   -2.84464e+02    4.62537e+01
   Coulomb (SR)   Coul. recip. Position Rest.      Potential    Kinetic En.
   -5.07223e+02    3.16582e+01    1.27064e+01   -6.65733e+02    7.28789e+01
   Total Energy  Conserved En.    Temperature Pressure (bar)   Constr. rmsd
   -5.92854e+02   -6.66517e+02    2.65616e+02   -5.42081e+01    4.67304e-06

           Step           Time
          29000       58.00000

   Energies (kJ/mol)
          Angle Ryckaert-Bell.          LJ-14     Coulomb-14        LJ (SR)
    3.76874e+01    7.68625e+00    6.61091e+00   -2.88289e+02    1.12444e+02
   Coulomb (SR)   Coul. recip. Position Rest.      Potential    Kinetic En.
   -5.98211e+02    2.32036e+01    4.31557e+00   -6.94552e+02    7.59692e+01
   Total Energy  Conserved En.    Temperature Pressure (bar)   Constr. rmsd
   -6.18583e+02   -6.71944e+02    2.76879e+02    7.68716e+01    2.28119e-06

           Step           Time
          30000       60.00000

   Energies (kJ/mol)
          Angle Ryckaert-Bell.          LJ-14     Coulomb-14        LJ (SR)
    4.50298e+01    8.48683e+00    4.82967e+00   -2.85287e+02    8.12923e+01
   Coulomb (SR)   Coul. recip. Position Rest.      Potential    Kinetic En.
   -5.70716e+02    2.59074e+01    8.34390e+00   -6.82114e+02    9.07220e+01
   Total Energy  Conserved En.    Temperature Pressure (bar)   Constr. rmsd
   -5.91392e+02   -6.91326e+02    3.30647e+02   -1.43881e+01    5.29378e-06

           Step           Time
          31000       62.00000

   Energies (kJ/mol)
          Angle Ryckaert-Bell.          LJ-14     Coulomb-14        LJ (SR)
    5.14069e+01    7.81458e+00    7.60819e+00   -2.87310e+02    6.15512e+01
   Coulomb (SR)   Coul. recip. Position Rest.      Potential    Kinetic En.
   -5.59753e+02    2.37794e+01    5.11056e+00   -6.89792e+02    1.04836e+02
   Total Energy  Conserved En.    Temperature Pressure (bar)   Constr. rmsd
   -5.84956e+02   -7.02366e+02    3.82088e+02    1.00663e+01    3.09753e-06

           Step           Time
          32000       64.00000

   Energies (kJ/mol)
          Angle Ryckaert-Bell.          LJ-14     Coulomb-14        LJ (SR)
    2.74154e+01    7.59756e+00    1.40322e+01   -2.91699e+02    9.10474e+01
   Coulomb (SR)   Coul. recip. Position Rest.      Potential    Kinetic En.
   -5.81566e+02    2.12526e+01    3.78190e+00   -7.08137e+02    9.68207e+01
   Total Energy  Conserved En.    Temperature Pressure (bar)   Constr. rmsd
   -6.11317e+02   -7.18229e+02    3.52875e+02    1.34187e+02    2.72801e-06

           Step           Time
          33000       66.00000

   Energies (kJ/mol)
          Angle Ryckaert-Bell.          LJ-14     Coulomb-14        LJ (SR)
    3.27654e+01    1.22584e+01    7.71490e+00   -2.85543e+02    5.44629e+01
   Coulomb (SR)   Coul. recip. Position Rest.      Potential    Kinetic En.
   -5.68401e+02    2.44537e+01    3.99896e+00   -7.18291e+02    6.93469e+01
   Total Energy  Conserved En.    Temperature Pressure (bar)   Constr. rmsd
   -6.48944e+02   -7.29508e+02    2.52743e+02   -1.24023e+02    3.46340e-06

           Step           Time
          34000       68.00000

   Energies (kJ/mol)
          Angle Ryckaert-Bell.          LJ-14     Coulomb-14        LJ (SR)
    3.76698e+01    1.39016e+01    1.02093e+01   -2.95159e+02    6.64646e+01
   Coulomb (SR)   Coul. recip. Position Rest.      Potential    Kinetic En.
   -5.17257e+02    2.14051e+01    1.78837e+00   -6.60978e+02    1.08853e+02
   Total Energy  Conserved En.    Temperature Pressure (bar)   Constr. rmsd
   -5.52125e+02   -7.42680e+02    3.96726e+02    4.61891e+01    7.47733e-06

           Step           Time
          35000       70.00000

   Energies (kJ/mol)
          Angle Ryckaert-Bell.          LJ-14     Coulomb-14        LJ (SR)
    2.74666e+01    4.87201e+00    6.18860e+00   -2.83481e+02    5.13275e+01
   Coulomb (SR)   Coul. recip. Position Rest.      Potential    Kinetic En.
   -5.59826e+02    3.42037e+01    5.17396e+00   -7.14075e+02    8.88007e+01
   Total Energy  Conserved En.    Temperature Pressure (bar)   Constr. rmsd
   -6.25274e+02   -7.54917e+02    3.23644e+02   -4.91746e+01    4.58039e-06

           Step           Time
          36000       72.00000

   Energies (kJ/mol)
          Angle Ryckaert-Bell.          LJ-14     Coulomb-14        LJ (SR)
    4.03069e+01    7.83413e+00    1.07634e+01   -2.88415e+02    6.76542e+01
   Coulomb (SR)   Coul. recip. Position Rest.      Potential    Kinetic En.
   -5.79552e+02    2.20813e+01    1.53412e+00   -7.17792e+02    9.80677e+01
   Total Energy  Conserved En.    Temperature Pressure (bar)   Constr. rmsd
   -6.19724e+02   -7.71658e+02    3.57419e+02   -1.20192e+01    6.71834e-06

           Step           Time
          37000       74.00000

   Energies (kJ/mol)
          Angle Ryckaert-Bell.          LJ-14     Coulomb-14        LJ (SR)
    3.35704e+01    7.38767e+00    1.09481e+01   -2.90112e+02    7.49265e+01
   Coulomb (SR)   Coul. recip. Position Rest.      Potential    Kinetic En.
   -5.74289e+02    2.66552e+01    3.52863e+00   -7.07384e+02    8.40165e+01
   Total Energy  Conserved En.    Temperature Pressure (bar)   Constr. rmsd
   -6.23367e+02   -7.77628e+02    3.06208e+02    1.69986e+01    4.97309e-06

           Step           Time
          38000       76.00000

   Energies (kJ/mol)
          Angle Ryckaert-Bell.          LJ-14     Coulomb-14        LJ (SR)
    2.08108e+01    1.01589e+01    1.20671e+01   -2.94153e+02    9.26750e+01
   Coulomb (SR)   Coul. recip. Position Rest.      Potential    Kinetic En.
   -5.91793e+02    1.71103e+01    7.12604e+00   -7.25998e+02    6.40980e+01
   Total Energy  Conserved En.    Temperature Pressure (bar)   Constr. rmsd
   -6.61900e+02   -7.86315e+02    2.33613e+02    3.20435e+01    6.06309e-06

           Step           Time
          39000       78.00000

   Energies (kJ/mol)
          Angle Ryckaert-Bell.          LJ-14     Coulomb-14        LJ (SR)
    4.12103e+01    5.43803e+00    5.96979e+00   -2.79213e+02    3.94850e+01
   Coulomb (SR)   Coul. recip. Position Rest.      Potential    Kinetic En.
   -5.28220e+02    4.78018e+01    3.84425e+00   -6.63684e+02    7.92459e+01
   Total Energy  Conserved En.    Temperature Pressure (bar)   Constr. rmsd
   -5.84438e+02   -7.95441e+02    2.88821e+02   -1.50234e+02    8.11258e-06

           Step           Time
          40000       80.00000

   Energies (kJ/mol)
          Angle Ryckaert-Bell.          LJ-14     Coulomb-14        LJ (SR)
    2.18786e+01    6.19385e+00    9.38436e+00   -2.89682e+02    7.70451e+01
   Coulomb (SR)   Coul. recip. Position Rest.      Potential    Kinetic En.
   -5.69604e+02    2.62490e+01    3.10547e+00   -7.15430e+02    7.12932e+01
   Total Energy  Conserved En.    Temperature Pressure (bar)   Constr. rmsd
   -6.44137e+02   -7.99989e+02    2.59836e+02   -1.99778e+01    2.78153e-06

           Step           Time
          41000       82.00000

   Energies (kJ/mol)
          Angle Ryckaert-Bell.          LJ-14     Coulomb-14        LJ (SR)
    2.57258e+01    7.33437e+00    7.49745e+00   -2.89929e+02    8.65979e+01
   Coulomb (SR)   Coul. recip. Position Rest.      Potential    Kinetic En.
   -5.84912e+02    2.80979e+01    2.95706e+00   -7.16630e+02    7.46741e+01
   Total Energy  Conserved En.    Temperature Pressure (bar)   Constr. rmsd
   -6.41956e+02   -8.05496e+02    2.72158e+02    1.14146e+00    7.09080e-06

           Step           Time
          42000       84.00000

   Energies (kJ/mol)
          Angle Ryckaert-Bell.          LJ-14     Coulomb-14        LJ (SR)
    2.81155e+01    6.61722e+00    4.71992e+00   -2.82359e+02    6.89583e+01
   Coulomb (SR)   Coul. recip. Position Rest.      Potential    Kinetic En.
   -5.81401e+02    3.57033e+01    2.06225e+00   -7.17584e+02    8.87911e+01
   Total Energy  Conserved En.    Temperature Pressure (bar)   Constr. rmsd
   -6.28793e+02   -8.13710e+02    3.23609e+02   -4.03447e+01    4.89847e-06

           Step           Time
          43000       86.00000

   Energies (kJ/mol)
          Angle Ryckaert-Bell.          LJ-14     Coulomb-14        LJ (SR)
    2.55623e+01    1.02784e+01    4.51854e+00   -2.84116e+02    1.05393e+02
   Coulomb (SR)   Coul. recip. Position Rest.      Potential    Kinetic En.
   -6.01401e+02    2.60346e+01    3.83350e+00   -7.09896e+02    8.22115e+01
   Total Energy  Conserved En.    Temperature Pressure (bar)   Constr. rmsd
   -6.27685e+02   -8.25135e+02    2.99630e+02   -8.54383e+00    4.68823e-06

           Step           Time
          44000       88.00000

   Energies (kJ/mol)
          Angle Ryckaert-Bell.          LJ-14     Coulomb-14        LJ (SR)
    3.26455e+01    5.52135e+00    8.48339e+00   -2.92725e+02    9.76802e+01
   Coulomb (SR)   Coul. recip. Position Rest.      Potential    Kinetic En.
   -5.89026e+02    2.94169e+01    7.05435e+00   -7.00949e+02    7.78877e+01
   Total Energy  Conserved En.    Temperature Pressure (bar)   Constr. rmsd
   -6.23061e+02   -8.29418e+02    2.83871e+02    4.91943e+01    4.45456e-06

           Step           Time
          45000       90.00000

   Energies (kJ/mol)
          Angle Ryckaert-Bell.          LJ-14     Coulomb-14        LJ (SR)
    4.08707e+01    1.07726e+01    7.28062e+00   -2.83721e+02    7.95342e+01
   Coulomb (SR)   Coul. recip. Position Rest.      Potential    Kinetic En.
   -5.48590e+02    2.49339e+01    2.66312e+00   -6.66256e+02    8.83465e+01
   Total Energy  Conserved En.    Temperature Pressure (bar)   Constr. rmsd
   -5.77909e+02   -8.36454e+02    3.21989e+02   -3.70734e+00    3.46993e-06

           Step           Time
          46000       92.00000

   Energies (kJ/mol)
          Angle Ryckaert-Bell.          LJ-14     Coulomb-14        LJ (SR)
    3.67159e+01    7.37395e+00    8.12833e+00   -2.90989e+02    6.07104e+01
   Coulomb (SR)   Coul. recip. Position Rest.      Potential    Kinetic En.
   -5.42222e+02    2.23364e+01    4.65829e+00   -6.93288e+02    8.67037e+01
   Total Energy  Conserved En.    Temperature Pressure (bar)   Constr. rmsd
   -6.06584e+02   -8.40634e+02    3.16002e+02   -7.69118e+01    6.00535e-06

           Step           Time
          47000       94.00000

   Energies (kJ/mol)
          Angle Ryckaert-Bell.          LJ-14     Coulomb-14        LJ (SR)
    2.43928e+01    6.60901e+00    8.01425e+00   -2.88126e+02    3.97465e+01
   Coulomb (SR)   Coul. recip. Position Rest.      Potential    Kinetic En.
   -5.36921e+02    2.08881e+01    6.75558e+00   -7.18641e+02    9.29678e+01
   Total Energy  Conserved En.    Temperature Pressure (bar)   Constr. rmsd
   -6.25674e+02   -8.53065e+02    3.38832e+02   -1.05640e+02    5.61139e-06

           Step           Time
          48000       96.00000

   Energies (kJ/mol)
          Angle Ryckaert-Bell.          LJ-14     Coulomb-14        LJ (SR)
    3.09579e+01    1.05965e+01    1.35514e+01   -3.01373e+02    6.19661e+01
   Coulomb (SR)   Coul. recip. Position Rest.      Potential    Kinetic En.
   -5.23022e+02    2.08192e+01    1.01389e+01   -6.76365e+02    9.31223e+01
   Total Energy  Conserved En.    Temperature Pressure (bar)   Constr. rmsd
   -5.83243e+02   -8.70483e+02    3.39395e+02    7.04229e+01    5.54622e-06

           Step           Time
          49000       98.00000

   Energies (kJ/mol)
          Angle Ryckaert-Bell.          LJ-14     Coulomb-14        LJ (SR)
    2.21107e+01    5.48327e+00    6.25550e+00   -2.86427e+02    7.95790e+01
   Coulomb (SR)   Coul. recip. Position Rest.      Potential    Kinetic En.
   -5.57379e+02    2.75515e+01    4.89049e+00   -6.97935e+02    1.02981e+02
   Total Energy  Conserved En.    Temperature Pressure (bar)   Constr. rmsd
   -5.94955e+02   -8.79921e+02    3.75326e+02    1.14683e+02    3.57085e-06

           Step           Time
          50000      100.00000

Writing checkpoint, step 50000 at Sun May 18 14:36:07 2025


   Energies (kJ/mol)
          Angle Ryckaert-Bell.          LJ-14     Coulomb-14        LJ (SR)
    2.83875e+01    6.74435e+00    1.15919e+01   -2.93403e+02    8.11633e+01
   Coulomb (SR)   Coul. recip. Position Rest.      Potential    Kinetic En.
   -5.58633e+02    3.14245e+01    8.16166e+00   -6.84562e+02    8.30748e+01
   Total Energy  Conserved En.    Temperature Pressure (bar)   Constr. rmsd
   -6.01487e+02   -8.93736e+02    3.02776e+02    4.92847e+01    4.10350e-06


Energy conservation over simulation part #1 of length 100 ps, time 0 to 100 ps
  Conserved energy drift: -1.67e-01 kJ/mol/ps per atom


	<======  ###############  ==>
	<====  A V E R A G E S  ====>
	<==  ###############  ======>

	Statistics over 50001 steps using 501 frames

   Energies (kJ/mol)
          Angle Ryckaert-Bell.          LJ-14     Coulomb-14        LJ (SR)
    3.00505e+01    8.31511e+00    8.97778e+00   -2.89063e+02    7.48243e+01
   Coulomb (SR)   Coul. recip. Position Rest.      Potential    Kinetic En.
   -5.66630e+02    2.67016e+01    5.50963e+00   -7.01315e+02    8.19692e+01
   Total Energy  Conserved En.    Temperature Pressure (bar)   Constr. rmsd
   -6.19345e+02   -6.38788e+02    2.98746e+02    5.54995e+00    0.00000e+00

   Total Virial (kJ/mol)
    2.44632e+01   -9.43864e-01    1.29004e-01
   -9.43951e-01    2.31301e+01   -1.98101e+00
    1.30468e-01   -1.97889e+00    2.25124e+01

   Pressure (bar)
    3.05209e+00    1.00928e+00    9.54334e-01
    1.00940e+00    6.53698e+00    1.43838e+00
    9.52280e-01    1.43541e+00    7.06079e+00


	M E G A - F L O P S   A C C O U N T I N G

 NB=Group-cutoff nonbonded kernels    NxN=N-by-N cluster Verlet kernels
 RF=Reaction-Field  VdW=Van der Waals  QSTab=quadratic-spline table
 W3=SPC/TIP3p  W4=TIP4p (single or pairs)
 V&F=Potential and force  V=Potential only  F=Force only

 Computing:                               M-Number         M-Flops  % Flops
-----------------------------------------------------------------------------
 Pair Search distance check               0.320862           2.888     0.0
 NxN Ewald Elec. + LJ [F]                28.844640        1903.746     1.1
 NxN Ewald Elec. + LJ [V&F]               0.291920          31.235     0.0
 NxN Ewald Elec. [F]                     17.091360        1042.573     0.6
 NxN Ewald Elec. [V&F]                    0.173008          14.533     0.0
 1,4 nonbonded interactions               1.200024         108.002     0.1
 Calc Weights                             5.100102         183.604     0.1
 Spread Q Bspline                       108.802176         217.604     0.1
 Gather F Bspline                       108.802176         652.813     0.4
 3D-FFT                               19015.080294      152120.642    84.1
 Solve PME                              374.407488       23962.079    13.2
 Reset In Box                             0.017034           0.051     0.0
 CG-CoM                                   0.017068           0.051     0.0
 Angles                                   1.050021         176.404     0.1
 RB-Dihedrals                             1.000020         247.005     0.1
 Pos. Restr.                              0.300006          15.000     0.0
 Virial                                   0.039579           0.712     0.0
 Stop-CM                                  0.017068           0.171     0.0
 Calc-Ekin                                0.340068           9.182     0.0
 Lincs                                    0.600036          36.002     0.0
 Lincs-Mat                               12.600756          50.403     0.0
 Constraint-V                             2.250090          20.251     0.0
 Constraint-Vir                           0.016533           0.397     0.0
 Settle                                   0.350021         129.508     0.1
-----------------------------------------------------------------------------
 Total                                                  180924.856   100.0
-----------------------------------------------------------------------------


    D O M A I N   D E C O M P O S I T I O N   S T A T I S T I C S

 av. #atoms communicated per step for force:  2 x 0.0
 av. #atoms communicated per step for LINCS:  2 x 0.0


      R E A L   C Y C L E   A N D   T I M E   A C C O U N T I N G

On 1 MPI rank, each using 25 OpenMP threads

 Activity:              Num   Num      Call    Wall time         Giga-Cycles
                        Ranks Threads  Count      (s)         total sum    %
--------------------------------------------------------------------------------
 Domain decomp.            1   25        501       0.045          3.336   0.7
 Neighbor search           1   25        501       0.011          0.841   0.2
 Force                     1   25      50001       0.778         58.179  12.9
 PME mesh                  1   25      50001       3.155        236.070  52.2
 NB X/F buffer ops.        1   25     100002       0.396         29.600   6.5
 Write traj.               1   25         51       0.004          0.318   0.1
 Update                    1   25      50001       0.267         19.981   4.4
 Constraints               1   25      50003       1.242         92.906  20.6
 Kinetic energy            1   25      10001       0.036          2.709   0.6
 Rest                                              0.107          8.041   1.8
--------------------------------------------------------------------------------
 Total                                             6.041        451.980 100.0
--------------------------------------------------------------------------------
 Breakdown of PME mesh activities
--------------------------------------------------------------------------------
 PME spread                1   25      50001       0.983         73.580  16.3
 PME gather                1   25      50001       0.732         54.784  12.1
 PME 3D-FFT                1   25     100002       1.319         98.725  21.8
 PME solve Elec            1   25      50001       0.044          3.297   0.7
--------------------------------------------------------------------------------

               Core t (s)   Wall t (s)        (%)
       Time:      151.015        6.041     2500.0
                 (ns/day)    (hour/ns)
Performance:     1430.329        0.017
Finished mdrun on rank 0 Sun May 18 14:36:07 2025

