 * * * * * * * * * * * * * * * * * * * * * * * * * * * * * * * * * * * *
 *    janpa: A cross-platform open-source implementation of NPA        * 
 *    and other electronic structure analysis methods with Java        * 
 *        A part of JANPA package,   http://janpa.sourceforge.net      * 
 *                    Version:    2.02 (13-01-2019)                    * 
 * * * * * * * * * * * * * * * * * * * * * * * * * * * * * * * * * * * *

 (c) Tymofii Nikolaienko, 2014-2019

 If any results obtained with this program are published,
 or for any other reasons, please, cite this work as: 
 1) T.Y.Nikolaienko, L.A.Bulavin; Int. J. Quantum Chem. (2019), 
    Vol.119, page e25798, DOI: 10.1002/qua.25798
 2) T.Y.Nikolaienko, L.A.Bulavin, D.M.Hovorun; Comput.Theor.Chem.(2014),
    Vol.1050, pages 15-22, DOI: 10.1016/j.comptc.2014.10.002

                          * * *                                         

Settings used in this run:

 -i: input_janpa.molden
 -npacharges: (empty)
 -NAO_Molden_File: (empty)
 -LHO_Molden_File: (empty)
 -CLPO_Molden_File: (empty)
 -PrintGeom: false
 -WibergBondOrders_File: (empty)
 -D_Matrix_File: (empty)
 -S_Matrix_File: (empty)
 -SDS_Matrix_File: (empty)
 -PNAO_OverlapMatrix_File: (empty)
 -PNAO_SDS_Matrix_File: (empty)
 -NMB_old_Overlap_Matrix_File: (empty)
 -NMB_old_SDS_Matrix_File: (empty)
 -NRB_old_Overlap_Matrix_File: (empty)
 -NRB_new_Overlap_Matrix_File: (empty)
 -S_Matrix_after_ON2_File: (empty)
 -SDS_Matrix_after_ON2_File: (empty)
 -NRB_Overlap_after_OW_heavy_File: (empty)
 -NRB_Overlap_after_Schmidt2_File: (empty)
 -NRB_Overlap_after_OW2_final_File: (empty)
 -OW2_File: (empty)
 -S_Matrix_after_OW2_File: (empty)
 -SDS_Matrix_after_OW2_File: (empty)
 -SDS_NAO_File: (empty)
 -NAO2AO_File: (empty)
 -PNAO2AO_File: (empty)
 -CLPO2LHO_File: (empty)
 -LHO2NAO_File: (empty)
 -LPO2AHO_File: (empty)
 -AHO2NAO_File: (empty)
 -doFock: false
 -Fock_AO_File: (empty)
 -Fock_NAO_File: (empty)
 -printnmbfock: false
 -PNAO_Molden_File: (empty)
 -AHO_Molden_File: (empty)
 -LPO_Molden_File: (empty)
 -MatrixMaxValuesPerLine: 0
 -MatrixFloatNumberFormat: %.5f
 -maximumBondIonicity: 9.00E-01
 -RyOccPrintThreshold: 1.00E-03
 -HybrOptOccConvThresh: 1.00E-05
 -HybrOptMaxIter: 1000
 -verboseprint: false
 -directNRBwsw: false
 -heavyNRBthreshold: 1.00E-04
 -overlap_straightforward: false
 -p: (empty)

                          * * *                                         

Loading MOLDEN from input_janpa.molden
Basis functions are spherical: true
Total number of basis functions: 271
Total number of different contractions (radial parts): 113
Highest angular momentum: f (Lmax = 3)
Total number of MO: 271

Data loaded successfully
 Number of basis functions: 271; number of molecular orbitals: 271 

Building overlap S and dipole matrices...
Overlap & dipole integrals evaluated in 0.030 seconds
Checking whether the basis functions are unity-normalized...
 Maximum deviation of the basis function norm2 from unity: BFN 42 (0-based num.), max|norm2-1| = 1.000E-09 
Checking for the eigenvalues (linear (in)dependency) of the basis function overlap matrix...
The smallest eigenvalue of the basis function overlap matrix: 1.399E-04 
Checking whether the orbitals are unity-normalized...
Checking MO overlap matrix...
 Maximum of MO |norm2-1|: 2.018E-09 (MO   81)
 Maximum absolute value of off-diagonal MO overlap element: 4.685E-09 (< MO   13 | MO   85 >)
First-order reduced density matrix is OK.

Building density matrix D... done.
Building D.S... done.
Total number of electrons: 56.000000
Sum of electrons charges and the nuclei charges: 0.00000 

Performing Mulliken and Lowdin population analyses...
   Atom	Mulliken  	Lowdin    	Mulliken	Lowdin
       	Population	Population	Charge  	Charge
     N1	 7.25360	 6.81550	-0.25360	 0.18450
     C2	 6.15961	 6.25679	-0.15961	-0.25679
     C3	 6.12981	 6.25896	-0.12981	-0.25896
     C4	 6.24664	 6.25339	-0.24664	-0.25339
     C5	 5.78525	 6.68837	 0.21475	-0.68837
     O6	 8.58002	 8.14549	-0.58002	-0.14549
     O7	 8.58883	 8.15412	-0.58883	-0.15412
     H8	 0.66596	 0.76659	 0.33404	 0.23341
     H9	 0.66549	 0.76476	 0.33451	 0.23524
    H10	 0.84505	 0.85236	 0.15495	 0.14764
    H11	 0.85335	 0.85748	 0.14665	 0.14252
    H12	 0.89601	 0.85888	 0.10399	 0.14112
    H13	 0.88859	 0.85812	 0.11141	 0.14188
    H14	 0.89072	 0.85063	 0.10928	 0.14937
    H15	 0.88921	 0.85299	 0.11079	 0.14701
    H16	 0.66186	 0.76555	 0.33814	 0.23445

Building S.D.S... done.

                          * * *                                         

Creating NAOs


STEP 1. Produce PNAOs

 Total number of natural functions produced: 271
Sorting PNAOs...

STEP 2. Split PNAOs into NMB / NRB sets

 Number of basis functions in teh Natural Minimal Basis (NMB) set for each center: 
center   1:   2 of s |  3 of p |  0 of d |  0 of f |  0 of g |
center   2:   2 of s |  3 of p |  0 of d |  0 of f |  0 of g |
center   3:   2 of s |  3 of p |  0 of d |  0 of f |  0 of g |
center   4:   2 of s |  3 of p |  0 of d |  0 of f |  0 of g |
center   5:   2 of s |  3 of p |  0 of d |  0 of f |  0 of g |
center   6:   2 of s |  3 of p |  0 of d |  0 of f |  0 of g |
center   7:   2 of s |  3 of p |  0 of d |  0 of f |  0 of g |
center   8:   1 of s |  0 of p |  0 of d |  0 of f |  0 of g |
center   9:   1 of s |  0 of p |  0 of d |  0 of f |  0 of g |
center  10:   1 of s |  0 of p |  0 of d |  0 of f |  0 of g |
center  11:   1 of s |  0 of p |  0 of d |  0 of f |  0 of g |
center  12:   1 of s |  0 of p |  0 of d |  0 of f |  0 of g |
center  13:   1 of s |  0 of p |  0 of d |  0 of f |  0 of g |
center  14:   1 of s |  0 of p |  0 of d |  0 of f |  0 of g |
center  15:   1 of s |  0 of p |  0 of d |  0 of f |  0 of g |
center  16:   1 of s |  0 of p |  0 of d |  0 of f |  0 of g |
In total: NMB set has 44 functions, NRB set has 227 functions; 

Trace of the PNAO overlap matrix: 271.0000000 (should be equal to 271, the total number of PNAOs)
 The trace of SDS matrix in PNAO basis = 115.24498983177678

STEP 3. Weighted orthogonalization of NMB PNAOs

 min weight of NMB PNAO = 1.4363414670765802

STEP 4. Schmidt orthogonalization of NRBs to new NMBs


STEP 5. Intracenter naturalization of new NRBs

 Total number of natural functions produced: 227

STEP 6. Weighted orthogonalization of naturalized NRBs

Maximum weight of NRB function = 8.71808E-02
 min weight = 8.479260410658204E-7
 |S_NRB - 1| = 4.32473E-12 (Should be VERY close to zero!)

STEP 7. Final Intracenter Natural Transformation withing the full set of functions

 Total number of natural functions produced: 271
 SQRT{ SUM[(NaoOverlap_ij - delta_ij)^2] } = 3.73e-12 (should be VERY close to zero) 
 max_offdiag = 5.19e-13 (should be VERY close to zero) 
                          * * *                                         

 Final NAO occupancies and leading AO terms:

NAO #                 Name  Occupancy                             Leading term
    1         A1*: R1*s(0)  0.0000001              (-2.25)*BF[4 = A1: R4*s(0)]
    2         A1*: R2*s(0)  0.0000129             (-16.35)*BF[5 = A1: R5*s(0)]
    3         A1*: R3*s(0)  0.0001759              (-8.67)*BF[5 = A1: R5*s(0)]
    4          A1: R4*s(0)  1.3756792               (0.73)*BF[4 = A1: R4*s(0)]
    5          A1: R5*s(0)  1.9996265               (0.65)*BF[2 = A1: R2*s(0)]
    6         A1*: R6*p(0)  0.0000274               (3.94)*BF[9 = A1: R7*p(0)]
    7         A1*: R6*p(1)  0.0000131              (4.19)*BF[10 = A1: R7*p(1)]
    8        A1*: R6*p(-1)  0.0001676             (5.85)*BF[11 = A1: R7*p(-1)]
    9         A1*: R7*p(0)  0.0007590             (-2.75)*BF[12 = A1: R8*p(0)]
   10         A1*: R7*p(1)  0.0004375             (-2.65)*BF[13 = A1: R8*p(1)]
   11        A1*: R7*p(-1)  0.0004823            (-2.92)*BF[14 = A1: R8*p(-1)]
   12          A1: R8*p(0)  1.4592737               (0.57)*BF[6 = A1: R6*p(0)]
   13          A1: R8*p(1)  1.4428285               (0.57)*BF[7 = A1: R6*p(1)]
   14         A1: R8*p(-1)  1.3556325              (0.58)*BF[8 = A1: R6*p(-1)]
   15         A1*: R9*d(0)  0.0000262             (-1.26)*BF[15 = A1: R9*d(0)]
   16         A1*: R9*d(1)  0.0000630             (-1.26)*BF[16 = A1: R9*d(1)]
   17        A1*: R9*d(-1)  0.0000455            (-1.25)*BF[17 = A1: R9*d(-1)]
   18         A1*: R9*d(2)  0.0000153             (-1.25)*BF[18 = A1: R9*d(2)]
   19        A1*: R9*d(-2)  0.0000066            (-1.23)*BF[19 = A1: R9*d(-2)]
   20        A1*: R10*d(0)  0.0029798            (-4.70)*BF[35 = A2: R15*s(0)]
   21        A1*: R10*d(1)  0.0021125             (2.16)*BF[21 = A1: R10*d(1)]
   22       A1*: R10*d(-1)  0.0013999            (-2.53)*BF[35 = A2: R15*s(0)]
   23        A1*: R10*d(2)  0.0037078            (2.30)*BF[225 = A9: R83*s(0)]
   24       A1*: R10*d(-2)  0.0014240            (1.59)*BF[24 = A1: R10*d(-2)]
   25        A1*: R11*f(0)  0.0001968             (1.62)*BF[35 = A2: R15*s(0)]
   26        A1*: R11*f(1)  0.0000150             (1.17)*BF[26 = A1: R11*f(1)]
   27       A1*: R11*f(-1)  0.0001620              (-1.41)*BF[5 = A1: R5*s(0)]
   28        A1*: R11*f(2)  0.0001495             (1.21)*BF[28 = A1: R11*f(2)]
   29       A1*: R11*f(-2)  0.0000492            (1.20)*BF[29 = A1: R11*f(-2)]
   30        A1*: R11*f(3)  0.0000310             (1.14)*BF[30 = A1: R11*f(3)]
   31       A1*: R11*f(-3)  0.0002716              (-1.50)*BF[4 = A1: R4*s(0)]
   32        A2*: R12*s(0)  0.0000055            (14.10)*BF[36 = A2: R16*s(0)]
   33        A2*: R13*s(0)  0.0000897           (-35.90)*BF[36 = A2: R16*s(0)]
   34        A2*: R14*s(0)  0.0023515            (-7.54)*BF[36 = A2: R16*s(0)]
   35         A2: R15*s(0)  1.0507621             (0.77)*BF[35 = A2: R15*s(0)]
   36         A2: R16*s(0)  1.9993438             (0.63)*BF[33 = A2: R13*s(0)]
   37        A2*: R17*p(0)  0.0001324             (5.94)*BF[43 = A2: R19*p(0)]
   38        A2*: R17*p(1)  0.0000547             (6.99)*BF[44 = A2: R19*p(1)]
   39       A2*: R17*p(-1)  0.0002436            (5.96)*BF[45 = A2: R19*p(-1)]
   40        A2*: R18*p(0)  0.0010614            (-2.63)*BF[43 = A2: R19*p(0)]
   41        A2*: R18*p(1)  0.0013701            (-2.87)*BF[44 = A2: R19*p(1)]
   42       A2*: R18*p(-1)  0.0026744           (-2.71)*BF[45 = A2: R19*p(-1)]
   43         A2: R19*p(0)  1.1522066             (0.62)*BF[37 = A2: R17*p(0)]
   44         A2: R19*p(1)  1.1754598             (0.61)*BF[38 = A2: R17*p(1)]
   45        A2: R19*p(-1)  0.8208171            (0.61)*BF[39 = A2: R17*p(-1)]
   46        A2*: R20*d(0)  0.0003096             (2.22)*BF[51 = A2: R21*d(0)]
   47        A2*: R20*d(1)  0.0003517             (2.18)*BF[52 = A2: R21*d(1)]
   48       A2*: R20*d(-1)  0.0003857            (2.02)*BF[53 = A2: R21*d(-1)]
   49        A2*: R20*d(2)  0.0000673             (2.16)*BF[54 = A2: R21*d(2)]
   50       A2*: R20*d(-2)  0.0001519            (2.12)*BF[55 = A2: R21*d(-2)]
   51        A2*: R21*d(0)  0.0004081            (5.67)*BF[42 = A2: R18*p(-1)]
   52        A2*: R21*d(1)  0.0004124             (8.30)*BF[66 = A3: R26*s(0)]
   53       A2*: R21*d(-1)  0.0002120            (5.47)*BF[42 = A2: R18*p(-1)]
   54        A2*: R21*d(2)  0.0012545            (-4.54)*BF[66 = A3: R26*s(0)]
   55       A2*: R21*d(-2)  0.0008896            (-7.44)*BF[66 = A3: R26*s(0)]
   56        A2*: R22*f(0)  0.0002339             (5.37)*BF[35 = A2: R15*s(0)]
   57        A2*: R22*f(1)  0.0000233             (1.40)*BF[57 = A2: R22*f(1)]
   58       A2*: R22*f(-1)  0.0001736             (4.31)*BF[35 = A2: R15*s(0)]
   59        A2*: R22*f(2)  0.0001389            (-3.28)*BF[35 = A2: R15*s(0)]
   60       A2*: R22*f(-2)  0.0000418             (2.55)*BF[66 = A3: R26*s(0)]
   61        A2*: R22*f(3)  0.0000346             (1.33)*BF[61 = A2: R22*f(3)]
   62       A2*: R22*f(-3)  0.0003121             (4.32)*BF[35 = A2: R15*s(0)]
   63        A3*: R23*s(0)  0.0000013            (-7.61)*BF[66 = A3: R26*s(0)]
   64        A3*: R24*s(0)  0.0000900           (-42.51)*BF[67 = A3: R27*s(0)]
   65        A3*: R25*s(0)  0.0018265           (-12.38)*BF[67 = A3: R27*s(0)]
   66         A3: R26*s(0)  1.0535179             (0.72)*BF[65 = A3: R25*s(0)]
   67         A3: R27*s(0)  1.9994111             (0.63)*BF[64 = A3: R24*s(0)]
   68        A3*: R28*p(0)  0.0001200             (6.29)*BF[74 = A3: R30*p(0)]
   69        A3*: R28*p(1)  0.0001028             (8.95)*BF[75 = A3: R30*p(1)]
   70       A3*: R28*p(-1)  0.0001237           (-7.11)*BF[73 = A3: R29*p(-1)]
   71        A3*: R29*p(0)  0.0011882            (-3.53)*BF[74 = A3: R30*p(0)]
   72        A3*: R29*p(1)  0.0024266            (-4.39)*BF[75 = A3: R30*p(1)]
   73       A3*: R29*p(-1)  0.0016405           (-3.89)*BF[76 = A3: R30*p(-1)]
   74         A3: R30*p(0)  1.1113289             (0.61)*BF[68 = A3: R28*p(0)]
   75         A3: R30*p(1)  1.1693318             (0.61)*BF[69 = A3: R28*p(1)]
   76        A3: R30*p(-1)  1.0553878            (0.63)*BF[70 = A3: R28*p(-1)]
   77        A3*: R31*d(0)  0.0000747             (1.48)*BF[82 = A3: R32*d(0)]
   78        A3*: R31*d(1)  0.0002673             (1.87)*BF[83 = A3: R32*d(1)]
   79       A3*: R31*d(-1)  0.0002938            (1.92)*BF[84 = A3: R32*d(-1)]
   80        A3*: R31*d(2)  0.0001289             (1.78)*BF[85 = A3: R32*d(2)]
   81       A3*: R31*d(-2)  0.0000860            (1.66)*BF[86 = A3: R32*d(-2)]
   82        A3*: R32*d(0)  0.0011580           (-13.43)*BF[97 = A4: R37*s(0)]
   83        A3*: R32*d(1)  0.0007648             (8.29)*BF[35 = A2: R15*s(0)]
   84       A3*: R32*d(-1)  0.0005269             (4.77)*BF[35 = A2: R15*s(0)]
   85        A3*: R32*d(2)  0.0010478            (-4.75)*BF[35 = A2: R15*s(0)]
   86       A3*: R32*d(-2)  0.0008704            (-7.39)*BF[35 = A2: R15*s(0)]
   87        A3*: R33*f(0)  0.0005102            (-6.99)*BF[66 = A3: R26*s(0)]
   88        A3*: R33*f(1)  0.0001033            (-2.62)*BF[66 = A3: R26*s(0)]
   89       A3*: R33*f(-1)  0.0000351            (1.39)*BF[89 = A3: R33*f(-1)]
   90        A3*: R33*f(2)  0.0000248            (-1.57)*BF[35 = A2: R15*s(0)]
   91       A3*: R33*f(-2)  0.0000497            (-2.41)*BF[35 = A2: R15*s(0)]
   92        A3*: R33*f(3)  0.0000115             (1.29)*BF[92 = A3: R33*f(3)]
   93       A3*: R33*f(-3)  0.0004349            (-4.79)*BF[66 = A3: R26*s(0)]
   94        A4*: R34*s(0)  0.0000075            (-5.96)*BF[97 = A4: R37*s(0)]
   95        A4*: R35*s(0)  0.0000837           (-46.13)*BF[98 = A4: R38*s(0)]
   96        A4*: R36*s(0)  0.0017081           (-19.13)*BF[98 = A4: R38*s(0)]
   97         A4: R37*s(0)  1.0785862             (0.75)*BF[97 = A4: R37*s(0)]
   98         A4: R38*s(0)  1.9992438             (0.63)*BF[95 = A4: R35*s(0)]
   99        A4*: R39*p(0)  0.0000601            (6.33)*BF[105 = A4: R41*p(0)]
  100        A4*: R39*p(1)  0.0002603           (-5.55)*BF[103 = A4: R40*p(1)]
  101       A4*: R39*p(-1)  0.0001499          (-6.69)*BF[104 = A4: R40*p(-1)]
  102        A4*: R40*p(0)  0.0010863           (-3.89)*BF[105 = A4: R41*p(0)]
  103        A4*: R40*p(1)  0.0020266           (-3.27)*BF[106 = A4: R41*p(1)]
  104       A4*: R40*p(-1)  0.0032352          (-4.07)*BF[107 = A4: R41*p(-1)]
  105         A4: R41*p(0)  1.2097031             (0.60)*BF[99 = A4: R39*p(0)]
  106         A4: R41*p(1)  1.1578323            (0.60)*BF[100 = A4: R39*p(1)]
  107        A4: R41*p(-1)  1.0425367           (0.63)*BF[101 = A4: R39*p(-1)]
  108        A4*: R42*d(0)  0.0000818          (-2.57)*BF[104 = A4: R40*p(-1)]
  109        A4*: R42*d(1)  0.0002135            (1.60)*BF[114 = A4: R43*d(1)]
  110       A4*: R42*d(-1)  0.0002150            (2.37)*BF[128 = A5: R48*s(0)]
  111        A4*: R42*d(2)  0.0000483           (-1.66)*BF[128 = A5: R48*s(0)]
  112       A4*: R42*d(-2)  0.0000555           (1.34)*BF[117 = A4: R43*d(-2)]
  113        A4*: R43*d(0)  0.0016907           (-13.23)*BF[66 = A3: R26*s(0)]
  114        A4*: R43*d(1)  0.0008009           (3.06)*BF[104 = A4: R40*p(-1)]
  115       A4*: R43*d(-1)  0.0018884           (-8.64)*BF[128 = A5: R48*s(0)]
  116        A4*: R43*d(2)  0.0017676            (7.99)*BF[128 = A5: R48*s(0)]
  117       A4*: R43*d(-2)  0.0007413         (-3.45)*BF[261 = A15: R107*s(0)]
  118        A4*: R44*f(0)  0.0006727             (7.15)*BF[97 = A4: R37*s(0)]
  119        A4*: R44*f(1)  0.0000871             (2.03)*BF[97 = A4: R37*s(0)]
  120       A4*: R44*f(-1)  0.0000827           (1.45)*BF[120 = A4: R44*f(-1)]
  121        A4*: R44*f(2)  0.0000938           (-2.58)*BF[128 = A5: R48*s(0)]
  122       A4*: R44*f(-2)  0.0000289           (1.39)*BF[122 = A4: R44*f(-2)]
  123        A4*: R44*f(3)  0.0001983            (-3.32)*BF[97 = A4: R37*s(0)]
  124       A4*: R44*f(-3)  0.0001951             (3.76)*BF[97 = A4: R37*s(0)]
  125        A5*: R45*s(0)  0.0000030             (7.79)*BF[98 = A4: R38*s(0)]
  126        A5*: R46*s(0)  0.0005519           (16.29)*BF[129 = A5: R49*s(0)]
  127        A5*: R47*s(0)  0.0075397           (-8.03)*BF[128 = A5: R48*s(0)]
  128         A5: R48*s(0)  0.7960829            (1.10)*BF[128 = A5: R48*s(0)]
  129         A5: R49*s(0)  1.9995304           (-0.63)*BF[126 = A5: R46*s(0)]
  130        A5*: R50*p(0)  0.0003595            (3.87)*BF[136 = A5: R52*p(0)]
  131        A5*: R50*p(1)  0.0003921            (9.66)*BF[137 = A5: R52*p(1)]
  132       A5*: R50*p(-1)  0.0002657           (8.33)*BF[138 = A5: R52*p(-1)]
  133        A5*: R51*p(0)  0.0027049           (-1.52)*BF[136 = A5: R52*p(0)]
  134        A5*: R51*p(1)  0.0140601           (-3.28)*BF[137 = A5: R52*p(1)]
  135       A5*: R51*p(-1)  0.0185467          (-2.87)*BF[138 = A5: R52*p(-1)]
  136         A5: R52*p(0)  0.7620458            (0.59)*BF[130 = A5: R50*p(0)]
  137         A5: R52*p(1)  0.8600574            (0.72)*BF[131 = A5: R50*p(1)]
  138        A5: R52*p(-1)  0.7947878           (0.71)*BF[132 = A5: R50*p(-1)]
  139        A5*: R53*d(0)  0.0003971           (-5.43)*BF[144 = A5: R54*d(0)]
  140        A5*: R53*d(1)  0.0003274           (-2.54)*BF[145 = A5: R54*d(1)]
  141       A5*: R53*d(-1)  0.0003905             (7.78)*BF[97 = A4: R37*s(0)]
  142        A5*: R53*d(2)  0.0003838           (10.49)*BF[128 = A5: R48*s(0)]
  143       A5*: R53*d(-2)  0.0001322            (4.29)*BF[128 = A5: R48*s(0)]
  144        A5*: R54*d(0)  0.0014973          (-3.26)*BF[135 = A5: R51*p(-1)]
  145        A5*: R54*d(1)  0.0020202            (1.10)*BF[140 = A5: R53*d(1)]
  146       A5*: R54*d(-1)  0.0018562            (-5.22)*BF[97 = A4: R37*s(0)]
  147        A5*: R54*d(2)  0.0004843           (-7.46)*BF[128 = A5: R48*s(0)]
  148       A5*: R54*d(-2)  0.0009107           (-3.01)*BF[128 = A5: R48*s(0)]
  149        A5*: R55*f(0)  0.0003546           (-5.53)*BF[128 = A5: R48*s(0)]
  150        A5*: R55*f(1)  0.0000949            (1.42)*BF[150 = A5: R55*f(1)]
  151       A5*: R55*f(-1)  0.0001085           (1.87)*BF[151 = A5: R55*f(-1)]
  152        A5*: R55*f(2)  0.0002429           (-4.52)*BF[128 = A5: R48*s(0)]
  153       A5*: R55*f(-2)  0.0000564           (-1.77)*BF[128 = A5: R48*s(0)]
  154        A5*: R55*f(3)  0.0001074            (1.60)*BF[134 = A5: R51*p(1)]
  155       A5*: R55*f(-3)  0.0001197           (-2.80)*BF[134 = A5: R51*p(1)]
  156        A6*: R56*s(0)  0.0000002            (1.66)*BF[128 = A5: R48*s(0)]
  157        A6*: R57*s(0)  0.0002088           (-8.84)*BF[128 = A5: R48*s(0)]
  158        A6*: R58*s(0)  0.0004856           (-7.04)*BF[160 = A6: R60*s(0)]
  159         A6: R59*s(0)  1.7278009            (0.59)*BF[159 = A6: R59*s(0)]
  160         A6: R60*s(0)  1.9997777            (0.66)*BF[157 = A6: R57*s(0)]
  161        A6*: R61*p(0)  0.0000443            (2.19)*BF[164 = A6: R62*p(0)]
  162        A6*: R61*p(1)  0.0001109           (-5.41)*BF[128 = A5: R48*s(0)]
  163       A6*: R61*p(-1)  0.0000428            (3.47)*BF[128 = A5: R48*s(0)]
  164        A6*: R62*p(0)  0.0010088           (-1.76)*BF[167 = A6: R63*p(0)]
  165        A6*: R62*p(1)  0.0012955            (3.35)*BF[128 = A5: R48*s(0)]
  166       A6*: R62*p(-1)  0.0022001          (-2.31)*BF[169 = A6: R63*p(-1)]
  167         A6: R63*p(0)  1.6224939            (0.50)*BF[161 = A6: R61*p(0)]
  168         A6: R63*p(1)  1.6284383            (0.55)*BF[162 = A6: R61*p(1)]
  169        A6: R63*p(-1)  1.8180053           (0.52)*BF[163 = A6: R61*p(-1)]
  170        A6*: R64*d(0)  0.0000094            (-1.26)*BF[98 = A4: R38*s(0)]
  171        A6*: R64*d(1)  0.0000036           (-1.18)*BF[171 = A6: R64*d(1)]
  172       A6*: R64*d(-1)  0.0000056           (-2.66)*BF[128 = A5: R48*s(0)]
  173        A6*: R64*d(2)  0.0000066            (1.82)*BF[159 = A6: R59*s(0)]
  174       A6*: R64*d(-2)  0.0000184          (-1.20)*BF[174 = A6: R64*d(-2)]
  175        A6*: R65*d(0)  0.0015380            (1.29)*BF[175 = A6: R65*d(0)]
  176        A6*: R65*d(1)  0.0008891            (1.11)*BF[176 = A6: R65*d(1)]
  177       A6*: R65*d(-1)  0.0049860           (-1.74)*BF[160 = A6: R60*s(0)]
  178        A6*: R65*d(2)  0.0033421            (1.85)*BF[128 = A5: R48*s(0)]
  179       A6*: R65*d(-2)  0.0030346           (1.30)*BF[179 = A6: R65*d(-2)]
  180        A6*: R66*f(0)  0.0000404            (1.06)*BF[180 = A6: R66*f(0)]
  181        A6*: R66*f(1)  0.0000051            (1.03)*BF[181 = A6: R66*f(1)]
  182       A6*: R66*f(-1)  0.0001081           (1.16)*BF[182 = A6: R66*f(-1)]
  183        A6*: R66*f(2)  0.0000661            (1.09)*BF[183 = A6: R66*f(2)]
  184       A6*: R66*f(-2)  0.0000647           (1.09)*BF[184 = A6: R66*f(-2)]
  185        A6*: R66*f(3)  0.0000517            (1.09)*BF[185 = A6: R66*f(3)]
  186       A6*: R66*f(-3)  0.0000425           (1.09)*BF[186 = A6: R66*f(-3)]
  187        A7*: R67*s(0)  0.0000002          (-1.62)*BF[135 = A5: R51*p(-1)]
  188        A7*: R68*s(0)  0.0001556            (9.62)*BF[190 = A7: R70*s(0)]
  189        A7*: R69*s(0)  0.0002823           (-9.47)*BF[191 = A7: R71*s(0)]
  190         A7: R70*s(0)  1.7246938            (0.57)*BF[190 = A7: R70*s(0)]
  191         A7: R71*s(0)  1.9997738            (0.66)*BF[188 = A7: R68*s(0)]
  192        A7*: R72*p(0)  0.0000314            (2.14)*BF[195 = A7: R73*p(0)]
  193        A7*: R72*p(1)  0.0000149            (2.44)*BF[196 = A7: R73*p(1)]
  194       A7*: R72*p(-1)  0.0001539           (6.14)*BF[135 = A5: R51*p(-1)]
  195        A7*: R73*p(0)  0.0010928           (-1.69)*BF[198 = A7: R74*p(0)]
  196        A7*: R73*p(1)  0.0024955           (-1.94)*BF[199 = A7: R74*p(1)]
  197       A7*: R73*p(-1)  0.0013109            (3.56)*BF[128 = A5: R48*s(0)]
  198         A7: R74*p(0)  1.6346404            (0.50)*BF[192 = A7: R72*p(0)]
  199         A7: R74*p(1)  1.8898059            (0.50)*BF[193 = A7: R72*p(1)]
  200        A7: R74*p(-1)  1.5499111           (0.56)*BF[194 = A7: R72*p(-1)]
  201        A7*: R75*d(0)  0.0000022            (2.75)*BF[128 = A5: R48*s(0)]
  202        A7*: R75*d(1)  0.0000218           (-1.21)*BF[202 = A7: R75*d(1)]
  203       A7*: R75*d(-1)  0.0000190             (1.47)*BF[98 = A4: R38*s(0)]
  204        A7*: R75*d(2)  0.0000011           (-1.18)*BF[204 = A7: R75*d(2)]
  205       A7*: R75*d(-2)  0.0000016          (-1.18)*BF[205 = A7: R75*d(-2)]
  206        A7*: R76*d(0)  0.0073381           (-2.49)*BF[128 = A5: R48*s(0)]
  207        A7*: R76*d(1)  0.0035536            (1.38)*BF[207 = A7: R76*d(1)]
  208       A7*: R76*d(-1)  0.0028093           (-1.67)*BF[134 = A5: R51*p(1)]
  209        A7*: R76*d(2)  0.0000716            (1.01)*BF[209 = A7: R76*d(2)]
  210       A7*: R76*d(-2)  0.0000994           (1.00)*BF[210 = A7: R76*d(-2)]
  211        A7*: R77*f(0)  0.0001296            (1.17)*BF[211 = A7: R77*f(0)]
  212        A7*: R77*f(1)  0.0001265            (1.16)*BF[212 = A7: R77*f(1)]
  213       A7*: R77*f(-1)  0.0001293           (1.19)*BF[213 = A7: R77*f(-1)]
  214        A7*: R77*f(2)  0.0000050            (1.05)*BF[214 = A7: R77*f(2)]
  215       A7*: R77*f(-2)  0.0000026           (1.04)*BF[215 = A7: R77*f(-2)]
  216        A7*: R77*f(3)  0.0000019            (1.00)*BF[216 = A7: R77*f(3)]
  217       A7*: R77*f(-3)  0.0000022           (1.00)*BF[217 = A7: R77*f(-3)]
  218        A8*: R78*s(0)  0.0001305           (-3.22)*BF[220 = A8: R80*s(0)]
  219        A8*: R79*s(0)  0.0005897           (-2.20)*BF[220 = A8: R80*s(0)]
  220         A8: R80*s(0)  0.5464973            (0.97)*BF[219 = A8: R79*s(0)]
  221        A8*: R81*p(0)  0.0001181           (-4.36)*BF[219 = A8: R79*s(0)]
  222        A8*: R81*p(1)  0.0000564            (1.48)*BF[222 = A8: R81*p(1)]
  223       A8*: R81*p(-1)  0.0000899           (-2.58)*BF[219 = A8: R79*s(0)]
  224        A9*: R82*s(0)  0.0001133           (-3.44)*BF[226 = A9: R84*s(0)]
  225        A9*: R83*s(0)  0.0007462           (-2.20)*BF[226 = A9: R84*s(0)]
  226         A9: R84*s(0)  0.5464920            (0.96)*BF[225 = A9: R83*s(0)]
  227        A9*: R85*p(0)  0.0000531            (1.40)*BF[227 = A9: R85*p(0)]
  228        A9*: R85*p(1)  0.0001389           (-5.13)*BF[225 = A9: R83*s(0)]
  229       A9*: R85*p(-1)  0.0000915           (1.41)*BF[229 = A9: R85*p(-1)]
  230       A10*: R86*s(0)  0.0000898          (-4.11)*BF[232 = A10: R88*s(0)]
  231       A10*: R87*s(0)  0.0008731          (-4.64)*BF[232 = A10: R88*s(0)]
  232        A10: R88*s(0)  0.7819706           (0.89)*BF[231 = A10: R87*s(0)]
  233       A10*: R89*p(0)  0.0006588           (5.20)*BF[231 = A10: R87*s(0)]
  234       A10*: R89*p(1)  0.0000905           (1.51)*BF[234 = A10: R89*p(1)]
  235      A10*: R89*p(-1)  0.0002867           (2.46)*BF[231 = A10: R87*s(0)]
  236       A11*: R90*s(0)  0.0000952          (-4.16)*BF[238 = A11: R92*s(0)]
  237       A11*: R91*s(0)  0.0011858          (-4.92)*BF[238 = A11: R92*s(0)]
  238        A11: R92*s(0)  0.7692454           (0.88)*BF[237 = A11: R91*s(0)]
  239       A11*: R93*p(0)  0.0000750           (1.48)*BF[239 = A11: R93*p(0)]
  240       A11*: R93*p(1)  0.0008330           (5.76)*BF[237 = A11: R91*s(0)]
  241      A11*: R93*p(-1)  0.0001379          (1.50)*BF[241 = A11: R93*p(-1)]
  242       A12*: R94*s(0)  0.0000952          (-4.04)*BF[244 = A12: R96*s(0)]
  243       A12*: R95*s(0)  0.0013237          (-4.83)*BF[244 = A12: R96*s(0)]
  244        A12: R96*s(0)  0.7821521           (0.86)*BF[243 = A12: R95*s(0)]
  245       A12*: R97*p(0)  0.0006334          (-5.32)*BF[243 = A12: R95*s(0)]
  246       A12*: R97*p(1)  0.0002179           (2.42)*BF[243 = A12: R95*s(0)]
  247      A12*: R97*p(-1)  0.0001398             (1.62)*BF[66 = A3: R26*s(0)]
  248       A13*: R98*s(0)  0.0000886         (-4.25)*BF[250 = A13: R100*s(0)]
  249       A13*: R99*s(0)  0.0009484         (-5.34)*BF[250 = A13: R100*s(0)]
  250       A13: R100*s(0)  0.7936216           (0.88)*BF[249 = A13: R99*s(0)]
  251      A13*: R101*p(0)  0.0000845          (1.51)*BF[251 = A13: R101*p(0)]
  252      A13*: R101*p(1)  0.0007858          (-5.70)*BF[249 = A13: R99*s(0)]
  253     A13*: R101*p(-1)  0.0001594             (2.29)*BF[66 = A3: R26*s(0)]
  254      A14*: R102*s(0)  0.0000851         (-4.91)*BF[256 = A14: R104*s(0)]
  255      A14*: R103*s(0)  0.0008446         (-4.74)*BF[256 = A14: R104*s(0)]
  256       A14: R104*s(0)  0.7809822          (0.88)*BF[255 = A14: R103*s(0)]
  257      A14*: R105*p(0)  0.0006958          (5.55)*BF[255 = A14: R103*s(0)]
  258      A14*: R105*p(1)  0.0001246             (2.05)*BF[97 = A4: R37*s(0)]
  259     A14*: R105*p(-1)  0.0001502            (-1.64)*BF[97 = A4: R37*s(0)]
  260      A15*: R106*s(0)  0.0000858         (-4.86)*BF[262 = A15: R108*s(0)]
  261      A15*: R107*s(0)  0.0006188         (-5.30)*BF[262 = A15: R108*s(0)]
  262       A15: R108*s(0)  0.7752548          (0.90)*BF[261 = A15: R107*s(0)]
  263      A15*: R109*p(0)  0.0003214         (-3.28)*BF[261 = A15: R107*s(0)]
  264      A15*: R109*p(1)  0.0004098             (4.26)*BF[97 = A4: R37*s(0)]
  265     A15*: R109*p(-1)  0.0002560            (-2.71)*BF[97 = A4: R37*s(0)]
  266      A16*: R110*s(0)  0.0001719         (-2.95)*BF[268 = A16: R112*s(0)]
  267      A16*: R111*s(0)  0.0003731         (-2.79)*BF[268 = A16: R112*s(0)]
  268       A16: R112*s(0)  0.5392348          (0.98)*BF[267 = A16: R111*s(0)]
  269      A16*: R113*p(0)  0.0000963          (3.86)*BF[267 = A16: R111*s(0)]
  270      A16*: R113*p(1)  0.0000758          (1.89)*BF[267 = A16: R111*s(0)]
  271     A16*: R113*p(-1)  0.0000831         (-2.94)*BF[267 = A16: R111*s(0)]
 trace = 55.9999999988313

Final electron populations and NPA charges:

Center	Nuclear	 Electron  	  NMB       	NPA   
      	 charge	 population	  population	charge
   N1	    7.0	  7.6477719	   7.6330405	-0.6477719250
   C2	    6.0	  6.2119740	   6.1985894	-0.2119739543
   C3	    6.0	  6.4028851	   6.3889775	-0.4028851005
   C4	    6.0	  6.5053813	   6.4879022	-0.5053812751
   C5	    6.0	  5.2664120	   5.2125043	 0.7335880229
   O6	    8.0	  8.8161253	   8.7965161	-0.8161252594
   O7	    8.0	  8.8186772	   8.7988250	-0.8186772313
   H8	    1.0	  0.5474819	   0.5464973	 0.4525181035
   H9	    1.0	  0.5476349	   0.5464920	 0.4523650810
  H10	    1.0	  0.7839695	   0.7819706	 0.2160305149
  H11	    1.0	  0.7715722	   0.7692454	 0.2284277631
  H12	    1.0	  0.7845622	   0.7821521	 0.2154378109
  H13	    1.0	  0.7956884	   0.7936216	 0.2043116461
  H14	    1.0	  0.7828824	   0.7809822	 0.2171175650
  H15	    1.0	  0.7769467	   0.7752548	 0.2230533299
  H16	    1.0	  0.5400351	   0.5392348	 0.4599649094

Angular momentum contributions of the total atomic population:

   Cntr           s           p           d           f           g
     N1   3.3754946   4.2596216   0.0117805   0.0008751   0.0000000
     C2   3.0525525   3.1540202   0.0044429   0.0009583   0.0000000
     C3   3.0548468   3.3416502   0.0052187   0.0011694   0.0000000
     C4   3.0796293   3.4168905   0.0075030   0.0013585   0.0000000
     C5   2.8037079   2.4532199   0.0083999   0.0010843   0.0000000
     O6   3.7282732   5.0736399   0.0138335   0.0003787   0.0000000
     O7   3.7249057   5.0794568   0.0139176   0.0003971   0.0000000
     H8   0.5472175   0.0002644   0.0000000   0.0000000   0.0000000
     H9   0.5473514   0.0002835   0.0000000   0.0000000   0.0000000
    H10   0.7829335   0.0010360   0.0000000   0.0000000   0.0000000
    H11   0.7705264   0.0010459   0.0000000   0.0000000   0.0000000
    H12   0.7835710   0.0009912   0.0000000   0.0000000   0.0000000
    H13   0.7946586   0.0010297   0.0000000   0.0000000   0.0000000
    H14   0.7819119   0.0009705   0.0000000   0.0000000   0.0000000
    H15   0.7759594   0.0009873   0.0000000   0.0000000   0.0000000
    H16   0.5397798   0.0002553   0.0000000   0.0000000   0.0000000


                          * * *                                         

Wiberg-Mayer bond indices (based on density matrix in NAO basis):
Centr. A/B         1         2         3         4         5         6         7         8         9        10        11        12        13        14        15        16
      1    ( 3.3028)    0.9496    0.0062    0.0070    0.0002    0.0009    0.0004    0.7780    0.7778    0.0020    0.0020    0.0005    0.0030    0.0003    0.0006    0.7742
      2              ( 3.8398)    1.0146    0.0071    0.0008    0.0040    0.0014    0.0041    0.0042    0.9220    0.9164    0.0013    0.0016    0.0021    0.0086    0.0019
      3                        ( 3.9274)    1.0152    0.0056    0.0060    0.0127    0.0014    0.0015    0.0030    0.0027    0.9202    0.9261    0.0020    0.0013    0.0088
      4                                  ( 3.9231)    0.9540    0.0497    0.0532    0.0002    0.0002    0.0022    0.0002    0.0022    0.0021    0.9128    0.9160    0.0011
      5                                            ( 3.8990)    1.4572    1.4617    0.0000    0.0000    0.0000    0.0001    0.0022    0.0087    0.0046    0.0038    0.0001
      6                                                      ( 1.7560)    0.2069    0.0000    0.0001    0.0001    0.0025    0.0022    0.0019    0.0116    0.0128    0.0000
      7                                                                ( 1.7509)    0.0000    0.0000    0.0002    0.0008    0.0009    0.0016    0.0066    0.0042    0.0002
      8                                                                          ( 0.7962)    0.0001    0.0107    0.0011    0.0003    0.0001    0.0000    0.0000    0.0001
      9                                                                                    ( 0.7965)    0.0012    0.0104    0.0000    0.0007    0.0000    0.0001    0.0001
     10                                                                                              ( 0.9552)    0.0003    0.0111    0.0002    0.0009    0.0004    0.0011
     11                                                                                                        ( 0.9502)    0.0023    0.0105    0.0000    0.0000    0.0008
     12                                                                                                                  ( 0.9562)    0.0002    0.0126    0.0001    0.0000
     13                                                                                                                            ( 0.9603)    0.0002    0.0027    0.0006
     14                                                                                                                                      ( 0.9546)    0.0009    0.0000
     15                                                                                                                                                ( 0.9517)    0.0002
     16                                                                                                                                                          ( 0.7892)

                          * * *                                         

Creating  LPOs (Localized Property-optimized Orbitals)


Creating initial guess...
Optimizing LPOs...

Finding an optimal hybrid pairing...
    0    1    2    3    4    5    6    7    8    9   10   11   12   13   14   15   16   17   18   19   20   21   22   23   24   25   26   27   28   29   30   31   32   33   34   35   36   37   38   39   40   41   42   43   44   45   46   47   48   49   50   51   52   53   54   55   56   57   58   59   60   61   62   63   64   65   66   67   68   69   70   71   72   73   74   75   76   77   78   79   80   81   82   83   84   85   86   87   88   89   90   91   92   93   94   95   96   97   98   99  100  101  102  103  104  105  106  107  108  109  110  111  112  113  114  115  116  117  118  119  120  121  122  123  124  125  126  127  128  129  130  131  132  133  134  135  136  137  138  139  140  141  142  143  144  145  146  147  148  149  150  151  152  153  154  155  156  157  158  159  160  161  162  163  164  165  166  167  168  169  170  171  172  173  174  175  176  177  178  179  180  181  182  183  184  185  186  187  188  189  190  191  192  193  194  195  196  197  198  199  200  201  202  203  204  205  206  207  208  209  210  211  212  213  214  215  216  217  218  219  220  221  222  223  224  225  226  227  228  229  230  231  232  233  234  235  236  237  238  239  240  241  242  243  244  245  246  247  248  249  250  251  252  253  254  255  256  257  258  259  260  261  262  263  264  265  266  267  268  269  270
   57   83   85  267  265  171   91   37  101   77   88  219  225   44   50  201  200   31  211  191  175  228  250  210   54  141   60  216  185   59  182   17  258  254   65  229  109    7   84  236  217  230  231  237   13  113  116   95   76  150   14  108  263   63   24  192  262    0   89   29   26   67  119   53  253   34  103   61  184  257  132  242  218  243  249  106   48    9  235  234  123  164  178    1   38    2  188  221   10   58  120    6  149  193  124   47  261  126  227  128  162    8  196   66  255  127   75  155   51   36  154  239  157   45  163  213   46  226  268   62   90  129  152   80   94  170   97  105   99  121  259  159   70  158  189  197  167  199  270  174  264   25  161  168  166  198  212  233  190   92   49  214  122  180  110  107  205  112  133  131  206  142  100  114   81  195  144  136  143  208  125    5  187  203  139   20  209  245   82  186  153  204   30  215   68   28  179  172   86  134  148   19   55   93  260  165  102  135  145  137   16   15   -1  173  181  156  160  246  169  176   23   18  146  115  151  183   27   40   72   11  232   87  238  269  248   12  117   98   21   35   41   42  220  147   79   78   39   43  222  111  244  247   71   73  240  177  207  241  224   74   22  256  266   64   33  104  251   69   32  130  194   96   56   52  140    4  252    3  118  223  138
LPO iteration  1: hybrids reconnected, target function =  109.1468302
Iterative optimization of atomic hybrids
           Target                 Total        max.atomic       Total        max.atomic     Nxt.step
  Itr.    function    new-old  ||Unew-U||^2   ||unew-u||^2   ||Dnew-D||^2   ||dnew-d||^2     lambda 
    1     109.1468   +1.1e+02   13.494198      0.1091492      0.11727        0.0816453       (none)
    2     109.1724   +2.6e-02    5.456015      0.0347942      0.04265        0.0338783       (none)
    3     109.1762   +3.9e-03    4.538392      0.0308845      0.02019        0.0150316       (none)
    4     109.1771   +8.5e-04    4.064718      0.0325407      0.01060        0.0069433       (none)
    5     109.1773   +2.3e-04    4.781947      0.0647523      0.00601        0.0032625       (none)
    6     109.1774   +8.1e-05    5.335726      0.0647502      0.00368        0.0015476       (none)
    7     109.1774   +3.5e-05    4.246184      0.0647800      0.00244        0.0007427       (none)
    8     109.1775   +1.8e-05    4.338072      0.0779716      0.00176        0.0003676       (none)
    9     109.1775   +1.1e-05    5.317679      0.0729160      0.00137        0.0003005       (none)
   10     109.1775   +7.2e-06    << Converged! (threshold = 1.00e-05) >>
Optimization of hybrids finished
LPO iteration  1: hybrids optimized, target function =  109.1774723
Finding an optimal hybrid pairing...
    0    1    2    3    4    5    6    7    8    9   10   11   12   13   14   15   16   17   18   19   20   21   22   23   24   25   26   27   28   29   30   31   32   33   34   35   36   37   38   39   40   41   42   43   44   45   46   47   48   49   50   51   52   53   54   55   56   57   58   59   60   61   62   63   64   65   66   67   68   69   70   71   72   73   74   75   76   77   78   79   80   81   82   83   84   85   86   87   88   89   90   91   92   93   94   95   96   97   98   99  100  101  102  103  104  105  106  107  108  109  110  111  112  113  114  115  116  117  118  119  120  121  122  123  124  125  126  127  128  129  130  131  132  133  134  135  136  137  138  139  140  141  142  143  144  145  146  147  148  149  150  151  152  153  154  155  156  157  158  159  160  161  162  163  164  165  166  167  168  169  170  171  172  173  174  175  176  177  178  179  180  181  182  183  184  185  186  187  188  189  190  191  192  193  194  195  196  197  198  199  200  201  202  203  204  205  206  207  208  209  210  211  212  213  214  215  216  217  218  219  220  221  222  223  224  225  226  227  228  229  230  231  232  233  234  235  236  237  238  239  240  241  242  243  244  245  246  247  248  249  250  251  252  253  254  255  256  257  258  259  260  261  262  263  264  265  266  267  268  269  270
   57  227   67  267  265  170  206   37  101   77   88  219  225   44   50  186  200   31  208  176  235   47  254  210   54  201  183   91  122  119   92   17  258   78   65  229  209    7   84  236  217  230  231  237   13  113  116   21   76  245   14  191  263   63   24  192   82    0   89  182   85   62   61   53  253   34  103    2  184  257  132  242  218  243  249  106   48    9   33  234  123  108   56  238   38   60  188  270   10   58  141   27   30  193  125  164  261  126  187  128  162    8  196   66  255  127   75  155   81  175  154  239  157   45  163  213   46  160  268   29  146  169   28   80  180   94   97  105   99  203  246  159   70  158  189  197  167  199  228  174  262   90  161  168  166  198  120  233  190  215  177  171  211  179  110  107  205  112  133  131  117  142  100  114   95  195  144  136  143  121    5  151  212  214  139  109   19  150  207  153  124  204   59   26   68  202   15   98   86  134  148   51   55   93  260  165  102  135  145  137   16   25  185  129  181  156    6  178   18   36   23  152  172  115  173  149   -1   40   72   11  232  226  250  269  248   12  221    1  138   35   41   42  220  147   79   20   39   43   83  111  244  247   71   73  240   49  130  241  224   74  222  264  266   64   22  104  259   69   32  256  194   96  140   52  251    4  252    3  118  223   87
LPO iteration  2: hybrids reconnected, target function =  109.1774728
Done! (in 1 iterations)


*** Summary of LPO  results

  LPO 	         D e s c r i p t i o n     	Occupancy	Composition
    1	(BD) N1-C2, Io = 0.7061            	0.00000  	h1@N1 * (-0.3833) + h58@C2 * ( 0.9236)	
    2	     N1-C2, antibonding (NB)       	 -0.00000	h1@N1 * (-0.9236) + h58@C2 * (-0.3833)	
    3	(BD) N1-H9, Io = 0.4716            	0.00002  	h2@N1 * ( 0.8578) + h228@H9 * (-0.5140)	
    4	     N1-H9, antibonding (NB)       	  0.00001	h2@N1 * (-0.5140) + h228@H9 * (-0.8578)	
    5	(BD) N1-C3, Io = 0.9851            	0.00000  	h3@N1 * ( 0.9963) + h68@C3 * (-0.0864)	
    6	     N1-C3, antibonding (NB)       	  0.00000	h3@N1 * (-0.0864) + h68@C3 * (-0.9963)	
    7	(BD) N1-H16, Io = 0.4640           	1.99287  	h4@N1 * ( 0.8556) + h268@H16 * ( 0.5177)	
    8	     N1-H16, antibonding (NB)      	  0.00712	h4@N1 * ( 0.5177) + h268@H16 * (-0.8556)	
    9	(BD) N1-H16, Io = 0.9999           	1.99972  	h5@N1 * ( 1.0000) + h266@H16 * ( 0.0059)	
   10	     N1-H16, antibonding (NB)      	  0.00016	h5@N1 * ( 0.0059) + h266@H16 * (-1.0000)	
   11	(BD) N1-O6, Io = 0.9993            	0.00000  	h6@N1 * ( 0.9998) + h171@O6 * ( 0.0189)	
   12	     N1-O6, antibonding (NB)       	  0.00000	h6@N1 * ( 0.0189) + h171@O6 * (-0.9998)	
   13	(BD) N1-O7, Io = 0.7959            	0.00000  	h7@N1 * ( 0.9476) + h207@O7 * ( 0.3194)	
   14	     N1-O7, antibonding (NB)       	  0.00000	h7@N1 * ( 0.3194) + h207@O7 * (-0.9476)	
   15	(BD) N1-C2, Io = 0.6883            	0.00000  	h8@N1 * (-0.3948) + h38@C2 * ( 0.9188)	
   16	     N1-C2, antibonding (NB)       	  0.00000	h8@N1 * (-0.9188) + h38@C2 * (-0.3948)	
   17	(BD) N1-C4, Io = 0.0385            	0.00229  	h9@N1 * (-0.6934) + h102@C4 * ( 0.7206)	
   18	     N1-C4, antibonding (NB)       	  0.00030	h9@N1 * (-0.7206) + h102@C4 * (-0.6934)	
   19	(BD) N1-C3, Io = 0.0211            	0.00096  	h10@N1 * ( 0.6996) + h78@C3 * ( 0.7145)	
   20	     N1-C3, antibonding (NB)       	  0.00017	h10@N1 * (-0.7145) + h78@C3 * ( 0.6996)	
   21	(BD) N1-C3, Io = 0.8102            	0.00022  	h11@N1 * ( 0.9514) + h89@C3 * ( 0.3080)	
   22	     N1-C3, antibonding (NB)       	  0.00002	h11@N1 * ( 0.3080) + h89@C3 * (-0.9514)	
   23	(BD) N1-H8, Io = 0.4579            	1.99262  	h12@N1 * ( 0.8538) + h220@H8 * ( 0.5206)	
   24	     N1-H8, antibonding (NB)       	  0.00894	h12@N1 * ( 0.5206) + h220@H8 * (-0.8538)	
   25	(BD) N1-H9, Io = 0.4580            	1.99255  	h13@N1 * ( 0.8538) + h226@H9 * ( 0.5206)	
   26	     N1-H9, antibonding (NB)       	  0.00908	h13@N1 * ( 0.5206) + h226@H9 * (-0.8538)	
   27	(BD) N1-C2, Io = 0.2738            	1.99536  	h14@N1 * ( 0.7981) + h45@C2 * (-0.6026)	
   28	     N1-C2, antibonding (NB)       	  0.01158	h14@N1 * (-0.6026) + h45@C2 * (-0.7981)	
   29	(BD) N1-C2, Io = 0.9645            	0.00003  	h15@N1 * (-0.1332) + h51@C2 * ( 0.9911)	
   30	     N1-C2, antibonding (NB)       	  0.00000	h15@N1 * (-0.9911) + h51@C2 * (-0.1332)	
   31	(BD) N1-O7, Io = 0.9982            	0.00000  	h16@N1 * ( 0.9995) + h187@O7 * (-0.0301)	
   32	     N1-O7, antibonding (NB)       	  0.00000	h16@N1 * (-0.0301) + h187@O7 * (-0.9995)	
   33	(BD) N1-O7, Io = 0.9618            	0.00000  	h17@N1 * ( 0.9904) + h201@O7 * (-0.1382)	
   34	     N1-O7, antibonding (NB)       	  0.00000	h17@N1 * (-0.1382) + h201@O7 * (-0.9904)	
   35	(BD) N1-C2, Io = 0.4759            	0.00000  	h18@N1 * ( 0.5119) + h32@C2 * ( 0.8591)	
   36	     N1-C2, antibonding (NB)       	  0.00000	h18@N1 * (-0.8591) + h32@C2 * ( 0.5119)	
   37	(BD) N1-O7, Io = 0.9311            	0.00000  	h19@N1 * ( 0.9826) + h209@O7 * ( 0.1856)	
   38	     N1-O7, antibonding (NB)       	  0.00000	h19@N1 * ( 0.1856) + h209@O7 * (-0.9826)	
   39	(BD) N1-O6, Io = 0.7485            	0.00004  	h20@N1 * ( 0.3546) + h177@O6 * ( 0.9350)	
   40	     N1-O6, antibonding (NB)       	  0.00001	h20@N1 * (-0.9350) + h177@O6 * ( 0.3546)	
   41	(BD) N1-H11, Io = 0.2819           	0.00016  	h21@N1 * ( 0.5992) + h236@H11 * ( 0.8006)	
   42	     N1-H11, antibonding (NB)      	  0.00002	h21@N1 * (-0.8006) + h236@H11 * ( 0.5992)	
   43	(BD) N1-C2, Io = 0.3644            	0.00053  	h22@N1 * (-0.5638) + h48@C2 * ( 0.8259)	
   44	     N1-C2, antibonding (NB)       	  0.00007	h22@N1 * (-0.8259) + h48@C2 * (-0.5638)	
   45	(BD) N1-H14, Io = 0.8989           	0.00091  	h23@N1 * (-0.2249) + h255@H14 * ( 0.9744)	
   46	     N1-H14, antibonding (NB)      	  0.00004	h23@N1 * (-0.9744) + h255@H14 * (-0.2249)	
   47	(BD) N1-O7, Io = 0.1085            	0.00000  	h24@N1 * ( 0.7445) + h211@O7 * (-0.6677)	
   48	     N1-O7, antibonding (NB)       	  0.00000	h24@N1 * (-0.6677) + h211@O7 * (-0.7445)	
   49	(BD) N1-C2, Io = 0.1734            	0.00000  	h25@N1 * ( 0.7660) + h55@C2 * ( 0.6429)	
   50	     N1-C2, antibonding (NB)       	  0.00000	h25@N1 * ( 0.6429) + h55@C2 * (-0.7660)	
   51	(BD) N1-O7, Io = 0.9672            	0.00000  	h26@N1 * ( 0.9918) + h202@O7 * (-0.1281)	
   52	     N1-O7, antibonding (NB)       	  0.00000	h26@N1 * (-0.1281) + h202@O7 * (-0.9918)	
   53	(BD) N1-O6, Io = 0.9990            	0.00000  	h27@N1 * ( 0.9998) + h184@O6 * (-0.0221)	
   54	     N1-O6, antibonding (NB)       	  0.00000	h27@N1 * (-0.0221) + h184@O6 * (-0.9998)	
   55	(BD) N1-C3, Io = 0.9918            	0.00000  	h28@N1 * ( 0.9979) + h92@C3 * (-0.0641)	
   56	     N1-C3, antibonding (NB)       	  0.00000	h28@N1 * (-0.0641) + h92@C3 * (-0.9979)	
   57	(BD) N1-C4, Io = 1.0000            	0.00000  	h29@N1 * ( 1.0000) + h123@C4 * ( 0.0007)	
   58	     N1-C4, antibonding (NB)       	  0.00000	h29@N1 * ( 0.0007) + h123@C4 * (-1.0000)	
   59	(BD) N1-C4, Io = 0.9996            	0.00000  	h30@N1 * ( 0.9999) + h120@C4 * ( 0.0142)	
   60	     N1-C4, antibonding (NB)       	  0.00000	h30@N1 * ( 0.0142) + h120@C4 * (-0.9999)	
   61	(BD) N1-C3, Io = 0.9734            	0.00000  	h31@N1 * ( 0.9933) + h93@C3 * (-0.1154)	
   62	     N1-C3, antibonding (NB)       	  0.00000	h31@N1 * (-0.1154) + h93@C3 * (-0.9933)	
   63	(BD) C2-H14, Io = 0.2307           	0.00009  	h33@C2 * ( 0.6202) + h259@H14 * ( 0.7844)	
   64	     C2-H14, antibonding (NB)      	  0.00002	h33@C2 * (-0.7844) + h259@H14 * ( 0.6202)	
   65	(BD) C2-C3, Io = 0.9415            	0.00130  	h34@C2 * ( 0.9853) + h79@C3 * ( 0.1711)	
   66	     C2-C3, antibonding (NB)       	  0.00014	h34@C2 * ( 0.1711) + h79@C3 * (-0.9853)	
   67	(BD) C2-C3, Io = 0.0308            	1.98622  	h35@C2 * ( 0.7179) + h66@C3 * ( 0.6961)	
   68	     C2-C3, antibonding (NB)       	  0.01271	h35@C2 * ( 0.6961) + h66@C3 * (-0.7179)	
   69	(BD) C2-H10, Io = 0.9999           	1.99960  	h36@C2 * ( 1.0000) + h230@H10 * ( 0.0067)	
   70	     C2-H10, antibonding (NB)      	  0.00015	h36@C2 * ( 0.0067) + h230@H10 * (-1.0000)	
   71	(BD) C2-O7, Io = 0.7070            	0.00023  	h37@C2 * ( 0.9239) + h210@O7 * ( 0.3827)	
   72	     C2-O7, antibonding (NB)       	  0.00003	h37@C2 * ( 0.3827) + h210@O7 * (-0.9239)	
   73	(BD) C2-C3, Io = 0.3570            	0.00026  	h39@C2 * ( 0.5670) + h85@C3 * ( 0.8237)	
   74	     C2-C3, antibonding (NB)       	  0.00009	h39@C2 * (-0.8237) + h85@C3 * ( 0.5670)	
   75	(BD) C2-H11, Io = 0.2219           	0.00233  	h40@C2 * ( 0.7816) + h237@H11 * (-0.6238)	
   76	     C2-H11, antibonding (NB)      	  0.00049	h40@C2 * (-0.6238) + h237@H11 * (-0.7816)	
   77	(BD) C2-H8, Io = 0.8583            	0.00136  	h41@C2 * ( 0.9639) + h218@H8 * ( 0.2662)	
   78	     C2-H8, antibonding (NB)       	  0.00005	h41@C2 * ( 0.2662) + h218@H8 * (-0.9639)	
   79	(BD) C2-H10, Io = 0.3080           	0.00185  	h42@C2 * ( 0.8087) + h231@H10 * (-0.5882)	
   80	     C2-H10, antibonding (NB)      	  0.00018	h42@C2 * (-0.5882) + h231@H10 * (-0.8087)	
   81	(BD) C2-H10, Io = 0.2200           	1.98332  	h43@C2 * ( 0.7810) + h232@H10 * (-0.6245)	
   82	     C2-H10, antibonding (NB)      	  0.01525	h43@C2 * (-0.6245) + h232@H10 * (-0.7810)	
   83	(BD) C2-H11, Io = 0.2329           	1.98329  	h44@C2 * ( 0.7851) + h238@H11 * (-0.6193)	
   84	     C2-H11, antibonding (NB)      	  0.01518	h44@C2 * (-0.6193) + h238@H11 * (-0.7851)	
   85	(BD) C2-C4, Io = 0.8575            	0.00004  	h46@C2 * (-0.2669) + h114@C4 * ( 0.9637)	
   86	     C2-C4, antibonding (NB)       	  0.00000	h46@C2 * (-0.9637) + h114@C4 * (-0.2669)	
   87	(BD) C2-C4, Io = 0.2134            	0.00026  	h47@C2 * ( 0.6271) + h117@C4 * ( 0.7789)	
   88	     C2-C4, antibonding (NB)       	  0.00004	h47@C2 * (-0.7789) + h117@C4 * ( 0.6271)	
   89	(BD) C2-C3, Io = 0.7817            	0.00000  	h49@C2 * (-0.3304) + h77@C3 * ( 0.9438)	
   90	     C2-C3, antibonding (NB)       	  0.00000	h49@C2 * (-0.9438) + h77@C3 * (-0.3304)	
   91	(BD) C2-H12, Io = 0.6596           	0.00002  	h50@C2 * ( 0.4126) + h246@H12 * ( 0.9109)	
   92	     C2-H12, antibonding (NB)      	  0.00001	h50@C2 * (-0.9109) + h246@H12 * ( 0.4126)	
   93	(BD) C2-O7, Io = 0.8528            	0.00003  	h52@C2 * ( 0.9625) + h192@O7 * (-0.2713)	
   94	     C2-O7, antibonding (NB)       	  0.00000	h52@C2 * (-0.2713) + h192@O7 * (-0.9625)	
   95	(BD) C2-H15, Io = 0.4245           	0.00012  	h53@C2 * ( 0.8440) + h264@H15 * (-0.5364)	
   96	     C2-H15, antibonding (NB)      	  0.00003	h53@C2 * (-0.5364) + h264@H15 * (-0.8440)	
   97	(BD) C2-C3, Io = 0.0004            	0.00000  	h54@C2 * (-0.7070) + h64@C3 * ( 0.7072)	
   98	     C2-C3, antibonding (NB)       	  0.00000	h54@C2 * (-0.7072) + h64@C3 * (-0.7070)	
   99	(BD) C2-O7, Io = 0.6114            	0.00000  	h56@C2 * ( 0.8976) + h193@O7 * (-0.4408)	
  100	     C2-O7, antibonding (NB)       	  0.00000	h56@C2 * (-0.4408) + h193@O7 * (-0.8976)	
  101	(BD) C2-C3, Io = 0.0014            	0.00002  	h57@C2 * ( 0.7076) + h83@C3 * (-0.7066)	
  102	     C2-C3, antibonding (NB)       	  0.00001	h57@C2 * (-0.7066) + h83@C3 * (-0.7076)	
  103	(BD) C2-C3, Io = 0.4718            	0.00000  	h59@C2 * ( 0.5139) + h90@C3 * ( 0.8578)	
  104	     C2-C3, antibonding (NB)       	  0.00000	h59@C2 * (-0.8578) + h90@C3 * ( 0.5139)	
  105	(BD) C2-O6, Io = 0.9400            	-0.00000 	h60@C2 * ( 0.1731) + h183@O6 * ( 0.9849)	
  106	     C2-O6, antibonding (NB)       	 -0.00000	h60@C2 * (-0.9849) + h183@O6 * ( 0.1731)	
  107	(BD) C2-C3, Io = 0.1797            	0.00000  	h61@C2 * (-0.6404) + h86@C3 * ( 0.7680)	
  108	     C2-C3, antibonding (NB)       	  0.00000	h61@C2 * (-0.7680) + h86@C3 * (-0.6404)	
  109	(BD) C2-C3, Io = 0.8604            	-0.00000 	h62@C2 * ( 0.9645) + h63@C3 * ( 0.2642)	
  110	     C2-C3, antibonding (NB)       	 -0.00000	h62@C2 * ( 0.2642) + h63@C3 * (-0.9645)	
  111	(BD) C3-H14, Io = 0.5693           	0.00034  	h65@C3 * ( 0.8858) + h254@H14 * (-0.4641)	
  112	     C3-H14, antibonding (NB)      	  0.00003	h65@C3 * (-0.4641) + h254@H14 * (-0.8858)	
  113	(BD) C3-C4, Io = 0.9998            	1.99962  	h67@C3 * ( 1.0000) + h104@C4 * (-0.0089)	
  114	     C3-C4, antibonding (NB)       	  0.00209	h67@C3 * (-0.0089) + h104@C4 * (-1.0000)	
  115	(BD) C3-O6, Io = 0.7148            	0.00000  	h69@C3 * ( 0.9259) + h185@O6 * (-0.3776)	
  116	     C3-O6, antibonding (NB)       	  0.00000	h69@C3 * (-0.3776) + h185@O6 * (-0.9259)	
  117	(BD) C3-H14, Io = 0.4219           	0.00013  	h70@C3 * ( 0.5377) + h258@H14 * ( 0.8432)	
  118	     C3-H14, antibonding (NB)      	  0.00003	h70@C3 * (-0.8432) + h258@H14 * ( 0.5377)	
  119	(BD) C3-C5, Io = 0.0395            	0.00174  	h71@C3 * ( 0.7209) + h133@C5 * ( 0.6930)	
  120	     C3-C5, antibonding (NB)       	  0.00019	h71@C3 * ( 0.6930) + h133@C5 * (-0.7209)	
  121	(BD) C3-H12, Io = 0.5467           	0.00328  	h72@C3 * ( 0.8794) + h243@H12 * (-0.4761)	
  122	     C3-H12, antibonding (NB)      	  0.00076	h72@C3 * (-0.4761) + h243@H12 * (-0.8794)	
  123	(BD) C3-H8, Io = 0.6639            	0.00218  	h73@C3 * ( 0.9121) + h219@H8 * ( 0.4100)	
  124	     C3-H8, antibonding (NB)       	  0.00028	h73@C3 * ( 0.4100) + h219@H8 * (-0.9121)	
  125	(BD) C3-H12, Io = 0.2187           	1.98061  	h74@C3 * ( 0.7806) + h244@H12 * ( 0.6250)	
  126	     C3-H12, antibonding (NB)      	  0.01511	h74@C3 * ( 0.6250) + h244@H12 * (-0.7806)	
  127	(BD) C3-H13, Io = 0.2056           	1.97956  	h75@C3 * ( 0.7764) + h250@H13 * ( 0.6302)	
  128	     C3-H13, antibonding (NB)      	  0.01347	h75@C3 * ( 0.6302) + h250@H13 * (-0.7764)	
  129	(BD) C3-C4, Io = 0.0173            	1.98408  	h76@C3 * ( 0.7132) + h107@C4 * (-0.7009)	
  130	     C3-C4, antibonding (NB)       	  0.01301	h76@C3 * (-0.7009) + h107@C4 * (-0.7132)	
  131	(BD) C3-H10, Io = 0.7957           	0.00015  	h80@C3 * (-0.3196) + h235@H10 * ( 0.9475)	
  132	     C3-H10, antibonding (NB)      	  0.00002	h80@C3 * (-0.9475) + h235@H10 * (-0.3196)	
  133	(BD) C3-C4, Io = 0.6164            	0.00000  	h81@C3 * ( 0.8990) + h124@C4 * ( 0.4379)	
  134	     C3-C4, antibonding (NB)       	  0.00000	h81@C3 * ( 0.4379) + h124@C4 * (-0.8990)	
  135	(BD) C3-C4, Io = 0.5419            	0.00042  	h82@C3 * (-0.4786) + h109@C4 * ( 0.8780)	
  136	     C3-C4, antibonding (NB)       	  0.00016	h82@C3 * (-0.8780) + h109@C4 * (-0.4786)	
  137	(BD) C3-H11, Io = 0.7533           	0.00007  	h84@C3 * ( 0.9363) + h239@H11 * (-0.3512)	
  138	     C3-H11, antibonding (NB)      	  0.00001	h84@C3 * (-0.3512) + h239@H11 * (-0.9363)	
  139	(BD) C3-O7, Io = 0.4726            	0.00018  	h87@C3 * (-0.5135) + h189@O7 * ( 0.8581)	
  140	     C3-O7, antibonding (NB)       	  0.00005	h87@C3 * (-0.8581) + h189@O7 * (-0.5135)	
  141	(BD) C3-H16, Io = 0.3425           	0.00006  	h88@C3 * (-0.5734) + h271@H16 * ( 0.8193)	
  142	     C3-H16, antibonding (NB)      	  0.00001	h88@C3 * (-0.8193) + h271@H16 * (-0.5734)	
  143	(BD) C3-C5, Io = 0.9332            	0.00000  	h91@C3 * ( 0.9832) + h142@C5 * (-0.1827)	
  144	     C3-C5, antibonding (NB)       	  0.00000	h91@C3 * (-0.1827) + h142@C5 * (-0.9832)	
  145	(BD) C4-O7, Io = 0.5216            	0.00000  	h94@C4 * ( 0.4891) + h194@O7 * ( 0.8722)	
  146	     C4-O7, antibonding (NB)       	  0.00000	h94@C4 * (-0.8722) + h194@O7 * ( 0.4891)	
  147	(BD) C4-C5, Io = 0.4830            	0.00000  	h95@C4 * ( 0.5084) + h126@C5 * ( 0.8611)	
  148	     C4-C5, antibonding (NB)       	  0.00000	h95@C4 * (-0.8611) + h126@C5 * ( 0.5084)	
  149	(BD) C4-O6, Io = 0.5078            	0.00197  	h96@C4 * ( 0.8683) + h165@O6 * ( 0.4961)	
  150	     C4-O6, antibonding (NB)       	  0.00035	h96@C4 * ( 0.4961) + h165@O6 * (-0.8683)	
  151	(BD) C4-H15, Io = 0.2193           	1.97162  	h97@C4 * ( 0.7808) + h262@H15 * ( 0.6248)	
  152	     C4-H15, antibonding (NB)      	  0.01046	h97@C4 * ( 0.6248) + h262@H15 * (-0.7808)	
  153	(BD) C4-C5, Io = 0.9999            	1.99943  	h98@C4 * ( 1.0000) + h127@C5 * (-0.0085)	
  154	     C4-C5, antibonding (NB)       	  0.00014	h98@C4 * (-0.0085) + h127@C5 * (-1.0000)	
  155	(BD) C4-O7, Io = 0.8461            	0.00001  	h99@C4 * ( 0.9608) + h188@O7 * ( 0.2774)	
  156	     C4-O7, antibonding (NB)       	  0.00000	h99@C4 * ( 0.2774) + h188@O7 * (-0.9608)	
  157	(BD) C4-C5, Io = 0.9998            	1.99977  	h100@C4 * (-0.0091) + h129@C5 * ( 1.0000)	
  158	     C4-C5, antibonding (NB)       	  0.00102	h100@C4 * (-1.0000) + h129@C5 * (-0.0091)	
  159	(BD) C4-O6, Io = 0.7897            	0.00002  	h101@C4 * ( 0.9460) + h163@O6 * ( 0.3242)	
  160	     C4-O6, antibonding (NB)       	  0.00000	h101@C4 * ( 0.3242) + h163@O6 * (-0.9460)	
  161	(BD) C4-O7, Io = 0.3748            	0.00140  	h103@C4 * ( 0.8291) + h197@O7 * ( 0.5591)	
  162	     C4-O7, antibonding (NB)       	  0.00020	h103@C4 * ( 0.5591) + h197@O7 * (-0.8291)	
  163	(BD) C4-H14, Io = 0.2138           	1.96837  	h105@C4 * ( 0.7790) + h256@H14 * (-0.6270)	
  164	     C4-H14, antibonding (NB)      	  0.01307	h105@C4 * (-0.6270) + h256@H14 * (-0.7790)	
  165	(BD) C4-C5, Io = 0.0728            	1.99061  	h106@C4 * ( 0.7324) + h128@C5 * (-0.6809)	
  166	     C4-C5, antibonding (NB)       	  0.09038	h106@C4 * (-0.6809) + h128@C5 * (-0.7324)	
  167	(BD) C4-O6, Io = 0.2205            	0.00000  	h108@C4 * ( 0.7812) + h156@O6 * (-0.6243)	
  168	     C4-O6, antibonding (NB)       	  0.00000	h108@C4 * (-0.6243) + h156@O6 * (-0.7812)	
  169	(BD) C4-O6, Io = 0.4838            	0.00010  	h110@C4 * ( 0.8613) + h176@O6 * ( 0.5080)	
  170	     C4-O6, antibonding (NB)       	  0.00003	h110@C4 * ( 0.5080) + h176@O6 * (-0.8613)	
  171	(BD) C4-C5, Io = 0.9128            	0.00000  	h111@C4 * ( 0.9780) + h155@C5 * ( 0.2088)	
  172	     C4-C5, antibonding (NB)       	  0.00000	h111@C4 * ( 0.2088) + h155@C5 * (-0.9780)	
  173	(BD) C4-H11, Io = 0.1669           	0.00007  	h112@C4 * ( 0.6454) + h240@H11 * ( 0.7638)	
  174	     C4-H11, antibonding (NB)      	  0.00002	h112@C4 * (-0.7638) + h240@H11 * ( 0.6454)	
  175	(BD) C4-O6, Io = 0.8050            	0.00091  	h113@C4 * ( 0.9500) + h158@O6 * (-0.3123)	
  176	     C4-O6, antibonding (NB)       	  0.00011	h113@C4 * (-0.3123) + h158@O6 * (-0.9500)	
  177	(BD) C4-O6, Io = 0.6303            	0.00131  	h115@C4 * (-0.4299) + h164@O6 * ( 0.9029)	
  178	     C4-O6, antibonding (NB)       	  0.00008	h115@C4 * (-0.9029) + h164@O6 * (-0.4299)	
  179	(BD) C4-O7, Io = 0.6789            	0.00001  	h116@C4 * ( 0.9162) + h214@O7 * ( 0.4007)	
  180	     C4-O7, antibonding (NB)       	  0.00000	h116@C4 * ( 0.4007) + h214@O7 * (-0.9162)	
  181	(BD) C4-O6, Io = 0.8678            	0.00001  	h118@C4 * ( 0.9664) + h161@O6 * (-0.2571)	
  182	     C4-O6, antibonding (NB)       	  0.00000	h118@C4 * (-0.2571) + h161@O6 * (-0.9664)	
  183	(BD) C4-H16, Io = 0.6621           	0.00001  	h119@C4 * ( 0.4110) + h269@H16 * ( 0.9116)	
  184	     C4-H16, antibonding (NB)      	  0.00000	h119@C4 * (-0.9116) + h269@H16 * ( 0.4110)	
  185	(BD) C4-C5, Io = 0.7106            	0.00000  	h121@C4 * ( 0.9248) + h147@C5 * (-0.3804)	
  186	     C4-C5, antibonding (NB)       	  0.00000	h121@C4 * (-0.3804) + h147@C5 * (-0.9248)	
  187	(BD) C4-O6, Io = 0.9654            	0.00000  	h122@C4 * ( 0.9913) + h170@O6 * ( 0.1314)	
  188	     C4-O6, antibonding (NB)       	  0.00000	h122@C4 * ( 0.1314) + h170@O6 * (-0.9913)	
  189	(BD) C5-O6, Io = 0.9701            	0.00000  	h125@C5 * ( 0.9925) + h181@O6 * (-0.1223)	
  190	     C5-O6, antibonding (NB)       	  0.00000	h125@C5 * (-0.1223) + h181@O6 * (-0.9925)	
  191	(BD) C5-O7, Io = 0.8876            	0.00000  	h130@C5 * ( 0.9715) + h204@O7 * ( 0.2370)	
  192	     C5-O7, antibonding (NB)       	  0.00000	h130@C5 * ( 0.2370) + h204@O7 * (-0.9715)	
  193	(BD) C5-H12, Io = 0.3615           	0.00021  	h131@C5 * ( 0.8251) + h247@H12 * ( 0.5650)	
  194	     C5-H12, antibonding (NB)      	  0.00006	h131@C5 * ( 0.5650) + h247@H12 * (-0.8251)	
  195	(BD) C5-O6, Io = 1.0000            	1.99994  	h132@C5 * (-0.0031) + h160@O6 * ( 1.0000)	
  196	     C5-O6, antibonding (NB)       	  0.00000	h132@C5 * (-1.0000) + h160@O6 * (-0.0031)	
  197	(BD) C5-O6, Io = 0.9875            	1.99018  	h134@C5 * ( 0.0790) + h159@O6 * ( 0.9969)	
  198	     C5-O6, antibonding (NB)       	  0.00357	h134@C5 * (-0.9969) + h159@O6 * ( 0.0790)	
  199	(BD) C5-O7, Io = 0.9872            	1.99085  	h135@C5 * ( 0.0801) + h190@O7 * ( 0.9968)	
  200	     C5-O7, antibonding (NB)       	  0.00278	h135@C5 * (-0.9968) + h190@O7 * ( 0.0801)	
  201	(BD) C5-O7, Io = 0.5482            	1.99346  	h136@C5 * ( 0.4753) + h198@O7 * ( 0.8798)	
  202	     C5-O7, antibonding (NB)       	  0.38559	h136@C5 * (-0.8798) + h198@O7 * ( 0.4753)	
  203	(BD) C5-O6, Io = 0.2895            	1.99712  	h137@C5 * (-0.5960) + h168@O6 * ( 0.8030)	
  204	     C5-O6, antibonding (NB)       	  0.05529	h137@C5 * (-0.8030) + h168@O6 * (-0.5960)	
  205	(BD) C5-O7, Io = 0.2892            	1.99636  	h138@C5 * (-0.5961) + h200@O7 * ( 0.8029)	
  206	     C5-O7, antibonding (NB)       	  0.05067	h138@C5 * (-0.8029) + h200@O7 * (-0.5961)	
  207	(BD) C5-H9, Io = 0.0236            	0.00015  	h139@C5 * ( 0.7154) + h229@H9 * (-0.6987)	
  208	     C5-H9, antibonding (NB)       	  0.00003	h139@C5 * (-0.6987) + h229@H9 * (-0.7154)	
  209	(BD) C5-O6, Io = 0.6439            	0.00002  	h140@C5 * ( 0.9066) + h175@O6 * ( 0.4220)	
  210	     C5-O6, antibonding (NB)       	  0.00000	h140@C5 * ( 0.4220) + h175@O6 * (-0.9066)	
  211	(BD) C5-H15, Io = 0.6190           	0.00011  	h141@C5 * (-0.4364) + h263@H15 * ( 0.8997)	
  212	     C5-H15, antibonding (NB)      	  0.00002	h141@C5 * (-0.8997) + h263@H15 * (-0.4364)	
  213	(BD) C5-O6, Io = 0.3220            	0.00000  	h143@C5 * ( 0.8130) + h162@O6 * ( 0.5823)	
  214	     C5-O6, antibonding (NB)       	  0.00000	h143@C5 * ( 0.5823) + h162@O6 * (-0.8130)	
  215	(BD) C5-O6, Io = 0.9957            	1.90471  	h144@C5 * ( 0.0461) + h169@O6 * ( 0.9989)	
  216	     C5-O6, antibonding (NB)       	  0.00117	h144@C5 * (-0.9989) + h169@O6 * ( 0.0461)	
  217	(BD) C5-O6, Io = 0.9854            	1.63771  	h145@C5 * ( 0.0853) + h167@O6 * ( 0.9964)	
  218	     C5-O6, antibonding (NB)       	  0.00318	h145@C5 * (-0.9964) + h167@O6 * ( 0.0853)	
  219	(BD) C5-O7, Io = 0.9952            	1.90543  	h146@C5 * (-0.0489) + h199@O7 * ( 0.9988)	
  220	     C5-O7, antibonding (NB)       	  0.00147	h146@C5 * (-0.9988) + h199@O7 * (-0.0489)	
  221	(BD) C5-H10, Io = 0.6848           	0.00006  	h148@C5 * ( 0.3970) + h234@H10 * ( 0.9178)	
  222	     C5-H10, antibonding (NB)      	  0.00000	h148@C5 * (-0.9178) + h234@H10 * ( 0.3970)	
  223	(BD) C5-O7, Io = 1.0000            	1.99995  	h149@C5 * ( 0.0037) + h191@O7 * ( 1.0000)	
  224	     C5-O7, antibonding (NB)       	  0.00000	h149@C5 * (-1.0000) + h191@O7 * ( 0.0037)	
  225	(BD) C5-O7, Io = 0.6145            	0.00000  	h150@C5 * ( 0.8985) + h216@O7 * (-0.4390)	
  226	     C5-O7, antibonding (NB)       	  0.00000	h150@C5 * (-0.4390) + h216@O7 * (-0.8985)	
  227	(BD) C5-O6, Io = 0.4465            	0.00001  	h151@C5 * ( 0.5261) + h178@O6 * ( 0.8504)	
  228	     C5-O6, antibonding (NB)       	  0.00000	h151@C5 * (-0.8504) + h178@O6 * ( 0.5261)	
  229	(BD) C5-O6, Io = 0.6274            	0.00000  	h152@C5 * ( 0.9021) + h172@O6 * (-0.4316)	
  230	     C5-O6, antibonding (NB)       	  0.00000	h152@C5 * (-0.4316) + h172@O6 * (-0.9021)	
  231	(BD) C5-O7, Io = 0.9483            	0.00000  	h153@C5 * ( 0.9870) + h212@O7 * ( 0.1608)	
  232	     C5-O7, antibonding (NB)       	  0.00000	h153@C5 * ( 0.1608) + h212@O7 * (-0.9870)	
  233	(BD) C5-O6, Io = 0.7800            	0.00000  	h154@C5 * (-0.3317) + h180@O6 * ( 0.9434)	
  234	     C5-O6, antibonding (NB)       	  0.00000	h154@C5 * (-0.9434) + h180@O6 * (-0.3317)	
  235	(BD) O6-O7, Io = 0.1476            	0.00018  	h157@O6 * ( 0.7575) + h206@O7 * ( 0.6529)	
  236	     O6-O7, antibonding (NB)       	  0.00003	h157@O6 * ( 0.6529) + h206@O7 * (-0.7575)	
  237	(BD) O6-O7, Io = 0.0719            	0.00408  	h166@O6 * ( 0.6812) + h196@O7 * ( 0.7321)	
  238	     O6-O7, antibonding (NB)       	  0.00087	h166@O6 * (-0.7321) + h196@O7 * ( 0.6812)	
  239	(BD) O6-O7, Io = 0.7735            	0.00000  	h173@O6 * (-0.3365) + h213@O7 * ( 0.9417)	
  240	     O6-O7, antibonding (NB)       	  0.00000	h173@O6 * (-0.9417) + h213@O7 * (-0.3365)	
  241	(BD) O6-O7, Io = 0.9143            	0.00000  	h174@O6 * ( 0.9783) + h215@O7 * ( 0.2071)	
  242	     O6-O7, antibonding (NB)       	  0.00000	h174@O6 * ( 0.2071) + h215@O7 * (-0.9783)	
  243	(BD) O6-O7, Io = 0.0582            	0.00005  	h179@O6 * (-0.6862) + h208@O7 * ( 0.7274)	
  244	     O6-O7, antibonding (NB)       	  0.00001	h179@O6 * (-0.7274) + h208@O7 * (-0.6862)	
  245	(BD) O6-O7, Io = 0.4402            	0.00000  	h182@O6 * ( 0.5291) + h205@O7 * ( 0.8486)	
  246	     O6-O7, antibonding (NB)       	 -0.00000	h182@O6 * (-0.8486) + h205@O7 * ( 0.5291)	
  247	(BD) O6-O7, Io = 0.8700            	0.00000  	h186@O6 * ( 0.9670) + h203@O7 * ( 0.2550)	
  248	     O6-O7, antibonding (NB)       	  0.00000	h186@O6 * ( 0.2550) + h203@O7 * (-0.9670)	
  249	(BD) O7-H15, Io = 0.4631           	0.00147  	h195@O7 * ( 0.8553) + h261@H15 * ( 0.5181)	
  250	     O7-H15, antibonding (NB)      	  0.00033	h195@O7 * ( 0.5181) + h261@H15 * (-0.8553)	
  252	(BD) H8-H10, Io = 0.2138           	0.00002  	h221@H8 * ( 0.7790) + h233@H10 * (-0.6270)	
  253	     H8-H10, antibonding (NB)      	  0.00001	h221@H8 * (-0.6270) + h233@H10 * (-0.7790)	
  254	(BD) H8-H9, Io = 0.1727            	0.00008  	h222@H8 * ( 0.7657) + h227@H9 * ( 0.6432)	
  255	     H8-H9, antibonding (NB)       	  0.00001	h222@H8 * ( 0.6432) + h227@H9 * (-0.7657)	
  256	(BD) H8-H13, Io = 0.2245           	0.00011  	h223@H8 * (-0.6227) + h251@H13 * ( 0.7825)	
  257	     H8-H13, antibonding (NB)      	  0.00003	h223@H8 * (-0.7825) + h251@H13 * (-0.6227)	
  258	(BD) H9-H16, Io = 0.6859           	0.00014  	h224@H9 * ( 0.9181) + h270@H16 * (-0.3963)	
  259	     H9-H16, antibonding (NB)      	  0.00004	h224@H9 * (-0.3963) + h270@H16 * (-0.9181)	
  260	(BD) H9-H13, Io = 0.1743           	0.00146  	h225@H9 * ( 0.6425) + h249@H13 * ( 0.7663)	
  261	     H9-H13, antibonding (NB)      	  0.00028	h225@H9 * (-0.7663) + h249@H13 * ( 0.6425)	
  262	(BD) H11-H12, Io = 0.3455          	0.00019  	h241@H11 * ( 0.8202) + h245@H12 * ( 0.5721)	
  263	     H11-H12, antibonding (NB)     	  0.00004	h241@H11 * ( 0.5721) + h245@H12 * (-0.8202)	
  264	(BD) H12-H13, Io = 0.0694          	0.00019  	h242@H12 * ( 0.7312) + h248@H13 * ( 0.6821)	
  265	     H12-H13, antibonding (NB)     	  0.00002	h242@H12 * ( 0.6821) + h248@H13 * (-0.7312)	
  266	(BD) H13-H15, Io = 0.3749          	0.00003  	h252@H13 * ( 0.5590) + h265@H15 * ( 0.8291)	
  267	     H13-H15, antibonding (NB)     	  0.00001	h252@H13 * (-0.8291) + h265@H15 * ( 0.5590)	
  268	(BD) H13-H16, Io = 0.6938          	0.00042  	h253@H13 * (-0.3913) + h267@H16 * ( 0.9203)	
  269	     H13-H16, antibonding (NB)     	  0.00006	h253@H13 * (-0.9203) + h267@H16 * (-0.3913)	
  270	(BD) H14-H15, Io = 0.9370          	0.00011  	h257@H14 * ( 0.1774) + h260@H15 * ( 0.9841)	
  271	     H14-H15, antibonding (NB)     	  0.00002	h257@H14 * (-0.9841) + h260@H15 * ( 0.1774)	

Note: 1 one-center RY orbitals, each having occupancy below 1.00e-03,
      were not printed (use the program option -RyOccPrintThreshold to change this behavior)
      Total occupancy of these RY orbitals is 0.00000


Number of two-center(2C) BD orbitals for each pair of atoms
Centr. A/B         1         2         3         4         5         6         7         8         9        10        11        12        13        14        15        16
      1    (     31)         7         5         3         0         3         6         1         2         0         1         0         0         1         0         2
      2              (     31)         9         2         0         1         3         1         0         3         2         1         0         1         1         0
      3                        (     31)         4         2         1         1         1         0         1         1         2         1         2         0         1
      4                                  (     31)         6         8         4         0         0         0         1         0         0         1         1         1
      5                                            (     31)        11         8         0         1         1         0         1         0         0         1         0
      6                                                      (     31)         7         0         0         0         0         0         0         0         0         0
      7                                                                (     30)         0         0         0         0         0         0         0         1         0
      8                                                                          (      6)         1         1         0         0         1         0         0         0
      9                                                                                    (      6)         0         0         0         1         0         0         1
     10                                                                                              (      6)         0         0         0         0         0         0
     11                                                                                                        (      6)         1         0         0         0         0
     12                                                                                                                  (      6)         1         0         0         0
     13                                                                                                                            (      6)         0         1         1
     14                                                                                                                                      (      6)         1         0
     15                                                                                                                                                (      6)         0
     16                                                                                                                                                          (      6)

>> LPO  occupancy summary >>
       bonding (BD):     55.25145 in  135 oribtals
  anti-bonding (NB):      0.74855 in  135 oribtals
 1c-lone pairs (LP):      0.00000 in    0 oribtals
 1c-unoccupied (RY):      0.00000 in    1 oribtals

Method        BD+LP....in      NB+RY     BD+NB+LP  BD+NB+LP+RY      trace(D)   Sum[Bd^2+Lp^2]    ||D||^2
  LPO      55.25145   135    0.74855     56.00000     56.00000       56.000       109.0131      112.0000


                          * * *                                         

Creating CLPOs (Chemist's Localized Property-optimized Orbitals)


Optimizing CLPOs...
Finding an optimal hybrid pairing...
    0    1    2    3    4    5    6    7    8    9   10   11   12   13   14   15   16   17   18   19   20   21   22   23   24   25   26   27   28   29   30   31   32   33   34   35   36   37   38   39   40   41   42   43   44   45   46   47   48   49   50   51   52   53   54   55   56   57   58   59   60   61   62   63   64   65   66   67   68   69   70   71   72   73   74   75   76   77   78   79   80   81   82   83   84   85   86   87   88   89   90   91   92   93   94   95   96   97   98   99  100  101  102  103  104  105  106  107  108  109  110  111  112  113  114  115  116  117  118  119  120  121  122  123  124  125  126  127  128  129  130  131  132  133  134  135  136  137  138  139  140  141  142  143  144  145  146  147  148  149  150  151  152  153  154  155  156  157  158  159  160  161  162  163  164  165  166  167  168  169  170  171  172  173  174  175  176  177  178  179  180  181  182  183  184  185  186  187  188  189  190  191  192  193  194  195  196  197  198  199  200  201  202  203  204  205  206  207  208  209  210  211  212  213  214  215  216  217  218  219  220  221  222  223  224  225  226  227  228  229  230  231  232  233  234  235  236  237  238  239  240  241  242  243  244  245  246  247  248  249  250  251  252  253  254  255  256  257  258  259  260  261  262  263  264  265  266  267  268  269  270  271  272  273  274  275  276  277  278  279  280  281  282  283  284  285  286  287  288  289  290  291  292  293  294  295  296  297  298  299  300  301  302  303  304  305  306  307  308  309  310  311  312  313  314  315  316  317  318  319  320  321  322  323  324  325  326  327  328  329  330  331  332  333  334  335  336  337  338  339  340  341  342  343  344  345  346  347  348  349  350  351  352  353  354  355  356  357  358  359  360  361  362  363  364  365  366  367  368  369  370  371  372  373  374  375  376  377  378  379  380  381  382  383  384  385  386  387  388  389  390  391  392  393  394  395  396  397  398  399  400  401  402  403  404  405  406  407  408  409  410  411  412  413  414  415  416  417  418  419  420  421  422  423  424  425  426  427  428  429  430  431  432  433  434  435  436  437  438  439  440  441  442  443  444  445  446  447  448  449  450  451  452  453  454  455  456  457  458  459  460  461  462  463  464  465  466  467  468  469  470  471  472  473  474  475  476  477  478  479  480  481  482  483  484  485  486  487  488  489  490  491  492  493  494  495  496  497  498  499  500  501  502  503  504  505  506  507  508  509  510  511  512  513  514  515  516  517  518  519  520  521  522  523  524  525  526  527  528  529  530  531  532  533  534  535  536  537  538  539  540  541
  271  272  273  267  275  276  277  278  279  280  281  219  225   44  285  286  287  288  289  290  291  292  293  294  295  296  297  298  299  300  301  302  303  304   65  306  307  308  309  310  311  312  231  237   13  316  317  318  319  320  321  322  323  324  325  326  327  328  329  330  331  332  333  334  335   34  337  338  339  340  341  342  343  243  249  106  347  348  349  350  351  352  353  354  355  356  357  358  359  360  361  362  363  364  365  366  261  368  369  370  371  372  373  374  255  127   75  378  379  380  381  382  383  384  385  386  387  388  389  390  391  392  393  394  395  396  397  105  399  400  401  402  403  404  405  197  167  199  409  410  411  412  413  414  415  416  417  418  419  420  421  422  423  424  425  426  427  428  429  430  431  432  433  434  435  436  437  136  439  440  441  442  443  444  445  446  447  448  449  450  451  452  453  454  455  456  457  458  459  460  461  462  463  464  465  466  467  135  469  137  471  472  473  474  475  476  477  478  479  480  481  482  483  484  485  486  487  488  489   11  491  492  493  494  495   12  497  498  499  500  501   42  503  504  505  506  507   43  509  510  511  512  513   73  515  516  517  518  519   74  521  522  523  524  525  104  527  528  529  530  531   96  533  534  535  536  537    3  539  540  541    0    1    2   -1    4    5    6    7    8    9   10   -1   -1   -1   14   15   16   17   18   19   20   21   22   23   24   25   26   27   28   29   30   31   32   33   -1   35   36   37   38   39   40   41   -1   -1   -1   45   46   47   48   49   50   51   52   53   54   55   56   57   58   59   60   61   62   63   64   -1   66   67   68   69   70   71   72   -1   -1   -1   76   77   78   79   80   81   82   83   84   85   86   87   88   89   90   91   92   93   94   95   -1   97   98   99  100  101  102  103   -1   -1   -1  107  108  109  110  111  112  113  114  115  116  117  118  119  120  121  122  123  124  125  126   -1  128  129  130  131  132  133  134   -1   -1   -1  138  139  140  141  142  143  144  145  146  147  148  149  150  151  152  153  154  155  156  157  158  159  160  161  162  163  164  165  166   -1  168  169  170  171  172  173  174  175  176  177  178  179  180  181  182  183  184  185  186  187  188  189  190  191  192  193  194  195  196   -1  198   -1  200  201  202  203  204  205  206  207  208  209  210  211  212  213  214  215  216  217  218   -1  220  221  222  223  224   -1  226  227  228  229  230   -1  232  233  234  235  236   -1  238  239  240  241  242   -1  244  245  246  247  248   -1  250  251  252  253  254   -1  256  257  258  259  260   -1  262  263  264  265  266   -1  268  269  270
CLPO iteration  1: hybrids reconnected, target function =  108.8398091
Iterative optimization of atomic hybrids
           Target                 Total        max.atomic       Total        max.atomic     Nxt.step
  Itr.    function    new-old  ||Unew-U||^2   ||unew-u||^2   ||Dnew-D||^2   ||dnew-d||^2     lambda 
    1     108.8398   +1.1e+02    9.176665      0.0666838      0.09782        0.0887981       (none)
    2     108.8528   +1.3e-02    4.593896      0.0342139      0.01390        0.0096681       (none)
    3     108.8528   +5.6e-05    4.961177      0.0481730      0.00636        0.0032437       (none)
    4     108.8528   +8.5e-06    << Converged! (threshold = 1.00e-05) >>
Optimization of hybrids finished
CLPO iteration  1: hybrids optimized, target function =  108.8528209
Finding an optimal hybrid pairing...
    0    1    2    3    4    5    6    7    8    9   10   11   12   13   14   15   16   17   18   19   20   21   22   23   24   25   26   27   28   29   30   31   32   33   34   35   36   37   38   39   40   41   42   43   44   45   46   47   48   49   50   51   52   53   54   55   56   57   58   59   60   61   62   63   64   65   66   67   68   69   70   71   72   73   74   75   76   77   78   79   80   81   82   83   84   85   86   87   88   89   90   91   92   93   94   95   96   97   98   99  100  101  102  103  104  105  106  107  108  109  110  111  112  113  114  115  116  117  118  119  120  121  122  123  124  125  126  127  128  129  130  131  132  133  134  135  136  137  138  139  140  141  142  143  144  145  146  147  148  149  150  151  152  153  154  155  156  157  158  159  160  161  162  163  164  165  166  167  168  169  170  171  172  173  174  175  176  177  178  179  180  181  182  183  184  185  186  187  188  189  190  191  192  193  194  195  196  197  198  199  200  201  202  203  204  205  206  207  208  209  210  211  212  213  214  215  216  217  218  219  220  221  222  223  224  225  226  227  228  229  230  231  232  233  234  235  236  237  238  239  240  241  242  243  244  245  246  247  248  249  250  251  252  253  254  255  256  257  258  259  260  261  262  263  264  265  266  267  268  269  270  271  272  273  274  275  276  277  278  279  280  281  282  283  284  285  286  287  288  289  290  291  292  293  294  295  296  297  298  299  300  301  302  303  304  305  306  307  308  309  310  311  312  313  314  315  316  317  318  319  320  321  322  323  324  325  326  327  328  329  330  331  332  333  334  335  336  337  338  339  340  341  342  343  344  345  346  347  348  349  350  351  352  353  354  355  356  357  358  359  360  361  362  363  364  365  366  367  368  369  370  371  372  373  374  375  376  377  378  379  380  381  382  383  384  385  386  387  388  389  390  391  392  393  394  395  396  397  398  399  400  401  402  403  404  405  406  407  408  409  410  411  412  413  414  415  416  417  418  419  420  421  422  423  424  425  426  427  428  429  430  431  432  433  434  435  436  437  438  439  440  441  442  443  444  445  446  447  448  449  450  451  452  453  454  455  456  457  458  459  460  461  462  463  464  465  466  467  468  469  470  471  472  473  474  475  476  477  478  479  480  481  482  483  484  485  486  487  488  489  490  491  492  493  494  495  496  497  498  499  500  501  502  503  504  505  506  507  508  509  510  511  512  513  514  515  516  517  518  519  520  521  522  523  524  525  526  527  528  529  530  531  532  533  534  535  536  537  538  539  540  541
  271  272  273  267  275  276  277  278  279  280  281  219  225   44  285  286  287  288  289  290  291  292  293  294  295  296  297  298  299  300  301  302  303  304   65  306  307  308  309  310  311  312  231  237   13  316  317  318  319  320  321  322  323  324  325  326  327  328  329  330  331  332  333  334  335   34  337  338  339  340  341  342  343  243  249  106  347  348  349  350  351  352  353  354  355  356  357  358  359  360  361  362  363  364  365  366  261  368  369  370  371  372  373  374  255  127   75  378  379  380  381  382  383  384  385  386  387  388  389  390  391  392  393  394  395  396  397  105  399  400  401  402  403  404  405  197  167  199  409  410  411  412  413  414  415  416  417  418  419  420  421  422  423  424  425  426  427  428  429  430  431  432  433  434  435  436  437  136  439  440  441  442  443  444  445  446  447  448  449  450  451  452  453  454  455  456  457  458  459  460  461  462  463  464  465  466  467  135  469  137  471  472  473  474  475  476  477  478  479  480  481  482  483  484  485  486  487  488  489   11  491  492  493  494  495   12  497  498  499  500  501   42  503  504  505  506  507   43  509  510  511  512  513   73  515  516  517  518  519   74  521  522  523  524  525  104  527  528  529  530  531   96  533  534  535  536  537    3  539  540  541    0    1    2   -1    4    5    6    7    8    9   10   -1   -1   -1   14   15   16   17   18   19   20   21   22   23   24   25   26   27   28   29   30   31   32   33   -1   35   36   37   38   39   40   41   -1   -1   -1   45   46   47   48   49   50   51   52   53   54   55   56   57   58   59   60   61   62   63   64   -1   66   67   68   69   70   71   72   -1   -1   -1   76   77   78   79   80   81   82   83   84   85   86   87   88   89   90   91   92   93   94   95   -1   97   98   99  100  101  102  103   -1   -1   -1  107  108  109  110  111  112  113  114  115  116  117  118  119  120  121  122  123  124  125  126   -1  128  129  130  131  132  133  134   -1   -1   -1  138  139  140  141  142  143  144  145  146  147  148  149  150  151  152  153  154  155  156  157  158  159  160  161  162  163  164  165  166   -1  168  169  170  171  172  173  174  175  176  177  178  179  180  181  182  183  184  185  186  187  188  189  190  191  192  193  194  195  196   -1  198   -1  200  201  202  203  204  205  206  207  208  209  210  211  212  213  214  215  216  217  218   -1  220  221  222  223  224   -1  226  227  228  229  230   -1  232  233  234  235  236   -1  238  239  240  241  242   -1  244  245  246  247  248   -1  250  251  252  253  254   -1  256  257  258  259  260   -1  262  263  264  265  266   -1  268  269  270
CLPO iteration  2: hybrids reconnected, target function =  108.8528209
Done! (in 1 iterations)


*** Summary of CLPO results

  CLPO	         D e s c r i p t i o n     	Occupancy	Composition
    4	(BD) N1-H16, Io = 0.4640           	1.99286  	h4@N1 * ( 0.8556) + h268@H16 * ( 0.5177)	
    5	     N1-H16, antibonding (NB)      	  0.00712	h4@N1 * ( 0.5177) + h268@H16 * (-0.8556)	
    6	(LP)  N1                           	1.99965  	1.0 * h5@N1
   10	                            N1 (RY)	  0.00126	1.0 * h9@N1
   13	(BD) N1-H8, Io = 0.4579            	1.99261  	h12@N1 * ( 0.8538) + h220@H8 * ( 0.5206)	
   14	     N1-H8, antibonding (NB)       	  0.00894	h12@N1 * ( 0.5206) + h220@H8 * (-0.8538)	
   15	(BD) N1-H9, Io = 0.4580            	1.99254  	h13@N1 * ( 0.8538) + h226@H9 * ( 0.5206)	
   16	     N1-H9, antibonding (NB)       	  0.00908	h13@N1 * ( 0.5206) + h226@H9 * (-0.8538)	
   17	(BD) N1-C2, Io = 0.2738            	1.99537  	h14@N1 * ( 0.7981) + h45@C2 * (-0.6026)	
   18	     N1-C2, antibonding (NB)       	  0.01158	h14@N1 * (-0.6026) + h45@C2 * (-0.7981)	
   38	                            C2 (RY)	  0.00127	1.0 * h34@C2
   39	(BD) C2-C3, Io = 0.0308            	1.98623  	h35@C2 * ( 0.7179) + h66@C3 * ( 0.6961)	
   40	     C2-C3, antibonding (NB)       	  0.01272	h35@C2 * ( 0.6961) + h66@C3 * (-0.7179)	
   41	(LP)  C2                           	1.99951  	1.0 * h36@C2
   45	                            C2 (RY)	  0.00165	1.0 * h40@C2
   46	                            C2 (RY)	  0.00126	1.0 * h41@C2
   47	                            C2 (RY)	  0.00127	1.0 * h42@C2
   48	(BD) C2-H10, Io = 0.2200           	1.98332  	h43@C2 * ( 0.7810) + h232@H10 * (-0.6245)	
   49	     C2-H10, antibonding (NB)      	  0.01525	h43@C2 * (-0.6245) + h232@H10 * (-0.7810)	
   50	(BD) C2-H11, Io = 0.2329           	1.98329  	h44@C2 * ( 0.7851) + h238@H11 * (-0.6193)	
   51	     C2-H11, antibonding (NB)      	  0.01517	h44@C2 * (-0.6193) + h238@H11 * (-0.7851)	
   72	(LP)  C3                           	1.99946  	1.0 * h67@C3
   77	                            C3 (RY)	  0.00277	1.0 * h72@C3
   78	                            C3 (RY)	  0.00186	1.0 * h73@C3
   79	(BD) C3-H12, Io = 0.2187           	1.98061  	h74@C3 * ( 0.7806) + h244@H12 * ( 0.6250)	
   80	     C3-H12, antibonding (NB)      	  0.01511	h74@C3 * ( 0.6250) + h244@H12 * (-0.7806)	
   81	(BD) C3-H13, Io = 0.2056           	1.97956  	h75@C3 * ( 0.7764) + h250@H13 * ( 0.6302)	
   82	     C3-H13, antibonding (NB)      	  0.01347	h75@C3 * ( 0.6302) + h250@H13 * (-0.7764)	
   83	(BD) C3-C4, Io = 0.0173            	1.98408  	h76@C3 * ( 0.7132) + h107@C4 * (-0.7009)	
   84	     C3-C4, antibonding (NB)       	  0.01302	h76@C3 * (-0.7009) + h107@C4 * (-0.7132)	
  104	                            C4 (RY)	  0.00130	1.0 * h96@C4
  105	(BD) C4-H15, Io = 0.2193           	1.97162  	h97@C4 * ( 0.7808) + h262@H15 * ( 0.6248)	
  106	     C4-H15, antibonding (NB)      	  0.01046	h97@C4 * ( 0.6248) + h262@H15 * (-0.7808)	
  107	(LP)  C4                           	1.99929  	1.0 * h98@C4
  109	                            C4 (RY)	  0.00170	1.0 * h100@C4
  111	                            C4 (RY)	  0.00120	1.0 * h102@C4
  113	                            C4 (RY)	  0.00327	1.0 * h104@C4
  114	(BD) C4-H14, Io = 0.2138           	1.96838  	h105@C4 * ( 0.7790) + h256@H14 * (-0.6270)	
  115	     C4-H14, antibonding (NB)      	  0.01308	h105@C4 * (-0.6270) + h256@H14 * (-0.7790)	
  116	(BD) C4-C5, Io = 0.0724            	1.99082  	h106@C4 * ( 0.7322) + h128@C5 * (-0.6810)	
  117	     C4-C5, antibonding (NB)       	  0.09099	h106@C4 * (-0.6810) + h128@C5 * (-0.7322)	
  138	(LP)  C5                           	1.99960  	1.0 * h129@C5
  143	                            C5 (RY)	  0.01897	1.0 * h134@C5
  144	                            C5 (RY)	  0.01778	1.0 * h135@C5
  145	(BD) C5-O7, Io = 0.5434            	1.99617  	h136@C5 * ( 0.4778) + h198@O7 * ( 0.8785)	
  146	     C5-O7, antibonding (NB)       	  0.39308	h136@C5 * (-0.8785) + h198@O7 * ( 0.4778)	
  147	(BD) C5-O6, Io = 0.2893            	1.99731  	h137@C5 * (-0.5961) + h168@O6 * ( 0.8029)	
  148	     C5-O6, antibonding (NB)       	  0.05571	h137@C5 * (-0.8029) + h168@O6 * (-0.5961)	
  149	(BD) C5-O7, Io = 0.2890            	1.99654  	h138@C5 * (-0.5962) + h200@O7 * ( 0.8028)	
  150	     C5-O7, antibonding (NB)       	  0.05103	h138@C5 * (-0.8028) + h200@O7 * (-0.5962)	
  156	                            C5 (RY)	  0.00193	1.0 * h144@C5
  157	                            C5 (RY)	  0.00484	1.0 * h145@C5
  158	                            C5 (RY)	  0.00216	1.0 * h146@C5
  171	(LP)  O6                           	1.97778  	1.0 * h159@O6
  172	(LP)  O6                           	1.99992  	1.0 * h160@O6
  176	                            O6 (RY)	  0.00109	1.0 * h164@O6
  178	                            O6 (RY)	  0.00239	1.0 * h166@O6
  179	(LP)  O6                           	1.62581  	1.0 * h167@O6
  180	(LP)  O6                           	1.90066  	1.0 * h169@O6
  201	(LP)  O7                           	1.97808  	1.0 * h190@O7
  202	(LP)  O7                           	1.99993  	1.0 * h191@O7
  206	                            O7 (RY)	  0.00119	1.0 * h195@O7
  207	                            O7 (RY)	  0.00261	1.0 * h196@O7
  209	(LP)  O7                           	1.90088  	1.0 * h199@O7
  243	                           H11 (RY)	  0.00121	1.0 * h237@H11
  248	                           H12 (RY)	  0.00133	1.0 * h243@H12

Note: 205 one-center RY orbitals, each having occupancy below 1.00e-03,
      were not printed (use the program option -RyOccPrintThreshold to change this behavior)
      Total occupancy of these RY orbitals is 0.01806


Number of two-center(2C) BD orbitals for each pair of atoms
Centr. A/B         1         2         3         4         5         6         7         8         9        10        11        12        13        14        15        16
      1    (      4)         1         0         0         0         0         0         1         1         0         0         0         0         0         0         1
      2              (      4)         1         0         0         0         0         0         0         1         1         0         0         0         0         0
      3                        (      4)         1         0         0         0         0         0         0         0         1         1         0         0         0
      4                                  (      4)         1         0         0         0         0         0         0         0         0         1         1         0
      5                                            (      4)         1         2         0         0         0         0         0         0         0         0         0
      6                                                      (      1)         0         0         0         0         0         0         0         0         0         0
      7                                                                (      2)         0         0         0         0         0         0         0         0         0
      8                                                                          (      1)         0         0         0         0         0         0         0         0
      9                                                                                    (      1)         0         0         0         0         0         0         0
     10                                                                                              (      1)         0         0         0         0         0         0
     11                                                                                                        (      1)         0         0         0         0         0
     12                                                                                                                  (      1)         0         0         0         0
     13                                                                                                                            (      1)         0         0         0
     14                                                                                                                                      (      1)         0         0
     15                                                                                                                                                (      1)         0
     16                                                                                                                                                          (      1)
VAL: 	  N 	 4 
VAL: 	  C 	 4 
VAL: 	  C 	 4 
VAL: 	  C 	 4 
VAL: 	  C 	 4 
VAL: 	  O 	 1 
VAL: 	  O 	 2 
VAL: 	  H 	 1 
VAL: 	  H 	 1 
VAL: 	  H 	 1 
VAL: 	  H 	 1 
VAL: 	  H 	 1 
VAL: 	  H 	 1 
VAL: 	  H 	 1 
VAL: 	  H 	 1 
VAL: 	  H 	 1 

>> CLPO occupancy summary >>
       bonding (BD):     31.79130 in   16 oribtals
  anti-bonding (NB):      0.73579 in   16 oribtals
 1c-lone pairs (LP):     23.38057 in   12 oribtals
 1c-unoccupied (RY):      0.09234 in  227 oribtals

Method        BD+LP....in      NB+RY     BD+NB+LP  BD+NB+LP+RY      trace(D)   Sum[Bd^2+Lp^2]    ||D||^2
  CLPO     55.17187    28    0.82813     55.90766     56.00000       56.000       108.8520      112.0000

                          * * *                                         

Atomic connectivity analysis based on CLPO bonding graph:

There are 1 molecule(s) in the system
(the 'molecule' is defined as the set of atoms linked with BD orbitals)

Molecule   TotalNPA    NumberOf   ListOf 
id         charge      atoms      atoms...
   1       +0.00000       16      N1 C2 C3 C4 C5 O6 O7 H8 H9 H10 H11 H12 H13 H14 H15 H16

Note: The total NPA charge is computed as the sum of NPA charge of atoms belonging to each molecule

                          * * *                                         

Approximate charge transfer analysis in CLPO basis
NOTE: this is an experimental feature AND IS SUBJECT TO CHANGE!
 We expect to have the underlying theory published soon...

Threshold for printing: 0.01000 

IntrAfragment charge transfers (conjugation analysis, etc.)
CT within fragment 1

 orb.num.   description  occup.  -->  charge, e  -->   occup.   description  orb.num.
   105       C4-H15:BD   1.9716  -->   0.01025   -->   0.3931         C5-O7:NB   146
   114       C4-H14:BD   1.9684  -->   0.01507   -->   0.3931         C5-O7:NB   146
   171           O6:LP   1.9778  -->   0.01245   -->   0.0190            C5:RY   143
   179           O6:LP   1.6258  -->   0.35407   -->   0.3931         C5-O7:NB   146
   180           O6:LP   1.9007  -->   0.04016   -->   0.0910         C4-C5:NB   117
   180           O6:LP   1.9007  -->   0.04400   -->   0.0510         C5-O7:NB   150
   201           O7:LP   1.9781  -->   0.01258   -->   0.0178            C5:RY   144
   209           O7:LP   1.9009  -->   0.03258   -->   0.0910         C4-C5:NB   117
   209           O7:LP   1.9009  -->   0.04652   -->   0.0557         C5-O6:NB   148

6795 orbital pairs with total charge transfer of 0.24290 were not printed


IntErfragment charge transfers (donor-acceptor analysis, etc.)

Inter-molecular charge transfer summary (NEW):
Mol  Accepted -Donated  =  got_electrons
  1  +0.00000 -0.00000  =   +0.00000

                          * * *                                         



0 warning(s)

Total run time: 0 min, 2.1 sec


                          * * *                                         

