 * * * * * * * * * * * * * * * * * * * * * * * * * * * * * * * * * * * *
 *    janpa: A cross-platform open-source implementation of NPA        * 
 *    and other electronic structure analysis methods with Java        * 
 *        A part of JANPA package,   http://janpa.sourceforge.net      * 
 *                    Version:    2.02 (13-01-2019)                    * 
 * * * * * * * * * * * * * * * * * * * * * * * * * * * * * * * * * * * *

 (c) Tymofii Nikolaienko, 2014-2019

 If any results obtained with this program are published,
 or for any other reasons, please, cite this work as: 
 1) T.Y.Nikolaienko, L.A.Bulavin; Int. J. Quantum Chem. (2019), 
    Vol.119, page e25798, DOI: 10.1002/qua.25798
 2) T.Y.Nikolaienko, L.A.Bulavin, D.M.Hovorun; Comput.Theor.Chem.(2014),
    Vol.1050, pages 15-22, DOI: 10.1016/j.comptc.2014.10.002

                          * * *                                         

Settings used in this run:

 -i: input_janpa.molden
 -npacharges: (empty)
 -NAO_Molden_File: (empty)
 -LHO_Molden_File: (empty)
 -CLPO_Molden_File: (empty)
 -PrintGeom: false
 -WibergBondOrders_File: (empty)
 -D_Matrix_File: (empty)
 -S_Matrix_File: (empty)
 -SDS_Matrix_File: (empty)
 -PNAO_OverlapMatrix_File: (empty)
 -PNAO_SDS_Matrix_File: (empty)
 -NMB_old_Overlap_Matrix_File: (empty)
 -NMB_old_SDS_Matrix_File: (empty)
 -NRB_old_Overlap_Matrix_File: (empty)
 -NRB_new_Overlap_Matrix_File: (empty)
 -S_Matrix_after_ON2_File: (empty)
 -SDS_Matrix_after_ON2_File: (empty)
 -NRB_Overlap_after_OW_heavy_File: (empty)
 -NRB_Overlap_after_Schmidt2_File: (empty)
 -NRB_Overlap_after_OW2_final_File: (empty)
 -OW2_File: (empty)
 -S_Matrix_after_OW2_File: (empty)
 -SDS_Matrix_after_OW2_File: (empty)
 -SDS_NAO_File: (empty)
 -NAO2AO_File: (empty)
 -PNAO2AO_File: (empty)
 -CLPO2LHO_File: (empty)
 -LHO2NAO_File: (empty)
 -LPO2AHO_File: (empty)
 -AHO2NAO_File: (empty)
 -doFock: false
 -Fock_AO_File: (empty)
 -Fock_NAO_File: (empty)
 -printnmbfock: false
 -PNAO_Molden_File: (empty)
 -AHO_Molden_File: (empty)
 -LPO_Molden_File: (empty)
 -MatrixMaxValuesPerLine: 0
 -MatrixFloatNumberFormat: %.5f
 -maximumBondIonicity: 9.00E-01
 -RyOccPrintThreshold: 1.00E-03
 -HybrOptOccConvThresh: 1.00E-05
 -HybrOptMaxIter: 1000
 -verboseprint: false
 -directNRBwsw: false
 -heavyNRBthreshold: 1.00E-04
 -overlap_straightforward: false
 -p: (empty)

                          * * *                                         

Loading MOLDEN from input_janpa.molden
Basis functions are spherical: true
Total number of basis functions: 228
Total number of different contractions (radial parts): 94
Highest angular momentum: f (Lmax = 3)
Total number of MO: 228

Data loaded successfully
 Number of basis functions: 228; number of molecular orbitals: 228 

Building overlap S and dipole matrices...
Overlap & dipole integrals evaluated in 0.024 seconds
Checking whether the basis functions are unity-normalized...
 Maximum deviation of the basis function norm2 from unity: BFN 11 (0-based num.), max|norm2-1| = 1.000E-09 
Checking for the eigenvalues (linear (in)dependency) of the basis function overlap matrix...
The smallest eigenvalue of the basis function overlap matrix: 1.704E-04 
Checking whether the orbitals are unity-normalized...
Checking MO overlap matrix...
 Maximum of MO |norm2-1|: 1.476E-09 (MO   66)
 Maximum absolute value of off-diagonal MO overlap element: 4.843E-09 (< MO   11 | MO   66 >)
First-order reduced density matrix is OK.

Building density matrix D... done.
Building D.S... done.
Total number of electrons: 48.000000
Sum of electrons charges and the nuclei charges: 0.00000 

Performing Mulliken and Lowdin population analyses...
   Atom	Mulliken  	Lowdin    	Mulliken	Lowdin
       	Population	Population	Charge  	Charge
     C1	 6.23768	 6.25228	-0.23768	-0.25228
     C2	 5.77576	 6.68067	 0.22424	-0.68067
     O3	 8.59815	 8.16585	-0.59815	-0.16585
     O4	 8.56184	 8.12259	-0.56184	-0.12259
     C5	 6.12334	 6.26301	-0.12334	-0.26301
     N6	 7.24693	 6.81519	-0.24693	 0.18481
     H7	 0.87374	 0.84846	 0.12626	 0.15154
     H8	 0.88529	 0.85199	 0.11471	 0.14801
     H9	 0.85073	 0.85144	 0.14927	 0.14856
    H10	 0.85576	 0.85389	 0.14424	 0.14611
    H11	 0.66756	 0.76665	 0.33244	 0.23335
    H12	 0.66420	 0.76797	 0.33580	 0.23203
    H13	 0.65901	 0.76001	 0.34099	 0.23999

Building S.D.S... done.

                          * * *                                         

Creating NAOs


STEP 1. Produce PNAOs

 Total number of natural functions produced: 228
Sorting PNAOs...

STEP 2. Split PNAOs into NMB / NRB sets

 Number of basis functions in teh Natural Minimal Basis (NMB) set for each center: 
center   1:   2 of s |  3 of p |  0 of d |  0 of f |  0 of g |
center   2:   2 of s |  3 of p |  0 of d |  0 of f |  0 of g |
center   3:   2 of s |  3 of p |  0 of d |  0 of f |  0 of g |
center   4:   2 of s |  3 of p |  0 of d |  0 of f |  0 of g |
center   5:   2 of s |  3 of p |  0 of d |  0 of f |  0 of g |
center   6:   2 of s |  3 of p |  0 of d |  0 of f |  0 of g |
center   7:   1 of s |  0 of p |  0 of d |  0 of f |  0 of g |
center   8:   1 of s |  0 of p |  0 of d |  0 of f |  0 of g |
center   9:   1 of s |  0 of p |  0 of d |  0 of f |  0 of g |
center  10:   1 of s |  0 of p |  0 of d |  0 of f |  0 of g |
center  11:   1 of s |  0 of p |  0 of d |  0 of f |  0 of g |
center  12:   1 of s |  0 of p |  0 of d |  0 of f |  0 of g |
center  13:   1 of s |  0 of p |  0 of d |  0 of f |  0 of g |
In total: NMB set has 37 functions, NRB set has 191 functions; 

Trace of the PNAO overlap matrix: 228.0000000 (should be equal to 228, the total number of PNAOs)
 The trace of SDS matrix in PNAO basis = 95.4498040703414

STEP 3. Weighted orthogonalization of NMB PNAOs

 min weight of NMB PNAO = 1.4325393752902045

STEP 4. Schmidt orthogonalization of NRBs to new NMBs


STEP 5. Intracenter naturalization of new NRBs

 Total number of natural functions produced: 191

STEP 6. Weighted orthogonalization of naturalized NRBs

Maximum weight of NRB function = 8.70125E-02
 min weight = 8.221790563131806E-7
 |S_NRB - 1| = 4.28760E-12 (Should be VERY close to zero!)

STEP 7. Final Intracenter Natural Transformation withing the full set of functions

 Total number of natural functions produced: 228
 SQRT{ SUM[(NaoOverlap_ij - delta_ij)^2] } = 3.99e-12 (should be VERY close to zero) 
 max_offdiag = 7.65e-13 (should be VERY close to zero) 
                          * * *                                         

 Final NAO occupancies and leading AO terms:

NAO #                 Name  Occupancy                             Leading term
    1         A1*: R1*s(0)  0.0000070              (-5.62)*BF[4 = A1: R4*s(0)]
    2         A1*: R2*s(0)  0.0000816             (-41.44)*BF[5 = A1: R5*s(0)]
    3         A1*: R3*s(0)  0.0014942             (-16.42)*BF[5 = A1: R5*s(0)]
    4          A1: R4*s(0)  1.0913234               (0.77)*BF[4 = A1: R4*s(0)]
    5          A1: R5*s(0)  1.9992451               (0.63)*BF[2 = A1: R2*s(0)]
    6         A1*: R6*p(0)  0.0000699              (5.38)*BF[12 = A1: R8*p(0)]
    7         A1*: R6*p(1)  0.0001686             (-4.45)*BF[10 = A1: R7*p(1)]
    8        A1*: R6*p(-1)  0.0001551            (-6.71)*BF[11 = A1: R7*p(-1)]
    9         A1*: R7*p(0)  0.0018208             (-3.54)*BF[12 = A1: R8*p(0)]
   10         A1*: R7*p(1)  0.0018207             (-3.16)*BF[13 = A1: R8*p(1)]
   11        A1*: R7*p(-1)  0.0022910            (-3.28)*BF[14 = A1: R8*p(-1)]
   12          A1: R8*p(0)  1.1647849               (0.60)*BF[6 = A1: R6*p(0)]
   13          A1: R8*p(1)  1.1372604               (0.61)*BF[7 = A1: R6*p(1)]
   14         A1: R8*p(-1)  1.1188973              (0.61)*BF[8 = A1: R6*p(-1)]
   15         A1*: R9*d(0)  0.0000741             (2.75)*BF[35 = A2: R15*s(0)]
   16         A1*: R9*d(1)  0.0000768               (1.60)*BF[4 = A1: R4*s(0)]
   17        A1*: R9*d(-1)  0.0001017            (-1.47)*BF[11 = A1: R7*p(-1)]
   18         A1*: R9*d(2)  0.0002002             (1.47)*BF[23 = A1: R10*d(2)]
   19        A1*: R9*d(-2)  0.0000708            (-1.33)*BF[19 = A1: R9*d(-2)]
   20        A1*: R10*d(0)  0.0025857           (-10.42)*BF[35 = A2: R15*s(0)]
   21        A1*: R10*d(1)  0.0010090              (-6.32)*BF[4 = A1: R4*s(0)]
   22       A1*: R10*d(-1)  0.0011734            (7.38)*BF[128 = A5: R48*s(0)]
   23        A1*: R10*d(2)  0.0010790           (-3.50)*BF[194 = A8: R72*s(0)]
   24       A1*: R10*d(-2)  0.0013607           (-8.64)*BF[128 = A5: R48*s(0)]
   25        A1*: R11*f(0)  0.0004466               (5.81)*BF[4 = A1: R4*s(0)]
   26        A1*: R11*f(1)  0.0000900              (-1.61)*BF[4 = A1: R4*s(0)]
   27       A1*: R11*f(-1)  0.0002023               (3.64)*BF[4 = A1: R4*s(0)]
   28        A1*: R11*f(2)  0.0000913             (1.37)*BF[28 = A1: R11*f(2)]
   29       A1*: R11*f(-2)  0.0001796              (-3.31)*BF[4 = A1: R4*s(0)]
   30        A1*: R11*f(3)  0.0003929              (-4.53)*BF[4 = A1: R4*s(0)]
   31       A1*: R11*f(-3)  0.0000192            (1.30)*BF[31 = A1: R11*f(-3)]
   32        A2*: R12*s(0)  0.0000034              (11.81)*BF[5 = A1: R5*s(0)]
   33        A2*: R13*s(0)  0.0004217            (16.92)*BF[36 = A2: R16*s(0)]
   34        A2*: R14*s(0)  0.0067844            (-7.91)*BF[35 = A2: R15*s(0)]
   35         A2: R15*s(0)  0.7909896             (1.11)*BF[35 = A2: R15*s(0)]
   36         A2: R16*s(0)  1.9995524            (-0.63)*BF[33 = A2: R13*s(0)]
   37        A2*: R17*p(0)  0.0002852             (5.99)*BF[43 = A2: R19*p(0)]
   38        A2*: R17*p(1)  0.0002909             (6.18)*BF[44 = A2: R19*p(1)]
   39       A2*: R17*p(-1)  0.0004328              (12.84)*BF[5 = A1: R5*s(0)]
   40        A2*: R18*p(0)  0.0118810            (-2.14)*BF[43 = A2: R19*p(0)]
   41        A2*: R18*p(1)  0.0119340            (-2.19)*BF[44 = A2: R19*p(1)]
   42       A2*: R18*p(-1)  0.0114769              (-3.24)*BF[5 = A1: R5*s(0)]
   43         A2: R19*p(0)  0.7680728             (0.65)*BF[37 = A2: R17*p(0)]
   44         A2: R19*p(1)  0.7716804             (0.66)*BF[38 = A2: R17*p(1)]
   45        A2: R19*p(-1)  0.8784712            (0.71)*BF[39 = A2: R17*p(-1)]
   46        A2*: R20*d(0)  0.0004049              (10.36)*BF[4 = A1: R4*s(0)]
   47        A2*: R20*d(1)  0.0002364            (-4.53)*BF[52 = A2: R21*d(1)]
   48       A2*: R20*d(-1)  0.0002876            (-5.05)*BF[35 = A2: R15*s(0)]
   49        A2*: R20*d(2)  0.0004202            (-2.70)*BF[54 = A2: R21*d(2)]
   50       A2*: R20*d(-2)  0.0003605            (-5.37)*BF[35 = A2: R15*s(0)]
   51        A2*: R21*d(0)  0.0010710              (-6.69)*BF[4 = A1: R4*s(0)]
   52        A2*: R21*d(1)  0.0009926            (-2.85)*BF[35 = A2: R15*s(0)]
   53       A2*: R21*d(-1)  0.0009926             (3.33)*BF[35 = A2: R15*s(0)]
   54        A2*: R21*d(2)  0.0025007             (1.12)*BF[49 = A2: R20*d(2)]
   55       A2*: R21*d(-2)  0.0011654             (5.16)*BF[35 = A2: R15*s(0)]
   56        A2*: R22*f(0)  0.0002885            (-5.46)*BF[35 = A2: R15*s(0)]
   57        A2*: R22*f(1)  0.0000726              (-2.06)*BF[4 = A1: R4*s(0)]
   58       A2*: R22*f(-1)  0.0001205            (-2.50)*BF[35 = A2: R15*s(0)]
   59        A2*: R22*f(2)  0.0000192             (1.42)*BF[59 = A2: R22*f(2)]
   60       A2*: R22*f(-2)  0.0002644             (3.86)*BF[35 = A2: R15*s(0)]
   61        A2*: R22*f(3)  0.0001625            (-1.82)*BF[41 = A2: R18*p(1)]
   62       A2*: R22*f(-3)  0.0001473             (1.83)*BF[40 = A2: R18*p(0)]
   63        A3*: R23*s(0)  0.0000001             (1.51)*BF[64 = A3: R24*s(0)]
   64        A3*: R24*s(0)  0.0001512             (9.42)*BF[66 = A3: R26*s(0)]
   65        A3*: R25*s(0)  0.0002986            (-8.98)*BF[67 = A3: R27*s(0)]
   66         A3: R26*s(0)  1.7312997             (0.57)*BF[66 = A3: R26*s(0)]
   67         A3: R27*s(0)  1.9997840             (0.66)*BF[64 = A3: R24*s(0)]
   68        A3*: R28*p(0)  0.0000923             (3.84)*BF[67 = A3: R27*s(0)]
   69        A3*: R28*p(1)  0.0000559             (2.94)*BF[72 = A3: R29*p(1)]
   70       A3*: R28*p(-1)  0.0000549             (3.43)*BF[35 = A2: R15*s(0)]
   71        A3*: R29*p(0)  0.0012220             (2.32)*BF[35 = A2: R15*s(0)]
   72        A3*: R29*p(1)  0.0015172            (-1.98)*BF[75 = A3: R30*p(1)]
   73       A3*: R29*p(-1)  0.0017397           (-2.14)*BF[76 = A3: R30*p(-1)]
   74         A3: R30*p(0)  1.6022907             (0.53)*BF[68 = A3: R28*p(0)]
   75         A3: R30*p(1)  1.6916677             (0.52)*BF[69 = A3: R28*p(1)]
   76        A3: R30*p(-1)  1.7731456            (0.52)*BF[70 = A3: R28*p(-1)]
   77        A3*: R31*d(0)  0.0000122            (-1.20)*BF[77 = A3: R31*d(0)]
   78        A3*: R31*d(1)  0.0000068            (-1.61)*BF[35 = A2: R15*s(0)]
   79       A3*: R31*d(-1)  0.0000081            (-1.87)*BF[35 = A2: R15*s(0)]
   80        A3*: R31*d(2)  0.0000123            (-1.20)*BF[80 = A3: R31*d(2)]
   81       A3*: R31*d(-2)  0.0000042            (-1.81)*BF[66 = A3: R26*s(0)]
   82        A3*: R32*d(0)  0.0018690             (1.29)*BF[82 = A3: R32*d(0)]
   83        A3*: R32*d(1)  0.0034652             (1.87)*BF[35 = A2: R15*s(0)]
   84       A3*: R32*d(-1)  0.0025007             (1.23)*BF[35 = A2: R15*s(0)]
   85        A3*: R32*d(2)  0.0024440             (1.28)*BF[85 = A3: R32*d(2)]
   86       A3*: R32*d(-2)  0.0031462             (1.56)*BF[67 = A3: R27*s(0)]
   87        A3*: R33*f(0)  0.0000342             (1.06)*BF[87 = A3: R33*f(0)]
   88        A3*: R33*f(1)  0.0000658             (1.11)*BF[88 = A3: R33*f(1)]
   89       A3*: R33*f(-1)  0.0000453            (1.07)*BF[89 = A3: R33*f(-1)]
   90        A3*: R33*f(2)  0.0000693             (1.09)*BF[90 = A3: R33*f(2)]
   91       A3*: R33*f(-2)  0.0000676            (1.09)*BF[91 = A3: R33*f(-2)]
   92        A3*: R33*f(3)  0.0000482             (1.09)*BF[92 = A3: R33*f(3)]
   93       A3*: R33*f(-3)  0.0000360            (1.08)*BF[93 = A3: R33*f(-3)]
   94        A4*: R34*s(0)  0.0000003             (1.60)*BF[35 = A2: R15*s(0)]
   95        A4*: R35*s(0)  0.0001950             (8.94)*BF[35 = A2: R15*s(0)]
   96        A4*: R36*s(0)  0.0003629             (7.50)*BF[97 = A4: R37*s(0)]
   97         A4: R37*s(0)  1.7236068             (0.58)*BF[97 = A4: R37*s(0)]
   98         A4: R38*s(0)  1.9997698             (0.66)*BF[95 = A4: R35*s(0)]
   99        A4*: R39*p(0)  0.0000678             (3.44)*BF[35 = A2: R15*s(0)]
  100        A4*: R39*p(1)  0.0001034             (4.70)*BF[35 = A2: R15*s(0)]
  101       A4*: R39*p(-1)  0.0000431           (2.90)*BF[104 = A4: R40*p(-1)]
  102        A4*: R40*p(0)  0.0015103           (-2.08)*BF[105 = A4: R41*p(0)]
  103        A4*: R40*p(1)  0.0011925            (-2.29)*BF[35 = A2: R15*s(0)]
  104       A4*: R40*p(-1)  0.0017747          (-2.27)*BF[107 = A4: R41*p(-1)]
  105         A4: R41*p(0)  1.6628834             (0.52)*BF[99 = A4: R39*p(0)]
  106         A4: R41*p(1)  1.5867941            (0.53)*BF[100 = A4: R39*p(1)]
  107        A4: R41*p(-1)  1.8058810           (0.52)*BF[101 = A4: R39*p(-1)]
  108        A4*: R42*d(0)  0.0000094            (-1.51)*BF[35 = A2: R15*s(0)]
  109        A4*: R42*d(1)  0.0000085             (1.84)*BF[35 = A2: R15*s(0)]
  110       A4*: R42*d(-1)  0.0000079            (-1.38)*BF[97 = A4: R37*s(0)]
  111        A4*: R42*d(2)  0.0000148           (-1.20)*BF[111 = A4: R42*d(2)]
  112       A4*: R42*d(-2)  0.0000039            (-2.06)*BF[97 = A4: R37*s(0)]
  113        A4*: R43*d(0)  0.0020219            (1.29)*BF[42 = A2: R18*p(-1)]
  114        A4*: R43*d(1)  0.0023529            (1.21)*BF[114 = A4: R43*d(1)]
  115       A4*: R43*d(-1)  0.0030704            (-1.63)*BF[35 = A2: R15*s(0)]
  116        A4*: R43*d(2)  0.0029507            (1.32)*BF[116 = A4: R43*d(2)]
  117       A4*: R43*d(-2)  0.0040473             (1.62)*BF[98 = A4: R38*s(0)]
  118        A4*: R44*f(0)  0.0000370            (1.06)*BF[118 = A4: R44*f(0)]
  119        A4*: R44*f(1)  0.0000476            (1.07)*BF[119 = A4: R44*f(1)]
  120       A4*: R44*f(-1)  0.0000653           (1.11)*BF[120 = A4: R44*f(-1)]
  121        A4*: R44*f(2)  0.0000610            (1.08)*BF[121 = A4: R44*f(2)]
  122       A4*: R44*f(-2)  0.0000719           (1.10)*BF[122 = A4: R44*f(-2)]
  123        A4*: R44*f(3)  0.0000503            (1.10)*BF[123 = A4: R44*f(3)]
  124       A4*: R44*f(-3)  0.0000689           (1.11)*BF[124 = A4: R44*f(-3)]
  125        A5*: R45*s(0)  0.0000060           (-6.43)*BF[128 = A5: R48*s(0)]
  126        A5*: R46*s(0)  0.0001373          (-37.98)*BF[129 = A5: R49*s(0)]
  127        A5*: R47*s(0)  0.0025187           (-8.05)*BF[129 = A5: R49*s(0)]
  128         A5: R48*s(0)  1.0496869            (0.78)*BF[128 = A5: R48*s(0)]
  129         A5: R49*s(0)  1.9993476            (0.63)*BF[126 = A5: R46*s(0)]
  130        A5*: R50*p(0)  0.0000807            (6.78)*BF[136 = A5: R52*p(0)]
  131        A5*: R50*p(1)  0.0001136            (5.34)*BF[137 = A5: R52*p(1)]
  132       A5*: R50*p(-1)  0.0002004           (6.29)*BF[138 = A5: R52*p(-1)]
  133        A5*: R51*p(0)  0.0016456           (-3.12)*BF[136 = A5: R52*p(0)]
  134        A5*: R51*p(1)  0.0011753           (-2.65)*BF[137 = A5: R52*p(1)]
  135       A5*: R51*p(-1)  0.0036061          (-3.12)*BF[138 = A5: R52*p(-1)]
  136         A5: R52*p(0)  1.1962475            (0.62)*BF[130 = A5: R50*p(0)]
  137         A5: R52*p(1)  1.1483456            (0.61)*BF[131 = A5: R50*p(1)]
  138        A5: R52*p(-1)  0.8008312           (0.62)*BF[132 = A5: R50*p(-1)]
  139        A5*: R53*d(0)  0.0003845            (1.88)*BF[144 = A5: R54*d(0)]
  140        A5*: R53*d(1)  0.0003928            (1.98)*BF[145 = A5: R54*d(1)]
  141       A5*: R53*d(-1)  0.0003918           (1.93)*BF[146 = A5: R54*d(-1)]
  142        A5*: R53*d(2)  0.0001184            (1.93)*BF[147 = A5: R54*d(2)]
  143       A5*: R53*d(-2)  0.0000588           (1.83)*BF[148 = A5: R54*d(-2)]
  144        A5*: R54*d(0)  0.0005189          (-6.90)*BF[135 = A5: R51*p(-1)]
  145        A5*: R54*d(1)  0.0003494               (6.07)*BF[4 = A1: R4*s(0)]
  146       A5*: R54*d(-1)  0.0002196               (7.83)*BF[4 = A1: R4*s(0)]
  147        A5*: R54*d(2)  0.0010670          (-3.56)*BF[206 = A10: R80*s(0)]
  148       A5*: R54*d(-2)  0.0011685              (-8.71)*BF[4 = A1: R4*s(0)]
  149        A5*: R55*f(0)  0.0003504           (-6.47)*BF[128 = A5: R48*s(0)]
  150        A5*: R55*f(1)  0.0000365            (1.39)*BF[150 = A5: R55*f(1)]
  151       A5*: R55*f(-1)  0.0001381           (-3.24)*BF[128 = A5: R48*s(0)]
  152        A5*: R55*f(2)  0.0000373            (1.37)*BF[152 = A5: R55*f(2)]
  153       A5*: R55*f(-2)  0.0000761              (-3.02)*BF[4 = A1: R4*s(0)]
  154        A5*: R55*f(3)  0.0003611            (4.66)*BF[128 = A5: R48*s(0)]
  155       A5*: R55*f(-3)  0.0000186           (1.30)*BF[155 = A5: R55*f(-3)]
  156        A6*: R56*s(0)  0.0000001           (-2.85)*BF[159 = A6: R59*s(0)]
  157        A6*: R57*s(0)  0.0000124          (-14.98)*BF[160 = A6: R60*s(0)]
  158        A6*: R58*s(0)  0.0001850           (-9.98)*BF[160 = A6: R60*s(0)]
  159         A6: R59*s(0)  1.3760081            (0.72)*BF[159 = A6: R59*s(0)]
  160         A6: R60*s(0)  1.9996235            (0.65)*BF[157 = A6: R57*s(0)]
  161        A6*: R61*p(0)  0.0000146            (3.97)*BF[164 = A6: R62*p(0)]
  162        A6*: R61*p(1)  0.0000153            (3.96)*BF[165 = A6: R62*p(1)]
  163       A6*: R61*p(-1)  0.0001767           (5.87)*BF[166 = A6: R62*p(-1)]
  164        A6*: R62*p(0)  0.0005202           (-2.68)*BF[167 = A6: R63*p(0)]
  165        A6*: R62*p(1)  0.0008587           (-2.78)*BF[168 = A6: R63*p(1)]
  166       A6*: R62*p(-1)  0.0005777          (-2.83)*BF[169 = A6: R63*p(-1)]
  167         A6: R63*p(0)  1.4577598            (0.57)*BF[161 = A6: R61*p(0)]
  168         A6: R63*p(1)  1.4542329            (0.58)*BF[162 = A6: R61*p(1)]
  169        A6: R63*p(-1)  1.3491628           (0.58)*BF[163 = A6: R61*p(-1)]
  170        A6*: R64*d(0)  0.0000133           (-1.25)*BF[170 = A6: R64*d(0)]
  171        A6*: R64*d(1)  0.0000719           (-1.25)*BF[171 = A6: R64*d(1)]
  172       A6*: R64*d(-1)  0.0000580          (-1.25)*BF[172 = A6: R64*d(-1)]
  173        A6*: R64*d(2)  0.0000061           (-1.24)*BF[173 = A6: R64*d(2)]
  174       A6*: R64*d(-2)  0.0000106          (-1.24)*BF[174 = A6: R64*d(-2)]
  175        A6*: R65*d(0)  0.0038674           (-5.00)*BF[128 = A5: R48*s(0)]
  176        A6*: R65*d(1)  0.0008070            (1.74)*BF[176 = A6: R65*d(1)]
  177       A6*: R65*d(-1)  0.0014387           (1.93)*BF[177 = A6: R65*d(-1)]
  178        A6*: R65*d(2)  0.0025336            (1.86)*BF[178 = A6: R65*d(2)]
  179       A6*: R65*d(-2)  0.0030288           (2.26)*BF[218 = A12: R88*s(0)]
  180        A6*: R66*f(0)  0.0003172            (2.05)*BF[159 = A6: R59*s(0)]
  181        A6*: R66*f(1)  0.0000139            (1.20)*BF[181 = A6: R66*f(1)]
  182       A6*: R66*f(-1)  0.0000685           (1.19)*BF[182 = A6: R66*f(-1)]
  183        A6*: R66*f(2)  0.0000435            (1.20)*BF[183 = A6: R66*f(2)]
  184       A6*: R66*f(-2)  0.0000632           (1.19)*BF[184 = A6: R66*f(-2)]
  185        A6*: R66*f(3)  0.0002335           (-1.43)*BF[159 = A6: R59*s(0)]
  186       A6*: R66*f(-3)  0.0001342           (1.18)*BF[186 = A6: R66*f(-3)]
  187        A7*: R67*s(0)  0.0000883           (-4.46)*BF[189 = A7: R69*s(0)]
  188        A7*: R68*s(0)  0.0005804           (-4.70)*BF[189 = A7: R69*s(0)]
  189         A7: R69*s(0)  0.7694435            (0.89)*BF[188 = A7: R68*s(0)]
  190        A7*: R70*p(0)  0.0001946           (-2.40)*BF[188 = A7: R68*s(0)]
  191        A7*: R70*p(1)  0.0006732            (5.42)*BF[188 = A7: R68*s(0)]
  192       A7*: R70*p(-1)  0.0000836           (1.54)*BF[192 = A7: R70*p(-1)]
  193        A8*: R71*s(0)  0.0000910           (-4.01)*BF[195 = A8: R73*s(0)]
  194        A8*: R72*s(0)  0.0009763           (-4.96)*BF[195 = A8: R73*s(0)]
  195         A8: R73*s(0)  0.7764987            (0.88)*BF[194 = A8: R72*s(0)]
  196        A8*: R74*p(0)  0.0007190            (5.22)*BF[194 = A8: R72*s(0)]
  197        A8*: R74*p(1)  0.0000733              (-1.53)*BF[4 = A1: R4*s(0)]
  198       A8*: R74*p(-1)  0.0001739            (2.59)*BF[194 = A8: R72*s(0)]
  199        A9*: R75*s(0)  0.0000910           (-3.77)*BF[201 = A9: R77*s(0)]
  200        A9*: R76*s(0)  0.0009431           (-4.36)*BF[201 = A9: R77*s(0)]
  201         A9: R77*s(0)  0.7758103            (0.89)*BF[200 = A9: R76*s(0)]
  202        A9*: R78*p(0)  0.0001822            (2.17)*BF[200 = A9: R76*s(0)]
  203        A9*: R78*p(1)  0.0007024           (-5.34)*BF[200 = A9: R76*s(0)]
  204       A9*: R78*p(-1)  0.0001734           (1.53)*BF[204 = A9: R78*p(-1)]
  205       A10*: R79*s(0)  0.0000960          (-3.64)*BF[207 = A10: R81*s(0)]
  206       A10*: R80*s(0)  0.0010540          (-4.48)*BF[207 = A10: R81*s(0)]
  207        A10: R81*s(0)  0.7709924           (0.89)*BF[206 = A10: R80*s(0)]
  208       A10*: R82*p(0)  0.0007024          (-5.34)*BF[206 = A10: R80*s(0)]
  209       A10*: R82*p(1)  0.0000700           (1.47)*BF[209 = A10: R82*p(1)]
  210      A10*: R82*p(-1)  0.0002916          (-2.16)*BF[206 = A10: R80*s(0)]
  211       A11*: R83*s(0)  0.0001137          (-3.28)*BF[213 = A11: R85*s(0)]
  212       A11*: R84*s(0)  0.0007654          (-2.31)*BF[213 = A11: R85*s(0)]
  213        A11: R85*s(0)  0.5463159           (0.96)*BF[212 = A11: R84*s(0)]
  214       A11*: R86*p(0)  0.0001471           (4.57)*BF[212 = A11: R84*s(0)]
  215       A11*: R86*p(1)  0.0000489           (1.49)*BF[215 = A11: R86*p(1)]
  216      A11*: R86*p(-1)  0.0001030           (1.93)*BF[212 = A11: R84*s(0)]
  217       A12*: R87*s(0)  0.0001330          (-3.23)*BF[219 = A12: R89*s(0)]
  218       A12*: R88*s(0)  0.0004935          (-2.13)*BF[219 = A12: R89*s(0)]
  219        A12: R89*s(0)  0.5437061           (0.97)*BF[218 = A12: R88*s(0)]
  220       A12*: R90*p(0)  0.0000905          (-3.32)*BF[218 = A12: R88*s(0)]
  221       A12*: R90*p(1)  0.0000959           (3.78)*BF[218 = A12: R88*s(0)]
  222      A12*: R90*p(-1)  0.0000755          (1.49)*BF[222 = A12: R90*p(-1)]
  223       A13*: R91*s(0)  0.0001584          (-3.10)*BF[225 = A13: R93*s(0)]
  224       A13*: R92*s(0)  0.0003749          (-2.65)*BF[225 = A13: R93*s(0)]
  225        A13: R93*s(0)  0.5383356           (0.98)*BF[224 = A13: R92*s(0)]
  226       A13*: R94*p(0)  0.0000512          (-1.53)*BF[224 = A13: R92*s(0)]
  227       A13*: R94*p(1)  0.0001170          (-4.17)*BF[224 = A13: R92*s(0)]
  228      A13*: R94*p(-1)  0.0000963           (2.47)*BF[224 = A13: R92*s(0)]
 trace = 47.999999999015714

Final electron populations and NPA charges:

Center	Nuclear	 Electron  	  NMB       	NPA   
      	 charge	 population	  population	charge
   C1	    6.0	  6.5285732	   6.5115111	-0.5285732071
   C2	    6.0	  5.2617837	   5.2087665	 0.7382163275
   O3	    8.0	  8.8171546	   8.7981876	-0.8171546388
   O4	    8.0	  8.7990746	   8.7789350	-0.7990746023
   C5	    6.0	  6.2096303	   6.1944587	-0.2096303208
   N6	    7.0	  7.6518571	   7.6367871	-0.6518570946
   H7	    1.0	  0.7710635	   0.7694435	 0.2289364785
   H8	    1.0	  0.7785323	   0.7764987	 0.2214677352
   H9	    1.0	  0.7779024	   0.7758103	 0.2220976053
  H10	    1.0	  0.7732064	   0.7709924	 0.2267935780
  H11	    1.0	  0.5474941	   0.5463159	 0.4525058932
  H12	    1.0	  0.5445944	   0.5437061	 0.4554055952
  H13	    1.0	  0.5391333	   0.5383356	 0.4608666517

Angular momentum contributions of the total atomic population:

   Cntr           s           p           d           f           g
     C1   3.0921512   3.4272687   0.0077314   0.0014219   0.0000000
     C2   2.7977515   2.4545252   0.0084319   0.0010751   0.0000000
     O3   3.7315336   5.0717859   0.0134687   0.0003663   0.0000000
     O4   3.7239348   5.0602502   0.0144878   0.0004019   0.0000000
     C5   3.0516965   3.1522461   0.0046696   0.0010181   0.0000000
     N6   3.3758291   4.2633187   0.0118355   0.0008738   0.0000000
     H7   0.7701122   0.0009513   0.0000000   0.0000000   0.0000000
     H8   0.7775661   0.0009662   0.0000000   0.0000000   0.0000000
     H9   0.7768444   0.0010580   0.0000000   0.0000000   0.0000000
    H10   0.7721424   0.0010640   0.0000000   0.0000000   0.0000000
    H11   0.5471950   0.0002991   0.0000000   0.0000000   0.0000000
    H12   0.5443325   0.0002619   0.0000000   0.0000000   0.0000000
    H13   0.5388688   0.0002645   0.0000000   0.0000000   0.0000000


                          * * *                                         

Wiberg-Mayer bond indices (based on density matrix in NAO basis):
Centr. A/B         1         2         3         4         5         6         7         8         9        10        11        12        13
      1    ( 3.9128)    0.9464    0.0512    0.0506    1.0166    0.0061    0.9099    0.9171    0.0023    0.0023    0.0025    0.0003    0.0074
      2              ( 3.9031)    1.4562    1.4768    0.0059    0.0072    0.0043    0.0034    0.0015    0.0008    0.0001    0.0000    0.0005
      3                        ( 1.7471)    0.2113    0.0128    0.0025    0.0073    0.0036    0.0007    0.0005    0.0002    0.0000    0.0008
      4                                  ( 1.7792)    0.0116    0.0036    0.0107    0.0120    0.0010    0.0012    0.0001    0.0001    0.0003
      5                                            ( 3.8439)    0.9453    0.0018    0.0016    0.9202    0.9184    0.0042    0.0040    0.0016
      6                                                      ( 3.3006)    0.0007    0.0015    0.0022    0.0019    0.7778    0.7771    0.7749
      7                                                                ( 0.9489)    0.0006    0.0118    0.0015    0.0000    0.0002    0.0001
      8                                                                          ( 0.9529)    0.0008    0.0114    0.0008    0.0000    0.0001
      9                                                                                    ( 0.9527)    0.0003    0.0003    0.0095    0.0021
     10                                                                                              ( 0.9507)    0.0101    0.0020    0.0003
     11                                                                                                        ( 0.7964)    0.0001    0.0001
     12                                                                                                                  ( 0.7934)    0.0001
     13                                                                                                                            ( 0.7883)

                          * * *                                         

Creating  LPOs (Localized Property-optimized Orbitals)


Creating initial guess...
Optimizing LPOs...

Finding an optimal hybrid pairing...
    0    1    2    3    4    5    6    7    8    9   10   11   12   13   14   15   16   17   18   19   20   21   22   23   24   25   26   27   28   29   30   31   32   33   34   35   36   37   38   39   40   41   42   43   44   45   46   47   48   49   50   51   52   53   54   55   56   57   58   59   60   61   62   63   64   65   66   67   68   69   70   71   72   73   74   75   76   77   78   79   80   81   82   83   84   85   86   87   88   89   90   91   92   93   94   95   96   97   98   99  100  101  102  103  104  105  106  107  108  109  110  111  112  113  114  115  116  117  118  119  120  121  122  123  124  125  126  127  128  129  130  131  132  133  134  135  136  137  138  139  140  141  142  143  144  145  146  147  148  149  150  151  152  153  154  155  156  157  158  159  160  161  162  163  164  165  166  167  168  169  170  171  172  173  174  175  176  177  178  179  180  181  182  183  184  185  186  187  188  189  190  191  192  193  194  195  196  197  198  199  200  201  202  203  204  205  206  207  208  209  210  211  212  213  214  215  216  217  218  219  220  221  222  223  224  225  226  227
   31  154   95  127   45  225   78   35  163  128  187  194  188   44  214   59   32  138   36   86  217  101   71  174  165  112  152   61  153  108  182    0   16   75  105    7   18   66   97   65   96  139   73  104   13    4  124  209  208   79  141  106  226   74  110   84  115  109   81   15  129   27  107  117  144   39   37   98  100  148  134   22  103   42   53   33  169  111    6   49  122   58  114  215   55  113   19  171  180  121  156   93  118   91  202    2   40   38   67  155   68   21  147   72   43   34   51   62   29   57   54   77   25   85   82   56  190   63   92  170  179   89   80  172   46  175  176    3    9   60  161  173  199  205   70  206  200  168   17   41  195   50  160  216   64  162  191  102   69  184  183  178   26   28    1   99   90  197  218  222  142  130  145    8  223   24  212  224  137   76  119   87  123  131   23  125  126  196  151  120   88   -1   30  150  149   -1  192   10   12  203  116  146  186  211   11  140  177  157  204  132  136  220   94  189  198  133  135  213   48   47  219  193  166  207   14   83  143   20  158  210  201  227  159  164  167    5   52  221
LPO iteration  1: hybrids reconnected, target function =   93.3646668
Iterative optimization of atomic hybrids
           Target                 Total        max.atomic       Total        max.atomic     Nxt.step
  Itr.    function    new-old  ||Unew-U||^2   ||unew-u||^2   ||Dnew-D||^2   ||dnew-d||^2     lambda 
    1      93.3647   +9.3e+01   10.227483      0.0953851      0.11301        0.0816462       (none)
    2      93.3897   +2.5e-02    4.122736      0.0377932      0.04068        0.0328338       (none)
    3      93.3933   +3.6e-03    3.634698      0.0337295      0.01889        0.0140994       (none)
    4      93.3941   +7.6e-04    3.638158      0.0384527      0.00962        0.0063028       (none)
    5      93.3943   +2.1e-04    2.726335      0.0207817      0.00531        0.0028651       (none)
    6      93.3944   +7.4e-05    3.429364      0.0430046      0.00318        0.0013146       (none)
    7      93.3944   +3.3e-05    2.208693      0.0270154      0.00208        0.0006098       (none)
    8      93.3944   +1.7e-05    3.717489      0.0498024      0.00147        0.0003636       (none)
    9      93.3944   +1.0e-05    1.870991      0.0258099      0.00111        0.0002947       (none)
   10      93.3944   +6.5e-06    << Converged! (threshold = 1.00e-05) >>
Optimization of hybrids finished
LPO iteration  1: hybrids optimized, target function =   93.3944319
Finding an optimal hybrid pairing...
    0    1    2    3    4    5    6    7    8    9   10   11   12   13   14   15   16   17   18   19   20   21   22   23   24   25   26   27   28   29   30   31   32   33   34   35   36   37   38   39   40   41   42   43   44   45   46   47   48   49   50   51   52   53   54   55   56   57   58   59   60   61   62   63   64   65   66   67   68   69   70   71   72   73   74   75   76   77   78   79   80   81   82   83   84   85   86   87   88   89   90   91   92   93   94   95   96   97   98   99  100  101  102  103  104  105  106  107  108  109  110  111  112  113  114  115  116  117  118  119  120  121  122  123  124  125  126  127  128  129  130  131  132  133  134  135  136  137  138  139  140  141  142  143  144  145  146  147  148  149  150  151  152  153  154  155  156  157  158  159  160  161  162  163  164  165  166  167  168  169  170  171  172  173  174  175  176  177  178  179  180  181  182  183  184  185  186  187  188  189  190  191  192  193  194  195  196  197  198  199  200  201  202  203  204  205  206  207  208  209  210  211  212  213  214  215  216  217  218  219  220  221  222  223  224  225  226  227
   31  173   95  127   45  225  181   35  163  128  187  194  188   44  214  162   32  138  180   86  217  101   71  221  102  112   36  185  184  108  131    0   16   75  105    7   26   66   97   65   96  139   73  104   13    4  111  209  208  153  176  106  226   74  110  170  115  109   81  100   90  154  156  117  144   39   37   98  169  148  134   22  103   42   53   33  120  172  150  121   -1   58  114  215  107  189   19  171   -1  122   60   93  118   91  202    2   40   38   67  152   59   21   24   72   43   34   51   84   29   57   54   46   25  203   82   56  190   63   92  179   76   79   89  149  155  175  186    3    9  183  161   30  199  205   70  206  200  168   17   41  195  192  160  216   64  182  191  165   69  123   78  178   99   49   61  124   62  227  218  222  142  130   15    8  223  147  212  224  137   68   55   87   77    1  197  125   50  196  151  119   18    6  145  129   28   27  126   10   12   85  116  146  141  211   11  140  177  174  204  132  136  220   94  113  198  133  135  213   48   47  219  193  166  207   14   83  143   20  158  210  201   23  159  164  167    5   52  157
LPO iteration  2: hybrids reconnected, target function =   93.3944322
Done! (in 1 iterations)


*** Summary of LPO  results

  LPO 	         D e s c r i p t i o n     	Occupancy	Composition
    1	(BD) C1-C2, Io = 0.2809            	0.00000  	h1@C1 * ( 0.5996) + h32@C2 * ( 0.8003)	
    2	     C1-C2, antibonding (NB)       	 -0.00000	h1@C1 * (-0.8003) + h32@C2 * ( 0.5996)	
    3	(BD) C1-N6, Io = 0.7070            	0.00000  	h2@C1 * ( 0.9239) + h174@N6 * (-0.3827)	
    4	     C1-N6, antibonding (NB)       	  0.00000	h2@C1 * (-0.3827) + h174@N6 * (-0.9239)	
    5	(BD) C1-O4, Io = 0.8298            	0.00107  	h3@C1 * ( 0.9565) + h96@O4 * (-0.2918)	
    6	     C1-O4, antibonding (NB)       	  0.00006	h3@C1 * (-0.2918) + h96@O4 * (-0.9565)	
    7	(BD) C1-C5, Io = 0.0236            	1.98753  	h4@C1 * ( 0.6987) + h128@C5 * ( 0.7154)	
    8	     C1-C5, antibonding (NB)       	  0.01372	h4@C1 * (-0.7154) + h128@C5 * ( 0.6987)	
    9	(BD) C1-C2, Io = 0.9999            	1.99943  	h5@C1 * ( 1.0000) + h46@C2 * ( 0.0084)	
   10	     C1-C2, antibonding (NB)       	  0.00013	h5@C1 * ( 0.0084) + h46@C2 * (-1.0000)	
   11	(BD) C1-H13, Io = 0.0232           	0.00009  	h6@C1 * (-0.6989) + h226@H13 * ( 0.7153)	
   12	     C1-H13, antibonding (NB)      	  0.00000	h6@C1 * (-0.7153) + h226@H13 * (-0.6989)	
   13	(BD) C1-N6, Io = 0.9858            	0.00000  	h7@C1 * (-0.0844) + h182@N6 * ( 0.9964)	
   14	     C1-N6, antibonding (NB)       	  0.00000	h7@C1 * (-0.9964) + h182@N6 * (-0.0844)	
   15	(BD) C1-C2, Io = 0.9998            	1.99978  	h8@C1 * ( 0.0089) + h36@C2 * ( 1.0000)	
   16	     C1-C2, antibonding (NB)       	  0.00097	h8@C1 * (-1.0000) + h36@C2 * ( 0.0089)	
   17	(BD) C1-N6, Io = 0.2334            	0.00141  	h9@C1 * ( 0.7853) + h164@N6 * ( 0.6191)	
   18	     C1-N6, antibonding (NB)       	  0.00009	h9@C1 * ( 0.6191) + h164@N6 * (-0.7853)	
   19	(BD) C1-C5, Io = 0.9998            	1.99969  	h10@C1 * (-0.0090) + h129@C5 * ( 1.0000)	
   20	     C1-C5, antibonding (NB)       	  0.00190	h10@C1 * (-1.0000) + h129@C5 * (-0.0090)	
   21	(BD) C1-H7, Io = 0.6929            	0.00187  	h11@C1 * ( 0.9200) + h188@H7 * (-0.3919)	
   22	     C1-H7, antibonding (NB)       	  0.00037	h11@C1 * (-0.3919) + h188@H7 * (-0.9200)	
   23	(BD) C1-H8, Io = 0.2205            	1.97520  	h12@C1 * ( 0.7812) + h195@H8 * (-0.6243)	
   24	     C1-H8, antibonding (NB)       	  0.01222	h12@C1 * (-0.6243) + h195@H8 * (-0.7812)	
   25	(BD) C1-H7, Io = 0.2255            	1.96971  	h13@C1 * ( 0.7828) + h189@H7 * (-0.6223)	
   26	     C1-H7, antibonding (NB)       	  0.01218	h13@C1 * (-0.6223) + h189@H7 * (-0.7828)	
   27	(BD) C1-C2, Io = 0.0881            	1.98635  	h14@C1 * ( 0.7376) + h45@C2 * (-0.6752)	
   28	     C1-C2, antibonding (NB)       	  0.08937	h14@C1 * (-0.6752) + h45@C2 * (-0.7376)	
   29	(BD) C1-H11, Io = 0.0055           	0.00007  	h15@C1 * ( 0.7091) + h215@H11 * ( 0.7051)	
   30	     C1-H11, antibonding (NB)      	  0.00002	h15@C1 * ( 0.7051) + h215@H11 * (-0.7091)	
   31	(BD) C1-N6, Io = 0.7986            	0.00001  	h16@C1 * ( 0.9483) + h163@N6 * ( 0.3173)	
   32	     C1-N6, antibonding (NB)       	  0.00000	h16@C1 * ( 0.3173) + h163@N6 * (-0.9483)	
   33	(BD) C1-C2, Io = 0.6540            	0.00000  	h17@C1 * ( 0.9094) + h33@C2 * ( 0.4160)	
   34	     C1-C2, antibonding (NB)       	  0.00000	h17@C1 * ( 0.4160) + h33@C2 * (-0.9094)	
   35	(BD) C1-C5, Io = 0.5851            	0.00004  	h18@C1 * ( 0.4555) + h139@C5 * ( 0.8902)	
   36	     C1-C5, antibonding (NB)       	  0.00001	h18@C1 * (-0.8902) + h139@C5 * ( 0.4555)	
   37	(BD) C1-N6, Io = 0.9972            	0.00000  	h19@C1 * ( 0.0373) + h181@N6 * ( 0.9993)	
   38	     C1-N6, antibonding (NB)       	  0.00000	h19@C1 * (-0.9993) + h181@N6 * ( 0.0373)	
   39	(BD) C1-O3, Io = 0.4309            	0.00001  	h20@C1 * ( 0.8459) + h87@O3 * (-0.5334)	
   40	     C1-O3, antibonding (NB)       	  0.00000	h20@C1 * (-0.5334) + h87@O3 * (-0.8459)	
   41	(BD) C1-H12, Io = 0.1017           	0.00081  	h21@C1 * ( 0.6702) + h218@H12 * ( 0.7422)	
   42	     C1-H12, antibonding (NB)      	  0.00019	h21@C1 * (-0.7422) + h218@H12 * ( 0.6702)	
   43	(BD) C1-O4, Io = 0.5988            	0.00140  	h22@C1 * (-0.4479) + h102@O4 * ( 0.8941)	
   44	     C1-O4, antibonding (NB)       	  0.00005	h22@C1 * (-0.8941) + h102@O4 * (-0.4479)	
   45	(BD) C1-O3, Io = 0.7003            	0.00123  	h23@C1 * (-0.3871) + h72@O3 * ( 0.9220)	
   46	     C1-O3, antibonding (NB)       	  0.00002	h23@C1 * (-0.9220) + h72@O3 * (-0.3871)	
   47	(BD) C1-H12, Io = 0.7573           	0.00017  	h24@C1 * ( 0.9374) + h222@H12 * (-0.3483)	
   48	     C1-H12, antibonding (NB)      	  0.00002	h24@C1 * (-0.3483) + h222@H12 * (-0.9374)	
   49	(BD) C1-O4, Io = 0.0188            	0.00120  	h25@C1 * ( 0.7137) + h103@O4 * ( 0.7004)	
   50	     C1-O4, antibonding (NB)       	  0.00017	h25@C1 * ( 0.7004) + h103@O4 * (-0.7137)	
   51	(BD) C1-O4, Io = 0.5049            	0.00002  	h26@C1 * ( 0.8674) + h113@O4 * (-0.4975)	
   52	     C1-O4, antibonding (NB)       	  0.00000	h26@C1 * (-0.4975) + h113@O4 * (-0.8674)	
   53	(BD) C1-C2, Io = 1.0000            	0.00000  	h27@C1 * (-0.0035) + h37@C2 * ( 1.0000)	
   54	     C1-C2, antibonding (NB)       	 -0.00000	h27@C1 * (-1.0000) + h37@C2 * (-0.0035)	
   55	(BD) C1-N6, Io = 0.9804            	0.00000  	h28@C1 * (-0.0990) + h186@N6 * ( 0.9951)	
   56	     C1-N6, antibonding (NB)       	  0.00000	h28@C1 * (-0.9951) + h186@N6 * (-0.0990)	
   57	(BD) C1-N6, Io = 0.9960            	0.00000  	h29@C1 * (-0.0446) + h185@N6 * ( 0.9990)	
   58	     C1-N6, antibonding (NB)       	  0.00000	h29@C1 * (-0.9990) + h185@N6 * (-0.0446)	
   59	(BD) C1-O4, Io = 0.7319            	0.00000  	h30@C1 * ( 0.9306) + h109@O4 * ( 0.3661)	
   60	     C1-O4, antibonding (NB)       	  0.00000	h30@C1 * ( 0.3661) + h109@O4 * (-0.9306)	
   61	(BD) C1-C5, Io = 0.1272            	0.00000  	h31@C1 * ( 0.7507) + h132@C5 * (-0.6606)	
   62	     C1-C5, antibonding (NB)       	  0.00000	h31@C1 * (-0.6606) + h132@C5 * (-0.7507)	
   63	(BD) C2-O3, Io = 0.9954            	1.90588  	h34@C2 * ( 0.0482) + h76@O3 * ( 0.9988)	
   64	     C2-O3, antibonding (NB)       	  0.00144	h34@C2 * (-0.9988) + h76@O3 * ( 0.0482)	
   65	(BD) C2-O4, Io = 0.2905            	1.99725  	h35@C2 * (-0.5956) + h106@O4 * ( 0.8033)	
   66	     C2-O4, antibonding (NB)       	  0.05282	h35@C2 * (-0.8033) + h106@O4 * (-0.5956)	
   67	(BD) C2-O3, Io = 1.0000            	1.99996  	h38@C2 * ( 0.0036) + h67@O3 * ( 1.0000)	
   68	     C2-O3, antibonding (NB)       	  0.00001	h38@C2 * (-1.0000) + h67@O3 * ( 0.0036)	
   69	(BD) C2-O4, Io = 1.0000            	1.99994  	h39@C2 * (-0.0032) + h98@O4 * ( 1.0000)	
   70	     C2-O4, antibonding (NB)       	  0.00001	h39@C2 * (-1.0000) + h98@O4 * (-0.0032)	
   71	(BD) C2-O3, Io = 0.9877            	1.99064  	h40@C2 * ( 0.0783) + h66@O3 * ( 0.9969)	
   72	     C2-O3, antibonding (NB)       	  0.00272	h40@C2 * (-0.9969) + h66@O3 * ( 0.0783)	
   73	(BD) C2-O4, Io = 0.9872            	1.99014  	h41@C2 * (-0.0799) + h97@O4 * ( 0.9968)	
   74	     C2-O4, antibonding (NB)       	  0.00350	h41@C2 * (-0.9968) + h97@O4 * (-0.0799)	
   75	(BD) C2-C5, Io = 0.5092            	0.00134  	h42@C2 * ( 0.8687) + h140@C5 * (-0.4954)	
   76	     C2-C5, antibonding (NB)       	  0.00010	h42@C2 * (-0.4954) + h140@C5 * (-0.8687)	
   77	(BD) C2-O3, Io = 0.2825            	1.99667  	h43@C2 * (-0.5990) + h74@O3 * ( 0.8008)	
   78	     C2-O3, antibonding (NB)       	  0.05267	h43@C2 * (-0.8008) + h74@O3 * (-0.5990)	
   79	(BD) C2-O4, Io = 0.5324            	1.98911  	h44@C2 * (-0.4835) + h105@O4 * ( 0.8753)	
   80	     C2-O4, antibonding (NB)       	  0.38045	h44@C2 * (-0.8753) + h105@O4 * (-0.4835)	
   81	(BD) C2-O4, Io = 0.8030            	0.00000  	h47@C2 * (-0.3139) + h112@O4 * ( 0.9495)	
   82	     C2-O4, antibonding (NB)       	  0.00000	h47@C2 * (-0.9495) + h112@O4 * (-0.3139)	
   83	(BD) C2-H10, Io = 0.0658           	0.00024  	h48@C2 * (-0.6835) + h210@H10 * ( 0.7300)	
   84	     C2-H10, antibonding (NB)      	  0.00004	h48@C2 * (-0.7300) + h210@H10 * (-0.6835)	
   85	(BD) C2-H10, Io = 0.2379           	0.00007  	h49@C2 * ( 0.6173) + h209@H10 * ( 0.7867)	
   86	     C2-H10, antibonding (NB)      	  0.00001	h49@C2 * (-0.7867) + h209@H10 * ( 0.6173)	
   87	(BD) C2-C5, Io = 1.0000            	0.00000  	h50@C2 * ( 1.0000) + h154@C5 * ( 0.0018)	
   88	     C2-C5, antibonding (NB)       	  0.00000	h50@C2 * ( 0.0018) + h154@C5 * (-1.0000)	
   89	(BD) C2-N6, Io = 0.4363            	0.00012  	h51@C2 * ( 0.5309) + h177@N6 * ( 0.8474)	
   90	     C2-N6, antibonding (NB)       	  0.00003	h51@C2 * (-0.8474) + h177@N6 * ( 0.5309)	
   91	(BD) C2-O4, Io = 0.9955            	1.90091  	h52@C2 * ( 0.0472) + h107@O4 * ( 0.9989)	
   92	     C2-O4, antibonding (NB)       	  0.00123	h52@C2 * (-0.9989) + h107@O4 * ( 0.0472)	
   93	(BD) C2-H13, Io = 0.2641           	0.00002  	h53@C2 * (-0.6066) + h227@H13 * ( 0.7950)	
   94	     C2-H13, antibonding (NB)      	  0.00000	h53@C2 * (-0.7950) + h227@H13 * (-0.6066)	
   95	(BD) C2-O3, Io = 0.9859            	1.64541  	h54@C2 * ( 0.0838) + h75@O3 * ( 0.9965)	
   96	     C2-O3, antibonding (NB)       	  0.00307	h54@C2 * (-0.9965) + h75@O3 * ( 0.0838)	
   97	(BD) C2-O4, Io = 0.9207            	0.00000  	h55@C2 * ( 0.9800) + h111@O4 * ( 0.1991)	
   98	     C2-O4, antibonding (NB)       	  0.00000	h55@C2 * ( 0.1991) + h111@O4 * (-0.9800)	
   99	(BD) C2-N6, Io = 0.9589            	0.00000  	h56@C2 * ( 0.1434) + h171@N6 * ( 0.9897)	
  100	     C2-N6, antibonding (NB)       	  0.00000	h56@C2 * (-0.9897) + h171@N6 * ( 0.1434)	
  101	(BD) C2-O4, Io = 0.1133            	0.00000  	h57@C2 * (-0.6658) + h116@O4 * ( 0.7461)	
  102	     C2-O4, antibonding (NB)       	  0.00000	h57@C2 * (-0.7461) + h116@O4 * (-0.6658)	
  103	(BD) C2-O4, Io = 0.9990            	0.00000  	h58@C2 * ( 0.9998) + h110@O4 * (-0.0222)	
  104	     C2-O4, antibonding (NB)       	 -0.00000	h58@C2 * (-0.0222) + h110@O4 * (-0.9998)	
  105	(BD) C2-O3, Io = 0.3859            	0.00001  	h59@C2 * ( 0.8324) + h82@O3 * (-0.5541)	
  106	     C2-O3, antibonding (NB)       	  0.00000	h59@C2 * (-0.5541) + h82@O3 * (-0.8324)	
  107	(BD) C2-O4, Io = 0.7513            	0.00000  	h60@C2 * ( 0.9358) + h101@O4 * (-0.3526)	
  108	     C2-O4, antibonding (NB)       	  0.00000	h60@C2 * (-0.3526) + h101@O4 * (-0.9358)	
  109	(BD) C2-O3, Io = 0.1791            	0.00000  	h61@C2 * ( 0.6407) + h91@O3 * ( 0.7678)	
  110	     C2-O3, antibonding (NB)       	  0.00000	h61@C2 * (-0.7678) + h91@O3 * ( 0.6407)	
  111	(BD) C2-C5, Io = 1.0000            	0.00000  	h62@C2 * ( 1.0000) + h155@C5 * ( 0.0018)	
  112	     C2-C5, antibonding (NB)       	  0.00000	h62@C2 * ( 0.0018) + h155@C5 * (-1.0000)	
  113	(BD) O3-N6, Io = 0.9965            	0.00000  	h63@O3 * ( 0.9991) + h157@N6 * (-0.0416)	
  114	     O3-N6, antibonding (NB)       	  0.00000	h63@O3 * (-0.0416) + h157@N6 * (-0.9991)	
  115	(BD) O3-O4, Io = 0.2404            	0.00000  	h64@O3 * ( 0.7875) + h118@O4 * ( 0.6163)	
  116	     O3-O4, antibonding (NB)       	  0.00000	h64@O3 * ( 0.6163) + h118@O4 * (-0.7875)	
  117	(BD) O3-C5, Io = 0.1481            	0.00020  	h65@O3 * ( 0.7576) + h145@C5 * (-0.6527)	
  118	     O3-C5, antibonding (NB)       	  0.00002	h65@O3 * (-0.6527) + h145@C5 * (-0.7576)	
  119	(BD) O3-O4, Io = 0.3776            	0.00001  	h68@O3 * ( 0.5578) + h99@O4 * ( 0.8299)	
  120	     O3-O4, antibonding (NB)       	  0.00000	h68@O3 * (-0.8299) + h99@O4 * ( 0.5578)	
  121	(BD) O3-N6, Io = 0.9593            	0.00000  	h69@O3 * ( 0.9898) + h170@N6 * (-0.1427)	
  122	     O3-N6, antibonding (NB)       	  0.00000	h69@O3 * (-0.1427) + h170@N6 * (-0.9898)	
  123	(BD) O3-C5, Io = 0.2029            	0.00000  	h70@O3 * ( 0.7755) + h149@C5 * ( 0.6313)	
  124	     O3-C5, antibonding (NB)       	  0.00000	h70@O3 * ( 0.6313) + h149@C5 * (-0.7755)	
  125	(BD) O3-C5, Io = 0.7746            	0.00335  	h71@O3 * ( 0.3357) + h135@C5 * ( 0.9420)	
  126	     O3-C5, antibonding (NB)       	  0.00026	h71@O3 * (-0.9420) + h135@C5 * ( 0.3357)	
  127	(BD) O3-O4, Io = 0.0346            	0.00375  	h73@O3 * ( 0.6948) + h104@O4 * ( 0.7192)	
  128	     O3-O4, antibonding (NB)       	  0.00082	h73@O3 * (-0.7192) + h104@O4 * ( 0.6948)	
  129	(BD) O3-O4, Io = 0.9122            	0.00000  	h77@O3 * ( 0.9778) + h121@O4 * (-0.2095)	
  130	     O3-O4, antibonding (NB)       	  0.00000	h77@O3 * (-0.2095) + h121@O4 * (-0.9778)	
  131	(BD) O3-N6, Io = 0.9998            	0.00000  	h78@O3 * ( 0.9999) + h173@N6 * ( 0.0104)	
  132	     O3-N6, antibonding (NB)       	  0.00000	h78@O3 * ( 0.0104) + h173@N6 * (-0.9999)	
  133	(BD) O3-C5, Io = 0.9966            	0.00000  	h79@O3 * ( 0.0413) + h151@C5 * ( 0.9991)	
  134	     O3-C5, antibonding (NB)       	 -0.00000	h79@O3 * (-0.9991) + h151@C5 * ( 0.0413)	
  135	(BD) O3-O4, Io = 0.3115            	0.00000  	h80@O3 * (-0.5867) + h122@O4 * ( 0.8098)	
  136	     O3-O4, antibonding (NB)       	 -0.00000	h80@O3 * (-0.8098) + h122@O4 * (-0.5867)	
  138	(BD) O3-O4, Io = 0.1165            	0.00018  	h83@O3 * (-0.6647) + h115@O4 * ( 0.7471)	
  139	     O3-O4, antibonding (NB)       	  0.00003	h83@O3 * (-0.7471) + h115@O4 * (-0.6647)	
  140	(BD) O3-H11, Io = 0.3412           	0.00011  	h84@O3 * (-0.5739) + h216@H11 * ( 0.8189)	
  141	     O3-H11, antibonding (NB)      	  0.00002	h84@O3 * (-0.8189) + h216@H11 * (-0.5739)	
  142	(BD) O3-O4, Io = 0.3402            	0.00000  	h85@O3 * ( 0.8186) + h108@O4 * (-0.5744)	
  143	     O3-O4, antibonding (NB)       	  0.00000	h85@O3 * (-0.5744) + h108@O4 * (-0.8186)	
  144	(BD) O3-H7, Io = 0.0006            	0.00004  	h86@O3 * ( 0.7073) + h190@H7 * ( 0.7069)	
  145	     O3-H7, antibonding (NB)       	  0.00002	h86@O3 * ( 0.7069) + h190@H7 * (-0.7073)	
  146	(BD) O3-N6, Io = 1.0000            	0.00000  	h88@O3 * ( 0.0025) + h172@N6 * ( 1.0000)	
  147	     O3-N6, antibonding (NB)       	  0.00000	h88@O3 * (-1.0000) + h172@N6 * ( 0.0025)	
  149	(BD) O3-O4, Io = 0.7589            	0.00000  	h90@O3 * ( 0.9378) + h123@O4 * ( 0.3472)	
  150	     O3-O4, antibonding (NB)       	 -0.00000	h90@O3 * ( 0.3472) + h123@O4 * (-0.9378)	
  151	(BD) O3-O4, Io = 0.4252            	0.00000  	h92@O3 * ( 0.5361) + h94@O4 * ( 0.8442)	
  152	     O3-O4, antibonding (NB)       	 -0.00000	h92@O3 * (-0.8442) + h94@O4 * ( 0.5361)	
  153	(BD) O3-O4, Io = 0.7352            	0.00000  	h93@O3 * ( 0.9314) + h119@O4 * (-0.3639)	
  154	     O3-O4, antibonding (NB)       	 -0.00000	h93@O3 * (-0.3639) + h119@O4 * (-0.9314)	
  155	(BD) O4-H9, Io = 0.5301            	0.00006  	h95@O4 * (-0.4847) + h203@H9 * ( 0.8747)	
  156	     O4-H9, antibonding (NB)       	  0.00000	h95@O4 * (-0.8747) + h203@H9 * (-0.4847)	
  157	(BD) O4-C5, Io = 0.7830            	0.00000  	h100@O4 * ( 0.9442) + h153@C5 * ( 0.3294)	
  158	     O4-C5, antibonding (NB)       	 -0.00000	h100@O4 * ( 0.3294) + h153@C5 * (-0.9442)	
  159	(BD) O4-H9, Io = 0.7758            	0.00017  	h114@O4 * ( 0.3348) + h204@H9 * ( 0.9423)	
  160	     O4-H9, antibonding (NB)       	  0.00002	h114@O4 * (-0.9423) + h204@H9 * ( 0.3348)	
  161	(BD) O4-H7, Io = 0.3468            	0.00008  	h117@O4 * (-0.5715) + h191@H7 * ( 0.8206)	
  162	     O4-H7, antibonding (NB)       	  0.00001	h117@O4 * (-0.8206) + h191@H7 * (-0.5715)	
  163	(BD) O4-N6, Io = 0.9872            	0.00000  	h120@O4 * (-0.0800) + h180@N6 * ( 0.9968)	
  164	     O4-N6, antibonding (NB)       	  0.00000	h120@O4 * (-0.9968) + h180@N6 * (-0.0800)	
  165	(BD) O4-C5, Io = 0.9776            	0.00000  	h124@O4 * (-0.1059) + h150@C5 * ( 0.9944)	
  166	     O4-C5, antibonding (NB)       	  0.00000	h124@O4 * (-0.9944) + h150@C5 * (-0.1059)	
  167	(BD) C5-N6, Io = 0.7873            	0.00000  	h125@C5 * ( 0.3261) + h156@N6 * ( 0.9453)	
  168	     C5-N6, antibonding (NB)       	 -0.00000	h125@C5 * (-0.9453) + h156@N6 * ( 0.3261)	
  169	(BD) C5-N6, Io = 0.7535            	0.00008  	h126@C5 * ( 0.9363) + h176@N6 * ( 0.3511)	
  170	     C5-N6, antibonding (NB)       	  0.00000	h126@C5 * ( 0.3511) + h176@N6 * (-0.9363)	
  171	(BD) C5-H7, Io = 0.8365            	0.00053  	h127@C5 * ( 0.9583) + h187@H7 * (-0.2859)	
  172	     C5-H7, antibonding (NB)       	  0.00007	h127@C5 * (-0.2859) + h187@H7 * (-0.9583)	
  173	(BD) C5-N6, Io = 0.8557            	0.00000  	h130@C5 * (-0.2686) + h184@N6 * ( 0.9633)	
  174	     C5-N6, antibonding (NB)       	  0.00000	h130@C5 * (-0.9633) + h184@N6 * (-0.2686)	
  175	(BD) C5-N6, Io = 0.2451            	0.00001  	h131@C5 * ( 0.7890) + h162@N6 * (-0.6144)	
  176	     C5-N6, antibonding (NB)       	  0.00000	h131@C5 * (-0.6144) + h162@N6 * (-0.7890)	
  177	(BD) C5-H9, Io = 0.4077            	0.00221  	h133@C5 * ( 0.8390) + h200@H9 * (-0.5442)	
  178	     C5-H9, antibonding (NB)       	  0.00045	h133@C5 * (-0.5442) + h200@H9 * (-0.8390)	
  179	(BD) C5-H10, Io = 0.3035           	0.00204  	h134@C5 * ( 0.8073) + h206@H10 * ( 0.5901)	
  180	     C5-H10, antibonding (NB)      	  0.00057	h134@C5 * ( 0.5901) + h206@H10 * (-0.8073)	
  181	(BD) C5-H10, Io = 0.2298           	1.98238  	h136@C5 * ( 0.7842) + h207@H10 * ( 0.6206)	
  182	     C5-H10, antibonding (NB)      	  0.01367	h136@C5 * ( 0.6206) + h207@H10 * (-0.7842)	
  183	(BD) C5-H9, Io = 0.2251            	1.98234  	h137@C5 * ( 0.7826) + h201@H9 * ( 0.6225)	
  184	     C5-H9, antibonding (NB)       	  0.01391	h137@C5 * ( 0.6225) + h201@H9 * (-0.7826)	
  185	(BD) C5-N6, Io = 0.2741            	1.99566  	h138@C5 * (-0.6025) + h169@N6 * ( 0.7981)	
  186	     C5-N6, antibonding (NB)       	  0.01581	h138@C5 * (-0.7981) + h169@N6 * (-0.6025)	
  187	(BD) C5-H8, Io = 0.4036            	0.00021  	h141@C5 * ( 0.8377) + h196@H8 * ( 0.5461)	
  188	     C5-H8, antibonding (NB)       	  0.00003	h141@C5 * ( 0.5461) + h196@H8 * (-0.8377)	
  189	(BD) C5-H8, Io = 0.8587            	0.00011  	h142@C5 * (-0.2658) + h193@H8 * ( 0.9640)	
  190	     C5-H8, antibonding (NB)       	  0.00002	h142@C5 * (-0.9640) + h193@H8 * (-0.2658)	
  191	(BD) C5-N6, Io = 0.8151            	0.00000  	h143@C5 * ( 0.9527) + h161@N6 * (-0.3040)	
  192	     C5-N6, antibonding (NB)       	  0.00000	h143@C5 * (-0.3040) + h161@N6 * (-0.9527)	
  193	(BD) C5-H12, Io = 0.2337           	0.00021  	h144@C5 * ( 0.6190) + h217@H12 * ( 0.7854)	
  194	     C5-H12, antibonding (NB)      	  0.00004	h144@C5 * (-0.7854) + h217@H12 * ( 0.6190)	
  195	(BD) C5-N6, Io = 0.7290            	0.00000  	h146@C5 * ( 0.9298) + h183@N6 * ( 0.3681)	
  196	     C5-N6, antibonding (NB)       	  0.00000	h146@C5 * ( 0.3681) + h183@N6 * (-0.9298)	
  197	(BD) C5-H7, Io = 0.3102            	0.00013  	h147@C5 * ( 0.5873) + h192@H7 * ( 0.8094)	
  198	     C5-H7, antibonding (NB)       	  0.00001	h147@C5 * (-0.8094) + h192@H7 * ( 0.5873)	
  199	(BD) C5-N6, Io = 0.2484            	0.00036  	h148@C5 * ( 0.6130) + h166@N6 * ( 0.7901)	
  200	     C5-N6, antibonding (NB)       	  0.00017	h148@C5 * (-0.7901) + h166@N6 * ( 0.6130)	
  201	(BD) C5-N6, Io = 0.7167            	0.00000  	h152@C5 * ( 0.9265) + h179@N6 * ( 0.3763)	
  202	     C5-N6, antibonding (NB)       	  0.00000	h152@C5 * ( 0.3763) + h179@N6 * (-0.9265)	
  203	(BD) N6-H13, Io = 0.1905           	0.00004  	h158@N6 * (-0.6362) + h228@H13 * ( 0.7715)	
  204	     N6-H13, antibonding (NB)      	  0.00002	h158@N6 * (-0.7715) + h228@H13 * (-0.6362)	
  205	(BD) N6-H12, Io = 0.4602           	1.99325  	h159@N6 * ( 0.8545) + h219@H12 * ( 0.5195)	
  206	     N6-H12, antibonding (NB)      	  0.00808	h159@N6 * ( 0.5195) + h219@H12 * (-0.8545)	
  207	(BD) N6-H13, Io = 0.9999           	1.99971  	h160@N6 * ( 1.0000) + h223@H13 * ( 0.0058)	
  208	     N6-H13, antibonding (NB)      	  0.00016	h160@N6 * ( 0.0058) + h223@H13 * (-1.0000)	
  209	(BD) N6-H13, Io = 0.6982           	0.00183  	h165@N6 * ( 0.9215) + h224@H13 * ( 0.3885)	
  210	     N6-H13, antibonding (NB)      	  0.00011	h165@N6 * ( 0.3885) + h224@H13 * (-0.9215)	
  211	(BD) N6-H11, Io = 0.4584           	1.99306  	h167@N6 * ( 0.8539) + h213@H11 * (-0.5204)	
  212	     N6-H11, antibonding (NB)      	  0.00918	h167@N6 * (-0.5204) + h213@H11 * (-0.8539)	
  213	(BD) N6-H13, Io = 0.4636           	1.99184  	h168@N6 * ( 0.8554) + h225@H13 * ( 0.5179)	
  214	     N6-H13, antibonding (NB)      	  0.00571	h168@N6 * ( 0.5179) + h225@H13 * (-0.8554)	
  215	(BD) N6-H8, Io = 0.7616            	0.00009  	h175@N6 * ( 0.9385) + h198@H8 * ( 0.3453)	
  216	     N6-H8, antibonding (NB)       	  0.00002	h175@N6 * ( 0.3453) + h198@H8 * (-0.9385)	
  217	(BD) N6-H8, Io = 0.3812            	0.00013  	h178@N6 * ( 0.8310) + h197@H8 * ( 0.5562)	
  218	     N6-H8, antibonding (NB)       	  0.00002	h178@N6 * ( 0.5562) + h197@H8 * (-0.8310)	
  219	(BD) H8-H11, Io = 0.2239           	0.00136  	h194@H8 * ( 0.7823) + h212@H11 * ( 0.6229)	
  220	     H8-H11, antibonding (NB)      	  0.00042	h194@H8 * ( 0.6229) + h212@H11 * (-0.7823)	
  221	(BD) H9-H10, Io = 0.0388           	0.00019  	h199@H9 * ( 0.6933) + h205@H10 * ( 0.7207)	
  222	     H9-H10, antibonding (NB)      	  0.00002	h199@H9 * (-0.7207) + h205@H10 * ( 0.6933)	
  223	(BD) H9-H12, Io = 0.6070           	0.00001  	h202@H9 * ( 0.8964) + h221@H12 * ( 0.4433)	
  224	     H9-H12, antibonding (NB)      	  0.00001	h202@H9 * ( 0.4433) + h221@H12 * (-0.8964)	
  225	(BD) H10-H11, Io = 0.1700          	0.00002  	h208@H10 * ( 0.7649) + h214@H11 * (-0.6442)	
  226	     H10-H11, antibonding (NB)     	  0.00001	h208@H10 * (-0.6442) + h214@H11 * (-0.7649)	
  227	(BD) H11-H12, Io = 0.8158          	0.00013  	h211@H11 * ( 0.9529) + h220@H12 * ( 0.3034)	
  228	     H11-H12, antibonding (NB)     	  0.00003	h211@H11 * ( 0.3034) + h220@H12 * (-0.9529)	

Note: 2 one-center RY orbitals, each having occupancy below 1.00e-03,
      were not printed (use the program option -RyOccPrintThreshold to change this behavior)
      Total occupancy of these RY orbitals is -0.00000


Number of two-center(2C) BD orbitals for each pair of atoms
Centr. A/B         1         2         3         4         5         6         7         8         9        10        11        12        13
      1    (     31)         6         2         5         4         7         2         1         0         0         1         2         1
      2              (     31)         7        10         3         2         0         0         0         2         0         0         1
      3                        (     29)        10         4         4         1         0         0         0         1         0         0
      4                                  (     31)         2         1         1         0         2         0         0         0         0
      5                                            (     31)         9         2         2         2         2         0         1         0
      6                                                      (     31)         0         2         0         0         1         1         4
      7                                                                (      6)         0         0         0         0         0         0
      8                                                                          (      6)         0         0         1         0         0
      9                                                                                    (      6)         1         0         1         0
     10                                                                                              (      6)         1         0         0
     11                                                                                                        (      6)         1         0
     12                                                                                                                  (      6)         0
     13                                                                                                                            (      6)

>> LPO  occupancy summary >>
       bonding (BD):     47.30067 in  113 oribtals
  anti-bonding (NB):      0.69933 in  113 oribtals
 1c-lone pairs (LP):      0.00000 in    0 oribtals
 1c-unoccupied (RY):     -0.00000 in    2 oribtals

Method        BD+LP....in      NB+RY     BD+NB+LP  BD+NB+LP+RY      trace(D)   Sum[Bd^2+Lp^2]    ||D||^2
  LPO      47.30067   113    0.69933     48.00000     48.00000       48.000        93.2348       96.0000


                          * * *                                         

Creating CLPOs (Chemist's Localized Property-optimized Orbitals)


Optimizing CLPOs...
Finding an optimal hybrid pairing...
    0    1    2    3    4    5    6    7    8    9   10   11   12   13   14   15   16   17   18   19   20   21   22   23   24   25   26   27   28   29   30   31   32   33   34   35   36   37   38   39   40   41   42   43   44   45   46   47   48   49   50   51   52   53   54   55   56   57   58   59   60   61   62   63   64   65   66   67   68   69   70   71   72   73   74   75   76   77   78   79   80   81   82   83   84   85   86   87   88   89   90   91   92   93   94   95   96   97   98   99  100  101  102  103  104  105  106  107  108  109  110  111  112  113  114  115  116  117  118  119  120  121  122  123  124  125  126  127  128  129  130  131  132  133  134  135  136  137  138  139  140  141  142  143  144  145  146  147  148  149  150  151  152  153  154  155  156  157  158  159  160  161  162  163  164  165  166  167  168  169  170  171  172  173  174  175  176  177  178  179  180  181  182  183  184  185  186  187  188  189  190  191  192  193  194  195  196  197  198  199  200  201  202  203  204  205  206  207  208  209  210  211  212  213  214  215  216  217  218  219  220  221  222  223  224  225  226  227  228  229  230  231  232  233  234  235  236  237  238  239  240  241  242  243  244  245  246  247  248  249  250  251  252  253  254  255  256  257  258  259  260  261  262  263  264  265  266  267  268  269  270  271  272  273  274  275  276  277  278  279  280  281  282  283  284  285  286  287  288  289  290  291  292  293  294  295  296  297  298  299  300  301  302  303  304  305  306  307  308  309  310  311  312  313  314  315  316  317  318  319  320  321  322  323  324  325  326  327  328  329  330  331  332  333  334  335  336  337  338  339  340  341  342  343  344  345  346  347  348  349  350  351  352  353  354  355  356  357  358  359  360  361  362  363  364  365  366  367  368  369  370  371  372  373  374  375  376  377  378  379  380  381  382  383  384  385  386  387  388  389  390  391  392  393  394  395  396  397  398  399  400  401  402  403  404  405  406  407  408  409  410  411  412  413  414  415  416  417  418  419  420  421  422  423  424  425  426  427  428  429  430  431  432  433  434  435  436  437  438  439  440  441  442  443  444  445  446  447  448  449  450  451  452  453  454  455
  228  229  230  127  232  233  234  235  236  237  238  194  188   44  242  243  244  245  246  247  248  249  250  251  252  253  254  255  256  257  258  259  260  261  105  263  264  265  266  267  268  269   73  104   13  273  274  275  276  277  278  279  280  281  282  283  284  285  286  287  288  289  290  291  292  293  294  295  296  297  298  299  300   42  302  303  304  305  306  307  308  309  310  311  312  313  314  315  316  317  318  319  320  321  322  323  324  325  326  327  328  329  330  331   43   34  334  335  336  337  338  339  340  341  342  343  344  345  346  347  348  349  350  351  352  353  354    3  356  357  358  359  360  361  362  206  200  168  366  367  368  369  370  371  372  373  374  375  376  377  378  379  380  381  382  383  384  385  218  387  388  389  390  391  392  393  212  224  137  397  398  399  400  401  402  403  404  405  406  407  408  409  410  411  412  413  414  415   12  417  418  419  420  421   11  423  424  425  426  427  136  429  430  431  432  433  135  435  436  437  438  439  166  441  442  443  444  445  158  447  448  449  450  451  167  453  454  455    0    1    2   -1    4    5    6    7    8    9   10   -1   -1   -1   14   15   16   17   18   19   20   21   22   23   24   25   26   27   28   29   30   31   32   33   -1   35   36   37   38   39   40   41   -1   -1   -1   45   46   47   48   49   50   51   52   53   54   55   56   57   58   59   60   61   62   63   64   65   66   67   68   69   70   71   72   -1   74   75   76   77   78   79   80   81   82   83   84   85   86   87   88   89   90   91   92   93   94   95   96   97   98   99  100  101  102  103   -1   -1  106  107  108  109  110  111  112  113  114  115  116  117  118  119  120  121  122  123  124  125  126   -1  128  129  130  131  132  133  134   -1   -1   -1  138  139  140  141  142  143  144  145  146  147  148  149  150  151  152  153  154  155  156  157   -1  159  160  161  162  163  164  165   -1   -1   -1  169  170  171  172  173  174  175  176  177  178  179  180  181  182  183  184  185  186  187   -1  189  190  191  192  193   -1  195  196  197  198  199   -1  201  202  203  204  205   -1  207  208  209  210  211   -1  213  214  215  216  217   -1  219  220  221  222  223   -1  225  226  227
CLPO iteration  1: hybrids reconnected, target function =   93.0638688
Iterative optimization of atomic hybrids
           Target                 Total        max.atomic       Total        max.atomic     Nxt.step
  Itr.    function    new-old  ||Unew-U||^2   ||unew-u||^2   ||Dnew-D||^2   ||dnew-d||^2     lambda 
    1      93.0639   +9.3e+01    5.244344      0.0466060      0.09444        0.0867010       (none)
    2      93.0763   +1.2e-02    3.148985      0.0254045      0.01316        0.0098959       (none)
    3      93.0764   +5.4e-05    2.413155      0.0218561      0.00602        0.0034456       (none)
    4      93.0764   +7.5e-06    << Converged! (threshold = 1.00e-05) >>
Optimization of hybrids finished
CLPO iteration  1: hybrids optimized, target function =   93.0763813
Finding an optimal hybrid pairing...
    0    1    2    3    4    5    6    7    8    9   10   11   12   13   14   15   16   17   18   19   20   21   22   23   24   25   26   27   28   29   30   31   32   33   34   35   36   37   38   39   40   41   42   43   44   45   46   47   48   49   50   51   52   53   54   55   56   57   58   59   60   61   62   63   64   65   66   67   68   69   70   71   72   73   74   75   76   77   78   79   80   81   82   83   84   85   86   87   88   89   90   91   92   93   94   95   96   97   98   99  100  101  102  103  104  105  106  107  108  109  110  111  112  113  114  115  116  117  118  119  120  121  122  123  124  125  126  127  128  129  130  131  132  133  134  135  136  137  138  139  140  141  142  143  144  145  146  147  148  149  150  151  152  153  154  155  156  157  158  159  160  161  162  163  164  165  166  167  168  169  170  171  172  173  174  175  176  177  178  179  180  181  182  183  184  185  186  187  188  189  190  191  192  193  194  195  196  197  198  199  200  201  202  203  204  205  206  207  208  209  210  211  212  213  214  215  216  217  218  219  220  221  222  223  224  225  226  227  228  229  230  231  232  233  234  235  236  237  238  239  240  241  242  243  244  245  246  247  248  249  250  251  252  253  254  255  256  257  258  259  260  261  262  263  264  265  266  267  268  269  270  271  272  273  274  275  276  277  278  279  280  281  282  283  284  285  286  287  288  289  290  291  292  293  294  295  296  297  298  299  300  301  302  303  304  305  306  307  308  309  310  311  312  313  314  315  316  317  318  319  320  321  322  323  324  325  326  327  328  329  330  331  332  333  334  335  336  337  338  339  340  341  342  343  344  345  346  347  348  349  350  351  352  353  354  355  356  357  358  359  360  361  362  363  364  365  366  367  368  369  370  371  372  373  374  375  376  377  378  379  380  381  382  383  384  385  386  387  388  389  390  391  392  393  394  395  396  397  398  399  400  401  402  403  404  405  406  407  408  409  410  411  412  413  414  415  416  417  418  419  420  421  422  423  424  425  426  427  428  429  430  431  432  433  434  435  436  437  438  439  440  441  442  443  444  445  446  447  448  449  450  451  452  453  454  455
  228  229  230  127  232  233  234  235  236  237  238  194  188   44  242  243  244  245  246  247  248  249  250  251  252  253  254  255  256  257  258  259  260  261  105  263  264  265  266  267  268  269   73  104   13  273  274  275  276  277  278  279  280  281  282  283  284  285  286  287  288  289  290  291  292  293  294  295  296  297  298  299  300   42  302  303  304  305  306  307  308  309  310  311  312  313  314  315  316  317  318  319  320  321  322  323  324  325  326  327  328  329  330  331   43   34  334  335  336  337  338  339  340  341  342  343  344  345  346  347  348  349  350  351  352  353  354    3  356  357  358  359  360  361  362  206  200  168  366  367  368  369  370  371  372  373  374  375  376  377  378  379  380  381  382  383  384  385  218  387  388  389  390  391  392  393  212  224  137  397  398  399  400  401  402  403  404  405  406  407  408  409  410  411  412  413  414  415   12  417  418  419  420  421   11  423  424  425  426  427  136  429  430  431  432  433  135  435  436  437  438  439  166  441  442  443  444  445  158  447  448  449  450  451  167  453  454  455    0    1    2   -1    4    5    6    7    8    9   10   -1   -1   -1   14   15   16   17   18   19   20   21   22   23   24   25   26   27   28   29   30   31   32   33   -1   35   36   37   38   39   40   41   -1   -1   -1   45   46   47   48   49   50   51   52   53   54   55   56   57   58   59   60   61   62   63   64   65   66   67   68   69   70   71   72   -1   74   75   76   77   78   79   80   81   82   83   84   85   86   87   88   89   90   91   92   93   94   95   96   97   98   99  100  101  102  103   -1   -1  106  107  108  109  110  111  112  113  114  115  116  117  118  119  120  121  122  123  124  125  126   -1  128  129  130  131  132  133  134   -1   -1   -1  138  139  140  141  142  143  144  145  146  147  148  149  150  151  152  153  154  155  156  157   -1  159  160  161  162  163  164  165   -1   -1   -1  169  170  171  172  173  174  175  176  177  178  179  180  181  182  183  184  185  186  187   -1  189  190  191  192  193   -1  195  196  197  198  199   -1  201  202  203  204  205   -1  207  208  209  210  211   -1  213  214  215  216  217   -1  219  220  221  222  223   -1  225  226  227
CLPO iteration  2: hybrids reconnected, target function =   93.0763813
Done! (in 1 iterations)


*** Summary of CLPO results

  CLPO	         D e s c r i p t i o n     	Occupancy	Composition
    4	(BD) C1-C5, Io = 0.0236            	1.98754  	h4@C1 * ( 0.6987) + h128@C5 * ( 0.7154)	
    5	     C1-C5, antibonding (NB)       	  0.01372	h4@C1 * (-0.7154) + h128@C5 * ( 0.6987)	
    6	(LP)  C1                           	1.99929  	1.0 * h5@C1
   11	                            C1 (RY)	  0.00292	1.0 * h10@C1
   12	                            C1 (RY)	  0.00214	1.0 * h11@C1
   13	(BD) C1-H8, Io = 0.2205            	1.97520  	h12@C1 * ( 0.7812) + h195@H8 * (-0.6243)	
   14	     C1-H8, antibonding (NB)       	  0.01222	h12@C1 * (-0.6243) + h195@H8 * (-0.7812)	
   15	(BD) C1-H7, Io = 0.2256            	1.96971  	h13@C1 * ( 0.7828) + h189@H7 * (-0.6223)	
   16	     C1-H7, antibonding (NB)       	  0.01219	h13@C1 * (-0.6223) + h189@H7 * (-0.7828)	
   17	(BD) C1-C2, Io = 0.0876            	1.98656  	h14@C1 * ( 0.7374) + h45@C2 * (-0.6754)	
   18	     C1-C2, antibonding (NB)       	  0.09003	h14@C1 * (-0.6754) + h45@C2 * (-0.7374)	
   38	                            C2 (RY)	  0.00206	1.0 * h34@C2
   39	(BD) C2-O4, Io = 0.2903            	1.99744  	h35@C2 * (-0.5957) + h106@O4 * ( 0.8032)	
   40	     C2-O4, antibonding (NB)       	  0.05323	h35@C2 * (-0.8032) + h106@O4 * (-0.5957)	
   41	(LP)  C2                           	1.99962  	1.0 * h36@C2
   45	                            C2 (RY)	  0.01723	1.0 * h40@C2
   46	                            C2 (RY)	  0.01906	1.0 * h41@C2
   47	                            C2 (RY)	  0.00104	1.0 * h42@C2
   48	(BD) C2-O3, Io = 0.2822            	1.99685  	h43@C2 * (-0.5991) + h74@O3 * ( 0.8007)	
   49	     C2-O3, antibonding (NB)       	  0.05306	h43@C2 * (-0.8007) + h74@O3 * (-0.5991)	
   50	(BD) C2-O4, Io = 0.5279            	1.99168  	h44@C2 * (-0.4859) + h105@O4 * ( 0.8740)	
   51	     C2-O4, antibonding (NB)       	  0.38755	h44@C2 * (-0.8740) + h105@O4 * (-0.4859)	
   58	                            C2 (RY)	  0.00205	1.0 * h52@C2
   60	                            C2 (RY)	  0.00494	1.0 * h54@C2
   72	(LP)  O3                           	1.97846  	1.0 * h66@O3
   73	(LP)  O3                           	1.99993  	1.0 * h67@O3
   78	                            O3 (RY)	  0.00105	1.0 * h72@O3
   79	                            O3 (RY)	  0.00230	1.0 * h73@O3
   80	(LP)  O3                           	1.63387  	1.0 * h75@O3
   81	(LP)  O3                           	1.90146  	1.0 * h76@O3
  102	(LP)  O4                           	1.97747  	1.0 * h97@O4
  103	(LP)  O4                           	1.99992  	1.0 * h98@O4
  107	                            O4 (RY)	  0.00115	1.0 * h102@O4
  109	                            O4 (RY)	  0.00237	1.0 * h104@O4
  110	(LP)  O4                           	1.89667  	1.0 * h107@O4
  131	(LP)  C5                           	1.99953  	1.0 * h129@C5
  135	                            C5 (RY)	  0.00169	1.0 * h133@C5
  136	                            C5 (RY)	  0.00152	1.0 * h134@C5
  137	                            C5 (RY)	  0.00304	1.0 * h135@C5
  138	(BD) C5-H10, Io = 0.2298           	1.98238  	h136@C5 * ( 0.7842) + h207@H10 * ( 0.6206)	
  139	     C5-H10, antibonding (NB)      	  0.01367	h136@C5 * ( 0.6206) + h207@H10 * (-0.7842)	
  140	(BD) C5-H9, Io = 0.2251            	1.98234  	h137@C5 * ( 0.7826) + h201@H9 * ( 0.6225)	
  141	     C5-H9, antibonding (NB)       	  0.01391	h137@C5 * ( 0.6225) + h201@H9 * (-0.7826)	
  142	(BD) C5-N6, Io = 0.2741            	1.99567  	h138@C5 * (-0.6025) + h169@N6 * ( 0.7981)	
  143	     C5-N6, antibonding (NB)       	  0.01582	h138@C5 * (-0.7981) + h169@N6 * (-0.6025)	
  164	(BD) N6-H12, Io = 0.4602           	1.99324  	h159@N6 * ( 0.8545) + h219@H12 * ( 0.5195)	
  165	     N6-H12, antibonding (NB)      	  0.00807	h159@N6 * ( 0.5195) + h219@H12 * (-0.8545)	
  166	(LP)  N6                           	1.99964  	1.0 * h160@N6
  171	                            N6 (RY)	  0.00158	1.0 * h165@N6
  173	(BD) N6-H11, Io = 0.4584           	1.99306  	h167@N6 * ( 0.8539) + h213@H11 * (-0.5204)	
  174	     N6-H11, antibonding (NB)      	  0.00918	h167@N6 * (-0.5204) + h213@H11 * (-0.8539)	
  175	(BD) N6-H13, Io = 0.4635           	1.99184  	h168@N6 * ( 0.8554) + h225@H13 * ( 0.5179)	
  176	     N6-H13, antibonding (NB)      	  0.00571	h168@N6 * ( 0.5179) + h225@H13 * (-0.8554)	
  210	                           H10 (RY)	  0.00108	1.0 * h206@H10

Note: 174 one-center RY orbitals, each having occupancy below 1.00e-03,
      were not printed (use the program option -RyOccPrintThreshold to change this behavior)
      Total occupancy of these RY orbitals is 0.01508


Number of two-center(2C) BD orbitals for each pair of atoms
Centr. A/B         1         2         3         4         5         6         7         8         9        10        11        12        13
      1    (      4)         1         0         0         1         0         1         1         0         0         0         0         0
      2              (      4)         1         2         0         0         0         0         0         0         0         0         0
      3                        (      1)         0         0         0         0         0         0         0         0         0         0
      4                                  (      2)         0         0         0         0         0         0         0         0         0
      5                                            (      4)         1         0         0         1         1         0         0         0
      6                                                      (      4)         0         0         0         0         1         1         1
      7                                                                (      1)         0         0         0         0         0         0
      8                                                                          (      1)         0         0         0         0         0
      9                                                                                    (      1)         0         0         0         0
     10                                                                                              (      1)         0         0         0
     11                                                                                                        (      1)         0         0
     12                                                                                                                  (      1)         0
     13                                                                                                                            (      1)
VAL: 	  C 	 4 
VAL: 	  C 	 4 
VAL: 	  O 	 1 
VAL: 	  O 	 2 
VAL: 	  C 	 4 
VAL: 	  N 	 4 
VAL: 	  H 	 1 
VAL: 	  H 	 1 
VAL: 	  H 	 1 
VAL: 	  H 	 1 
VAL: 	  H 	 1 
VAL: 	  H 	 1 
VAL: 	  H 	 1 

>> CLPO occupancy summary >>
       bonding (BD):     25.84351 in   13 oribtals
  anti-bonding (NB):      0.68834 in   13 oribtals
 1c-lone pairs (LP):     21.38585 in   11 oribtals
 1c-unoccupied (RY):      0.08229 in  191 oribtals

Method        BD+LP....in      NB+RY     BD+NB+LP  BD+NB+LP+RY      trace(D)   Sum[Bd^2+Lp^2]    ||D||^2
  CLPO     47.22937    24    0.77063     47.91771     48.00000       48.000        93.0756       96.0000

                          * * *                                         

Atomic connectivity analysis based on CLPO bonding graph:

There are 1 molecule(s) in the system
(the 'molecule' is defined as the set of atoms linked with BD orbitals)

Molecule   TotalNPA    NumberOf   ListOf 
id         charge      atoms      atoms...
   1       +0.00000       13      C1 C2 O3 O4 C5 N6 H7 H8 H9 H10 H11 H12 H13

Note: The total NPA charge is computed as the sum of NPA charge of atoms belonging to each molecule

                          * * *                                         

Approximate charge transfer analysis in CLPO basis
NOTE: this is an experimental feature AND IS SUBJECT TO CHANGE!
 We expect to have the underlying theory published soon...

Threshold for printing: 0.01000 

IntrAfragment charge transfers (conjugation analysis, etc.)
CT within fragment 1

 orb.num.   description  occup.  -->  charge, e  -->   occup.   description  orb.num.
    15        C1-H7:BD   1.9697  -->   0.01498   -->   0.3875         C2-O4:NB    51
    72           O3:LP   1.9785  -->   0.01196   -->   0.0172            C2:RY    45
    80           O3:LP   1.6339  -->   0.35154   -->   0.3875         C2-O4:NB    51
    81           O3:LP   1.9015  -->   0.03466   -->   0.0900         C1-C2:NB    18
    81           O3:LP   1.9015  -->   0.04460   -->   0.0532         C2-O4:NB    40
   102           O4:LP   1.9775  -->   0.01272   -->   0.0191            C2:RY    46
   110           O4:LP   1.8967  -->   0.04151   -->   0.0900         C1-C2:NB    18
   110           O4:LP   1.8967  -->   0.04617   -->   0.0531         C2-O3:NB    49

4888 orbital pairs with total charge transfer of 0.19646 were not printed


IntErfragment charge transfers (donor-acceptor analysis, etc.)

Inter-molecular charge transfer summary (NEW):
Mol  Accepted -Donated  =  got_electrons
  1  +0.00000 -0.00000  =   +0.00000

                          * * *                                         



0 warning(s)

Total run time: 0 min, 1.5 sec


                          * * *                                         

