 * * * * * * * * * * * * * * * * * * * * * * * * * * * * * * * * * * * *
 *    janpa: A cross-platform open-source implementation of NPA        * 
 *    and other electronic structure analysis methods with Java        * 
 *        A part of JANPA package,   http://janpa.sourceforge.net      * 
 *                    Version:    2.02 (13-01-2019)                    * 
 * * * * * * * * * * * * * * * * * * * * * * * * * * * * * * * * * * * *

 (c) Tymofii Nikolaienko, 2014-2019

 If any results obtained with this program are published,
 or for any other reasons, please, cite this work as: 
 1) T.Y.Nikolaienko, L.A.Bulavin; Int. J. Quantum Chem. (2019), 
    Vol.119, page e25798, DOI: 10.1002/qua.25798
 2) T.Y.Nikolaienko, L.A.Bulavin, D.M.Hovorun; Comput.Theor.Chem.(2014),
    Vol.1050, pages 15-22, DOI: 10.1016/j.comptc.2014.10.002

                          * * *                                         

Settings used in this run:

 -i: input_janpa.molden
 -npacharges: (empty)
 -NAO_Molden_File: (empty)
 -LHO_Molden_File: (empty)
 -CLPO_Molden_File: (empty)
 -PrintGeom: false
 -WibergBondOrders_File: (empty)
 -D_Matrix_File: (empty)
 -S_Matrix_File: (empty)
 -SDS_Matrix_File: (empty)
 -PNAO_OverlapMatrix_File: (empty)
 -PNAO_SDS_Matrix_File: (empty)
 -NMB_old_Overlap_Matrix_File: (empty)
 -NMB_old_SDS_Matrix_File: (empty)
 -NRB_old_Overlap_Matrix_File: (empty)
 -NRB_new_Overlap_Matrix_File: (empty)
 -S_Matrix_after_ON2_File: (empty)
 -SDS_Matrix_after_ON2_File: (empty)
 -NRB_Overlap_after_OW_heavy_File: (empty)
 -NRB_Overlap_after_Schmidt2_File: (empty)
 -NRB_Overlap_after_OW2_final_File: (empty)
 -OW2_File: (empty)
 -S_Matrix_after_OW2_File: (empty)
 -SDS_Matrix_after_OW2_File: (empty)
 -SDS_NAO_File: (empty)
 -NAO2AO_File: (empty)
 -PNAO2AO_File: (empty)
 -CLPO2LHO_File: (empty)
 -LHO2NAO_File: (empty)
 -LPO2AHO_File: (empty)
 -AHO2NAO_File: (empty)
 -doFock: false
 -Fock_AO_File: (empty)
 -Fock_NAO_File: (empty)
 -printnmbfock: false
 -PNAO_Molden_File: (empty)
 -AHO_Molden_File: (empty)
 -LPO_Molden_File: (empty)
 -MatrixMaxValuesPerLine: 0
 -MatrixFloatNumberFormat: %.5f
 -maximumBondIonicity: 9.00E-01
 -RyOccPrintThreshold: 1.00E-03
 -HybrOptOccConvThresh: 1.00E-05
 -HybrOptMaxIter: 1000
 -verboseprint: false
 -directNRBwsw: false
 -heavyNRBthreshold: 1.00E-04
 -overlap_straightforward: false
 -p: (empty)

                          * * *                                         

Loading MOLDEN from input_janpa.molden
Basis functions are spherical: true
Total number of basis functions: 271
Total number of different contractions (radial parts): 113
Highest angular momentum: f (Lmax = 3)
Total number of MO: 271

Data loaded successfully
 Number of basis functions: 271; number of molecular orbitals: 271 

Building overlap S and dipole matrices...
Overlap & dipole integrals evaluated in 0.030 seconds
Checking whether the basis functions are unity-normalized...
 Maximum deviation of the basis function norm2 from unity: BFN 42 (0-based num.), max|norm2-1| = 1.000E-09 
Checking for the eigenvalues (linear (in)dependency) of the basis function overlap matrix...
The smallest eigenvalue of the basis function overlap matrix: 1.998E-04 
Checking whether the orbitals are unity-normalized...
Checking MO overlap matrix...
 Maximum of MO |norm2-1|: 1.263E-09 (MO   80)
 Maximum absolute value of off-diagonal MO overlap element: 4.056E-09 (< MO   12 | MO   80 >)
First-order reduced density matrix is OK.

Building density matrix D... done.
Building D.S... done.
Total number of electrons: 56.000000
Sum of electrons charges and the nuclei charges: 0.00000 

Performing Mulliken and Lowdin population analyses...
   Atom	Mulliken  	Lowdin    	Mulliken	Lowdin
       	Population	Population	Charge  	Charge
     N1	 7.26607	 6.81269	-0.26607	 0.18731
     C2	 6.13608	 6.24821	-0.13608	-0.24821
     C3	 6.18899	 6.25776	-0.18899	-0.25776
     C4	 6.16712	 6.25252	-0.16712	-0.25252
     C5	 5.82276	 6.69699	 0.17724	-0.69699
     O6	 8.58667	 8.15989	-0.58667	-0.15989
     O7	 8.57786	 8.14998	-0.57786	-0.14998
     H8	 0.66040	 0.76143	 0.33960	 0.23857
     H9	 0.67271	 0.76852	 0.32729	 0.23148
    H10	 0.83580	 0.84982	 0.16420	 0.15018
    H11	 0.83834	 0.84994	 0.16166	 0.15006
    H12	 0.87431	 0.85011	 0.12569	 0.14989
    H13	 0.89025	 0.85959	 0.10975	 0.14041
    H14	 0.92047	 0.86171	 0.07953	 0.13829
    H15	 0.89216	 0.84564	 0.10784	 0.15436
    H16	 0.67003	 0.77520	 0.32997	 0.22480

Building S.D.S... done.

                          * * *                                         

Creating NAOs


STEP 1. Produce PNAOs

 Total number of natural functions produced: 271
Sorting PNAOs...

STEP 2. Split PNAOs into NMB / NRB sets

 Number of basis functions in teh Natural Minimal Basis (NMB) set for each center: 
center   1:   2 of s |  3 of p |  0 of d |  0 of f |  0 of g |
center   2:   2 of s |  3 of p |  0 of d |  0 of f |  0 of g |
center   3:   2 of s |  3 of p |  0 of d |  0 of f |  0 of g |
center   4:   2 of s |  3 of p |  0 of d |  0 of f |  0 of g |
center   5:   2 of s |  3 of p |  0 of d |  0 of f |  0 of g |
center   6:   2 of s |  3 of p |  0 of d |  0 of f |  0 of g |
center   7:   2 of s |  3 of p |  0 of d |  0 of f |  0 of g |
center   8:   1 of s |  0 of p |  0 of d |  0 of f |  0 of g |
center   9:   1 of s |  0 of p |  0 of d |  0 of f |  0 of g |
center  10:   1 of s |  0 of p |  0 of d |  0 of f |  0 of g |
center  11:   1 of s |  0 of p |  0 of d |  0 of f |  0 of g |
center  12:   1 of s |  0 of p |  0 of d |  0 of f |  0 of g |
center  13:   1 of s |  0 of p |  0 of d |  0 of f |  0 of g |
center  14:   1 of s |  0 of p |  0 of d |  0 of f |  0 of g |
center  15:   1 of s |  0 of p |  0 of d |  0 of f |  0 of g |
center  16:   1 of s |  0 of p |  0 of d |  0 of f |  0 of g |
In total: NMB set has 44 functions, NRB set has 227 functions; 

Trace of the PNAO overlap matrix: 271.0000000 (should be equal to 271, the total number of PNAOs)
 The trace of SDS matrix in PNAO basis = 115.04093723962326

STEP 3. Weighted orthogonalization of NMB PNAOs

 min weight of NMB PNAO = 1.4325539495677917

STEP 4. Schmidt orthogonalization of NRBs to new NMBs


STEP 5. Intracenter naturalization of new NRBs

 Total number of natural functions produced: 227

STEP 6. Weighted orthogonalization of naturalized NRBs

Maximum weight of NRB function = 8.81789E-02
 min weight = 7.868979005799771E-7
 |S_NRB - 1| = 2.86586E-12 (Should be VERY close to zero!)

STEP 7. Final Intracenter Natural Transformation withing the full set of functions

 Total number of natural functions produced: 271
 SQRT{ SUM[(NaoOverlap_ij - delta_ij)^2] } = 2.71e-12 (should be VERY close to zero) 
 max_offdiag = 3.05e-13 (should be VERY close to zero) 
                          * * *                                         

 Final NAO occupancies and leading AO terms:

NAO #                 Name  Occupancy                             Leading term
    1         A1*: R1*s(0)  0.0000001              (-2.77)*BF[4 = A1: R4*s(0)]
    2         A1*: R2*s(0)  0.0000307             (-14.61)*BF[5 = A1: R5*s(0)]
    3         A1*: R3*s(0)  0.0002834              (-8.79)*BF[5 = A1: R5*s(0)]
    4          A1: R4*s(0)  1.3748490               (0.73)*BF[4 = A1: R4*s(0)]
    5          A1: R5*s(0)  1.9996251               (0.65)*BF[2 = A1: R2*s(0)]
    6         A1*: R6*p(0)  0.0000180               (3.85)*BF[9 = A1: R7*p(0)]
    7         A1*: R6*p(1)  0.0000332              (4.76)*BF[10 = A1: R7*p(1)]
    8        A1*: R6*p(-1)  0.0001108             (4.78)*BF[11 = A1: R7*p(-1)]
    9         A1*: R7*p(0)  0.0010528             (-2.93)*BF[12 = A1: R8*p(0)]
   10         A1*: R7*p(1)  0.0005095             (-2.99)*BF[13 = A1: R8*p(1)]
   11        A1*: R7*p(-1)  0.0008363            (-3.15)*BF[14 = A1: R8*p(-1)]
   12          A1: R8*p(0)  1.4587538               (0.57)*BF[6 = A1: R6*p(0)]
   13          A1: R8*p(1)  1.4056818               (0.58)*BF[7 = A1: R6*p(1)]
   14         A1: R8*p(-1)  1.3984056              (0.58)*BF[8 = A1: R6*p(-1)]
   15         A1*: R9*d(0)  0.0000511             (-1.25)*BF[15 = A1: R9*d(0)]
   16         A1*: R9*d(1)  0.0000407             (-1.25)*BF[16 = A1: R9*d(1)]
   17        A1*: R9*d(-1)  0.0000104            (-1.25)*BF[17 = A1: R9*d(-1)]
   18         A1*: R9*d(2)  0.0000257             (-1.25)*BF[18 = A1: R9*d(2)]
   19        A1*: R9*d(-2)  0.0000323            (-1.24)*BF[19 = A1: R9*d(-2)]
   20        A1*: R10*d(0)  0.0013820             (1.86)*BF[20 = A1: R10*d(0)]
   21        A1*: R10*d(1)  0.0023657             (2.07)*BF[21 = A1: R10*d(1)]
   22       A1*: R10*d(-1)  0.0032078             (4.62)*BF[35 = A2: R15*s(0)]
   23        A1*: R10*d(2)  0.0035557             (2.37)*BF[23 = A1: R10*d(2)]
   24       A1*: R10*d(-2)  0.0006927            (1.53)*BF[24 = A1: R10*d(-2)]
   25        A1*: R11*f(0)  0.0000217             (1.19)*BF[25 = A1: R11*f(0)]
   26        A1*: R11*f(1)  0.0001371             (1.22)*BF[26 = A1: R11*f(1)]
   27       A1*: R11*f(-1)  0.0001514               (1.42)*BF[4 = A1: R4*s(0)]
   28        A1*: R11*f(2)  0.0003133               (2.09)*BF[4 = A1: R4*s(0)]
   29       A1*: R11*f(-2)  0.0000355            (1.17)*BF[29 = A1: R11*f(-2)]
   30        A1*: R11*f(3)  0.0001312             (1.23)*BF[30 = A1: R11*f(3)]
   31       A1*: R11*f(-3)  0.0000551            (1.17)*BF[31 = A1: R11*f(-3)]
   32        A2*: R12*s(0)  0.0000073            (13.41)*BF[36 = A2: R16*s(0)]
   33        A2*: R13*s(0)  0.0000543           (-39.18)*BF[36 = A2: R16*s(0)]
   34        A2*: R14*s(0)  0.0019697            (-7.21)*BF[36 = A2: R16*s(0)]
   35         A2: R15*s(0)  1.0485722             (0.79)*BF[35 = A2: R15*s(0)]
   36         A2: R16*s(0)  1.9993278             (0.63)*BF[33 = A2: R13*s(0)]
   37        A2*: R17*p(0)  0.0000854             (5.97)*BF[43 = A2: R19*p(0)]
   38        A2*: R17*p(1)  0.0001717             (7.25)*BF[44 = A2: R19*p(1)]
   39       A2*: R17*p(-1)  0.0001894            (6.00)*BF[45 = A2: R19*p(-1)]
   40        A2*: R18*p(0)  0.0009780            (-2.66)*BF[43 = A2: R19*p(0)]
   41        A2*: R18*p(1)  0.0018494            (-2.93)*BF[44 = A2: R19*p(1)]
   42       A2*: R18*p(-1)  0.0023917           (-2.78)*BF[45 = A2: R19*p(-1)]
   43         A2: R19*p(0)  1.1578103             (0.62)*BF[37 = A2: R17*p(0)]
   44         A2: R19*p(1)  1.0296169             (0.61)*BF[38 = A2: R17*p(1)]
   45        A2: R19*p(-1)  0.9668840            (0.62)*BF[39 = A2: R17*p(-1)]
   46        A2*: R20*d(0)  0.0003601             (2.25)*BF[51 = A2: R21*d(0)]
   47        A2*: R20*d(1)  0.0001688             (2.19)*BF[52 = A2: R21*d(1)]
   48       A2*: R20*d(-1)  0.0002011            (2.19)*BF[53 = A2: R21*d(-1)]
   49        A2*: R20*d(2)  0.0001177             (2.19)*BF[54 = A2: R21*d(2)]
   50       A2*: R20*d(-2)  0.0002434            (2.17)*BF[55 = A2: R21*d(-2)]
   51        A2*: R21*d(0)  0.0001241             (3.35)*BF[35 = A2: R15*s(0)]
   52        A2*: R21*d(1)  0.0009841           (-11.14)*BF[66 = A3: R26*s(0)]
   53       A2*: R21*d(-1)  0.0007985               (5.19)*BF[4 = A1: R4*s(0)]
   54        A2*: R21*d(2)  0.0011326           (-6.46)*BF[42 = A2: R18*p(-1)]
   55       A2*: R21*d(-2)  0.0002575            (-1.73)*BF[40 = A2: R18*p(0)]
   56        A2*: R22*f(0)  0.0000363             (1.41)*BF[56 = A2: R22*f(0)]
   57        A2*: R22*f(1)  0.0000696            (-2.75)*BF[35 = A2: R15*s(0)]
   58       A2*: R22*f(-1)  0.0000492            (-3.00)*BF[35 = A2: R15*s(0)]
   59        A2*: R22*f(2)  0.0006543            (-7.88)*BF[35 = A2: R15*s(0)]
   60       A2*: R22*f(-2)  0.0000265            (1.39)*BF[60 = A2: R22*f(-2)]
   61        A2*: R22*f(3)  0.0000291             (1.33)*BF[61 = A2: R22*f(3)]
   62       A2*: R22*f(-3)  0.0000661            (1.37)*BF[62 = A2: R22*f(-3)]
   63        A3*: R23*s(0)  0.0000013            (-7.56)*BF[66 = A3: R26*s(0)]
   64        A3*: R24*s(0)  0.0000930           (-38.63)*BF[67 = A3: R27*s(0)]
   65        A3*: R25*s(0)  0.0012684           (-12.49)*BF[67 = A3: R27*s(0)]
   66         A3: R26*s(0)  1.0534440             (0.71)*BF[65 = A3: R25*s(0)]
   67         A3: R27*s(0)  1.9993928             (0.63)*BF[64 = A3: R24*s(0)]
   68        A3*: R28*p(0)  0.0000890             (6.13)*BF[74 = A3: R30*p(0)]
   69        A3*: R28*p(1)  0.0001977             (7.00)*BF[75 = A3: R30*p(1)]
   70       A3*: R28*p(-1)  0.0000832            (7.36)*BF[76 = A3: R30*p(-1)]
   71        A3*: R29*p(0)  0.0009596            (-3.34)*BF[74 = A3: R30*p(0)]
   72        A3*: R29*p(1)  0.0019322            (-3.57)*BF[75 = A3: R30*p(1)]
   73       A3*: R29*p(-1)  0.0016358           (-3.93)*BF[76 = A3: R30*p(-1)]
   74         A3: R30*p(0)  1.1093212             (0.62)*BF[68 = A3: R28*p(0)]
   75         A3: R30*p(1)  1.1461080             (0.61)*BF[69 = A3: R28*p(1)]
   76        A3: R30*p(-1)  1.0786353            (0.63)*BF[70 = A3: R28*p(-1)]
   77        A3*: R31*d(0)  0.0003169             (2.12)*BF[82 = A3: R32*d(0)]
   78        A3*: R31*d(1)  0.0000841             (1.63)*BF[83 = A3: R32*d(1)]
   79       A3*: R31*d(-1)  0.0000693            (1.68)*BF[84 = A3: R32*d(-1)]
   80        A3*: R31*d(2)  0.0000871             (1.68)*BF[85 = A3: R32*d(2)]
   81       A3*: R31*d(-2)  0.0002364            (2.03)*BF[86 = A3: R32*d(-2)]
   82        A3*: R32*d(0)  0.0001457             (4.02)*BF[66 = A3: R26*s(0)]
   83        A3*: R32*d(1)  0.0013521           (-11.30)*BF[35 = A2: R15*s(0)]
   84       A3*: R32*d(-1)  0.0012821           (-11.14)*BF[97 = A4: R37*s(0)]
   85        A3*: R32*d(2)  0.0013567            (7.64)*BF[73 = A3: R29*p(-1)]
   86       A3*: R32*d(-2)  0.0001743             (2.38)*BF[97 = A4: R37*s(0)]
   87        A3*: R33*f(0)  0.0000275            (-1.39)*BF[85 = A3: R32*d(2)]
   88        A3*: R33*f(1)  0.0000688             (2.56)*BF[66 = A3: R26*s(0)]
   89       A3*: R33*f(-1)  0.0000619            (-1.96)*BF[66 = A3: R26*s(0)]
   90        A3*: R33*f(2)  0.0008381             (8.17)*BF[66 = A3: R26*s(0)]
   91       A3*: R33*f(-2)  0.0000465             (1.71)*BF[66 = A3: R26*s(0)]
   92        A3*: R33*f(3)  0.0000329             (1.33)*BF[92 = A3: R33*f(3)]
   93       A3*: R33*f(-3)  0.0000328            (1.34)*BF[93 = A3: R33*f(-3)]
   94        A4*: R34*s(0)  0.0000075            (-7.82)*BF[97 = A4: R37*s(0)]
   95        A4*: R35*s(0)  0.0000968           (-41.29)*BF[98 = A4: R38*s(0)]
   96        A4*: R36*s(0)  0.0016567           (-17.68)*BF[98 = A4: R38*s(0)]
   97         A4: R37*s(0)  1.0827426             (0.74)*BF[97 = A4: R37*s(0)]
   98         A4: R38*s(0)  1.9992420             (0.63)*BF[95 = A4: R35*s(0)]
   99        A4*: R39*p(0)  0.0000753            (6.93)*BF[105 = A4: R41*p(0)]
  100        A4*: R39*p(1)  0.0001826           (-7.02)*BF[103 = A4: R40*p(1)]
  101       A4*: R39*p(-1)  0.0001983          (-4.78)*BF[104 = A4: R40*p(-1)]
  102        A4*: R40*p(0)  0.0027240           (-4.28)*BF[105 = A4: R41*p(0)]
  103        A4*: R40*p(1)  0.0017871           (-3.70)*BF[106 = A4: R41*p(1)]
  104       A4*: R40*p(-1)  0.0018889          (-3.11)*BF[107 = A4: R41*p(-1)]
  105         A4: R41*p(0)  1.2099678             (0.61)*BF[99 = A4: R39*p(0)]
  106         A4: R41*p(1)  1.0708819            (0.62)*BF[100 = A4: R39*p(1)]
  107        A4: R41*p(-1)  1.1296187           (0.60)*BF[101 = A4: R39*p(-1)]
  108        A4*: R42*d(0)  0.0002099           (-1.76)*BF[128 = A5: R48*s(0)]
  109        A4*: R42*d(1)  0.0001329           (-1.38)*BF[109 = A4: R42*d(1)]
  110       A4*: R42*d(-1)  0.0000774           (-2.86)*BF[103 = A4: R40*p(1)]
  111        A4*: R42*d(2)  0.0001109             (3.28)*BF[97 = A4: R37*s(0)]
  112       A4*: R42*d(-2)  0.0001265           (1.62)*BF[117 = A4: R43*d(-2)]
  113        A4*: R43*d(0)  0.0005786            (4.47)*BF[128 = A5: R48*s(0)]
  114        A4*: R43*d(1)  0.0014550         (-4.24)*BF[261 = A15: R107*s(0)]
  115       A4*: R43*d(-1)  0.0016231           (-11.06)*BF[66 = A3: R26*s(0)]
  116        A4*: R43*d(2)  0.0025329           (-11.40)*BF[97 = A4: R37*s(0)]
  117       A4*: R43*d(-2)  0.0008700           (-2.97)*BF[103 = A4: R40*p(1)]
  118        A4*: R44*f(0)  0.0000396            (1.53)*BF[128 = A5: R48*s(0)]
  119        A4*: R44*f(1)  0.0000665            (-1.68)*BF[97 = A4: R37*s(0)]
  120       A4*: R44*f(-1)  0.0001569             (4.17)*BF[97 = A4: R37*s(0)]
  121        A4*: R44*f(2)  0.0007438            (-7.35)*BF[97 = A4: R37*s(0)]
  122       A4*: R44*f(-2)  0.0000286           (1.33)*BF[122 = A4: R44*f(-2)]
  123        A4*: R44*f(3)  0.0001411             (2.20)*BF[97 = A4: R37*s(0)]
  124       A4*: R44*f(-3)  0.0001745           (-2.63)*BF[103 = A4: R40*p(1)]
  125        A5*: R45*s(0)  0.0000035           (-6.60)*BF[129 = A5: R49*s(0)]
  126        A5*: R46*s(0)  0.0005704           (21.01)*BF[129 = A5: R49*s(0)]
  127        A5*: R47*s(0)  0.0072951           (-7.51)*BF[128 = A5: R48*s(0)]
  128         A5: R48*s(0)  0.8011845            (1.07)*BF[128 = A5: R48*s(0)]
  129         A5: R49*s(0)  1.9995046           (-0.63)*BF[126 = A5: R46*s(0)]
  130        A5*: R50*p(0)  0.0002078            (7.08)*BF[136 = A5: R52*p(0)]
  131        A5*: R50*p(1)  0.0004052           (12.92)*BF[129 = A5: R49*s(0)]
  132       A5*: R50*p(-1)  0.0001835           (6.04)*BF[138 = A5: R52*p(-1)]
  133        A5*: R51*p(0)  0.0161252           (-2.47)*BF[136 = A5: R52*p(0)]
  134        A5*: R51*p(1)  0.0124523           (-3.45)*BF[137 = A5: R52*p(1)]
  135       A5*: R51*p(-1)  0.0078346          (-2.11)*BF[138 = A5: R52*p(-1)]
  136         A5: R52*p(0)  0.7635375            (0.67)*BF[130 = A5: R50*p(0)]
  137         A5: R52*p(1)  0.8881013            (0.71)*BF[131 = A5: R50*p(1)]
  138        A5: R52*p(-1)  0.7730755           (0.63)*BF[132 = A5: R50*p(-1)]
  139        A5*: R53*d(0)  0.0003127            (6.10)*BF[128 = A5: R48*s(0)]
  140        A5*: R53*d(1)  0.0004294            (6.25)*BF[128 = A5: R48*s(0)]
  141       A5*: R53*d(-1)  0.0002538            (-6.60)*BF[97 = A4: R37*s(0)]
  142        A5*: R53*d(2)  0.0004573            (-9.29)*BF[97 = A4: R37*s(0)]
  143       A5*: R53*d(-2)  0.0002756          (-5.07)*BF[148 = A5: R54*d(-2)]
  144        A5*: R54*d(0)  0.0014635           (-4.95)*BF[128 = A5: R48*s(0)]
  145        A5*: R54*d(1)  0.0013295           (-5.64)*BF[128 = A5: R48*s(0)]
  146       A5*: R54*d(-1)  0.0009108             (3.97)*BF[97 = A4: R37*s(0)]
  147        A5*: R54*d(2)  0.0018746             (6.51)*BF[97 = A4: R37*s(0)]
  148       A5*: R54*d(-2)  0.0012785            (2.46)*BF[134 = A5: R51*p(1)]
  149        A5*: R55*f(0)  0.0000994            (1.86)*BF[133 = A5: R51*p(0)]
  150        A5*: R55*f(1)  0.0001749            (1.43)*BF[150 = A5: R55*f(1)]
  151       A5*: R55*f(-1)  0.0000442             (1.98)*BF[97 = A4: R37*s(0)]
  152        A5*: R55*f(2)  0.0002131            (3.68)*BF[128 = A5: R48*s(0)]
  153       A5*: R55*f(-2)  0.0001525           (-2.28)*BF[134 = A5: R51*p(1)]
  154        A5*: R55*f(3)  0.0001281           (-3.10)*BF[128 = A5: R48*s(0)]
  155       A5*: R55*f(-3)  0.0002494           (-5.00)*BF[128 = A5: R48*s(0)]
  156        A6*: R56*s(0)  0.0000002            (1.50)*BF[157 = A6: R57*s(0)]
  157        A6*: R57*s(0)  0.0001833            (9.48)*BF[159 = A6: R59*s(0)]
  158        A6*: R58*s(0)  0.0002698           (-9.86)*BF[160 = A6: R60*s(0)]
  159         A6: R59*s(0)  1.7297533            (0.58)*BF[159 = A6: R59*s(0)]
  160         A6: R60*s(0)  1.9997847            (0.66)*BF[157 = A6: R57*s(0)]
  161        A6*: R61*p(0)  0.0000770           (-3.84)*BF[160 = A6: R60*s(0)]
  162        A6*: R61*p(1)  0.0000825           (-4.86)*BF[128 = A5: R48*s(0)]
  163       A6*: R61*p(-1)  0.0000362           (2.50)*BF[166 = A6: R62*p(-1)]
  164        A6*: R62*p(0)  0.0015754           (-2.24)*BF[128 = A5: R48*s(0)]
  165        A6*: R62*p(1)  0.0017568            (2.43)*BF[128 = A5: R48*s(0)]
  166       A6*: R62*p(-1)  0.0013303          (-1.88)*BF[169 = A6: R63*p(-1)]
  167         A6: R63*p(0)  1.6709914            (0.53)*BF[161 = A6: R61*p(0)]
  168         A6: R63*p(1)  1.7271552            (0.53)*BF[162 = A6: R61*p(1)]
  169        A6: R63*p(-1)  1.6670150           (0.51)*BF[163 = A6: R61*p(-1)]
  170        A6*: R64*d(0)  0.0000043           (-1.19)*BF[170 = A6: R64*d(0)]
  171        A6*: R64*d(1)  0.0000063            (1.20)*BF[159 = A6: R59*s(0)]
  172       A6*: R64*d(-1)  0.0000121            (1.53)*BF[128 = A5: R48*s(0)]
  173        A6*: R64*d(2)  0.0000180           (-1.22)*BF[173 = A6: R64*d(2)]
  174       A6*: R64*d(-2)  0.0000047           (-2.45)*BF[128 = A5: R48*s(0)]
  175        A6*: R65*d(0)  0.0015996            (1.19)*BF[175 = A6: R65*d(0)]
  176        A6*: R65*d(1)  0.0018725            (1.25)*BF[176 = A6: R65*d(1)]
  177       A6*: R65*d(-1)  0.0026247           (1.23)*BF[177 = A6: R65*d(-1)]
  178        A6*: R65*d(2)  0.0025464            (1.43)*BF[178 = A6: R65*d(2)]
  179       A6*: R65*d(-2)  0.0048798            (2.14)*BF[128 = A5: R48*s(0)]
  180        A6*: R66*f(0)  0.0000249            (1.05)*BF[180 = A6: R66*f(0)]
  181        A6*: R66*f(1)  0.0000286            (1.06)*BF[181 = A6: R66*f(1)]
  182       A6*: R66*f(-1)  0.0000424           (1.07)*BF[182 = A6: R66*f(-1)]
  183        A6*: R66*f(2)  0.0000279            (1.06)*BF[183 = A6: R66*f(2)]
  184       A6*: R66*f(-2)  0.0000770           (1.10)*BF[184 = A6: R66*f(-2)]
  185        A6*: R66*f(3)  0.0000871            (1.13)*BF[185 = A6: R66*f(3)]
  186       A6*: R66*f(-3)  0.0000901           (1.13)*BF[186 = A6: R66*f(-3)]
  187        A7*: R67*s(0)  0.0000003           (-1.69)*BF[128 = A5: R48*s(0)]
  188        A7*: R68*s(0)  0.0002140            (9.75)*BF[191 = A7: R71*s(0)]
  189        A7*: R69*s(0)  0.0003527            (8.72)*BF[190 = A7: R70*s(0)]
  190         A7: R70*s(0)  1.7264169            (0.58)*BF[190 = A7: R70*s(0)]
  191         A7: R71*s(0)  1.9997776            (0.66)*BF[188 = A7: R68*s(0)]
  192        A7*: R72*p(0)  0.0001021           (-4.77)*BF[128 = A5: R48*s(0)]
  193        A7*: R72*p(1)  0.0000245            (2.56)*BF[196 = A7: R73*p(1)]
  194       A7*: R72*p(-1)  0.0000637            (3.60)*BF[128 = A5: R48*s(0)]
  195        A7*: R73*p(0)  0.0014550            (2.74)*BF[128 = A5: R48*s(0)]
  196        A7*: R73*p(1)  0.0022265           (-2.11)*BF[199 = A7: R74*p(1)]
  197       A7*: R73*p(-1)  0.0011982          (-2.07)*BF[200 = A7: R74*p(-1)]
  198         A7: R74*p(0)  1.6051014            (0.54)*BF[192 = A7: R72*p(0)]
  199         A7: R74*p(1)  1.8611156            (0.51)*BF[193 = A7: R72*p(1)]
  200        A7: R74*p(-1)  1.6036375           (0.52)*BF[194 = A7: R72*p(-1)]
  201        A7*: R75*d(0)  0.0000150           (-1.20)*BF[201 = A7: R75*d(0)]
  202        A7*: R75*d(1)  0.0000035            (2.19)*BF[190 = A7: R70*s(0)]
  203       A7*: R75*d(-1)  0.0000086          (-1.19)*BF[203 = A7: R75*d(-1)]
  204        A7*: R75*d(2)  0.0000082            (1.92)*BF[128 = A5: R48*s(0)]
  205       A7*: R75*d(-2)  0.0000117            (1.47)*BF[128 = A5: R48*s(0)]
  206        A7*: R76*d(0)  0.0022534            (1.24)*BF[206 = A7: R76*d(0)]
  207        A7*: R76*d(1)  0.0046884            (1.87)*BF[128 = A5: R48*s(0)]
  208       A7*: R76*d(-1)  0.0013404           (1.18)*BF[208 = A7: R76*d(-1)]
  209        A7*: R76*d(2)  0.0031741            (1.34)*BF[209 = A7: R76*d(2)]
  210       A7*: R76*d(-2)  0.0024714           (1.33)*BF[210 = A7: R76*d(-2)]
  211        A7*: R77*f(0)  0.0000255            (1.06)*BF[211 = A7: R77*f(0)]
  212        A7*: R77*f(1)  0.0000835            (1.12)*BF[212 = A7: R77*f(1)]
  213       A7*: R77*f(-1)  0.0000165           (1.04)*BF[213 = A7: R77*f(-1)]
  214        A7*: R77*f(2)  0.0000638            (1.10)*BF[214 = A7: R77*f(2)]
  215       A7*: R77*f(-2)  0.0000621           (1.10)*BF[215 = A7: R77*f(-2)]
  216        A7*: R77*f(3)  0.0000641            (1.10)*BF[216 = A7: R77*f(3)]
  217       A7*: R77*f(-3)  0.0000644           (1.08)*BF[217 = A7: R77*f(-3)]
  218        A8*: R78*s(0)  0.0001755           (-2.99)*BF[220 = A8: R80*s(0)]
  219        A8*: R79*s(0)  0.0002953           (-2.86)*BF[220 = A8: R80*s(0)]
  220         A8: R80*s(0)  0.5372193            (0.98)*BF[219 = A8: R79*s(0)]
  221        A8*: R81*p(0)  0.0000928           (-2.96)*BF[219 = A8: R79*s(0)]
  222        A8*: R81*p(1)  0.0000732            (1.48)*BF[222 = A8: R81*p(1)]
  223       A8*: R81*p(-1)  0.0001258           (-4.27)*BF[219 = A8: R79*s(0)]
  224        A9*: R82*s(0)  0.0001563           (-3.07)*BF[226 = A9: R84*s(0)]
  225        A9*: R83*s(0)  0.0010140           (-2.68)*BF[226 = A9: R84*s(0)]
  226         A9: R84*s(0)  0.5461887            (0.95)*BF[225 = A9: R83*s(0)]
  227        A9*: R85*p(0)  0.0001726            (5.03)*BF[225 = A9: R83*s(0)]
  228        A9*: R85*p(1)  0.0000637            (1.41)*BF[228 = A9: R85*p(1)]
  229       A9*: R85*p(-1)  0.0001013           (-1.95)*BF[225 = A9: R83*s(0)]
  230       A10*: R86*s(0)  0.0000793          (-5.01)*BF[232 = A10: R88*s(0)]
  231       A10*: R87*s(0)  0.0004016          (-4.48)*BF[232 = A10: R88*s(0)]
  232        A10: R88*s(0)  0.7728127           (0.92)*BF[231 = A10: R87*s(0)]
  233       A10*: R89*p(0)  0.0000731           (1.48)*BF[233 = A10: R89*p(0)]
  234       A10*: R89*p(1)  0.0007634          (-5.34)*BF[231 = A10: R87*s(0)]
  235      A10*: R89*p(-1)  0.0002246             (2.50)*BF[35 = A2: R15*s(0)]
  236       A11*: R90*s(0)  0.0000899          (-4.01)*BF[238 = A11: R92*s(0)]
  237       A11*: R91*s(0)  0.0009181          (-4.48)*BF[238 = A11: R92*s(0)]
  238        A11: R92*s(0)  0.7757372           (0.89)*BF[237 = A11: R91*s(0)]
  239       A11*: R93*p(0)  0.0006846          (-5.36)*BF[237 = A11: R91*s(0)]
  240       A11*: R93*p(1)  0.0000773           (1.48)*BF[240 = A11: R93*p(1)]
  241      A11*: R93*p(-1)  0.0002842           (2.53)*BF[237 = A11: R91*s(0)]
  242       A12*: R94*s(0)  0.0000821          (-4.87)*BF[244 = A12: R96*s(0)]
  243       A12*: R95*s(0)  0.0005725          (-5.01)*BF[244 = A12: R96*s(0)]
  244        A12: R96*s(0)  0.7729267           (0.91)*BF[243 = A12: R95*s(0)]
  245       A12*: R97*p(0)  0.0000730           (1.51)*BF[245 = A12: R97*p(0)]
  246       A12*: R97*p(1)  0.0006271          (-5.29)*BF[243 = A12: R95*s(0)]
  247      A12*: R97*p(-1)  0.0002943           (2.81)*BF[243 = A12: R95*s(0)]
  248       A13*: R98*s(0)  0.0000879         (-3.91)*BF[250 = A13: R100*s(0)]
  249       A13*: R99*s(0)  0.0017835         (-4.79)*BF[250 = A13: R100*s(0)]
  250       A13: R100*s(0)  0.7844532           (0.85)*BF[249 = A13: R99*s(0)]
  251      A13*: R101*p(0)  0.0007198           (5.43)*BF[249 = A13: R99*s(0)]
  252      A13*: R101*p(1)  0.0000876          (1.50)*BF[252 = A13: R101*p(1)]
  253     A13*: R101*p(-1)  0.0001813          (-2.62)*BF[249 = A13: R99*s(0)]
  254      A14*: R102*s(0)  0.0001000         (-4.04)*BF[256 = A14: R104*s(0)]
  255      A14*: R103*s(0)  0.0010851         (-5.26)*BF[256 = A14: R104*s(0)]
  256       A14: R104*s(0)  0.7897099          (0.88)*BF[255 = A14: R103*s(0)]
  257      A14*: R105*p(0)  0.0007149         (-5.22)*BF[255 = A14: R103*s(0)]
  258      A14*: R105*p(1)  0.0000687          (1.58)*BF[258 = A14: R105*p(1)]
  259     A14*: R105*p(-1)  0.0002370          (2.85)*BF[255 = A14: R103*s(0)]
  260      A15*: R106*s(0)  0.0000916         (-4.93)*BF[262 = A15: R108*s(0)]
  261      A15*: R107*s(0)  0.0004872         (-5.20)*BF[262 = A15: R108*s(0)]
  262       A15: R108*s(0)  0.7719976          (0.91)*BF[261 = A15: R107*s(0)]
  263      A15*: R109*p(0)  0.0004184          (3.86)*BF[261 = A15: R107*s(0)]
  264      A15*: R109*p(1)  0.0001067           (-1.98)*BF[103 = A4: R40*p(1)]
  265     A15*: R109*p(-1)  0.0004771            (-4.81)*BF[97 = A4: R37*s(0)]
  266      A16*: R110*s(0)  0.0001587         (-3.17)*BF[268 = A16: R112*s(0)]
  267      A16*: R111*s(0)  0.0008239         (-3.36)*BF[268 = A16: R112*s(0)]
  268       A16: R112*s(0)  0.5461898          (0.96)*BF[267 = A16: R111*s(0)]
  269      A16*: R113*p(0)  0.0000724          (1.50)*BF[269 = A16: R113*p(0)]
  270      A16*: R113*p(1)  0.0001859          (5.09)*BF[267 = A16: R111*s(0)]
  271     A16*: R113*p(-1)  0.0000946         (1.53)*BF[271 = A16: R113*p(-1)]
 trace = 55.99999999885396

Final electron populations and NPA charges:

Center	Nuclear	 Electron  	  NMB       	NPA   
      	 charge	 population	  population	charge
   N1	    7.0	  7.6523996	   7.6373153	-0.6523995855
   C2	    6.0	  6.2152274	   6.2022113	-0.2152274173
   C3	    6.0	  6.3993747	   6.3869013	-0.3993747460
   C4	    6.0	  6.5101385	   6.4924531	-0.5101384641
   C5	    6.0	  5.2801284	   5.2254033	 0.7198716035
   O6	    8.0	  8.8139576	   8.7946996	-0.8139576233
   O7	    8.0	  8.8160407	   8.7960490	-0.8160407173
   H8	    1.0	  0.5379819	   0.5372193	 0.4620181222
   H9	    1.0	  0.5476966	   0.5461887	 0.4523033997
  H10	    1.0	  0.7743548	   0.7728127	 0.2256451676
  H11	    1.0	  0.7777913	   0.7757372	 0.2222086888
  H12	    1.0	  0.7745756	   0.7729267	 0.2254243704
  H13	    1.0	  0.7873134	   0.7844532	 0.2126866467
  H14	    1.0	  0.7919156	   0.7897099	 0.2080844088
  H15	    1.0	  0.7735786	   0.7719976	 0.2264214436
  H16	    1.0	  0.5475253	   0.5461898	 0.4524747035

Angular momentum contributions of the total atomic population:

   Cntr           s           p           d           f           g
     N1   3.3747883   4.2654018   0.0113642   0.0008453   0.0000000
     C2   3.0499314   3.1599767   0.0043881   0.0009313   0.0000000
     C3   3.0541994   3.3389620   0.0051048   0.0011085   0.0000000
     C4   3.0837456   3.4173247   0.0077171   0.0013510   0.0000000
     C5   2.8085582   2.4619229   0.0085857   0.0010617   0.0000000
     O6   3.7299912   5.0700198   0.0135685   0.0003781   0.0000000
     O7   3.7267616   5.0749246   0.0139746   0.0003799   0.0000000
     H8   0.5376901   0.0002918   0.0000000   0.0000000   0.0000000
     H9   0.5473590   0.0003376   0.0000000   0.0000000   0.0000000
    H10   0.7732937   0.0010611   0.0000000   0.0000000   0.0000000
    H11   0.7767452   0.0010461   0.0000000   0.0000000   0.0000000
    H12   0.7735813   0.0009943   0.0000000   0.0000000   0.0000000
    H13   0.7863247   0.0009887   0.0000000   0.0000000   0.0000000
    H14   0.7908950   0.0010206   0.0000000   0.0000000   0.0000000
    H15   0.7725764   0.0010022   0.0000000   0.0000000   0.0000000
    H16   0.5471724   0.0003529   0.0000000   0.0000000   0.0000000


                          * * *                                         

Wiberg-Mayer bond indices (based on density matrix in NAO basis):
Centr. A/B         1         2         3         4         5         6         7         8         9        10        11        12        13        14        15        16
      1    ( 3.3016)    0.9459    0.0073    0.0007    0.0009    0.0010    0.0015    0.7731    0.7778    0.0019    0.0020    0.0085    0.0022    0.0000    0.0001    0.7787
      2              ( 3.8411)    1.0179    0.0062    0.0011    0.0013    0.0007    0.0018    0.0040    0.9215    0.9205    0.0035    0.0016    0.0014    0.0096    0.0040
      3                        ( 3.9211)    1.0133    0.0067    0.0145    0.0064    0.0079    0.0024    0.0018    0.0026    0.9170    0.9193    0.0017    0.0020    0.0004
      4                                  ( 3.9260)    0.9584    0.0463    0.0534    0.0000    0.0001    0.0087    0.0023    0.0018    0.0022    0.9263    0.9059    0.0003
      5                                            ( 3.9059)    1.4582    1.4607    0.0000    0.0000    0.0003    0.0000    0.0093    0.0015    0.0021    0.0056    0.0010
      6                                                      ( 1.7524)    0.2108    0.0000    0.0003    0.0001    0.0003    0.0015    0.0010    0.0021    0.0145    0.0006
      7                                                                ( 1.7580)    0.0007    0.0007    0.0001    0.0001    0.0013    0.0034    0.0101    0.0077    0.0003
      8                                                                          ( 0.7872)    0.0001    0.0024    0.0002    0.0005    0.0002    0.0000    0.0001    0.0001
      9                                                                                    ( 0.7969)    0.0003    0.0100    0.0002    0.0008    0.0001    0.0000    0.0001
     10                                                                                              ( 0.9502)    0.0003    0.0028    0.0002    0.0001    0.0003    0.0092
     11                                                                                                        ( 0.9525)    0.0001    0.0113    0.0006    0.0004    0.0018
     12                                                                                                                  ( 0.9505)    0.0007    0.0007    0.0027    0.0000
     13                                                                                                                            ( 0.9580)    0.0130    0.0005    0.0000
     14                                                                                                                                      ( 0.9589)    0.0005    0.0000
     15                                                                                                                                                ( 0.9500)    0.0000
     16                                                                                                                                                          ( 0.7965)

                          * * *                                         

Creating  LPOs (Localized Property-optimized Orbitals)


Creating initial guess...
Optimizing LPOs...

Finding an optimal hybrid pairing...
    0    1    2    3    4    5    6    7    8    9   10   11   12   13   14   15   16   17   18   19   20   21   22   23   24   25   26   27   28   29   30   31   32   33   34   35   36   37   38   39   40   41   42   43   44   45   46   47   48   49   50   51   52   53   54   55   56   57   58   59   60   61   62   63   64   65   66   67   68   69   70   71   72   73   74   75   76   77   78   79   80   81   82   83   84   85   86   87   88   89   90   91   92   93   94   95   96   97   98   99  100  101  102  103  104  105  106  107  108  109  110  111  112  113  114  115  116  117  118  119  120  121  122  123  124  125  126  127  128  129  130  131  132  133  134  135  136  137  138  139  140  141  142  143  144  145  146  147  148  149  150  151  152  153  154  155  156  157  158  159  160  161  162  163  164  165  166  167  168  169  170  171  172  173  174  175  176  177  178  179  180  181  182  183  184  185  186  187  188  189  190  191  192  193  194  195  196  197  198  199  200  201  202  203  204  205  206  207  208  209  210  211  212  213  214  215  216  217  218  219  220  221  222  223  224  225  226  227  228  229  230  231  232  233  234  235  236  237  238  239  240  241  242  243  244  245  246  247  248  249  250  251  252  253  254  255  256  257  258  259  260  261  262  263  264  265  266  267  268  269  270
  184   36   85   44  265  216  252   48  224   70   80  225  267  219   53   55  149  263   58  230   79  228  145   51   49   57  186   54  173  215   61   86  122  217   65   72    1  107  269  223  126  234  237  231    3  112  247   94    7   24  207   23   90   14   27   15   78   25   18   88   89   30   98   99  259   34  241  239  125  117    9  195   35  249  243   96  240  163   56   20   10  220  156  268  253    2   31  185   59   60   52  120  160  169   47  165   75  142   62   63  233  236  248  194  255  136  261   37  161  172  206  153   45  212  245  128  254   69  129  193   91  238   32  205  171   68   40  166  115  118  264  227  189  158  174  197  105  168  183  201  270  190   97  202  199   22  167  198  232   16  221  159  181  111  250  203   82  209  133  151   92  108  210   77  242   95  127  146  137   93  191  124  109   28  134  192  213  258  187  200  204  152  211  138    0   87   26  178  244  132  141  170  175  119  103   71  266  135  147  144  179  139  143  155  180  123  110   50  256  157  162  182  113  176   -1   29    5   33  260   13   81  150  226   39    8   11  222  131   21  235   19   43  148  100   41  229  101   42  121   67   76   66  164   74  188  114  257   46  102   73  154  262    6   84  116  104  208  246  177   64  218  106  251   17  130    4  196   12   83   38  140
LPO iteration  1: hybrids reconnected, target function =  109.1359218
Iterative optimization of atomic hybrids
           Target                 Total        max.atomic       Total        max.atomic     Nxt.step
  Itr.    function    new-old  ||Unew-U||^2   ||unew-u||^2   ||Dnew-D||^2   ||dnew-d||^2     lambda 
    1     109.1359   +1.1e+02   13.058166      0.1188511      0.11741        0.0827830       (none)
    2     109.1619   +2.6e-02    7.485469      0.0634496      0.04211        0.0338153       (none)
    3     109.1657   +3.8e-03    4.152241      0.0243624      0.01988        0.0147502       (none)
    4     109.1665   +8.1e-04    5.251439      0.0648837      0.01036        0.0067018       (none)
    5     109.1667   +2.2e-04    4.516420      0.0646438      0.00591        0.0030991       (none)
    6     109.1668   +7.4e-05    3.482697      0.0278249      0.00368        0.0014475       (none)
    7     109.1668   +3.3e-05    2.807427      0.0233956      0.00249        0.0006838       (none)
    8     109.1669   +1.8e-05    2.505797      0.0214779      0.00182        0.0004995       (none)
    9     109.1669   +1.1e-05    5.798009      0.0694987      0.00140        0.0004382       (none)
   10     109.1669   +7.5e-06    << Converged! (threshold = 1.00e-05) >>
Optimization of hybrids finished
LPO iteration  1: hybrids optimized, target function =  109.1668850
Finding an optimal hybrid pairing...
    0    1    2    3    4    5    6    7    8    9   10   11   12   13   14   15   16   17   18   19   20   21   22   23   24   25   26   27   28   29   30   31   32   33   34   35   36   37   38   39   40   41   42   43   44   45   46   47   48   49   50   51   52   53   54   55   56   57   58   59   60   61   62   63   64   65   66   67   68   69   70   71   72   73   74   75   76   77   78   79   80   81   82   83   84   85   86   87   88   89   90   91   92   93   94   95   96   97   98   99  100  101  102  103  104  105  106  107  108  109  110  111  112  113  114  115  116  117  118  119  120  121  122  123  124  125  126  127  128  129  130  131  132  133  134  135  136  137  138  139  140  141  142  143  144  145  146  147  148  149  150  151  152  153  154  155  156  157  158  159  160  161  162  163  164  165  166  167  168  169  170  171  172  173  174  175  176  177  178  179  180  181  182  183  184  185  186  187  188  189  190  191  192  193  194  195  196  197  198  199  200  201  202  203  204  205  206  207  208  209  210  211  212  213  214  215  216  217  218  219  220  221  222  223  224  225  226  227  228  229  230  231  232  233  234  235  236  237  238  239  240  241  242  243  244  245  246  247  248  249  250  251  252  253  254  255  256  257  258  259  260  261  262  263  264  265  266  267  268  269  270
   91   36   85   44  265   32  176   48  224   70   80  225  267  219   53   55  149  263   58  114   79  228  226  191  162  171   61  211  215   60  184   86    5  217   65   72    1  107  269  223  126  234  237  231    3  112  247  222    7   89  207   87   90   14  179   15  264  181   18  192   29   26  214  221  259   34  241  256  118  209    9  195   35  249  243   96  240  163  150   20   10  108  156  268  253    2   31   51  175   49   52    0  160  169  252  165   75  142  129  208  233  236  248  194  255  136  261   37   81  213  206  153   45  212   19  128  254  185   68  161  152  238  155  138  216  180   40  166  115   98  157  193  189  158  174  197  105  168  123  201  270  190   97  202  199  239  167  198  232   16   78  159  120  111  250  122   82  130  133  151   92  119   24   77  242   95  127  146  137   93  203   25  210  204  134   88    6  258  187   54  125   57  200  205   30  117   -1  178  244  132  141   23   59  131  103   71  266  135  147  144  182  139  143  170  173  183  110   50   99   69  172   27  113  109   62   28  124   33  260   13  227   63   47   39    8   11   22  220   21  235  245   43  148  100   41  229  101   42  121  145   76   66  164   74  188  230  257   46  102   73  154  262   94   84  116  104   67  246  177   64  218  106  251   17   56    4  196   12   83   38  140
LPO iteration  2: hybrids reconnected, target function =  109.1668850
Done! (in 1 iterations)


*** Summary of LPO  results

  LPO 	         D e s c r i p t i o n     	Occupancy	Composition
    1	(BD) N1-C3, Io = 0.9827            	-0.00000 	h1@N1 * ( 0.9957) + h92@C3 * (-0.0930)	
    2	     N1-C3, antibonding (NB)       	 -0.00000	h1@N1 * (-0.0930) + h92@C3 * (-0.9957)	
    3	(BD) N1-C2, Io = 0.6918            	0.00002  	h2@N1 * ( 0.9197) + h37@C2 * (-0.3925)	
    4	     N1-C2, antibonding (NB)       	  0.00000	h2@N1 * (-0.3925) + h37@C2 * (-0.9197)	
    5	(BD) N1-C3, Io = 0.7372            	0.00000  	h3@N1 * (-0.3625) + h86@C3 * ( 0.9320)	
    6	     N1-C3, antibonding (NB)       	  0.00000	h3@N1 * (-0.9320) + h86@C3 * (-0.3625)	
    7	(BD) N1-C2, Io = 0.2738            	1.99613  	h4@N1 * ( 0.7981) + h45@C2 * ( 0.6026)	
    8	     N1-C2, antibonding (NB)       	  0.01487	h4@N1 * ( 0.6026) + h45@C2 * (-0.7981)	
    9	(BD) N1-H16, Io = 0.9999           	1.99972  	h5@N1 * ( 1.0000) + h266@H16 * ( 0.0061)	
   10	     N1-H16, antibonding (NB)      	  0.00023	h5@N1 * ( 0.0061) + h266@H16 * (-1.0000)	
   11	(BD) N1-C2, Io = 0.2871            	0.00000  	h6@N1 * (-0.5970) + h33@C2 * ( 0.8022)	
   12	     N1-C2, antibonding (NB)       	  0.00000	h6@N1 * (-0.8022) + h33@C2 * (-0.5970)	
   13	(BD) N1-O6, Io = 0.6490            	0.00000  	h7@N1 * ( 0.9080) + h177@O6 * ( 0.4189)	
   14	     N1-O6, antibonding (NB)       	  0.00000	h7@N1 * ( 0.4189) + h177@O6 * (-0.9080)	
   15	(BD) N1-C2, Io = 0.7702            	0.00000  	h8@N1 * ( 0.3390) + h49@C2 * ( 0.9408)	
   16	     N1-C2, antibonding (NB)       	  0.00000	h8@N1 * (-0.9408) + h49@C2 * ( 0.3390)	
   17	(BD) N1-H9, Io = 0.4276            	0.00228  	h9@N1 * ( 0.8449) + h225@H9 * (-0.5350)	
   18	     N1-H9, antibonding (NB)       	  0.00053	h9@N1 * (-0.5350) + h225@H9 * (-0.8449)	
   19	(BD) N1-C3, Io = 0.3997            	0.00173  	h10@N1 * (-0.5479) + h71@C3 * ( 0.8366)	
   20	     N1-C3, antibonding (NB)       	  0.00020	h10@N1 * (-0.8366) + h71@C3 * (-0.5479)	
   21	(BD) N1-C3, Io = 0.5467            	0.00039  	h11@N1 * ( 0.8794) + h81@C3 * ( 0.4761)	
   22	     N1-C3, antibonding (NB)       	  0.00008	h11@N1 * ( 0.4761) + h81@C3 * (-0.8794)	
   23	(BD) N1-H9, Io = 0.4585            	1.99307  	h12@N1 * ( 0.8539) + h226@H9 * (-0.5204)	
   24	     N1-H9, antibonding (NB)       	  0.00914	h12@N1 * (-0.5204) + h226@H9 * (-0.8539)	
   25	(BD) N1-H16, Io = 0.4580           	1.99323  	h13@N1 * ( 0.8538) + h268@H16 * (-0.5206)	
   26	     N1-H16, antibonding (NB)      	  0.00854	h13@N1 * (-0.5206) + h268@H16 * (-0.8538)	
   27	(BD) N1-H8, Io = 0.4653            	1.99236  	h14@N1 * ( 0.8560) + h220@H8 * ( 0.5170)	
   28	     N1-H8, antibonding (NB)       	  0.00646	h14@N1 * ( 0.5170) + h220@H8 * (-0.8560)	
   29	(BD) N1-C2, Io = 0.0719            	0.00009  	h15@N1 * (-0.6812) + h54@C2 * ( 0.7321)	
   30	     N1-C2, antibonding (NB)       	  0.00001	h15@N1 * (-0.7321) + h54@C2 * (-0.6812)	
   31	(BD) N1-C2, Io = 0.5792            	0.00000  	h16@N1 * (-0.4587) + h56@C2 * ( 0.8886)	
   32	     N1-C2, antibonding (NB)       	  0.00000	h16@N1 * (-0.8886) + h56@C2 * (-0.4587)	
   33	(BD) N1-C5, Io = 0.2150            	0.00000  	h17@N1 * ( 0.7794) + h150@C5 * (-0.6265)	
   34	     N1-C5, antibonding (NB)       	  0.00000	h17@N1 * (-0.6265) + h150@C5 * (-0.7794)	
   35	(BD) N1-H15, Io = 0.8496           	0.00010  	h18@N1 * (-0.2743) + h264@H15 * ( 0.9617)	
   36	     N1-H15, antibonding (NB)      	  0.00001	h18@N1 * (-0.9617) + h264@H15 * (-0.2743)	
   37	(BD) N1-C2, Io = 0.0998            	0.00000  	h19@N1 * ( 0.7416) + h59@C2 * (-0.6709)	
   38	     N1-C2, antibonding (NB)       	  0.00000	h19@N1 * (-0.6709) + h59@C2 * (-0.7416)	
   39	(BD) N1-C4, Io = 0.2497            	0.00013  	h20@N1 * (-0.6125) + h115@C4 * ( 0.7905)	
   40	     N1-C4, antibonding (NB)       	  0.00004	h20@N1 * (-0.7905) + h115@C4 * (-0.6125)	
   41	(BD) N1-C3, Io = 0.1409            	0.00022  	h21@N1 * ( 0.7553) + h80@C3 * ( 0.6554)	
   42	     N1-C3, antibonding (NB)       	  0.00005	h21@N1 * ( 0.6554) + h80@C3 * (-0.7553)	
   43	(BD) N1-H9, Io = 0.0826            	0.00021  	h22@N1 * ( 0.7357) + h229@H9 * ( 0.6773)	
   44	     N1-H9, antibonding (NB)       	  0.00004	h22@N1 * ( 0.6773) + h229@H9 * (-0.7357)	
   45	(BD) N1-H9, Io = 0.7990            	0.00009  	h23@N1 * ( 0.9484) + h227@H9 * (-0.3170)	
   46	     N1-H9, antibonding (NB)       	  0.00002	h23@N1 * (-0.3170) + h227@H9 * (-0.9484)	
   47	(BD) N1-O7, Io = 0.9659            	0.00000  	h24@N1 * ( 0.9914) + h192@O7 * ( 0.1306)	
   48	     N1-O7, antibonding (NB)       	  0.00000	h24@N1 * ( 0.1306) + h192@O7 * (-0.9914)	
   49	(BD) N1-O6, Io = 0.4660            	0.00000  	h25@N1 * ( 0.8561) + h163@O6 * ( 0.5167)	
   50	     N1-O6, antibonding (NB)       	  0.00000	h25@N1 * ( 0.5167) + h163@O6 * (-0.8561)	
   51	(BD) N1-O6, Io = 0.3504            	0.00000  	h26@N1 * (-0.5699) + h172@O6 * ( 0.8217)	
   52	     N1-O6, antibonding (NB)       	  0.00000	h26@N1 * (-0.8217) + h172@O6 * (-0.5699)	
   53	(BD) N1-C2, Io = 0.1272            	0.00000  	h27@N1 * ( 0.7507) + h62@C2 * (-0.6606)	
   54	     N1-C2, antibonding (NB)       	  0.00000	h27@N1 * (-0.6606) + h62@C2 * (-0.7507)	
   55	(BD) N1-O7, Io = 0.8331            	0.00000  	h28@N1 * ( 0.9574) + h212@O7 * ( 0.2889)	
   56	     N1-O7, antibonding (NB)       	  0.00000	h28@N1 * ( 0.2889) + h212@O7 * (-0.9574)	
   57	(BD) N1-O7, Io = 0.9832            	0.00000  	h29@N1 * ( 0.9958) + h216@O7 * (-0.0917)	
   58	     N1-O7, antibonding (NB)       	  0.00000	h29@N1 * (-0.0917) + h216@O7 * (-0.9958)	
   59	(BD) N1-C2, Io = 0.6022            	0.00000  	h30@N1 * ( 0.4460) + h61@C2 * ( 0.8951)	
   60	     N1-C2, antibonding (NB)       	  0.00000	h30@N1 * (-0.8951) + h61@C2 * ( 0.4460)	
   61	(BD) N1-O6, Io = 0.7841            	0.00000  	h31@N1 * (-0.3286) + h185@O6 * ( 0.9445)	
   62	     N1-O6, antibonding (NB)       	  0.00000	h31@N1 * (-0.9445) + h185@O6 * (-0.3286)	
   63	(BD) C2-C3, Io = 0.5510            	0.00000  	h32@C2 * ( 0.8806) + h87@C3 * ( 0.4738)	
   64	     C2-C3, antibonding (NB)       	 -0.00000	h32@C2 * ( 0.4738) + h87@C3 * (-0.8806)	
   65	(BD) C2-H8, Io = 0.8373            	0.00152  	h34@C2 * ( 0.9585) + h218@H8 * (-0.2852)	
   66	     C2-H8, antibonding (NB)       	  0.00009	h34@C2 * (-0.2852) + h218@H8 * (-0.9585)	
   67	(BD) C2-C3, Io = 0.0343            	1.98743  	h35@C2 * ( 0.7191) + h66@C3 * ( 0.6949)	
   68	     C2-C3, antibonding (NB)       	  0.01481	h35@C2 * ( 0.6949) + h66@C3 * (-0.7191)	
   69	(BD) C2-C3, Io = 0.9998            	1.99970  	h36@C2 * ( 1.0000) + h73@C3 * (-0.0096)	
   70	     C2-C3, antibonding (NB)       	  0.00057	h36@C2 * (-0.0096) + h73@C3 * (-1.0000)	
   71	(BD) C2-C4, Io = 0.3578            	0.00019  	h38@C2 * ( 0.5667) + h108@C4 * ( 0.8240)	
   72	     C2-C4, antibonding (NB)       	  0.00005	h38@C2 * (-0.8240) + h108@C4 * ( 0.5667)	
   73	(BD) C2-H16, Io = 0.3152           	0.00003  	h39@C2 * (-0.5851) + h270@H16 * ( 0.8109)	
   74	     C2-H16, antibonding (NB)      	  0.00001	h39@C2 * (-0.8109) + h270@H16 * (-0.5851)	
   75	(BD) C2-H9, Io = 0.8506            	0.00102  	h40@C2 * ( 0.9619) + h224@H9 * ( 0.2733)	
   76	     C2-H9, antibonding (NB)       	  0.00004	h40@C2 * ( 0.2733) + h224@H9 * (-0.9619)	
   77	(BD) C2-C5, Io = 0.4677            	0.00124  	h41@C2 * ( 0.5159) + h127@C5 * ( 0.8567)	
   78	     C2-C5, antibonding (NB)       	  0.00019	h41@C2 * (-0.8567) + h127@C5 * ( 0.5159)	
   79	(BD) C2-H10, Io = 0.7901           	0.00240  	h42@C2 * ( 0.9461) + h235@H10 * ( 0.3239)	
   80	     C2-H10, antibonding (NB)      	  0.00020	h42@C2 * ( 0.3239) + h235@H10 * (-0.9461)	
   81	(BD) C2-H11, Io = 0.2258           	1.98349  	h43@C2 * ( 0.7829) + h238@H11 * ( 0.6222)	
   82	     C2-H11, antibonding (NB)      	  0.01434	h43@C2 * ( 0.6222) + h238@H11 * (-0.7829)	
   83	(BD) C2-H10, Io = 0.2262           	1.98167  	h44@C2 * ( 0.7830) + h232@H10 * ( 0.6220)	
   84	     C2-H10, antibonding (NB)      	  0.01126	h44@C2 * ( 0.6220) + h232@H10 * (-0.7830)	
   85	(BD) C2-C4, Io = 0.1154            	0.00076  	h46@C2 * ( 0.6651) + h113@C4 * ( 0.7468)	
   86	     C2-C4, antibonding (NB)       	  0.00017	h46@C2 * (-0.7468) + h113@C4 * ( 0.6651)	
   87	(BD) C2-H13, Io = 0.1998           	0.00022  	h47@C2 * ( 0.7745) + h248@H13 * ( 0.6326)	
   88	     C2-H13, antibonding (NB)      	  0.00002	h47@C2 * ( 0.6326) + h248@H13 * (-0.7745)	
   89	(BD) C2-H8, Io = 0.4950            	0.00007  	h48@C2 * ( 0.8646) + h223@H8 * ( 0.5025)	
   90	     C2-H8, antibonding (NB)       	  0.00003	h48@C2 * ( 0.5025) + h223@H8 * (-0.8646)	
   91	(BD) C2-C3, Io = 0.0079            	0.00000  	h50@C2 * ( 0.7099) + h90@C3 * (-0.7043)	
   92	     C2-C3, antibonding (NB)       	  0.00000	h50@C2 * (-0.7043) + h90@C3 * (-0.7099)	
   93	(BD) C2-O7, Io = 0.2713            	0.00018  	h51@C2 * ( 0.7973) + h208@O7 * ( 0.6036)	
   94	     C2-O7, antibonding (NB)       	  0.00001	h51@C2 * ( 0.6036) + h208@O7 * (-0.7973)	
   95	(BD) C2-C3, Io = 0.7321            	0.00000  	h52@C2 * ( 0.3660) + h88@C3 * ( 0.9306)	
   96	     C2-C3, antibonding (NB)       	  0.00000	h52@C2 * (-0.9306) + h88@C3 * ( 0.3660)	
   97	(BD) C2-C3, Io = 0.1529            	0.00000  	h53@C2 * (-0.6508) + h91@C3 * ( 0.7592)	
   98	     C2-C3, antibonding (NB)       	  0.00000	h53@C2 * (-0.7592) + h91@C3 * (-0.6508)	
   99	(BD) C2-O6, Io = 0.9030            	0.00000  	h55@C2 * ( 0.9755) + h180@O6 * (-0.2202)	
  100	     C2-O6, antibonding (NB)       	  0.00000	h55@C2 * (-0.2202) + h180@O6 * (-0.9755)	
  101	(BD) C2-H15, Io = 0.5246           	0.00003  	h57@C2 * (-0.4875) + h265@H15 * ( 0.8731)	
  102	     C2-H15, antibonding (NB)      	  0.00001	h57@C2 * (-0.8731) + h265@H15 * (-0.4875)	
  103	(BD) C2-O6, Io = 0.8207            	0.00000  	h58@C2 * (-0.2995) + h182@O6 * ( 0.9541)	
  104	     C2-O6, antibonding (NB)       	  0.00000	h58@C2 * (-0.9541) + h182@O6 * (-0.2995)	
  105	(BD) C2-O7, Io = 0.6403            	0.00000  	h60@C2 * ( 0.9056) + h193@O7 * (-0.4241)	
  106	     C2-O7, antibonding (NB)       	  0.00000	h60@C2 * (-0.4241) + h193@O7 * (-0.9056)	
  107	(BD) C3-O7, Io = 1.0000            	0.00000  	h63@C3 * ( 0.0003) + h215@O7 * ( 1.0000)	
  108	     C3-O7, antibonding (NB)       	  0.00000	h63@C3 * (-1.0000) + h215@O7 * ( 0.0003)	
  109	(BD) C3-H8, Io = 0.9482            	0.00005  	h64@C3 * ( 0.9870) + h222@H8 * ( 0.1609)	
  110	     C3-H8, antibonding (NB)       	  0.00001	h64@C3 * ( 0.1609) + h222@H8 * (-0.9870)	
  111	(BD) C3-H15, Io = 0.7544           	0.00063  	h65@C3 * ( 0.9366) + h260@H15 * (-0.3505)	
  112	     C3-H15, antibonding (NB)      	  0.00005	h65@C3 * (-0.3505) + h260@H15 * (-0.9366)	
  113	(BD) C3-H12, Io = 0.9999           	1.99954  	h67@C3 * ( 1.0000) + h242@H12 * ( 0.0069)	
  114	     C3-H12, antibonding (NB)      	  0.00011	h67@C3 * ( 0.0069) + h242@H12 * (-1.0000)	
  115	(BD) C3-H14, Io = 0.0166           	0.00010  	h68@C3 * (-0.7012) + h257@H14 * ( 0.7130)	
  116	     C3-H14, antibonding (NB)      	  0.00003	h68@C3 * (-0.7130) + h257@H14 * (-0.7012)	
  117	(BD) C3-C4, Io = 0.3593            	0.00000  	h69@C3 * (-0.5660) + h119@C4 * ( 0.8244)	
  118	     C3-C4, antibonding (NB)       	  0.00000	h69@C3 * (-0.8244) + h119@C4 * (-0.5660)	
  119	(BD) C3-O7, Io = 0.7087            	0.00004  	h70@C3 * ( 0.3817) + h210@O7 * ( 0.9243)	
  120	     C3-O7, antibonding (NB)       	  0.00001	h70@C3 * (-0.9243) + h210@O7 * ( 0.3817)	
  121	(BD) C3-O7, Io = 0.0522            	0.00395  	h72@C3 * (-0.6884) + h196@O7 * ( 0.7253)	
  122	     C3-O7, antibonding (NB)       	  0.00075	h72@C3 * (-0.7253) + h196@O7 * (-0.6884)	
  123	(BD) C3-H13, Io = 0.2167           	1.97975  	h74@C3 * ( 0.7800) + h250@H13 * (-0.6258)	
  124	     C3-H13, antibonding (NB)      	  0.01617	h74@C3 * (-0.6258) + h250@H13 * (-0.7800)	
  125	(BD) C3-H12, Io = 0.2224           	1.97393  	h75@C3 * ( 0.7818) + h244@H12 * ( 0.6235)	
  126	     C3-H12, antibonding (NB)      	  0.01021	h75@C3 * ( 0.6235) + h244@H12 * (-0.7818)	
  127	(BD) C3-C4, Io = 0.0067            	1.98245  	h76@C3 * ( 0.7095) + h97@C4 * (-0.7047)	
  128	     C3-C4, antibonding (NB)       	  0.01546	h76@C3 * (-0.7047) + h97@C4 * (-0.7095)	
  129	(BD) C3-H11, Io = 0.4242           	0.00027  	h77@C3 * ( 0.8439) + h241@H11 * (-0.5366)	
  130	     C3-H11, antibonding (NB)      	  0.00007	h77@C3 * (-0.5366) + h241@H11 * (-0.8439)	
  131	(BD) C3-O6, Io = 0.6705            	0.00078  	h78@C3 * (-0.4059) + h164@O6 * ( 0.9139)	
  132	     C3-O6, antibonding (NB)       	  0.00007	h78@C3 * (-0.9139) + h164@O6 * (-0.4059)	
  133	(BD) C3-C5, Io = 0.6377            	0.00000  	h79@C3 * ( 0.9049) + h151@C5 * ( 0.4256)	
  134	     C3-C5, antibonding (NB)       	  0.00000	h79@C3 * ( 0.4256) + h151@C5 * (-0.9049)	
  135	(BD) C3-C4, Io = 0.7575            	0.00002  	h82@C3 * ( 0.9374) + h109@C4 * (-0.3482)	
  136	     C3-C4, antibonding (NB)       	  0.00001	h82@C3 * (-0.3482) + h109@C4 * (-0.9374)	
  137	(BD) C3-O6, Io = 0.7698            	0.00012  	h83@C3 * ( 0.3393) + h157@O6 * ( 0.9407)	
  138	     C3-O6, antibonding (NB)       	  0.00001	h83@C3 * (-0.9407) + h157@O6 * ( 0.3393)	
  139	(BD) C3-H16, Io = 0.2295           	0.00009  	h84@C3 * ( 0.6207) + h269@H16 * ( 0.7841)	
  140	     C3-H16, antibonding (NB)      	  0.00001	h84@C3 * (-0.7841) + h269@H16 * ( 0.6207)	
  141	(BD) C3-H14, Io = 0.3380           	0.00026  	h85@C3 * ( 0.8179) + h254@H14 * ( 0.5753)	
  142	     C3-H14, antibonding (NB)      	  0.00004	h85@C3 * ( 0.5753) + h254@H14 * (-0.8179)	
  143	(BD) C3-O6, Io = 0.6149            	0.00000  	h89@C3 * ( 0.8986) + h176@O6 * ( 0.4388)	
  144	     C3-O6, antibonding (NB)       	  0.00000	h89@C3 * ( 0.4388) + h176@O6 * (-0.8986)	
  145	(BD) C3-O6, Io = 0.5614            	0.00000  	h93@C3 * (-0.4683) + h161@O6 * ( 0.8836)	
  146	     C3-O6, antibonding (NB)       	  0.00000	h93@C3 * (-0.8836) + h161@O6 * (-0.4683)	
  147	(BD) C4-O6, Io = 0.7916            	0.00000  	h94@C4 * ( 0.9465) + h170@O6 * ( 0.3228)	
  148	     C4-O6, antibonding (NB)       	  0.00000	h94@C4 * ( 0.3228) + h170@O6 * (-0.9465)	
  149	(BD) C4-H13, Io = 0.6634           	0.00004  	h95@C4 * ( 0.9120) + h253@H13 * ( 0.4103)	
  150	     C4-H13, antibonding (NB)      	  0.00001	h95@C4 * ( 0.4103) + h253@H13 * (-0.9120)	
  151	(BD) C4-O6, Io = 0.4998            	0.00145  	h96@C4 * (-0.5001) + h166@O6 * ( 0.8660)	
  152	     C4-O6, antibonding (NB)       	  0.00005	h96@C4 * (-0.8660) + h166@O6 * (-0.5001)	
  153	(BD) C4-C5, Io = 0.9999            	1.99944  	h98@C4 * ( 1.0000) + h143@C5 * ( 0.0085)	
  154	     C4-C5, antibonding (NB)       	  0.00010	h98@C4 * ( 0.0085) + h143@C5 * (-1.0000)	
  155	(BD) C4-C5, Io = 0.9230            	0.00000  	h99@C4 * ( 0.9806) + h130@C5 * ( 0.1963)	
  156	     C4-C5, antibonding (NB)       	  0.00000	h99@C4 * ( 0.1963) + h130@C5 * (-0.9806)	
  157	(BD) C4-O7, Io = 0.3535            	0.00020  	h100@C4 * ( 0.8227) + h209@O7 * ( 0.5685)	
  158	     C4-O7, antibonding (NB)       	  0.00010	h100@C4 * ( 0.5685) + h209@O7 * (-0.8227)	
  159	(BD) C4-H10, Io = 0.3107           	0.00007  	h101@C4 * ( 0.5871) + h234@H10 * ( 0.8095)	
  160	     C4-H10, antibonding (NB)      	  0.00001	h101@C4 * (-0.8095) + h234@H10 * ( 0.5871)	
  161	(BD) C4-H11, Io = 0.5313           	0.00244  	h102@C4 * ( 0.8750) + h237@H11 * ( 0.4841)	
  162	     C4-H11, antibonding (NB)      	  0.00047	h102@C4 * ( 0.4841) + h237@H11 * (-0.8750)	
  163	(BD) C4-H13, Io = 0.4780           	0.00389  	h103@C4 * ( 0.8597) + h249@H13 * ( 0.5109)	
  164	     C4-H13, antibonding (NB)      	  0.00106	h103@C4 * ( 0.5109) + h249@H13 * (-0.8597)	
  165	(BD) C4-O7, Io = 0.0978            	0.00131  	h104@C4 * ( 0.7409) + h195@O7 * (-0.6716)	
  166	     C4-O7, antibonding (NB)       	  0.00033	h104@C4 * (-0.6716) + h195@O7 * (-0.7409)	
  167	(BD) C4-H14, Io = 0.2105           	1.98190  	h105@C4 * ( 0.7780) + h256@H14 * ( 0.6283)	
  168	     C4-H14, antibonding (NB)      	  0.01345	h105@C4 * ( 0.6283) + h256@H14 * (-0.7780)	
  169	(BD) C4-C5, Io = 0.0688            	1.99053  	h106@C4 * ( 0.7310) + h137@C5 * (-0.6824)	
  170	     C4-C5, antibonding (NB)       	  0.08860	h106@C4 * (-0.6824) + h137@C5 * (-0.7310)	
  171	(BD) C4-H15, Io = 0.2186           	1.96092  	h107@C4 * ( 0.7806) + h262@H15 * (-0.6251)	
  172	     C4-H15, antibonding (NB)      	  0.01091	h107@C4 * (-0.6251) + h262@H15 * (-0.7806)	
  173	(BD) C4-O7, Io = 0.3760            	0.00000  	h110@C4 * ( 0.8295) + h214@O7 * ( 0.5585)	
  174	     C4-O7, antibonding (NB)       	  0.00000	h110@C4 * ( 0.5585) + h214@O7 * (-0.8295)	
  175	(BD) C4-O7, Io = 0.7253            	0.00001  	h111@C4 * ( 0.9288) + h207@O7 * (-0.3706)	
  176	     C4-O7, antibonding (NB)       	  0.00000	h111@C4 * (-0.3706) + h207@O7 * (-0.9288)	
  177	(BD) C4-C5, Io = 0.8385            	0.00000  	h112@C4 * ( 0.9588) + h154@C5 * ( 0.2842)	
  178	     C4-C5, antibonding (NB)       	  0.00000	h112@C4 * ( 0.2842) + h154@C5 * (-0.9588)	
  179	(BD) C4-O7, Io = 0.7236            	0.00000  	h114@C4 * ( 0.9283) + h213@O7 * (-0.3718)	
  180	     C4-O7, antibonding (NB)       	  0.00000	h114@C4 * (-0.3718) + h213@O7 * (-0.9283)	
  181	(BD) C4-C5, Io = 0.9998            	1.99977  	h116@C4 * (-0.0094) + h129@C5 * ( 1.0000)	
  182	     C4-C5, antibonding (NB)       	  0.00101	h116@C4 * (-1.0000) + h129@C5 * (-0.0094)	
  183	(BD) C4-H14, Io = 0.0496           	0.00184  	h117@C4 * (-0.6894) + h255@H14 * ( 0.7244)	
  184	     C4-H14, antibonding (NB)      	  0.00033	h117@C4 * (-0.7244) + h255@H14 * (-0.6894)	
  185	(BD) C4-O6, Io = 0.9248            	0.00002  	h118@C4 * ( 0.9810) + h186@O6 * (-0.1939)	
  186	     C4-O6, antibonding (NB)       	  0.00000	h118@C4 * (-0.1939) + h186@O6 * (-0.9810)	
  187	(BD) C4-O6, Io = 0.2605            	0.00000  	h120@C4 * ( 0.6081) + h162@O6 * ( 0.7939)	
  188	     C4-O6, antibonding (NB)       	  0.00000	h120@C4 * (-0.7939) + h162@O6 * ( 0.6081)	
  189	(BD) C4-C5, Io = 0.4162            	0.00000  	h121@C4 * ( 0.8415) + h153@C5 * (-0.5403)	
  190	     C4-C5, antibonding (NB)       	  0.00000	h121@C4 * (-0.5403) + h153@C5 * (-0.8415)	
  191	(BD) C4-H11, Io = 0.5338           	0.00007  	h122@C4 * (-0.4828) + h239@H11 * ( 0.8757)	
  192	     C4-H11, antibonding (NB)      	  0.00002	h122@C4 * (-0.8757) + h239@H11 * (-0.4828)	
  193	(BD) C4-O6, Io = 0.4707            	0.00000  	h123@C4 * ( 0.5145) + h156@O6 * ( 0.8575)	
  194	     C4-O6, antibonding (NB)       	  0.00000	h123@C4 * (-0.8575) + h156@O6 * ( 0.5145)	
  195	(BD) C4-C5, Io = 0.6648            	0.00000  	h124@C4 * ( 0.4094) + h139@C5 * ( 0.9124)	
  196	     C4-C5, antibonding (NB)       	  0.00000	h124@C4 * (-0.9124) + h139@C5 * ( 0.4094)	
  197	(BD) C5-O7, Io = 0.6740            	0.00000  	h125@C5 * (-0.4037) + h217@O7 * ( 0.9149)	
  198	     C5-O7, antibonding (NB)       	  0.00000	h125@C5 * (-0.9149) + h217@O7 * (-0.4037)	
  199	(BD) C5-O6, Io = 0.5635            	0.00000  	h126@C5 * ( 0.8842) + h181@O6 * (-0.4672)	
  200	     C5-O6, antibonding (NB)       	  0.00000	h126@C5 * (-0.4672) + h181@O6 * (-0.8842)	
  201	(BD) C5-O6, Io = 0.2887            	1.99659  	h128@C5 * (-0.5964) + h167@O6 * ( 0.8027)	
  202	     C5-O6, antibonding (NB)       	  0.05459	h128@C5 * (-0.8027) + h167@O6 * (-0.5964)	
  203	(BD) C5-O6, Io = 0.7632            	0.00003  	h131@C5 * ( 0.9389) + h158@O6 * (-0.3441)	
  204	     C5-O6, antibonding (NB)       	  0.00001	h131@C5 * (-0.3441) + h158@O6 * (-0.9389)	
  205	(BD) C5-O7, Io = 0.8441            	0.00008  	h132@C5 * ( 0.9602) + h194@O7 * (-0.2792)	
  206	     C5-O7, antibonding (NB)       	  0.00001	h132@C5 * (-0.2792) + h194@O7 * (-0.9602)	
  207	(BD) C5-O7, Io = 0.9870            	1.99048  	h133@C5 * ( 0.0805) + h190@O7 * ( 0.9968)	
  208	     C5-O7, antibonding (NB)       	  0.00353	h133@C5 * (-0.9968) + h190@O7 * ( 0.0805)	
  209	(BD) C5-O6, Io = 0.9872            	1.99030  	h134@C5 * ( 0.0800) + h159@O6 * ( 0.9968)	
  210	     C5-O6, antibonding (NB)       	  0.00305	h134@C5 * (-0.9968) + h159@O6 * ( 0.0800)	
  211	(BD) C5-O6, Io = 0.4210            	0.00018  	h135@C5 * ( 0.8429) + h175@O6 * ( 0.5381)	
  212	     C5-O6, antibonding (NB)       	  0.00001	h135@C5 * ( 0.5381) + h175@O6 * (-0.8429)	
  213	(BD) C5-O7, Io = 0.2900            	1.99697  	h136@C5 * (-0.5958) + h198@O7 * ( 0.8031)	
  214	     C5-O7, antibonding (NB)       	  0.05359	h136@C5 * (-0.8031) + h198@O7 * (-0.5958)	
  215	(BD) C5-O6, Io = 0.5375            	1.98714  	h138@C5 * ( 0.4809) + h169@O6 * ( 0.8768)	
  216	     C5-O6, antibonding (NB)       	  0.38706	h138@C5 * (-0.8768) + h169@O6 * ( 0.4809)	
  217	(BD) C5-O7, Io = 0.2061            	0.00000  	h140@C5 * ( 0.7766) + h202@O7 * (-0.6300)	
  218	     C5-O7, antibonding (NB)       	  0.00000	h140@C5 * (-0.6300) + h202@O7 * (-0.7766)	
  219	(BD) C5-H16, Io = 0.4448           	0.00013  	h141@C5 * ( 0.5269) + h271@H16 * ( 0.8500)	
  220	     C5-H16, antibonding (NB)      	  0.00002	h141@C5 * (-0.8500) + h271@H16 * ( 0.5269)	
  221	(BD) C5-O7, Io = 1.0000            	1.99995  	h142@C5 * (-0.0034) + h191@O7 * ( 1.0000)	
  222	     C5-O7, antibonding (NB)       	  0.00003	h142@C5 * (-1.0000) + h191@O7 * (-0.0034)	
  223	(BD) C5-O7, Io = 0.3666            	0.00000  	h144@C5 * ( 0.8266) + h203@O7 * (-0.5628)	
  224	     C5-O7, antibonding (NB)       	  0.00000	h144@C5 * (-0.5628) + h203@O7 * (-0.8266)	
  225	(BD) C5-O7, Io = 0.9854            	1.64051  	h145@C5 * (-0.0854) + h200@O7 * ( 0.9964)	
  226	     C5-O7, antibonding (NB)       	  0.00337	h145@C5 * (-0.9964) + h200@O7 * (-0.0854)	
  227	(BD) C5-H11, Io = 0.4039           	0.00002  	h146@C5 * ( 0.8378) + h240@H11 * (-0.5459)	
  228	     C5-H11, antibonding (NB)      	  0.00001	h146@C5 * (-0.5459) + h240@H11 * (-0.8378)	
  229	(BD) C5-O6, Io = 0.9955            	1.91326  	h147@C5 * ( 0.0472) + h168@O6 * ( 0.9989)	
  230	     C5-O6, antibonding (NB)       	  0.00141	h147@C5 * (-0.9989) + h168@O6 * ( 0.0472)	
  231	(BD) C5-O7, Io = 0.9955            	1.90241  	h148@C5 * (-0.0476) + h199@O7 * ( 0.9989)	
  232	     C5-O7, antibonding (NB)       	  0.00133	h148@C5 * (-0.9989) + h199@O7 * (-0.0476)	
  233	(BD) C5-H10, Io = 0.0909           	0.00001  	h149@C5 * ( 0.7386) + h233@H10 * ( 0.6742)	
  234	     C5-H10, antibonding (NB)      	  0.00000	h149@C5 * ( 0.6742) + h233@H10 * (-0.7386)	
  235	(BD) C5-O6, Io = 1.0000            	1.99996  	h152@C5 * ( 0.0036) + h160@O6 * ( 1.0000)	
  236	     C5-O6, antibonding (NB)       	  0.00002	h152@C5 * (-1.0000) + h160@O6 * ( 0.0036)	
  237	(BD) C5-H13, Io = 0.2547           	0.00013  	h155@C5 * ( 0.7921) + h251@H13 * ( 0.6104)	
  238	     C5-H13, antibonding (NB)      	  0.00003	h155@C5 * ( 0.6104) + h251@H13 * (-0.7921)	
  239	(BD) O6-H12, Io = 0.7643           	0.00263  	h165@O6 * ( 0.9392) + h243@H12 * (-0.3433)	
  240	     O6-H12, antibonding (NB)      	  0.00023	h165@O6 * (-0.3433) + h243@H12 * (-0.9392)	
  241	(BD) O6-O7, Io = 0.7021            	0.00000  	h171@O6 * ( 0.9225) + h204@O7 * ( 0.3859)	
  242	     O6-O7, antibonding (NB)       	  0.00000	h171@O6 * ( 0.3859) + h204@O7 * (-0.9225)	
  243	(BD) O6-O7, Io = 0.5450            	0.00000  	h173@O6 * ( 0.8789) + h211@O7 * ( 0.4770)	
  244	     O6-O7, antibonding (NB)       	  0.00000	h173@O6 * ( 0.4770) + h211@O7 * (-0.8789)	
  245	(BD) O6-O7, Io = 0.8316            	0.00000  	h174@O6 * ( 0.9570) + h205@O7 * (-0.2902)	
  246	     O6-O7, antibonding (NB)       	  0.00000	h174@O6 * (-0.2902) + h205@O7 * (-0.9570)	
  247	(BD) O6-H14, Io = 0.2545           	0.00008  	h178@O6 * ( 0.6105) + h259@H14 * ( 0.7920)	
  248	     O6-H14, antibonding (NB)      	  0.00001	h178@O6 * (-0.7920) + h259@H14 * ( 0.6105)	
  249	(BD) O6-O7, Io = 0.1896            	0.00019  	h179@O6 * (-0.6366) + h188@O7 * ( 0.7712)	
  250	     O6-O7, antibonding (NB)       	  0.00002	h179@O6 * (-0.7712) + h188@O7 * (-0.6366)	
  251	(BD) O6-O7, Io = 0.8699            	0.00000  	h183@O6 * ( 0.9669) + h201@O7 * ( 0.2550)	
  252	     O6-O7, antibonding (NB)       	  0.00000	h183@O6 * ( 0.2550) + h201@O7 * (-0.9669)	
  253	(BD) O6-O7, Io = 0.5585            	0.00000  	h184@O6 * ( 0.4699) + h206@O7 * ( 0.8827)	
  254	     O6-O7, antibonding (NB)       	  0.00000	h184@O6 * (-0.8827) + h206@O7 * ( 0.4699)	
  256	(BD) O7-H12, Io = 0.4988           	0.00008  	h189@O7 * ( 0.5006) + h245@H12 * ( 0.8657)	
  257	     O7-H12, antibonding (NB)      	  0.00001	h189@O7 * (-0.8657) + h245@H12 * ( 0.5006)	
  258	(BD) O7-H16, Io = 0.4247           	0.00152  	h197@O7 * ( 0.8440) + h267@H16 * (-0.5363)	
  259	     O7-H16, antibonding (NB)      	  0.00034	h197@O7 * (-0.5363) + h267@H16 * (-0.8440)	
  260	(BD) H8-H15, Io = 0.4288           	0.00064  	h219@H8 * ( 0.5344) + h261@H15 * ( 0.8452)	
  261	     H8-H15, antibonding (NB)      	  0.00018	h219@H8 * (-0.8452) + h261@H15 * ( 0.5344)	
  262	(BD) H8-H9, Io = 0.0682            	0.00013  	h221@H8 * ( 0.7308) + h228@H9 * (-0.6826)	
  263	     H8-H9, antibonding (NB)       	  0.00001	h221@H8 * (-0.6826) + h228@H9 * (-0.7308)	
  264	(BD) H10-H11, Io = 0.0561          	0.00018  	h230@H10 * ( 0.6870) + h236@H11 * ( 0.7267)	
  265	     H10-H11, antibonding (NB)     	  0.00002	h230@H10 * (-0.7267) + h236@H11 * ( 0.6870)	
  266	(BD) H10-H12, Io = 0.4725          	0.00017  	h231@H10 * ( 0.8581) + h246@H12 * ( 0.5136)	
  267	     H10-H12, antibonding (NB)     	  0.00003	h231@H10 * ( 0.5136) + h246@H12 * (-0.8581)	
  268	(BD) H12-H14, Io = 0.4996          	0.00003  	h247@H12 * (-0.5002) + h258@H14 * ( 0.8659)	
  269	     H12-H14, antibonding (NB)     	  0.00001	h247@H12 * (-0.8659) + h258@H14 * (-0.5002)	
  270	(BD) H13-H15, Io = 0.5092          	0.00014  	h252@H13 * ( 0.8687) + h263@H15 * ( 0.4954)	
  271	     H13-H15, antibonding (NB)     	  0.00003	h252@H13 * ( 0.4954) + h263@H15 * (-0.8687)	

Note: 1 one-center RY orbitals, each having occupancy below 1.00e-03,
      were not printed (use the program option -RyOccPrintThreshold to change this behavior)
      Total occupancy of these RY orbitals is 0.00000


Number of two-center(2C) BD orbitals for each pair of atoms
Centr. A/B         1         2         3         4         5         6         7         8         9        10        11        12        13        14        15        16
      1    (     31)         9         5         1         1         4         3         1         4         0         0         0         0         0         1         2
      2              (     31)         6         2         1         2         2         2         1         2         1         0         1         0         1         1
      3                        (     31)         3         1         4         3         1         0         0         1         2         1         2         1         1
      4                                  (     31)         7         5         5         0         0         1         2         0         2         2         1         0
      5                                            (     31)         8         9         0         0         1         1         0         1         0         0         1
      6                                                      (     31)         6         0         0         0         0         1         0         1         0         0
      7                                                                (     30)         0         0         0         0         1         0         0         0         1
      8                                                                          (      6)         1         0         0         0         0         0         1         0
      9                                                                                    (      6)         0         0         0         0         0         0         0
     10                                                                                              (      6)         1         1         0         0         0         0
     11                                                                                                        (      6)         0         0         0         0         0
     12                                                                                                                  (      6)         0         1         0         0
     13                                                                                                                            (      6)         0         1         0
     14                                                                                                                                      (      6)         0         0
     15                                                                                                                                                (      6)         0
     16                                                                                                                                                          (      6)

>> LPO  occupancy summary >>
       bonding (BD):     55.24958 in  135 oribtals
  anti-bonding (NB):      0.75042 in  135 oribtals
 1c-lone pairs (LP):      0.00000 in    0 oribtals
 1c-unoccupied (RY):      0.00000 in    1 oribtals

Method        BD+LP....in      NB+RY     BD+NB+LP  BD+NB+LP+RY      trace(D)   Sum[Bd^2+Lp^2]    ||D||^2
  LPO      55.24958   135    0.75042     56.00000     56.00000       56.000       109.0015      112.0000


                          * * *                                         

Creating CLPOs (Chemist's Localized Property-optimized Orbitals)


Optimizing CLPOs...
Finding an optimal hybrid pairing...
    0    1    2    3    4    5    6    7    8    9   10   11   12   13   14   15   16   17   18   19   20   21   22   23   24   25   26   27   28   29   30   31   32   33   34   35   36   37   38   39   40   41   42   43   44   45   46   47   48   49   50   51   52   53   54   55   56   57   58   59   60   61   62   63   64   65   66   67   68   69   70   71   72   73   74   75   76   77   78   79   80   81   82   83   84   85   86   87   88   89   90   91   92   93   94   95   96   97   98   99  100  101  102  103  104  105  106  107  108  109  110  111  112  113  114  115  116  117  118  119  120  121  122  123  124  125  126  127  128  129  130  131  132  133  134  135  136  137  138  139  140  141  142  143  144  145  146  147  148  149  150  151  152  153  154  155  156  157  158  159  160  161  162  163  164  165  166  167  168  169  170  171  172  173  174  175  176  177  178  179  180  181  182  183  184  185  186  187  188  189  190  191  192  193  194  195  196  197  198  199  200  201  202  203  204  205  206  207  208  209  210  211  212  213  214  215  216  217  218  219  220  221  222  223  224  225  226  227  228  229  230  231  232  233  234  235  236  237  238  239  240  241  242  243  244  245  246  247  248  249  250  251  252  253  254  255  256  257  258  259  260  261  262  263  264  265  266  267  268  269  270  271  272  273  274  275  276  277  278  279  280  281  282  283  284  285  286  287  288  289  290  291  292  293  294  295  296  297  298  299  300  301  302  303  304  305  306  307  308  309  310  311  312  313  314  315  316  317  318  319  320  321  322  323  324  325  326  327  328  329  330  331  332  333  334  335  336  337  338  339  340  341  342  343  344  345  346  347  348  349  350  351  352  353  354  355  356  357  358  359  360  361  362  363  364  365  366  367  368  369  370  371  372  373  374  375  376  377  378  379  380  381  382  383  384  385  386  387  388  389  390  391  392  393  394  395  396  397  398  399  400  401  402  403  404  405  406  407  408  409  410  411  412  413  414  415  416  417  418  419  420  421  422  423  424  425  426  427  428  429  430  431  432  433  434  435  436  437  438  439  440  441  442  443  444  445  446  447  448  449  450  451  452  453  454  455  456  457  458  459  460  461  462  463  464  465  466  467  468  469  470  471  472  473  474  475  476  477  478  479  480  481  482  483  484  485  486  487  488  489  490  491  492  493  494  495  496  497  498  499  500  501  502  503  504  505  506  507  508  509  510  511  512  513  514  515  516  517  518  519  520  521  522  523  524  525  526  527  528  529  530  531  532  533  534  535  536  537  538  539  540  541
  271  272  273   44  275  276  277  278  279  280  281  225  267  219  285  286  287  288  289  290  291  292  293  294  295  296  297  298  299  300  301  302  303  304   65  306  307  308  309  310  311  312  237  231    3  316  317  318  319  320  321  322  323  324  325  326  327  328  329  330  331  332  333  334  335   34  337  338  339  340  341  342  343  249  243   96  347  348  349  350  351  352  353  354  355  356  357  358  359  360  361  362  363  364  365  366   75  368  369  370  371  372  373  374  255  136  261  378  379  380  381  382  383  384  385  386  387  388  389  390  391  392  393  394  395  396  397  166  399  400  401  402  403  404  405  197  105  168  409  410  411  412  413  414  415  416  417  418  419  420  421  422  423  424  425  426  427  428  429  430  431  432  433  434  435  436  127  438  137  440  441  442  443  444  445  446  447  448  449  450  451  452  453  454  455  456  457  458  459  460  461  462  463  464  465  466  467  135  469  470  471  472  473  474  475  476  477  478  479  480  481  482  483  484  485  486  487  488  489   13  491  492  493  494  495   11  497  498  499  500  501   43  503  504  505  506  507   42  509  510  511  512  513   74  515  516  517  518  519   73  521  522  523  524  525  104  527  528  529  530  531  106  533  534  535  536  537   12  539  540  541    0    1    2   -1    4    5    6    7    8    9   10   -1   -1   -1   14   15   16   17   18   19   20   21   22   23   24   25   26   27   28   29   30   31   32   33   -1   35   36   37   38   39   40   41   -1   -1   -1   45   46   47   48   49   50   51   52   53   54   55   56   57   58   59   60   61   62   63   64   -1   66   67   68   69   70   71   72   -1   -1   -1   76   77   78   79   80   81   82   83   84   85   86   87   88   89   90   91   92   93   94   95   -1   97   98   99  100  101  102  103   -1   -1   -1  107  108  109  110  111  112  113  114  115  116  117  118  119  120  121  122  123  124  125  126   -1  128  129  130  131  132  133  134   -1   -1   -1  138  139  140  141  142  143  144  145  146  147  148  149  150  151  152  153  154  155  156  157  158  159  160  161  162  163  164  165   -1  167   -1  169  170  171  172  173  174  175  176  177  178  179  180  181  182  183  184  185  186  187  188  189  190  191  192  193  194  195  196   -1  198  199  200  201  202  203  204  205  206  207  208  209  210  211  212  213  214  215  216  217  218   -1  220  221  222  223  224   -1  226  227  228  229  230   -1  232  233  234  235  236   -1  238  239  240  241  242   -1  244  245  246  247  248   -1  250  251  252  253  254   -1  256  257  258  259  260   -1  262  263  264  265  266   -1  268  269  270
CLPO iteration  1: hybrids reconnected, target function =  108.8261826
Iterative optimization of atomic hybrids
           Target                 Total        max.atomic       Total        max.atomic     Nxt.step
  Itr.    function    new-old  ||Unew-U||^2   ||unew-u||^2   ||Dnew-D||^2   ||dnew-d||^2     lambda 
    1     108.8262   +1.1e+02    8.891090      0.0675273      0.09681        0.0880773       (none)
    2     108.8388   +1.3e-02    4.616593      0.0426283      0.01304        0.0097220       (none)
    3     108.8389   +5.6e-05    4.975826      0.0652955      0.00539        0.0031434       (none)
    4     108.8389   +7.8e-06    << Converged! (threshold = 1.00e-05) >>
Optimization of hybrids finished
CLPO iteration  1: hybrids optimized, target function =  108.8389084
Finding an optimal hybrid pairing...
    0    1    2    3    4    5    6    7    8    9   10   11   12   13   14   15   16   17   18   19   20   21   22   23   24   25   26   27   28   29   30   31   32   33   34   35   36   37   38   39   40   41   42   43   44   45   46   47   48   49   50   51   52   53   54   55   56   57   58   59   60   61   62   63   64   65   66   67   68   69   70   71   72   73   74   75   76   77   78   79   80   81   82   83   84   85   86   87   88   89   90   91   92   93   94   95   96   97   98   99  100  101  102  103  104  105  106  107  108  109  110  111  112  113  114  115  116  117  118  119  120  121  122  123  124  125  126  127  128  129  130  131  132  133  134  135  136  137  138  139  140  141  142  143  144  145  146  147  148  149  150  151  152  153  154  155  156  157  158  159  160  161  162  163  164  165  166  167  168  169  170  171  172  173  174  175  176  177  178  179  180  181  182  183  184  185  186  187  188  189  190  191  192  193  194  195  196  197  198  199  200  201  202  203  204  205  206  207  208  209  210  211  212  213  214  215  216  217  218  219  220  221  222  223  224  225  226  227  228  229  230  231  232  233  234  235  236  237  238  239  240  241  242  243  244  245  246  247  248  249  250  251  252  253  254  255  256  257  258  259  260  261  262  263  264  265  266  267  268  269  270  271  272  273  274  275  276  277  278  279  280  281  282  283  284  285  286  287  288  289  290  291  292  293  294  295  296  297  298  299  300  301  302  303  304  305  306  307  308  309  310  311  312  313  314  315  316  317  318  319  320  321  322  323  324  325  326  327  328  329  330  331  332  333  334  335  336  337  338  339  340  341  342  343  344  345  346  347  348  349  350  351  352  353  354  355  356  357  358  359  360  361  362  363  364  365  366  367  368  369  370  371  372  373  374  375  376  377  378  379  380  381  382  383  384  385  386  387  388  389  390  391  392  393  394  395  396  397  398  399  400  401  402  403  404  405  406  407  408  409  410  411  412  413  414  415  416  417  418  419  420  421  422  423  424  425  426  427  428  429  430  431  432  433  434  435  436  437  438  439  440  441  442  443  444  445  446  447  448  449  450  451  452  453  454  455  456  457  458  459  460  461  462  463  464  465  466  467  468  469  470  471  472  473  474  475  476  477  478  479  480  481  482  483  484  485  486  487  488  489  490  491  492  493  494  495  496  497  498  499  500  501  502  503  504  505  506  507  508  509  510  511  512  513  514  515  516  517  518  519  520  521  522  523  524  525  526  527  528  529  530  531  532  533  534  535  536  537  538  539  540  541
  271  272  273   44  275  276  277  278  279  280  281  225  267  219  285  286  287  288  289  290  291  292  293  294  295  296  297  298  299  300  301  302  303  304   65  306  307  308  309  310  311  312  237  231    3  316  317  318  319  320  321  322  323  324  325  326  327  328  329  330  331  332  333  334  335   34  337  338  339  340  341  342  343  249  243   96  347  348  349  350  351  352  353  354  355  356  357  358  359  360  361  362  363  364  365  366   75  368  369  370  371  372  373  374  255  136  261  378  379  380  381  382  383  384  385  386  387  388  389  390  391  392  393  394  395  396  397  166  399  400  401  402  403  404  405  197  105  168  409  410  411  412  413  414  415  416  417  418  419  420  421  422  423  424  425  426  427  428  429  430  431  432  433  434  435  436  127  438  137  440  441  442  443  444  445  446  447  448  449  450  451  452  453  454  455  456  457  458  459  460  461  462  463  464  465  466  467  135  469  470  471  472  473  474  475  476  477  478  479  480  481  482  483  484  485  486  487  488  489   13  491  492  493  494  495   11  497  498  499  500  501   43  503  504  505  506  507   42  509  510  511  512  513   74  515  516  517  518  519   73  521  522  523  524  525  104  527  528  529  530  531  106  533  534  535  536  537   12  539  540  541    0    1    2   -1    4    5    6    7    8    9   10   -1   -1   -1   14   15   16   17   18   19   20   21   22   23   24   25   26   27   28   29   30   31   32   33   -1   35   36   37   38   39   40   41   -1   -1   -1   45   46   47   48   49   50   51   52   53   54   55   56   57   58   59   60   61   62   63   64   -1   66   67   68   69   70   71   72   -1   -1   -1   76   77   78   79   80   81   82   83   84   85   86   87   88   89   90   91   92   93   94   95   -1   97   98   99  100  101  102  103   -1   -1   -1  107  108  109  110  111  112  113  114  115  116  117  118  119  120  121  122  123  124  125  126   -1  128  129  130  131  132  133  134   -1   -1   -1  138  139  140  141  142  143  144  145  146  147  148  149  150  151  152  153  154  155  156  157  158  159  160  161  162  163  164  165   -1  167   -1  169  170  171  172  173  174  175  176  177  178  179  180  181  182  183  184  185  186  187  188  189  190  191  192  193  194  195  196   -1  198  199  200  201  202  203  204  205  206  207  208  209  210  211  212  213  214  215  216  217  218   -1  220  221  222  223  224   -1  226  227  228  229  230   -1  232  233  234  235  236   -1  238  239  240  241  242   -1  244  245  246  247  248   -1  250  251  252  253  254   -1  256  257  258  259  260   -1  262  263  264  265  266   -1  268  269  270
CLPO iteration  2: hybrids reconnected, target function =  108.8389084
Done! (in 1 iterations)


*** Summary of CLPO results

  CLPO	         D e s c r i p t i o n     	Occupancy	Composition
    4	(BD) N1-C2, Io = 0.2738            	1.99614  	h4@N1 * ( 0.7981) + h45@C2 * ( 0.6026)	
    5	     N1-C2, antibonding (NB)       	  0.01487	h4@N1 * ( 0.6026) + h45@C2 * (-0.7981)	
    6	(LP)  N1                           	1.99965  	1.0 * h5@N1
   10	                            N1 (RY)	  0.00181	1.0 * h9@N1
   13	(BD) N1-H9, Io = 0.4584            	1.99307  	h12@N1 * ( 0.8539) + h226@H9 * (-0.5204)	
   14	     N1-H9, antibonding (NB)       	  0.00914	h12@N1 * (-0.5204) + h226@H9 * (-0.8539)	
   15	(BD) N1-H16, Io = 0.4580           	1.99323  	h13@N1 * ( 0.8538) + h268@H16 * (-0.5206)	
   16	     N1-H16, antibonding (NB)      	  0.00854	h13@N1 * (-0.5206) + h268@H16 * (-0.8538)	
   17	(BD) N1-H8, Io = 0.4653            	1.99236  	h14@N1 * ( 0.8560) + h220@H8 * ( 0.5170)	
   18	     N1-H8, antibonding (NB)       	  0.00645	h14@N1 * ( 0.5170) + h220@H8 * (-0.8560)	
   38	                            C2 (RY)	  0.00141	1.0 * h34@C2
   39	(BD) C2-C3, Io = 0.0343            	1.98743  	h35@C2 * ( 0.7191) + h66@C3 * ( 0.6949)	
   40	     C2-C3, antibonding (NB)       	  0.01481	h35@C2 * ( 0.6949) + h66@C3 * (-0.7191)	
   41	(LP)  C2                           	1.99952  	1.0 * h36@C2
   47	                            C2 (RY)	  0.00220	1.0 * h42@C2
   48	(BD) C2-H11, Io = 0.2258           	1.98349  	h43@C2 * ( 0.7829) + h238@H11 * ( 0.6222)	
   49	     C2-H11, antibonding (NB)      	  0.01433	h43@C2 * ( 0.6222) + h238@H11 * (-0.7829)	
   50	(BD) C2-H10, Io = 0.2262           	1.98167  	h44@C2 * ( 0.7830) + h232@H10 * ( 0.6220)	
   51	     C2-H10, antibonding (NB)      	  0.01126	h44@C2 * ( 0.6220) + h232@H10 * (-0.7830)	
   72	(LP)  C3                           	1.99945  	1.0 * h67@C3
   76	                            C3 (RY)	  0.00128	1.0 * h71@C3
   77	                            C3 (RY)	  0.00237	1.0 * h72@C3
   79	(BD) C3-H13, Io = 0.2167           	1.97975  	h74@C3 * ( 0.7800) + h250@H13 * (-0.6258)	
   80	     C3-H13, antibonding (NB)      	  0.01617	h74@C3 * (-0.6258) + h250@H13 * (-0.7800)	
   81	(BD) C3-H12, Io = 0.2224           	1.97393  	h75@C3 * ( 0.7818) + h244@H12 * ( 0.6235)	
   82	     C3-H12, antibonding (NB)      	  0.01021	h75@C3 * ( 0.6235) + h244@H12 * (-0.7818)	
   83	(BD) C3-C4, Io = 0.0067            	1.98245  	h76@C3 * ( 0.7095) + h97@C4 * (-0.7047)	
   84	     C3-C4, antibonding (NB)       	  0.01546	h76@C3 * (-0.7047) + h97@C4 * (-0.7095)	
  105	(LP)  C4                           	1.99930  	1.0 * h98@C4
  109	                            C4 (RY)	  0.00223	1.0 * h102@C4
  110	                            C4 (RY)	  0.00328	1.0 * h103@C4
  112	(BD) C4-H14, Io = 0.2105           	1.98190  	h105@C4 * ( 0.7780) + h256@H14 * ( 0.6283)	
  113	     C4-H14, antibonding (NB)      	  0.01345	h105@C4 * ( 0.6283) + h256@H14 * (-0.7780)	
  114	(BD) C4-C5, Io = 0.0683            	1.99073  	h106@C4 * ( 0.7309) + h137@C5 * (-0.6825)	
  115	     C4-C5, antibonding (NB)       	  0.08921	h106@C4 * (-0.6825) + h137@C5 * (-0.7309)	
  116	(BD) C4-H15, Io = 0.2186           	1.96093  	h107@C4 * ( 0.7806) + h262@H15 * (-0.6251)	
  117	     C4-H15, antibonding (NB)      	  0.01091	h107@C4 * (-0.6251) + h262@H15 * (-0.7806)	
  126	                            C4 (RY)	  0.00137	1.0 * h116@C4
  138	(BD) C5-O6, Io = 0.2884            	1.99678  	h128@C5 * (-0.5965) + h167@O6 * ( 0.8026)	
  139	     C5-O6, antibonding (NB)       	  0.05500	h128@C5 * (-0.8026) + h167@O6 * (-0.5965)	
  140	(LP)  C5                           	1.99959  	1.0 * h129@C5
  144	                            C5 (RY)	  0.01921	1.0 * h133@C5
  145	                            C5 (RY)	  0.01830	1.0 * h134@C5
  147	(BD) C5-O7, Io = 0.2897            	1.99715  	h136@C5 * (-0.5959) + h198@O7 * ( 0.8030)	
  148	     C5-O7, antibonding (NB)       	  0.05398	h136@C5 * (-0.8030) + h198@O7 * (-0.5959)	
  149	(BD) C5-O6, Io = 0.5327            	1.98979  	h138@C5 * ( 0.4834) + h169@O6 * ( 0.8754)	
  150	     C5-O6, antibonding (NB)       	  0.39456	h138@C5 * (-0.8754) + h169@O6 * ( 0.4834)	
  157	                            C5 (RY)	  0.00515	1.0 * h145@C5
  159	                            C5 (RY)	  0.00197	1.0 * h147@C5
  160	                            C5 (RY)	  0.00206	1.0 * h148@C5
  171	(LP)  O6                           	1.97759  	1.0 * h159@O6
  172	(LP)  O6                           	1.99993  	1.0 * h160@O6
  177	                            O6 (RY)	  0.00235	1.0 * h165@O6
  178	                            O6 (RY)	  0.00112	1.0 * h166@O6
  179	(LP)  O6                           	1.90899  	1.0 * h168@O6
  200	(LP)  O7                           	1.97760  	1.0 * h190@O7
  201	(LP)  O7                           	1.99993  	1.0 * h191@O7
  206	                            O7 (RY)	  0.00245	1.0 * h196@O7
  207	                            O7 (RY)	  0.00118	1.0 * h197@O7
  208	(LP)  O7                           	1.89810  	1.0 * h199@O7
  209	(LP)  O7                           	1.62858  	1.0 * h200@O7
  233	                            H9 (RY)	  0.00104	1.0 * h225@H9
  253	                           H13 (RY)	  0.00180	1.0 * h249@H13
  258	                           H14 (RY)	  0.00112	1.0 * h255@H14

Note: 207 one-center RY orbitals, each having occupancy below 1.00e-03,
      were not printed (use the program option -RyOccPrintThreshold to change this behavior)
      Total occupancy of these RY orbitals is 0.01892


Number of two-center(2C) BD orbitals for each pair of atoms
Centr. A/B         1         2         3         4         5         6         7         8         9        10        11        12        13        14        15        16
      1    (      4)         1         0         0         0         0         0         1         1         0         0         0         0         0         0         1
      2              (      4)         1         0         0         0         0         0         0         1         1         0         0         0         0         0
      3                        (      4)         1         0         0         0         0         0         0         0         1         1         0         0         0
      4                                  (      4)         1         0         0         0         0         0         0         0         0         1         1         0
      5                                            (      4)         2         1         0         0         0         0         0         0         0         0         0
      6                                                      (      2)         0         0         0         0         0         0         0         0         0         0
      7                                                                (      1)         0         0         0         0         0         0         0         0         0
      8                                                                          (      1)         0         0         0         0         0         0         0         0
      9                                                                                    (      1)         0         0         0         0         0         0         0
     10                                                                                              (      1)         0         0         0         0         0         0
     11                                                                                                        (      1)         0         0         0         0         0
     12                                                                                                                  (      1)         0         0         0         0
     13                                                                                                                            (      1)         0         0         0
     14                                                                                                                                      (      1)         0         0
     15                                                                                                                                                (      1)         0
     16                                                                                                                                                          (      1)
VAL: 	  N 	 4 
VAL: 	  C 	 4 
VAL: 	  C 	 4 
VAL: 	  C 	 4 
VAL: 	  C 	 4 
VAL: 	  O 	 2 
VAL: 	  O 	 1 
VAL: 	  H 	 1 
VAL: 	  H 	 1 
VAL: 	  H 	 1 
VAL: 	  H 	 1 
VAL: 	  H 	 1 
VAL: 	  H 	 1 
VAL: 	  H 	 1 
VAL: 	  H 	 1 
VAL: 	  H 	 1 

>> CLPO occupancy summary >>
       bonding (BD):     31.78080 in   16 oribtals
  anti-bonding (NB):      0.73836 in   16 oribtals
 1c-lone pairs (LP):     23.38822 in   12 oribtals
 1c-unoccupied (RY):      0.09262 in  227 oribtals

Method        BD+LP....in      NB+RY     BD+NB+LP  BD+NB+LP+RY      trace(D)   Sum[Bd^2+Lp^2]    ||D||^2
  CLPO     55.16902    28    0.83098     55.90738     56.00000       56.000       108.8381      112.0000

                          * * *                                         

Atomic connectivity analysis based on CLPO bonding graph:

There are 1 molecule(s) in the system
(the 'molecule' is defined as the set of atoms linked with BD orbitals)

Molecule   TotalNPA    NumberOf   ListOf 
id         charge      atoms      atoms...
   1       +0.00000       16      N1 C2 C3 C4 C5 O6 O7 H8 H9 H10 H11 H12 H13 H14 H15 H16

Note: The total NPA charge is computed as the sum of NPA charge of atoms belonging to each molecule

                          * * *                                         

Approximate charge transfer analysis in CLPO basis
NOTE: this is an experimental feature AND IS SUBJECT TO CHANGE!
 We expect to have the underlying theory published soon...

Threshold for printing: 0.01000 

IntrAfragment charge transfers (conjugation analysis, etc.)
CT within fragment 1

 orb.num.   description  occup.  -->  charge, e  -->   occup.   description  orb.num.
    81       C3-H12:BD   1.9739  -->   0.01163   -->   0.0149         N1-C2:NB     5
   116       C4-H15:BD   1.9609  -->   0.01977   -->   0.3946         C5-O6:NB   150
   171           O6:LP   1.9776  -->   0.01256   -->   0.0183            C5:RY   145
   179           O6:LP   1.9090  -->   0.03153   -->   0.0892         C4-C5:NB   115
   179           O6:LP   1.9090  -->   0.04449   -->   0.0540         C5-O7:NB   148
   200           O7:LP   1.9776  -->   0.01288   -->   0.0192            C5:RY   144
   208           O7:LP   1.8981  -->   0.03850   -->   0.0892         C4-C5:NB   115
   208           O7:LP   1.8981  -->   0.04688   -->   0.0550         C5-O6:NB   139
   209           O7:LP   1.6286  -->   0.35383   -->   0.3946         C5-O6:NB   150

6795 orbital pairs with total charge transfer of 0.24037 were not printed


IntErfragment charge transfers (donor-acceptor analysis, etc.)

Inter-molecular charge transfer summary (NEW):
Mol  Accepted -Donated  =  got_electrons
  1  +0.00000 -0.00000  =   +0.00000

                          * * *                                         



0 warning(s)

Total run time: 0 min, 2.2 sec


                          * * *                                         

