 * * * * * * * * * * * * * * * * * * * * * * * * * * * * * * * * * * * *
 *    janpa: A cross-platform open-source implementation of NPA        * 
 *    and other electronic structure analysis methods with Java        * 
 *        A part of JANPA package,   http://janpa.sourceforge.net      * 
 *                    Version:    2.02 (13-01-2019)                    * 
 * * * * * * * * * * * * * * * * * * * * * * * * * * * * * * * * * * * *

 (c) Tymofii Nikolaienko, 2014-2019

 If any results obtained with this program are published,
 or for any other reasons, please, cite this work as: 
 1) T.Y.Nikolaienko, L.A.Bulavin; Int. J. Quantum Chem. (2019), 
    Vol.119, page e25798, DOI: 10.1002/qua.25798
 2) T.Y.Nikolaienko, L.A.Bulavin, D.M.Hovorun; Comput.Theor.Chem.(2014),
    Vol.1050, pages 15-22, DOI: 10.1016/j.comptc.2014.10.002

                          * * *                                         

Settings used in this run:

 -i: input_janpa.molden
 -npacharges: (empty)
 -NAO_Molden_File: (empty)
 -LHO_Molden_File: (empty)
 -CLPO_Molden_File: (empty)
 -PrintGeom: false
 -WibergBondOrders_File: (empty)
 -D_Matrix_File: (empty)
 -S_Matrix_File: (empty)
 -SDS_Matrix_File: (empty)
 -PNAO_OverlapMatrix_File: (empty)
 -PNAO_SDS_Matrix_File: (empty)
 -NMB_old_Overlap_Matrix_File: (empty)
 -NMB_old_SDS_Matrix_File: (empty)
 -NRB_old_Overlap_Matrix_File: (empty)
 -NRB_new_Overlap_Matrix_File: (empty)
 -S_Matrix_after_ON2_File: (empty)
 -SDS_Matrix_after_ON2_File: (empty)
 -NRB_Overlap_after_OW_heavy_File: (empty)
 -NRB_Overlap_after_Schmidt2_File: (empty)
 -NRB_Overlap_after_OW2_final_File: (empty)
 -OW2_File: (empty)
 -S_Matrix_after_OW2_File: (empty)
 -SDS_Matrix_after_OW2_File: (empty)
 -SDS_NAO_File: (empty)
 -NAO2AO_File: (empty)
 -PNAO2AO_File: (empty)
 -CLPO2LHO_File: (empty)
 -LHO2NAO_File: (empty)
 -LPO2AHO_File: (empty)
 -AHO2NAO_File: (empty)
 -doFock: false
 -Fock_AO_File: (empty)
 -Fock_NAO_File: (empty)
 -printnmbfock: false
 -PNAO_Molden_File: (empty)
 -AHO_Molden_File: (empty)
 -LPO_Molden_File: (empty)
 -MatrixMaxValuesPerLine: 0
 -MatrixFloatNumberFormat: %.5f
 -maximumBondIonicity: 9.00E-01
 -RyOccPrintThreshold: 1.00E-03
 -HybrOptOccConvThresh: 1.00E-05
 -HybrOptMaxIter: 1000
 -verboseprint: false
 -directNRBwsw: false
 -heavyNRBthreshold: 1.00E-04
 -overlap_straightforward: false
 -p: (empty)

                          * * *                                         

Loading MOLDEN from input_janpa.molden
Basis functions are spherical: true
Total number of basis functions: 228
Total number of different contractions (radial parts): 94
Highest angular momentum: f (Lmax = 3)
Total number of MO: 228

Data loaded successfully
 Number of basis functions: 228; number of molecular orbitals: 228 

Building overlap S and dipole matrices...
Overlap & dipole integrals evaluated in 0.024 seconds
Checking whether the basis functions are unity-normalized...
 Maximum deviation of the basis function norm2 from unity: BFN 17 (0-based num.), max|norm2-1| = 1.000E-09 
Checking for the eigenvalues (linear (in)dependency) of the basis function overlap matrix...
The smallest eigenvalue of the basis function overlap matrix: 2.736E-04 
Checking whether the orbitals are unity-normalized...
Checking MO overlap matrix...
 Maximum of MO |norm2-1|: 1.119E-09 (MO   34)
 Maximum absolute value of off-diagonal MO overlap element: 3.442E-09 (< MO   10 | MO   69 >)
First-order reduced density matrix is OK.

Building density matrix D... done.
Building D.S... done.
Total number of electrons: 48.000000
Sum of electrons charges and the nuclei charges: 0.00000 

Performing Mulliken and Lowdin population analyses...
   Atom	Mulliken  	Lowdin    	Mulliken	Lowdin
       	Population	Population	Charge  	Charge
     H1	 0.86110	 0.85567	 0.13890	 0.14433
     C2	 6.09388	 6.25366	-0.09388	-0.25366
     H3	 0.66136	 0.76723	 0.33864	 0.23277
     H4	 0.84270	 0.85279	 0.15730	 0.14721
     N5	 7.27279	 6.81132	-0.27279	 0.18868
     H6	 0.87138	 0.84000	 0.12862	 0.16000
     C7	 6.20942	 6.24881	-0.20942	-0.24881
     O8	 8.59813	 8.16939	-0.59813	-0.16939
     C9	 5.80520	 6.69301	 0.19480	-0.69301
    H10	 0.66774	 0.76710	 0.33226	 0.23290
    O11	 8.54976	 8.12020	-0.54976	-0.12020
    H12	 0.66570	 0.76477	 0.33430	 0.23523
    H13	 0.90083	 0.85605	 0.09917	 0.14395

Building S.D.S... done.

                          * * *                                         

Creating NAOs


STEP 1. Produce PNAOs

 Total number of natural functions produced: 228
Sorting PNAOs...

STEP 2. Split PNAOs into NMB / NRB sets

 Number of basis functions in teh Natural Minimal Basis (NMB) set for each center: 
center   1:   1 of s |  0 of p |  0 of d |  0 of f |  0 of g |
center   2:   2 of s |  3 of p |  0 of d |  0 of f |  0 of g |
center   3:   1 of s |  0 of p |  0 of d |  0 of f |  0 of g |
center   4:   1 of s |  0 of p |  0 of d |  0 of f |  0 of g |
center   5:   2 of s |  3 of p |  0 of d |  0 of f |  0 of g |
center   6:   1 of s |  0 of p |  0 of d |  0 of f |  0 of g |
center   7:   2 of s |  3 of p |  0 of d |  0 of f |  0 of g |
center   8:   2 of s |  3 of p |  0 of d |  0 of f |  0 of g |
center   9:   2 of s |  3 of p |  0 of d |  0 of f |  0 of g |
center  10:   1 of s |  0 of p |  0 of d |  0 of f |  0 of g |
center  11:   2 of s |  3 of p |  0 of d |  0 of f |  0 of g |
center  12:   1 of s |  0 of p |  0 of d |  0 of f |  0 of g |
center  13:   1 of s |  0 of p |  0 of d |  0 of f |  0 of g |
In total: NMB set has 37 functions, NRB set has 191 functions; 

Trace of the PNAO overlap matrix: 228.0000000 (should be equal to 228, the total number of PNAOs)
 The trace of SDS matrix in PNAO basis = 95.2972296526131

STEP 3. Weighted orthogonalization of NMB PNAOs

 min weight of NMB PNAO = 1.4382338844870066

STEP 4. Schmidt orthogonalization of NRBs to new NMBs


STEP 5. Intracenter naturalization of new NRBs

 Total number of natural functions produced: 191

STEP 6. Weighted orthogonalization of naturalized NRBs

Maximum weight of NRB function = 8.69702E-02
 min weight = 7.726275287476567E-7
 |S_NRB - 1| = 4.52149E-12 (Should be VERY close to zero!)

STEP 7. Final Intracenter Natural Transformation withing the full set of functions

 Total number of natural functions produced: 228
 SQRT{ SUM[(NaoOverlap_ij - delta_ij)^2] } = 4.42e-12 (should be VERY close to zero) 
 max_offdiag = 4.74e-13 (should be VERY close to zero) 
                          * * *                                         

 Final NAO occupancies and leading AO terms:

NAO #                 Name  Occupancy                             Leading term
    1         A1*: R1*s(0)  0.0000920              (-3.82)*BF[3 = A1: R3*s(0)]
    2         A1*: R2*s(0)  0.0017200              (-4.48)*BF[3 = A1: R3*s(0)]
    3          A1: R3*s(0)  0.7657286               (0.88)*BF[2 = A1: R2*s(0)]
    4         A1*: R4*p(0)  0.0007673              (-5.59)*BF[2 = A1: R2*s(0)]
    5         A1*: R4*p(1)  0.0000887               (1.49)*BF[5 = A1: R4*p(1)]
    6        A1*: R4*p(-1)  0.0001853              (1.56)*BF[6 = A1: R4*p(-1)]
    7         A2*: R5*s(0)  0.0000080             (-7.12)*BF[10 = A2: R8*s(0)]
    8         A2*: R6*s(0)  0.0001428            (-34.60)*BF[11 = A2: R9*s(0)]
    9         A2*: R7*s(0)  0.0021310             (-9.05)*BF[11 = A2: R9*s(0)]
   10          A2: R8*s(0)  1.0493485              (0.77)*BF[10 = A2: R8*s(0)]
   11          A2: R9*s(0)  1.9993412               (0.63)*BF[8 = A2: R6*s(0)]
   12        A2*: R10*p(0)  0.0000918             (6.03)*BF[18 = A2: R12*p(0)]
   13        A2*: R10*p(1)  0.0001657             (6.30)*BF[19 = A2: R12*p(1)]
   14       A2*: R10*p(-1)  0.0002241            (5.54)*BF[20 = A2: R12*p(-1)]
   15        A2*: R11*p(0)  0.0012416            (-2.58)*BF[18 = A2: R12*p(0)]
   16        A2*: R11*p(1)  0.0019697            (-2.62)*BF[19 = A2: R12*p(1)]
   17       A2*: R11*p(-1)  0.0023176           (-2.54)*BF[20 = A2: R12*p(-1)]
   18         A2: R12*p(0)  1.1451382             (0.62)*BF[12 = A2: R10*p(0)]
   19         A2: R12*p(1)  0.9895306             (0.61)*BF[13 = A2: R10*p(1)]
   20        A2: R12*p(-1)  1.0173524            (0.62)*BF[14 = A2: R10*p(-1)]
   21        A2*: R13*d(0)  0.0003415             (2.09)*BF[26 = A2: R14*d(0)]
   22        A2*: R13*d(1)  0.0002134             (1.94)*BF[27 = A2: R14*d(1)]
   23       A2*: R13*d(-1)  0.0002818            (2.06)*BF[28 = A2: R14*d(-1)]
   24        A2*: R13*d(2)  0.0001847             (2.09)*BF[29 = A2: R14*d(2)]
   25       A2*: R13*d(-2)  0.0002900            (1.98)*BF[30 = A2: R14*d(-2)]
   26        A2*: R14*d(0)  0.0004106            (-6.56)*BF[90 = A7: R42*s(0)]
   27        A2*: R14*d(1)  0.0008750            (10.72)*BF[90 = A7: R42*s(0)]
   28       A2*: R14*d(-1)  0.0007996             (-4.73)*BF[10 = A2: R8*s(0)]
   29        A2*: R14*d(2)  0.0008240            (4.88)*BF[17 = A2: R11*p(-1)]
   30       A2*: R14*d(-2)  0.0003169             (3.01)*BF[53 = A5: R27*s(0)]
   31        A2*: R15*f(0)  0.0000623              (2.52)*BF[10 = A2: R8*s(0)]
   32        A2*: R15*f(1)  0.0002238             (-4.54)*BF[10 = A2: R8*s(0)]
   33       A2*: R15*f(-1)  0.0000274            (1.38)*BF[33 = A2: R15*f(-1)]
   34        A2*: R15*f(2)  0.0004122              (5.96)*BF[10 = A2: R8*s(0)]
   35       A2*: R15*f(-2)  0.0000745              (3.17)*BF[10 = A2: R8*s(0)]
   36        A2*: R15*f(3)  0.0000938              (2.56)*BF[10 = A2: R8*s(0)]
   37       A2*: R15*f(-3)  0.0000752            (1.37)*BF[37 = A2: R15*f(-3)]
   38        A3*: R16*s(0)  0.0001772            (-3.16)*BF[40 = A3: R18*s(0)]
   39        A3*: R17*s(0)  0.0002654            (-2.53)*BF[40 = A3: R18*s(0)]
   40         A3: R18*s(0)  0.5393836             (0.98)*BF[39 = A3: R17*s(0)]
   41        A3*: R19*p(0)  0.0000766            (-2.29)*BF[39 = A3: R17*s(0)]
   42        A3*: R19*p(1)  0.0000659             (1.43)*BF[42 = A3: R19*p(1)]
   43       A3*: R19*p(-1)  0.0001062             (4.73)*BF[39 = A3: R17*s(0)]
   44        A4*: R20*s(0)  0.0000902            (-3.85)*BF[46 = A4: R22*s(0)]
   45        A4*: R21*s(0)  0.0006930            (-4.69)*BF[46 = A4: R22*s(0)]
   46         A4: R22*s(0)  0.7764444             (0.91)*BF[45 = A4: R21*s(0)]
   47        A4*: R23*p(0)  0.0000629             (1.47)*BF[47 = A4: R23*p(0)]
   48        A4*: R23*p(1)  0.0006833             (4.93)*BF[45 = A4: R21*s(0)]
   49       A4*: R23*p(-1)  0.0003179             (-3.35)*BF[10 = A2: R8*s(0)]
   50        A5*: R24*s(0)  0.0000001            (-2.19)*BF[53 = A5: R27*s(0)]
   51        A5*: R25*s(0)  0.0000180           (-15.73)*BF[54 = A5: R28*s(0)]
   52        A5*: R26*s(0)  0.0002928            (-7.55)*BF[54 = A5: R28*s(0)]
   53         A5: R27*s(0)  1.3740401             (0.73)*BF[53 = A5: R27*s(0)]
   54         A5: R28*s(0)  1.9996232             (0.65)*BF[51 = A5: R25*s(0)]
   55        A5*: R29*p(0)  0.0000091             (4.20)*BF[58 = A5: R30*p(0)]
   56        A5*: R29*p(1)  0.0000493             (5.15)*BF[59 = A5: R30*p(1)]
   57       A5*: R29*p(-1)  0.0001078            (4.62)*BF[60 = A5: R30*p(-1)]
   58        A5*: R30*p(0)  0.0006010            (-2.79)*BF[61 = A5: R31*p(0)]
   59        A5*: R30*p(1)  0.0003133            (-2.76)*BF[62 = A5: R31*p(1)]
   60       A5*: R30*p(-1)  0.0009653           (-3.10)*BF[63 = A5: R31*p(-1)]
   61         A5: R31*p(0)  1.4426911             (0.57)*BF[55 = A5: R29*p(0)]
   62         A5: R31*p(1)  1.3919451             (0.58)*BF[56 = A5: R29*p(1)]
   63        A5: R31*p(-1)  1.4252320            (0.58)*BF[57 = A5: R29*p(-1)]
   64        A5*: R32*d(0)  0.0000506            (-1.25)*BF[64 = A5: R32*d(0)]
   65        A5*: R32*d(1)  0.0000242            (-1.25)*BF[65 = A5: R32*d(1)]
   66       A5*: R32*d(-1)  0.0000164           (-1.25)*BF[66 = A5: R32*d(-1)]
   67        A5*: R32*d(2)  0.0000430            (-1.26)*BF[67 = A5: R32*d(2)]
   68       A5*: R32*d(-2)  0.0000254           (-1.24)*BF[68 = A5: R32*d(-2)]
   69        A5*: R33*d(0)  0.0017943             (1.95)*BF[69 = A5: R33*d(0)]
   70        A5*: R33*d(1)  0.0020859             (1.88)*BF[70 = A5: R33*d(1)]
   71       A5*: R33*d(-1)  0.0032259              (4.12)*BF[10 = A2: R8*s(0)]
   72        A5*: R33*d(2)  0.0033569             (2.31)*BF[72 = A5: R33*d(2)]
   73       A5*: R33*d(-2)  0.0009821              (2.15)*BF[10 = A2: R8*s(0)]
   74        A5*: R34*f(0)  0.0001117             (1.19)*BF[74 = A5: R34*f(0)]
   75        A5*: R34*f(1)  0.0002249             (1.37)*BF[53 = A5: R27*s(0)]
   76       A5*: R34*f(-1)  0.0000223            (1.17)*BF[76 = A5: R34*f(-1)]
   77        A5*: R34*f(2)  0.0002689            (-1.80)*BF[53 = A5: R27*s(0)]
   78       A5*: R34*f(-2)  0.0000578            (1.14)*BF[78 = A5: R34*f(-2)]
   79        A5*: R34*f(3)  0.0001408             (1.21)*BF[79 = A5: R34*f(3)]
   80       A5*: R34*f(-3)  0.0000644            (1.19)*BF[80 = A5: R34*f(-3)]
   81        A6*: R35*s(0)  0.0000921            (-5.54)*BF[83 = A6: R37*s(0)]
   82        A6*: R36*s(0)  0.0002484            (-4.76)*BF[83 = A6: R37*s(0)]
   83         A6: R37*s(0)  0.7556939             (0.91)*BF[82 = A6: R36*s(0)]
   84        A6*: R38*p(0)  0.0000728             (1.48)*BF[84 = A6: R38*p(0)]
   85        A6*: R38*p(1)  0.0007097             (5.64)*BF[82 = A6: R36*s(0)]
   86       A6*: R38*p(-1)  0.0002035            (-1.92)*BF[82 = A6: R36*s(0)]
   87        A7*: R39*s(0)  0.0000039            (-6.75)*BF[90 = A7: R42*s(0)]
   88        A7*: R40*s(0)  0.0001020           (-36.64)*BF[91 = A7: R43*s(0)]
   89        A7*: R41*s(0)  0.0017902           (-15.45)*BF[91 = A7: R43*s(0)]
   90         A7: R42*s(0)  1.0938814             (0.78)*BF[90 = A7: R42*s(0)]
   91         A7: R43*s(0)  1.9992470             (0.63)*BF[88 = A7: R40*s(0)]
   92        A7*: R44*p(0)  0.0001412             (5.32)*BF[98 = A7: R46*p(0)]
   93        A7*: R44*p(1)  0.0001734             (5.32)*BF[99 = A7: R46*p(1)]
   94       A7*: R44*p(-1)  0.0001245           (-6.60)*BF[97 = A7: R45*p(-1)]
   95        A7*: R45*p(0)  0.0030237            (-3.44)*BF[98 = A7: R46*p(0)]
   96        A7*: R45*p(1)  0.0017920            (-3.29)*BF[99 = A7: R46*p(1)]
   97       A7*: R45*p(-1)  0.0017187          (-3.41)*BF[100 = A7: R46*p(-1)]
   98         A7: R46*p(0)  1.1491740             (0.61)*BF[92 = A7: R44*p(0)]
   99         A7: R46*p(1)  1.2090323             (0.59)*BF[93 = A7: R44*p(1)]
  100        A7: R46*p(-1)  1.0604507            (0.62)*BF[94 = A7: R44*p(-1)]
  101        A7*: R47*d(0)  0.0002108            (-2.25)*BF[90 = A7: R42*s(0)]
  102        A7*: R47*d(1)  0.0000805           (-2.16)*BF[97 = A7: R45*p(-1)]
  103       A7*: R47*d(-1)  0.0000869            (2.32)*BF[152 = A9: R64*s(0)]
  104        A7*: R47*d(2)  0.0001041           (-1.39)*BF[104 = A7: R47*d(2)]
  105       A7*: R47*d(-2)  0.0001293           (1.51)*BF[110 = A7: R48*d(-2)]
  106        A7*: R48*d(0)  0.0009325             (9.26)*BF[90 = A7: R42*s(0)]
  107        A7*: R48*d(1)  0.0017686             (10.17)*BF[10 = A2: R8*s(0)]
  108       A7*: R48*d(-1)  0.0017428           (-8.82)*BF[152 = A9: R64*s(0)]
  109        A7*: R48*d(2)  0.0016760           (-4.78)*BF[97 = A7: R45*p(-1)]
  110       A7*: R48*d(-2)  0.0010127           (-3.28)*BF[152 = A9: R64*s(0)]
  111        A7*: R49*f(0)  0.0000594            (1.41)*BF[111 = A7: R49*f(0)]
  112        A7*: R49*f(1)  0.0003888             (5.40)*BF[90 = A7: R42*s(0)]
  113       A7*: R49*f(-1)  0.0001744             (4.14)*BF[90 = A7: R42*s(0)]
  114        A7*: R49*f(2)  0.0004347            (-5.16)*BF[90 = A7: R42*s(0)]
  115       A7*: R49*f(-2)  0.0000723           (-1.67)*BF[152 = A9: R64*s(0)]
  116        A7*: R49*f(3)  0.0001252            (-1.53)*BF[90 = A7: R42*s(0)]
  117       A7*: R49*f(-3)  0.0001359             (2.15)*BF[90 = A7: R42*s(0)]
  118        A8*: R50*s(0)  0.0000001            (1.50)*BF[119 = A8: R51*s(0)]
  119        A8*: R51*s(0)  0.0001811            (8.86)*BF[121 = A8: R53*s(0)]
  120        A8*: R52*s(0)  0.0003096           (-8.93)*BF[122 = A8: R54*s(0)]
  121         A8: R53*s(0)  1.7340296            (0.57)*BF[121 = A8: R53*s(0)]
  122         A8: R54*s(0)  1.9997890            (0.66)*BF[119 = A8: R51*s(0)]
  123        A8*: R55*p(0)  0.0000858            (4.04)*BF[122 = A8: R54*s(0)]
  124        A8*: R55*p(1)  0.0000492            (2.59)*BF[127 = A8: R56*p(1)]
  125       A8*: R55*p(-1)  0.0000643            (3.92)*BF[152 = A9: R64*s(0)]
  126        A8*: R56*p(0)  0.0018304            (2.37)*BF[152 = A9: R64*s(0)]
  127        A8*: R56*p(1)  0.0011463           (-1.87)*BF[130 = A8: R57*p(1)]
  128       A8*: R56*p(-1)  0.0014567          (-2.14)*BF[131 = A8: R57*p(-1)]
  129         A8: R57*p(0)  1.7129706            (0.54)*BF[123 = A8: R55*p(0)]
  130         A8: R57*p(1)  1.6458942            (0.51)*BF[124 = A8: R55*p(1)]
  131        A8: R57*p(-1)  1.7073538           (0.52)*BF[125 = A8: R55*p(-1)]
  132        A8*: R58*d(0)  0.0000159           (-1.20)*BF[132 = A8: R58*d(0)]
  133        A8*: R58*d(1)  0.0000044           (-2.27)*BF[152 = A9: R64*s(0)]
  134       A8*: R58*d(-1)  0.0000075          (-1.19)*BF[134 = A8: R58*d(-1)]
  135        A8*: R58*d(2)  0.0000097            (-1.39)*BF[91 = A7: R43*s(0)]
  136       A8*: R58*d(-2)  0.0000072           (-1.60)*BF[152 = A9: R64*s(0)]
  137        A8*: R59*d(0)  0.0021116            (1.28)*BF[137 = A8: R59*d(0)]
  138        A8*: R59*d(1)  0.0043188            (1.88)*BF[152 = A9: R64*s(0)]
  139       A8*: R59*d(-1)  0.0017047           (-1.24)*BF[152 = A9: R64*s(0)]
  140        A8*: R59*d(2)  0.0023608            (1.33)*BF[140 = A8: R59*d(2)]
  141       A8*: R59*d(-2)  0.0028269           (1.30)*BF[141 = A8: R59*d(-2)]
  142        A8*: R60*f(0)  0.0000318            (1.06)*BF[142 = A8: R60*f(0)]
  143        A8*: R60*f(1)  0.0000939            (1.12)*BF[143 = A8: R60*f(1)]
  144       A8*: R60*f(-1)  0.0000145           (1.05)*BF[144 = A8: R60*f(-1)]
  145        A8*: R60*f(2)  0.0000626            (1.10)*BF[145 = A8: R60*f(2)]
  146       A8*: R60*f(-2)  0.0000687           (1.10)*BF[146 = A8: R60*f(-2)]
  147        A8*: R60*f(3)  0.0000509            (1.09)*BF[147 = A8: R60*f(3)]
  148       A8*: R60*f(-3)  0.0000391           (1.07)*BF[148 = A8: R60*f(-3)]
  149        A9*: R61*s(0)  0.0000028           (-7.65)*BF[153 = A9: R65*s(0)]
  150        A9*: R62*s(0)  0.0005746           (16.29)*BF[153 = A9: R65*s(0)]
  151        A9*: R63*s(0)  0.0075168           (-7.74)*BF[152 = A9: R64*s(0)]
  152         A9: R64*s(0)  0.7951173            (1.11)*BF[152 = A9: R64*s(0)]
  153         A9: R65*s(0)  1.9995441           (-0.63)*BF[150 = A9: R62*s(0)]
  154        A9*: R66*p(0)  0.0002081            (8.10)*BF[160 = A9: R68*p(0)]
  155        A9*: R66*p(1)  0.0003216            (5.36)*BF[161 = A9: R68*p(1)]
  156       A9*: R66*p(-1)  0.0004049             (8.64)*BF[91 = A7: R43*s(0)]
  157        A9*: R67*p(0)  0.0212493           (-2.85)*BF[160 = A9: R68*p(0)]
  158        A9*: R67*p(1)  0.0057503           (-2.02)*BF[161 = A9: R68*p(1)]
  159       A9*: R67*p(-1)  0.0089507          (-2.77)*BF[162 = A9: R68*p(-1)]
  160         A9: R68*p(0)  0.7703102            (0.71)*BF[154 = A9: R66*p(0)]
  161         A9: R68*p(1)  0.7977767            (0.63)*BF[155 = A9: R66*p(1)]
  162        A9: R68*p(-1)  0.8537142           (0.67)*BF[156 = A9: R66*p(-1)]
  163        A9*: R69*d(0)  0.0002064             (4.18)*BF[90 = A7: R42*s(0)]
  164        A9*: R69*d(1)  0.0004421           (-5.10)*BF[169 = A9: R70*d(1)]
  165       A9*: R69*d(-1)  0.0004499          (-10.20)*BF[152 = A9: R64*s(0)]
  166        A9*: R69*d(2)  0.0003547           (-4.35)*BF[171 = A9: R70*d(2)]
  167       A9*: R69*d(-2)  0.0003585          (-3.66)*BF[172 = A9: R70*d(-2)]
  168        A9*: R70*d(0)  0.0010313            (-3.32)*BF[90 = A7: R42*s(0)]
  169        A9*: R70*d(1)  0.0018777            (-2.46)*BF[90 = A7: R42*s(0)]
  170       A9*: R70*d(-1)  0.0003022            (7.58)*BF[152 = A9: R64*s(0)]
  171        A9*: R70*d(2)  0.0013465            (3.57)*BF[152 = A9: R64*s(0)]
  172       A9*: R70*d(-2)  0.0021645            (-2.02)*BF[90 = A7: R42*s(0)]
  173        A9*: R71*f(0)  0.0000922           (-2.14)*BF[152 = A9: R64*s(0)]
  174        A9*: R71*f(1)  0.0001367           (-3.04)*BF[152 = A9: R64*s(0)]
  175       A9*: R71*f(-1)  0.0001632             (3.40)*BF[90 = A7: R42*s(0)]
  176        A9*: R71*f(2)  0.0002387            (3.91)*BF[152 = A9: R64*s(0)]
  177       A9*: R71*f(-2)  0.0001244           (-2.92)*BF[152 = A9: R64*s(0)]
  178        A9*: R71*f(3)  0.0001452            (2.23)*BF[152 = A9: R64*s(0)]
  179       A9*: R71*f(-3)  0.0001550            (2.05)*BF[152 = A9: R64*s(0)]
  180       A10*: R72*s(0)  0.0001383          (-2.96)*BF[182 = A10: R74*s(0)]
  181       A10*: R73*s(0)  0.0007074          (-2.64)*BF[182 = A10: R74*s(0)]
  182        A10: R74*s(0)  0.5474942           (0.97)*BF[181 = A10: R73*s(0)]
  183       A10*: R75*p(0)  0.0000525           (1.42)*BF[183 = A10: R75*p(0)]
  184       A10*: R75*p(1)  0.0001309          (-4.69)*BF[181 = A10: R73*s(0)]
  185      A10*: R75*p(-1)  0.0000852          (-2.25)*BF[181 = A10: R73*s(0)]
  186       A11*: R76*s(0)  0.0000003            (1.75)*BF[152 = A9: R64*s(0)]
  187       A11*: R77*s(0)  0.0002003          (-9.04)*BF[190 = A11: R80*s(0)]
  188       A11*: R78*s(0)  0.0003715           (8.35)*BF[189 = A11: R79*s(0)]
  189        A11: R79*s(0)  1.7193464           (0.58)*BF[189 = A11: R79*s(0)]
  190        A11: R80*s(0)  1.9997625           (0.66)*BF[187 = A11: R77*s(0)]
  191       A11*: R81*p(0)  0.0001461            (6.01)*BF[152 = A9: R64*s(0)]
  192       A11*: R81*p(1)  0.0000334           (2.28)*BF[195 = A11: R82*p(1)]
  193      A11*: R81*p(-1)  0.0000275          (2.49)*BF[196 = A11: R82*p(-1)]
  194       A11*: R82*p(0)  0.0015281           (-3.30)*BF[152 = A9: R64*s(0)]
  195       A11*: R82*p(1)  0.0014917          (-1.78)*BF[198 = A11: R83*p(1)]
  196      A11*: R82*p(-1)  0.0019768         (-1.98)*BF[199 = A11: R83*p(-1)]
  197        A11: R83*p(0)  1.5881739           (0.56)*BF[191 = A11: R81*p(0)]
  198        A11: R83*p(1)  1.6867302           (0.50)*BF[192 = A11: R81*p(1)]
  199       A11: R83*p(-1)  1.7806751          (0.51)*BF[193 = A11: R81*p(-1)]
  200       A11*: R84*d(0)  0.0000069           (-1.52)*BF[152 = A9: R64*s(0)]
  201       A11*: R84*d(1)  0.0000149            (1.34)*BF[152 = A9: R64*s(0)]
  202      A11*: R84*d(-1)  0.0000034         (-1.19)*BF[202 = A11: R84*d(-1)]
  203       A11*: R84*d(2)  0.0000038          (-2.21)*BF[189 = A11: R79*s(0)]
  204      A11*: R84*d(-2)  0.0000174         (-1.21)*BF[204 = A11: R84*d(-2)]
  205       A11*: R85*d(0)  0.0021762           (1.19)*BF[205 = A11: R85*d(0)]
  206       A11*: R85*d(1)  0.0035673           (1.44)*BF[206 = A11: R85*d(1)]
  207      A11*: R85*d(-1)  0.0003943          (1.04)*BF[207 = A11: R85*d(-1)]
  208       A11*: R85*d(2)  0.0051852           (1.78)*BF[190 = A11: R80*s(0)]
  209      A11*: R85*d(-2)  0.0034088          (1.39)*BF[209 = A11: R85*d(-2)]
  210       A11*: R86*f(0)  0.0000444           (1.06)*BF[210 = A11: R86*f(0)]
  211       A11*: R86*f(1)  0.0000812           (1.12)*BF[211 = A11: R86*f(1)]
  212      A11*: R86*f(-1)  0.0000078          (1.01)*BF[212 = A11: R86*f(-1)]
  213       A11*: R86*f(2)  0.0000748           (1.10)*BF[213 = A11: R86*f(2)]
  214      A11*: R86*f(-2)  0.0000296          (1.07)*BF[214 = A11: R86*f(-2)]
  215       A11*: R86*f(3)  0.0000765           (1.13)*BF[215 = A11: R86*f(3)]
  216      A11*: R86*f(-3)  0.0001034          (1.14)*BF[216 = A11: R86*f(-3)]
  217       A12*: R87*s(0)  0.0001204          (-3.32)*BF[219 = A12: R89*s(0)]
  218       A12*: R88*s(0)  0.0006592          (-2.23)*BF[219 = A12: R89*s(0)]
  219        A12: R89*s(0)  0.5461317           (0.96)*BF[218 = A12: R88*s(0)]
  220       A12*: R90*p(0)  0.0001411           (5.06)*BF[218 = A12: R88*s(0)]
  221       A12*: R90*p(1)  0.0000667           (1.43)*BF[221 = A12: R90*p(1)]
  222      A12*: R90*p(-1)  0.0000764          (1.46)*BF[222 = A12: R90*p(-1)]
  223       A13*: R91*s(0)  0.0000899          (-3.75)*BF[225 = A13: R93*s(0)]
  224       A13*: R92*s(0)  0.0010777          (-5.18)*BF[225 = A13: R93*s(0)]
  225        A13: R93*s(0)  0.7798083           (0.87)*BF[224 = A13: R92*s(0)]
  226       A13*: R94*p(0)  0.0008490           (5.77)*BF[224 = A13: R92*s(0)]
  227       A13*: R94*p(1)  0.0000608           (1.49)*BF[227 = A13: R94*p(1)]
  228      A13*: R94*p(-1)  0.0000774          (1.61)*BF[228 = A13: R94*p(-1)]
 trace = 47.999999999107814

Final electron populations and NPA charges:

Center	Nuclear	 Electron  	  NMB       	NPA   
      	 charge	 population	  population	charge
   H1	    1.0	  0.7685819	   0.7657286	 0.2314180877
   C2	    6.0	  6.2145098	   6.2007108	-0.2145098393
   H3	    1.0	  0.5400749	   0.5393836	 0.4599250699
   H4	    1.0	  0.7782917	   0.7764444	 0.2217083302
   N5	    7.0	  7.6483838	   7.6335314	-0.6483837659
   H6	    1.0	  0.7570204	   0.7556939	 0.2429795911
   C7	    6.0	  6.5297901	   6.5117854	-0.5297900613
   O8	    8.0	  8.8188895	   8.8000370	-0.8188895256
   C9	    6.0	  5.2710310	   5.2164625	 0.7289689797
  H10	    1.0	  0.5486085	   0.5474942	 0.4513914770
  O11	    8.0	  8.7956598	   8.7746882	-0.7956598054
  H12	    1.0	  0.5471955	   0.5461317	 0.4528044870
  H13	    1.0	  0.7819630	   0.7798083	 0.2180369759

Angular momentum contributions of the total atomic population:

   Cntr           s           p           d           f           g
     H1   0.7675406   0.0010413   0.0000000   0.0000000   0.0000000
     C2   3.0509715   3.1580317   0.0045375   0.0009692   0.0000000
     H3   0.5398262   0.0002487   0.0000000   0.0000000   0.0000000
     H4   0.7772276   0.0010641   0.0000000   0.0000000   0.0000000
     N5   3.3739742   4.2619139   0.0116048   0.0008908   0.0000000
     H6   0.7560344   0.0009860   0.0000000   0.0000000   0.0000000
     C7   3.0950246   3.4256306   0.0077442   0.0013907   0.0000000
     O8   3.7343093   5.0708511   0.0133676   0.0003615   0.0000000
     C9   2.8027556   2.4586862   0.0085339   0.0010554   0.0000000
    H10   0.5483399   0.0002686   0.0000000   0.0000000   0.0000000
    O11   3.7196810   5.0607830   0.0147781   0.0004178   0.0000000
    H12   0.5469113   0.0002842   0.0000000   0.0000000   0.0000000
    H13   0.7809759   0.0009871   0.0000000   0.0000000   0.0000000


                          * * *                                         

Wiberg-Mayer bond indices (based on density matrix in NAO basis):
Centr. A/B         1         2         3         4         5         6         7         8         9        10        11        12        13
      1    ( 0.9496)    0.9121    0.0006    0.0003    0.0017    0.0000    0.0023    0.0017    0.0028    0.0014    0.0060    0.0104    0.0101
      2              ( 3.8382)    0.0018    0.9220    0.9486    0.0031    1.0140    0.0140    0.0049    0.0043    0.0073    0.0043    0.0018
      3                        ( 0.7891)    0.0015    0.7748    0.0006    0.0089    0.0001    0.0001    0.0001    0.0001    0.0001    0.0004
      4                                  ( 0.9524)    0.0022    0.0029    0.0022    0.0016    0.0077    0.0104    0.0009    0.0007    0.0001
      5                                            ( 3.3034)    0.0070    0.0072    0.0010    0.0009    0.7791    0.0009    0.7774    0.0027
      6                                                      ( 0.9418)    0.9025    0.0115    0.0048    0.0001    0.0082    0.0001    0.0010
      7                                                                ( 3.9125)    0.0491    0.9441    0.0008    0.0556    0.0019    0.9239
      8                                                                          ( 1.7427)    1.4492    0.0003    0.2122    0.0001    0.0020
      9                                                                                    ( 3.9049)    0.0005    1.4878    0.0001    0.0020
     10                                                                                              ( 0.7973)    0.0003    0.0001    0.0000
     11                                                                                                        ( 1.7893)    0.0001    0.0099
     12                                                                                                                  ( 0.7960)    0.0007
     13                                                                                                                            ( 0.9546)

                          * * *                                         

Creating  LPOs (Localized Property-optimized Orbitals)


Creating initial guess...
Optimizing LPOs...

Finding an optimal hybrid pairing...
    0    1    2    3    4    5    6    7    8    9   10   11   12   13   14   15   16   17   18   19   20   21   22   23   24   25   26   27   28   29   30   31   32   33   34   35   36   37   38   39   40   41   42   43   44   45   46   47   48   49   50   51   52   53   54   55   56   57   58   59   60   61   62   63   64   65   66   67   68   69   70   71   72   73   74   75   76   77   78   79   80   81   82   83   84   85   86   87   88   89   90   91   92   93   94   95   96   97   98   99  100  101  102  103  104  105  106  107  108  109  110  111  112  113  114  115  116  117  118  119  120  121  122  123  124  125  126  127  128  129  130  131  132  133  134  135  136  137  138  139  140  141  142  143  144  145  146  147  148  149  150  151  152  153  154  155  156  157  158  159  160  161  162  163  164  165  166  167  168  169  170  171  172  173  174  175  176  177  178  179  180  181  182  183  184  185  186  187  188  189  190  191  192  193  194  195  196  197  198  199  200  201  202  203  204  205  206  207  208  209  210  211  212  213  214  215  216  217  218  219  220  221  222  223  224  225  226  227
   70   94   17  110  216   38   54   72   44   52   43  101  225   68  179   69  127    2   45   99   81   50  200   83   64  226  184   71   86   93   67   77  178   79  116   66  114   53    5   62  170  172  192   10    8   18   51  227  221  169   21   46    9   37    6  213  202   95  190  163  218  181   39   85   24  177   35   30   13   15    0   27    7  135  132  144  131   31  105   33  222   20   98   23  167   63   28  174  119  160  166  137  214   29    1   57  180  224   82   19  154   11  126  182  134   78  194  165  186  204    3  208  141  175   36  148   34   -1  155   88  150  153  210  212  191  195  102   16  151  171  149   76   74  211  104   73  206   91  205  220  162  112  193  203   75  199  201   -1  115  130  120  128  207  121  100  118  188  185  219  196   89  197  140   59  215  107   90   84  198   49   40  129   41  209   87  113  189   65   32   14   96   61  103  187   26  157  108  183  156  176   58  124   42  142  106  125  159  161  168  145   22  146   56  143  109  138  136  152  111  173  122  133  123   55   92  164    4  223   60  158  139   48   80  217   97   12   25   47
LPO iteration  1: hybrids reconnected, target function =   93.3490487
Iterative optimization of atomic hybrids
           Target                 Total        max.atomic       Total        max.atomic     Nxt.step
  Itr.    function    new-old  ||Unew-U||^2   ||unew-u||^2   ||Dnew-D||^2   ||dnew-d||^2     lambda 
    1      93.3490   +9.3e+01    9.484000      0.1010805      0.11074        0.0825802       (none)
    2      93.3742   +2.5e-02    5.430864      0.0374860      0.04015        0.0332750       (none)
    3      93.3777   +3.6e-03    4.930546      0.0346296      0.01866        0.0143100       (none)
    4      93.3785   +7.5e-04    4.589097      0.0647053      0.00955        0.0064120       (none)
    5      93.3787   +2.0e-04    2.822343      0.0361355      0.00542        0.0029234       (none)
    6      93.3788   +7.1e-05    5.551983      0.0646407      0.00348        0.0013465       (none)
    7      93.3788   +3.3e-05    6.746658      0.0646265      0.00250        0.0007782       (none)
    8      93.3788   +1.8e-05    3.015571      0.0385094      0.00193        0.0007597       (none)
    9      93.3788   +1.1e-05    4.650991      0.0645652      0.00153        0.0006665       (none)
   10      93.3788   +7.6e-06    << Converged! (threshold = 1.00e-05) >>
Optimization of hybrids finished
LPO iteration  1: hybrids optimized, target function =   93.3788372
Finding an optimal hybrid pairing...
    0    1    2    3    4    5    6    7    8    9   10   11   12   13   14   15   16   17   18   19   20   21   22   23   24   25   26   27   28   29   30   31   32   33   34   35   36   37   38   39   40   41   42   43   44   45   46   47   48   49   50   51   52   53   54   55   56   57   58   59   60   61   62   63   64   65   66   67   68   69   70   71   72   73   74   75   76   77   78   79   80   81   82   83   84   85   86   87   88   89   90   91   92   93   94   95   96   97   98   99  100  101  102  103  104  105  106  107  108  109  110  111  112  113  114  115  116  117  118  119  120  121  122  123  124  125  126  127  128  129  130  131  132  133  134  135  136  137  138  139  140  141  142  143  144  145  146  147  148  149  150  151  152  153  154  155  156  157  158  159  160  161  162  163  164  165  166  167  168  169  170  171  172  173  174  175  176  177  178  179  180  181  182  183  184  185  186  187  188  189  190  191  192  193  194  195  196  197  198  199  200  201  202  203  204  205  206  207  208  209  210  211  212  213  214  215  216  217  218  219  220  221  222  223  224  225  226  227
   70   94   17  110  103   38   64   72   44   52   43   55  225   68  179   69  127    2   45   99  219   50   58   83   56  226  158   71   78  140   67   77   66   75   54   65   74   53    5   62  221  172  100   10    8   18  187  183   85  177   21  154    9   37   34   11   24   95   22  163  218  181   39  220    6   35   32   30   13   15    0   27    7  135   36   33  123   31   28  211  222  184   98   23  167   48  165  227  119  160  166  137  214  200    1   57  180  224   82   19   42  178  126    4  134  164  194  148  186  204    3  208  141  175  169  117  173  115  212   88  150  153  201   76  174  195  102   16  151  171  149  191  203  209  104   73  206   91  205  170   29  112  192  215  210  199  202  213  107  130  120  128  207  121   51  190  188  185   26  196   89  197  193   59  105   86   90   84  198  114  139  129   41  116  124  113  189   49  101   14   96   61  216   47   81  157  108   46  156  176  155  131  142  162  106  125  159  161  168  145   93  122  146  132  109  138  136  152  111  133  144   79  118  147   92  143  182  223   60   20   63   40   80  217   97   12   25   87
LPO iteration  2: hybrids reconnected, target function =   93.3788373
Done! (in 1 iterations)


*** Summary of LPO  results

  LPO 	         D e s c r i p t i o n     	Occupancy	Composition
    1	(BD) H1-N5, Io = 0.2630            	0.00016  	h1@H1 * ( 0.7947) + h71@N5 * ( 0.6070)	
    2	     H1-N5, antibonding (NB)       	  0.00002	h1@H1 * ( 0.6070) + h71@N5 * (-0.7947)	
    3	(BD) H1-C7, Io = 0.4772            	0.00405  	h2@H1 * ( 0.5113) + h95@C7 * ( 0.8594)	
    4	     H1-C7, antibonding (NB)       	  0.00092	h2@H1 * (-0.8594) + h95@C7 * ( 0.5113)	
    5	(BD) H1-C2, Io = 0.2372            	1.98234  	h3@H1 * ( 0.6176) + h18@C2 * ( 0.7865)	
    6	     H1-C2, antibonding (NB)       	  0.01687	h3@H1 * (-0.7865) + h18@C2 * ( 0.6176)	
    7	(BD) H1-C7, Io = 0.3259            	0.00003  	h4@H1 * ( 0.5806) + h111@C7 * ( 0.8142)	
    8	     H1-C7, antibonding (NB)       	  0.00001	h4@H1 * (-0.8142) + h111@C7 * ( 0.5806)	
    9	(BD) H1-C7, Io = 0.3789            	0.00008  	h5@H1 * ( 0.8303) + h104@C7 * (-0.5573)	
   10	     H1-C7, antibonding (NB)       	  0.00002	h5@H1 * (-0.5573) + h104@C7 * (-0.8303)	
   11	(BD) H1-H3, Io = 0.5405            	0.00034  	h6@H1 * (-0.4793) + h39@H3 * ( 0.8776)	
   12	     H1-H3, antibonding (NB)       	  0.00007	h6@H1 * (-0.8776) + h39@H3 * (-0.4793)	
   13	(BD) C2-N5, Io = 0.9988            	0.00000  	h7@C2 * (-0.0246) + h65@N5 * ( 0.9997)	
   14	     C2-N5, antibonding (NB)       	  0.00000	h7@C2 * (-0.9997) + h65@N5 * (-0.0246)	
   15	(BD) C2-N5, Io = 0.2915            	0.00004  	h8@C2 * ( 0.8036) + h73@N5 * (-0.5952)	
   16	     C2-N5, antibonding (NB)       	  0.00001	h8@C2 * (-0.5952) + h73@N5 * (-0.8036)	
   17	(BD) C2-H4, Io = 0.7049            	0.00236  	h9@C2 * ( 0.9233) + h45@H4 * ( 0.3841)	
   18	     C2-H4, antibonding (NB)       	  0.00034	h9@C2 * ( 0.3841) + h45@H4 * (-0.9233)	
   19	(BD) C2-N5, Io = 0.2736            	1.99598  	h10@C2 * ( 0.6026) + h53@N5 * ( 0.7980)	
   20	     C2-N5, antibonding (NB)       	  0.01335	h10@C2 * (-0.7980) + h53@N5 * ( 0.6026)	
   21	(BD) C2-H4, Io = 0.9999            	1.99961  	h11@C2 * ( 1.0000) + h44@H4 * ( 0.0068)	
   22	     C2-H4, antibonding (NB)       	  0.00009	h11@C2 * ( 0.0068) + h44@H4 * (-1.0000)	
   23	(BD) C2-N5, Io = 0.5064            	0.00000  	h12@C2 * ( 0.8679) + h56@N5 * ( 0.4968)	
   24	     C2-N5, antibonding (NB)       	  0.00000	h12@C2 * ( 0.4968) + h56@N5 * (-0.8679)	
   25	(BD) C2-H13, Io = 0.7808           	0.00018  	h13@C2 * ( 0.9436) + h226@H13 * (-0.3310)	
   26	     C2-H13, antibonding (NB)      	  0.00005	h13@C2 * (-0.3310) + h226@H13 * (-0.9436)	
   27	(BD) C2-N5, Io = 0.5005            	0.00047  	h14@C2 * ( 0.8662) + h69@N5 * ( 0.4998)	
   28	     C2-N5, antibonding (NB)       	  0.00004	h14@C2 * ( 0.4998) + h69@N5 * (-0.8662)	
   29	(BD) C2-H10, Io = 0.9063           	0.00153  	h15@C2 * ( 0.9763) + h180@H10 * (-0.2164)	
   30	     C2-H10, antibonding (NB)      	  0.00006	h15@C2 * (-0.2164) + h180@H10 * (-0.9763)	
   31	(BD) C2-N5, Io = 0.7029            	0.00035  	h16@C2 * ( 0.9228) + h70@N5 * (-0.3854)	
   32	     C2-N5, antibonding (NB)       	  0.00005	h16@C2 * (-0.3854) + h70@N5 * (-0.9228)	
   33	(BD) C2-O8, Io = 0.0715            	0.00110  	h17@C2 * (-0.6814) + h128@O8 * ( 0.7319)	
   34	     C2-O8, antibonding (NB)       	  0.00014	h17@C2 * (-0.7319) + h128@O8 * (-0.6814)	
   35	(BD) C2-H4, Io = 0.2240            	1.98275  	h19@C2 * ( 0.7823) + h46@H4 * (-0.6229)	
   36	     C2-H4, antibonding (NB)       	  0.01292	h19@C2 * (-0.6229) + h46@H4 * (-0.7823)	
   37	(BD) C2-C7, Io = 0.0251            	1.98395  	h20@C2 * ( 0.7159) + h100@C7 * (-0.6982)	
   38	     C2-C7, antibonding (NB)       	  0.01425	h20@C2 * (-0.6982) + h100@C7 * (-0.7159)	
   39	(BD) C2-H12, Io = 0.9544           	0.00140  	h21@C2 * ( 0.9885) + h220@H12 * (-0.1510)	
   40	     C2-H12, antibonding (NB)      	  0.00004	h21@C2 * (-0.1510) + h220@H12 * (-0.9885)	
   41	(BD) C2-N5, Io = 0.4810            	0.00001  	h22@C2 * ( 0.8605) + h51@N5 * ( 0.5094)	
   42	     C2-N5, antibonding (NB)       	  0.00000	h22@C2 * ( 0.5094) + h51@N5 * (-0.8605)	
   43	(BD) C2-N5, Io = 0.7660            	0.00000  	h23@C2 * ( 0.9397) + h59@N5 * (-0.3421)	
   44	     C2-N5, antibonding (NB)       	  0.00000	h23@C2 * (-0.3421) + h59@N5 * (-0.9397)	
   45	(BD) C2-H6, Io = 0.0190            	0.00004  	h24@C2 * (-0.7003) + h84@H6 * ( 0.7138)	
   46	     C2-H6, antibonding (NB)       	  0.00001	h24@C2 * (-0.7138) + h84@H6 * (-0.7003)	
   47	(BD) C2-N5, Io = 0.8874            	0.00000  	h25@C2 * ( 0.9714) + h57@N5 * ( 0.2372)	
   48	     C2-N5, antibonding (NB)       	  0.00000	h25@C2 * ( 0.2372) + h57@N5 * (-0.9714)	
   49	(BD) C2-H13, Io = 0.5316           	0.00022  	h26@C2 * ( 0.8751) + h227@H13 * ( 0.4839)	
   50	     C2-H13, antibonding (NB)      	  0.00002	h26@C2 * ( 0.4839) + h227@H13 * (-0.8751)	
   51	(BD) C2-C9, Io = 0.6820            	0.00010  	h27@C2 * ( 0.9170) + h159@C9 * ( 0.3988)	
   52	     C2-C9, antibonding (NB)       	  0.00005	h27@C2 * ( 0.3988) + h159@C9 * (-0.9170)	
   53	(BD) C2-N5, Io = 0.6814            	0.00001  	h28@C2 * (-0.3991) + h72@N5 * ( 0.9169)	
   54	     C2-N5, antibonding (NB)       	  0.00000	h28@C2 * (-0.9169) + h72@N5 * (-0.3991)	
   55	(BD) C2-N5, Io = 0.7555            	0.00000  	h29@C2 * (-0.3497) + h79@N5 * ( 0.9369)	
   56	     C2-N5, antibonding (NB)       	  0.00000	h29@C2 * (-0.9369) + h79@N5 * (-0.3497)	
   57	(BD) C2-O8, Io = 0.9554            	0.00002  	h30@C2 * ( 0.9888) + h141@O8 * ( 0.1493)	
   58	     C2-O8, antibonding (NB)       	  0.00000	h30@C2 * ( 0.1493) + h141@O8 * (-0.9888)	
   59	(BD) C2-N5, Io = 0.8462            	0.00000  	h31@C2 * ( 0.2773) + h68@N5 * ( 0.9608)	
   60	     C2-N5, antibonding (NB)       	  0.00000	h31@C2 * (-0.9608) + h68@N5 * ( 0.2773)	
   61	(BD) C2-N5, Io = 0.6046            	0.00000  	h32@C2 * ( 0.8957) + h78@N5 * ( 0.4446)	
   62	     C2-N5, antibonding (NB)       	  0.00000	h32@C2 * ( 0.4446) + h78@N5 * (-0.8957)	
   63	(BD) C2-N5, Io = 0.6894            	0.00000  	h33@C2 * ( 0.3941) + h67@N5 * ( 0.9191)	
   64	     C2-N5, antibonding (NB)       	  0.00000	h33@C2 * (-0.9191) + h67@N5 * ( 0.3941)	
   65	(BD) C2-N5, Io = 0.9119            	0.00000  	h34@C2 * (-0.2098) + h76@N5 * ( 0.9777)	
   66	     C2-N5, antibonding (NB)       	  0.00000	h34@C2 * (-0.9777) + h76@N5 * (-0.2098)	
   67	(BD) C2-N5, Io = 0.9882            	0.00000  	h35@C2 * (-0.0768) + h55@N5 * ( 0.9970)	
   68	     C2-N5, antibonding (NB)       	  0.00000	h35@C2 * (-0.9970) + h55@N5 * (-0.0768)	
   69	(BD) C2-N5, Io = 0.9089            	0.00000  	h36@C2 * ( 0.2135) + h66@N5 * ( 0.9770)	
   70	     C2-N5, antibonding (NB)       	  0.00000	h36@C2 * (-0.9770) + h66@N5 * ( 0.2135)	
   71	(BD) C2-N5, Io = 0.9435            	0.00000  	h37@C2 * ( 0.1680) + h75@N5 * ( 0.9858)	
   72	     C2-N5, antibonding (NB)       	  0.00000	h37@C2 * (-0.9858) + h75@N5 * ( 0.1680)	
   73	(BD) H3-N5, Io = 0.9999            	1.99972  	h38@H3 * ( 0.0060) + h54@N5 * ( 1.0000)	
   74	     H3-N5, antibonding (NB)       	  0.00014	h38@H3 * (-1.0000) + h54@N5 * ( 0.0060)	
   75	(BD) H3-N5, Io = 0.4636            	1.99280  	h40@H3 * (-0.5179) + h63@N5 * ( 0.8554)	
   76	     H3-N5, antibonding (NB)       	  0.00678	h40@H3 * (-0.8554) + h63@N5 * (-0.5179)	
   77	(BD) H3-H12, Io = 0.1068           	0.00006  	h41@H3 * (-0.6683) + h222@H12 * ( 0.7439)	
   78	     H3-H12, antibonding (NB)      	  0.00002	h41@H3 * (-0.7439) + h222@H12 * (-0.6683)	
   79	(BD) H3-C9, Io = 0.5872            	0.00007  	h42@H3 * ( 0.8908) + h173@C9 * (-0.4543)	
   80	     H3-C9, antibonding (NB)       	  0.00000	h42@H3 * (-0.4543) + h173@C9 * (-0.8908)	
   81	(BD) H3-C7, Io = 0.8736            	0.00009  	h43@H3 * ( 0.2514) + h101@C7 * ( 0.9679)	
   82	     H3-C7, antibonding (NB)       	  0.00001	h43@H3 * (-0.9679) + h101@C7 * ( 0.2514)	
   83	(BD) H4-O11, Io = 0.2055           	0.00007  	h47@H4 * ( 0.7764) + h188@O11 * (-0.6303)	
   84	     H4-O11, antibonding (NB)      	  0.00002	h47@H4 * (-0.6303) + h188@O11 * (-0.7764)	
   85	(BD) H4-H10, Io = 0.3350           	0.00002  	h48@H4 * (-0.5766) + h184@H10 * ( 0.8170)	
   86	     H4-H10, antibonding (NB)      	  0.00001	h48@H4 * (-0.8170) + h184@H10 * (-0.5766)	
   87	(BD) H4-H6, Io = 0.4657            	0.00016  	h49@H4 * ( 0.8561) + h86@H6 * (-0.5168)	
   88	     H4-H6, antibonding (NB)       	  0.00006	h49@H4 * (-0.5168) + h86@H6 * (-0.8561)	
   89	(BD) N5-C9, Io = 0.4571            	0.00000  	h50@N5 * ( 0.5210) + h178@C9 * ( 0.8536)	
   90	     N5-C9, antibonding (NB)       	  0.00000	h50@N5 * (-0.8536) + h178@C9 * ( 0.5210)	
   91	(BD) N5-C9, Io = 0.7260            	0.00027  	h52@N5 * ( 0.9290) + h155@C9 * (-0.3702)	
   92	     N5-C9, antibonding (NB)       	  0.00005	h52@N5 * (-0.3702) + h155@C9 * (-0.9290)	
   93	(BD) N5-C7, Io = 0.2375            	0.00094  	h58@N5 * ( 0.7866) + h96@C7 * ( 0.6175)	
   94	     N5-C7, antibonding (NB)       	  0.00009	h58@N5 * ( 0.6175) + h96@C7 * (-0.7866)	
   95	(BD) N5-C9, Io = 0.2044            	0.00230  	h60@N5 * ( 0.7760) + h164@C9 * (-0.6307)	
   96	     N5-C9, antibonding (NB)       	  0.00026	h60@N5 * (-0.6307) + h164@C9 * (-0.7760)	
   97	(BD) N5-H12, Io = 0.4586           	1.99295  	h61@N5 * ( 0.8540) + h219@H12 * (-0.5203)	
   98	     N5-H12, antibonding (NB)      	  0.00930	h61@N5 * (-0.5203) + h219@H12 * (-0.8540)	
   99	(BD) N5-H10, Io = 0.4569           	1.99271  	h62@N5 * ( 0.8535) + h182@H10 * ( 0.5211)	
  100	     N5-H10, antibonding (NB)      	  0.00890	h62@N5 * ( 0.5211) + h182@H10 * (-0.8535)	
  101	(BD) N5-H12, Io = 0.4515           	0.00002  	h64@N5 * (-0.5237) + h221@H12 * ( 0.8519)	
  102	     N5-H12, antibonding (NB)      	  0.00001	h64@N5 * (-0.8519) + h221@H12 * (-0.5237)	
  103	(BD) N5-O8, Io = 0.6207            	0.00000  	h74@N5 * ( 0.9002) + h136@O8 * ( 0.4355)	
  104	     N5-O8, antibonding (NB)       	  0.00000	h74@N5 * ( 0.4355) + h136@O8 * (-0.9002)	
  105	(BD) N5-O8, Io = 0.9689            	0.00000  	h77@N5 * ( 0.9922) + h124@O8 * (-0.1247)	
  106	     N5-O8, antibonding (NB)       	  0.00000	h77@N5 * (-0.1247) + h124@O8 * (-0.9922)	
  107	(BD) N5-O11, Io = 0.9975           	0.00000  	h80@N5 * ( 0.9994) + h212@O11 * ( 0.0356)	
  108	     N5-O11, antibonding (NB)      	  0.00000	h80@N5 * ( 0.0356) + h212@O11 * (-0.9994)	
  109	(BD) H6-H13, Io = 0.1836           	0.00019  	h81@H6 * ( 0.7693) + h223@H13 * ( 0.6389)	
  110	     H6-H13, antibonding (NB)      	  0.00001	h81@H6 * ( 0.6389) + h223@H13 * (-0.7693)	
  111	(BD) H6-H10, Io = 0.7569           	0.00026  	h82@H6 * ( 0.9373) + h185@H10 * (-0.3486)	
  112	     H6-H10, antibonding (NB)      	  0.00005	h82@H6 * (-0.3486) + h185@H10 * (-0.9373)	
  113	(BD) H6-C7, Io = 0.2342            	1.96201  	h83@H6 * (-0.6188) + h99@C7 * ( 0.7856)	
  114	     H6-C7, antibonding (NB)       	  0.00843	h83@H6 * (-0.7856) + h99@C7 * (-0.6188)	
  115	(BD) H6-C9, Io = 0.2305            	0.00018  	h85@H6 * ( 0.6203) + h168@C9 * ( 0.7844)	
  116	     H6-C9, antibonding (NB)       	  0.00003	h85@H6 * (-0.7844) + h168@C9 * ( 0.6203)	
  117	(BD) C7-C9, Io = 0.1522            	-0.00000 	h87@C7 * ( 0.6511) + h166@C9 * ( 0.7590)	
  118	     C7-C9, antibonding (NB)       	 -0.00000	h87@C7 * (-0.7590) + h166@C9 * ( 0.6511)	
  119	(BD) C7-H13, Io = 0.5169           	0.00003  	h88@C7 * ( 0.4915) + h228@H13 * ( 0.8709)	
  120	     C7-H13, antibonding (NB)      	  0.00001	h88@C7 * (-0.8709) + h228@H13 * ( 0.4915)	
  121	(BD) C7-O8, Io = 0.9369            	0.00208  	h89@C7 * ( 0.9841) + h120@O8 * (-0.1777)	
  122	     C7-O8, antibonding (NB)       	  0.00007	h89@C7 * (-0.1777) + h120@O8 * (-0.9841)	
  123	(BD) C7-C9, Io = 0.0825            	1.98975  	h90@C7 * ( 0.7357) + h161@C9 * (-0.6773)	
  124	     C7-C9, antibonding (NB)       	  0.09454	h90@C7 * (-0.6773) + h161@C9 * (-0.7357)	
  125	(BD) C7-C9, Io = 0.9999            	1.99945  	h91@C7 * ( 1.0000) + h167@C9 * ( 0.0084)	
  126	     C7-C9, antibonding (NB)       	  0.00010	h91@C7 * ( 0.0084) + h167@C9 * (-1.0000)	
  127	(BD) C7-O8, Io = 0.4255            	0.00022  	h92@C7 * ( 0.8442) + h138@O8 * (-0.5360)	
  128	     C7-O8, antibonding (NB)       	  0.00004	h92@C7 * (-0.5360) + h138@O8 * (-0.8442)	
  129	(BD) C7-O11, Io = 0.1949           	0.00000  	h93@C7 * ( 0.7729) + h215@O11 * ( 0.6345)	
  130	     C7-O11, antibonding (NB)      	  0.00000	h93@C7 * ( 0.6345) + h215@O11 * (-0.7729)	
  131	(BD) C7-O11, Io = 0.8695           	0.00002  	h94@C7 * ( 0.9668) + h201@O11 * ( 0.2554)	
  132	     C7-O11, antibonding (NB)      	  0.00000	h94@C7 * ( 0.2554) + h201@O11 * (-0.9668)	
  133	(BD) C7-H10, Io = 0.7125           	0.00208  	h97@C7 * ( 0.9253) + h181@H10 * (-0.3791)	
  134	     C7-H10, antibonding (NB)      	  0.00049	h97@C7 * (-0.3791) + h181@H10 * (-0.9253)	
  135	(BD) C7-H13, Io = 0.2191           	1.98127  	h98@C7 * ( 0.7807) + h225@H13 * (-0.6249)	
  136	     C7-H13, antibonding (NB)      	  0.01156	h98@C7 * (-0.6249) + h225@H13 * (-0.7807)	
  137	(BD) C7-C9, Io = 0.9524            	0.00000  	h102@C7 * ( 0.1542) + h179@C9 * ( 0.9880)	
  138	     C7-C9, antibonding (NB)       	 -0.00000	h102@C7 * (-0.9880) + h179@C9 * ( 0.1542)	
  139	(BD) C7-O8, Io = 0.4627            	0.00136  	h103@C7 * (-0.5183) + h127@O8 * ( 0.8552)	
  140	     C7-O8, antibonding (NB)       	  0.00005	h103@C7 * (-0.8552) + h127@O8 * (-0.5183)	
  141	(BD) C7-O8, Io = 0.4580            	0.00000  	h105@C7 * (-0.5206) + h135@O8 * ( 0.8538)	
  142	     C7-O8, antibonding (NB)       	  0.00000	h105@C7 * (-0.8538) + h135@O8 * (-0.5206)	
  143	(BD) C7-C9, Io = 0.9369            	0.00000  	h106@C7 * (-0.1777) + h165@C9 * ( 0.9841)	
  144	     C7-C9, antibonding (NB)       	 -0.00000	h106@C7 * (-0.9841) + h165@C9 * (-0.1777)	
  145	(BD) C7-O11, Io = 0.6127           	0.00151  	h107@C7 * ( 0.4401) + h195@O11 * ( 0.8980)	
  146	     C7-O11, antibonding (NB)      	  0.00004	h107@C7 * (-0.8980) + h195@O11 * ( 0.4401)	
  147	(BD) C7-C9, Io = 0.2380            	0.00000  	h108@C7 * ( 0.6173) + h149@C9 * ( 0.7868)	
  148	     C7-C9, antibonding (NB)       	 -0.00000	h108@C7 * (-0.7868) + h149@C9 * ( 0.6173)	
  149	(BD) C7-O11, Io = 0.5182           	0.00052  	h109@C7 * (-0.4908) + h187@O11 * ( 0.8713)	
  150	     C7-O11, antibonding (NB)      	  0.00011	h109@C7 * (-0.8713) + h187@O11 * (-0.4908)	
  151	(BD) C7-O11, Io = 0.6530           	0.00097  	h110@C7 * ( 0.9091) + h205@O11 * ( 0.4165)	
  152	     C7-O11, antibonding (NB)      	  0.00007	h110@C7 * ( 0.4165) + h205@O11 * (-0.9091)	
  153	(BD) C7-O11, Io = 0.9209           	0.00002  	h112@C7 * ( 0.9800) + h209@O11 * (-0.1988)	
  154	     C7-O11, antibonding (NB)      	  0.00000	h112@C7 * (-0.1988) + h209@O11 * (-0.9800)	
  155	(BD) C7-O8, Io = 0.3982            	0.00000  	h113@C7 * ( 0.8361) + h142@O8 * ( 0.5485)	
  156	     C7-O8, antibonding (NB)       	  0.00000	h113@C7 * ( 0.5485) + h142@O8 * (-0.8361)	
  157	(BD) C7-C9, Io = 0.8992            	0.00000  	h114@C7 * ( 0.9745) + h176@C9 * ( 0.2245)	
  158	     C7-C9, antibonding (NB)       	  0.00000	h114@C7 * ( 0.2245) + h176@C9 * (-0.9745)	
  159	(BD) C7-C9, Io = 0.8172            	0.00000  	h115@C7 * ( 0.3023) + h170@C9 * ( 0.9532)	
  160	     C7-C9, antibonding (NB)       	 -0.00000	h115@C7 * (-0.9532) + h170@C9 * ( 0.3023)	
  161	(BD) C7-O8, Io = 0.9988            	-0.00000 	h116@C7 * (-0.0244) + h118@O8 * ( 0.9997)	
  162	     C7-O8, antibonding (NB)       	 -0.00000	h116@C7 * (-0.9997) + h118@O8 * (-0.0244)	
  163	(BD) C7-C9, Io = 0.9204            	0.00000  	h117@C7 * ( 0.1994) + h174@C9 * ( 0.9799)	
  164	     C7-C9, antibonding (NB)       	 -0.00000	h117@C7 * (-0.9799) + h174@C9 * ( 0.1994)	
  165	(BD) O8-O11, Io = 0.9817           	0.00000  	h119@O8 * ( 0.9954) + h213@O11 * (-0.0955)	
  166	     O8-O11, antibonding (NB)      	  0.00000	h119@O8 * (-0.0955) + h213@O11 * (-0.9954)	
  167	(BD) O8-C9, Io = 0.9878            	1.99044  	h121@O8 * ( 0.9969) + h151@C9 * (-0.0781)	
  168	     O8-C9, antibonding (NB)       	  0.00288	h121@O8 * (-0.0781) + h151@C9 * (-0.9969)	
  169	(BD) O8-C9, Io = 1.0000            	1.99996  	h122@O8 * ( 1.0000) + h154@C9 * ( 0.0036)	
  170	     O8-C9, antibonding (NB)       	  0.00001	h122@O8 * ( 0.0036) + h154@C9 * (-1.0000)	
  171	(BD) O8-O11, Io = 0.8466           	0.00000  	h123@O8 * ( 0.9609) + h202@O11 * ( 0.2769)	
  172	     O8-O11, antibonding (NB)      	  0.00000	h123@O8 * ( 0.2769) + h202@O11 * (-0.9609)	
  173	(BD) O8-C9, Io = 0.9227            	0.00000  	h125@O8 * (-0.1965) + h175@C9 * ( 0.9805)	
  174	     O8-C9, antibonding (NB)       	  0.00000	h125@O8 * (-0.9805) + h175@C9 * (-0.1965)	
  175	(BD) O8-O11, Io = 0.1386           	0.00406  	h126@O8 * ( 0.6563) + h196@O11 * ( 0.7545)	
  176	     O8-O11, antibonding (NB)      	  0.00083	h126@O8 * (-0.7545) + h196@O11 * ( 0.6563)	
  177	(BD) O8-C9, Io = 0.2840            	1.99624  	h129@O8 * ( 0.8013) + h152@C9 * ( 0.5983)	
  178	     O8-C9, antibonding (NB)       	  0.05556	h129@O8 * ( 0.5983) + h152@C9 * (-0.8013)	
  179	(BD) O8-C9, Io = 0.9855            	1.63844  	h130@O8 * ( 0.9964) + h172@C9 * (-0.0851)	
  180	     O8-C9, antibonding (NB)       	  0.00301	h130@O8 * (-0.0851) + h172@C9 * (-0.9964)	
  181	(BD) O8-C9, Io = 0.9955            	1.91266  	h131@O8 * ( 0.9989) + h150@C9 * ( 0.0475)	
  182	     O8-C9, antibonding (NB)       	  0.00138	h131@O8 * ( 0.0475) + h150@C9 * (-0.9989)	
  183	(BD) O8-O11, Io = 0.4046           	0.00000  	h132@O8 * (-0.5456) + h192@O11 * ( 0.8380)	
  184	     O8-O11, antibonding (NB)      	  0.00000	h132@O8 * (-0.8380) + h192@O11 * (-0.5456)	
  185	(BD) O8-O11, Io = 0.4667           	0.00000  	h133@O8 * ( 0.8564) + h204@O11 * (-0.5164)	
  186	     O8-O11, antibonding (NB)      	  0.00000	h133@O8 * (-0.5164) + h204@O11 * (-0.8564)	
  187	(BD) O8-O11, Io = 0.5086           	0.00000  	h134@O8 * ( 0.8685) + h210@O11 * ( 0.4957)	
  188	     O8-O11, antibonding (NB)      	  0.00000	h134@O8 * ( 0.4957) + h210@O11 * (-0.8685)	
  189	(BD) O8-O11, Io = 0.0298           	0.00009  	h137@O8 * (-0.6965) + h207@O11 * ( 0.7176)	
  190	     O8-O11, antibonding (NB)      	  0.00000	h137@O8 * (-0.7176) + h207@O11 * (-0.6965)	
  191	(BD) O8-O11, Io = 0.0630           	0.00006  	h139@O8 * ( 0.7291) + h206@O11 * (-0.6845)	
  192	     O8-O11, antibonding (NB)      	  0.00000	h139@O8 * (-0.6845) + h206@O11 * (-0.7291)	
  193	(BD) O8-C9, Io = 0.4377            	0.00002  	h140@O8 * ( 0.5302) + h171@C9 * ( 0.8478)	
  194	     O8-C9, antibonding (NB)       	  0.00000	h140@O8 * (-0.8478) + h171@C9 * ( 0.5302)	
  195	(BD) O8-O11, Io = 0.5894           	0.00000  	h143@O8 * (-0.4531) + h193@O11 * ( 0.8915)	
  196	     O8-O11, antibonding (NB)      	  0.00000	h143@O8 * (-0.8915) + h193@O11 * (-0.4531)	
  197	(BD) O8-O11, Io = 0.9391           	0.00000  	h144@O8 * (-0.1744) + h216@O11 * ( 0.9847)	
  198	     O8-O11, antibonding (NB)      	  0.00000	h144@O8 * (-0.9847) + h216@O11 * (-0.1744)	
  199	(BD) O8-O11, Io = 0.9309           	0.00000  	h145@O8 * ( 0.1859) + h211@O11 * ( 0.9826)	
  200	     O8-O11, antibonding (NB)      	  0.00000	h145@O8 * (-0.9826) + h211@O11 * ( 0.1859)	
  201	(BD) O8-O11, Io = 0.2524           	0.00000  	h146@O8 * (-0.6114) + h200@O11 * ( 0.7913)	
  202	     O8-O11, antibonding (NB)      	  0.00000	h146@O8 * (-0.7913) + h200@O11 * (-0.6114)	
  203	(BD) O8-O11, Io = 0.4595           	0.00000  	h147@O8 * (-0.5199) + h203@O11 * ( 0.8543)	
  204	     O8-O11, antibonding (NB)      	  0.00000	h147@O8 * (-0.8543) + h203@O11 * (-0.5199)	
  205	(BD) O8-O11, Io = 0.7265           	0.00000  	h148@O8 * ( 0.3698) + h214@O11 * ( 0.9291)	
  206	     O8-O11, antibonding (NB)      	  0.00000	h148@O8 * (-0.9291) + h214@O11 * ( 0.3698)	
  207	(BD) C9-O11, Io = 0.9999           	1.99971  	h153@C9 * ( 1.0000) + h208@O11 * ( 0.0071)	
  208	     C9-O11, antibonding (NB)      	  0.00022	h153@C9 * ( 0.0071) + h208@O11 * (-1.0000)	
  209	(BD) C9-O11, Io = 0.8190           	0.00000  	h156@C9 * ( 0.9537) + h191@O11 * (-0.3008)	
  210	     C9-O11, antibonding (NB)      	  0.00000	h156@C9 * (-0.3008) + h191@O11 * (-0.9537)	
  211	(BD) C9-O11, Io = 0.9867           	1.99074  	h157@C9 * (-0.0816) + h189@O11 * ( 0.9967)	
  212	     C9-O11, antibonding (NB)      	  0.00348	h157@C9 * (-0.9967) + h189@O11 * (-0.0816)	
  213	(BD) C9-O11, Io = 0.5844           	0.00000  	h158@C9 * ( 0.8901) + h186@O11 * (-0.4559)	
  214	     C9-O11, antibonding (NB)      	  0.00000	h158@C9 * (-0.4559) + h186@O11 * (-0.8901)	
  215	(BD) C9-O11, Io = 0.2918           	1.99730  	h160@C9 * (-0.5951) + h197@O11 * ( 0.8037)	
  216	     C9-O11, antibonding (NB)      	  0.05057	h160@C9 * (-0.8037) + h197@O11 * (-0.5951)	
  217	(BD) C9-O11, Io = 0.5333           	1.99149  	h162@C9 * (-0.4831) + h198@O11 * ( 0.8756)	
  218	     C9-O11, antibonding (NB)      	  0.38189	h162@C9 * (-0.8756) + h198@O11 * (-0.4831)	
  219	(BD) C9-O11, Io = 0.5441           	0.00001  	h163@C9 * ( 0.8787) + h194@O11 * ( 0.4774)	
  220	     C9-O11, antibonding (NB)      	  0.00000	h163@C9 * ( 0.4774) + h194@O11 * (-0.8787)	
  221	(BD) C9-O11, Io = 0.9953           	1.89385  	h169@C9 * ( 0.0486) + h199@O11 * ( 0.9988)	
  222	     C9-O11, antibonding (NB)      	  0.00134	h169@C9 * (-0.9988) + h199@O11 * ( 0.0486)	
  223	(BD) C9-O11, Io = 1.0000           	1.99995  	h177@C9 * ( 0.0035) + h190@O11 * ( 1.0000)	
  224	     C9-O11, antibonding (NB)      	  0.00001	h177@C9 * (-1.0000) + h190@O11 * ( 0.0035)	
  225	(BD) H10-H12, Io = 0.5795          	0.00016  	h183@H10 * ( 0.4585) + h217@H12 * ( 0.8887)	
  226	     H10-H12, antibonding (NB)     	  0.00003	h183@H10 * (-0.8887) + h217@H12 * ( 0.4585)	
  227	(BD) H12-H13, Io = 0.3961          	0.00143  	h218@H12 * ( 0.5495) + h224@H13 * ( 0.8355)	
  228	     H12-H13, antibonding (NB)     	  0.00035	h218@H12 * (-0.8355) + h224@H13 * ( 0.5495)	



Number of two-center(2C) BD orbitals for each pair of atoms
Centr. A/B         1         2         3         4         5         6         7         8         9        10        11        12        13
      1    (      6)         1         1         0         1         0         3         0         0         0         0         0         0
      2              (     31)         0         3        18         1         1         2         1         1         0         1         2
      3                        (      6)         0         2         0         1         0         1         0         0         1         0
      4                                  (      6)         0         1         0         0         0         1         1         0         0
      5                                            (     31)         0         1         2         3         1         1         2         0
      6                                                      (      6)         1         0         1         1         0         0         1
      7                                                                (     31)         6         9         1         6         0         2
      8                                                                          (     31)         7         0        14         0         0
      9                                                                                    (     31)         0         9         0         0
     10                                                                                              (      6)         0         1         0
     11                                                                                                        (     31)         0         0
     12                                                                                                                  (      6)         1
     13                                                                                                                            (      6)

>> LPO  occupancy summary >>
       bonding (BD):     47.29785 in  114 oribtals
  anti-bonding (NB):      0.70215 in  114 oribtals
 1c-lone pairs (LP):      0.00000 in    0 oribtals
 1c-unoccupied (RY):      0.00000 in    0 oribtals

Method        BD+LP....in      NB+RY     BD+NB+LP  BD+NB+LP+RY      trace(D)   Sum[Bd^2+Lp^2]    ||D||^2
  LPO      47.29785   114    0.70215     48.00000     48.00000       48.000        93.2171       96.0000


                          * * *                                         

Creating CLPOs (Chemist's Localized Property-optimized Orbitals)


Optimizing CLPOs...
Finding an optimal hybrid pairing...
    0    1    2    3    4    5    6    7    8    9   10   11   12   13   14   15   16   17   18   19   20   21   22   23   24   25   26   27   28   29   30   31   32   33   34   35   36   37   38   39   40   41   42   43   44   45   46   47   48   49   50   51   52   53   54   55   56   57   58   59   60   61   62   63   64   65   66   67   68   69   70   71   72   73   74   75   76   77   78   79   80   81   82   83   84   85   86   87   88   89   90   91   92   93   94   95   96   97   98   99  100  101  102  103  104  105  106  107  108  109  110  111  112  113  114  115  116  117  118  119  120  121  122  123  124  125  126  127  128  129  130  131  132  133  134  135  136  137  138  139  140  141  142  143  144  145  146  147  148  149  150  151  152  153  154  155  156  157  158  159  160  161  162  163  164  165  166  167  168  169  170  171  172  173  174  175  176  177  178  179  180  181  182  183  184  185  186  187  188  189  190  191  192  193  194  195  196  197  198  199  200  201  202  203  204  205  206  207  208  209  210  211  212  213  214  215  216  217  218  219  220  221  222  223  224  225  226  227  228  229  230  231  232  233  234  235  236  237  238  239  240  241  242  243  244  245  246  247  248  249  250  251  252  253  254  255  256  257  258  259  260  261  262  263  264  265  266  267  268  269  270  271  272  273  274  275  276  277  278  279  280  281  282  283  284  285  286  287  288  289  290  291  292  293  294  295  296  297  298  299  300  301  302  303  304  305  306  307  308  309  310  311  312  313  314  315  316  317  318  319  320  321  322  323  324  325  326  327  328  329  330  331  332  333  334  335  336  337  338  339  340  341  342  343  344  345  346  347  348  349  350  351  352  353  354  355  356  357  358  359  360  361  362  363  364  365  366  367  368  369  370  371  372  373  374  375  376  377  378  379  380  381  382  383  384  385  386  387  388  389  390  391  392  393  394  395  396  397  398  399  400  401  402  403  404  405  406  407  408  409  410  411  412  413  414  415  416  417  418  419  420  421  422  423  424  425  426  427  428  429  430  431  432  433  434  435  436  437  438  439  440  441  442  443  444  445  446  447  448  449  450  451  452  453  454  455
  228  229   17  231  232  233  234  235  236   52  238  239  240  241  242  243  244    2   45   99  248  249  250  251  252  253  254  255  256  257  258  259  260  261  262  263  264  265  266   62  268  269  270  271  272   18  274  275  276  277  278  279    9  281  282  283  284  285  286  287  218  181   39  291  292  293  294  295  296  297  298  299  300  301  302  303  304  305  306  307  308  309   98  311  312  313  314  315  316  160  318  319  320  321  322  323  324  224   82   19  328  329  330  331  332  333  334  335  336  337  338  339  340  341  342  343  344  345  346  347  348  349  350  351  352  353  354  355  151  357  358  359  360  361  362  363  364  365  366  367  368  369  370  371  372  373  374  375  376  377  378  128  380  381  382  383  384  385  386  196   89  197  390  391  392  393  394  395  396  397  398  399  400  401  402  403  404  405  406  407  408   61  410  411  412  413  414  415  416  417  418  419  420  421  422  423  159  161  426  427  428  429  430  431  432  433  434  435  436  437  438  439  440  441  442  443  444  445   60  447  448  449  450  451   97  453  454  455    0    1   -1    3    4    5    6    7    8   -1   10   11   12   13   14   15   16   -1   -1   -1   20   21   22   23   24   25   26   27   28   29   30   31   32   33   34   35   36   37   38   -1   40   41   42   43   44   -1   46   47   48   49   50   51   -1   53   54   55   56   57   58   59   -1   -1   -1   63   64   65   66   67   68   69   70   71   72   73   74   75   76   77   78   79   80   81   -1   83   84   85   86   87   88   -1   90   91   92   93   94   95   96   -1   -1   -1  100  101  102  103  104  105  106  107  108  109  110  111  112  113  114  115  116  117  118  119  120  121  122  123  124  125  126  127   -1  129  130  131  132  133  134  135  136  137  138  139  140  141  142  143  144  145  146  147  148  149  150   -1  152  153  154  155  156  157  158   -1   -1   -1  162  163  164  165  166  167  168  169  170  171  172  173  174  175  176  177  178  179  180   -1  182  183  184  185  186  187  188  189  190  191  192  193  194  195   -1   -1  198  199  200  201  202  203  204  205  206  207  208  209  210  211  212  213  214  215  216  217   -1  219  220  221  222  223   -1  225  226  227
CLPO iteration  1: hybrids reconnected, target function =   93.0434062
Iterative optimization of atomic hybrids
           Target                 Total        max.atomic       Total        max.atomic     Nxt.step
  Itr.    function    new-old  ||Unew-U||^2   ||unew-u||^2   ||Dnew-D||^2   ||dnew-d||^2     lambda 
    1      93.0434   +9.3e+01    7.591814      0.0658464      0.09508        0.0879828       (none)
    2      93.0562   +1.3e-02    5.823691      0.0649624      0.01290        0.0100523       (none)
    3      93.0562   +5.7e-05    4.431121      0.0647029      0.00564        0.0035067       (none)
    4      93.0562   +8.0e-06    << Converged! (threshold = 1.00e-05) >>
Optimization of hybrids finished
CLPO iteration  1: hybrids optimized, target function =   93.0562346
Finding an optimal hybrid pairing...
    0    1    2    3    4    5    6    7    8    9   10   11   12   13   14   15   16   17   18   19   20   21   22   23   24   25   26   27   28   29   30   31   32   33   34   35   36   37   38   39   40   41   42   43   44   45   46   47   48   49   50   51   52   53   54   55   56   57   58   59   60   61   62   63   64   65   66   67   68   69   70   71   72   73   74   75   76   77   78   79   80   81   82   83   84   85   86   87   88   89   90   91   92   93   94   95   96   97   98   99  100  101  102  103  104  105  106  107  108  109  110  111  112  113  114  115  116  117  118  119  120  121  122  123  124  125  126  127  128  129  130  131  132  133  134  135  136  137  138  139  140  141  142  143  144  145  146  147  148  149  150  151  152  153  154  155  156  157  158  159  160  161  162  163  164  165  166  167  168  169  170  171  172  173  174  175  176  177  178  179  180  181  182  183  184  185  186  187  188  189  190  191  192  193  194  195  196  197  198  199  200  201  202  203  204  205  206  207  208  209  210  211  212  213  214  215  216  217  218  219  220  221  222  223  224  225  226  227  228  229  230  231  232  233  234  235  236  237  238  239  240  241  242  243  244  245  246  247  248  249  250  251  252  253  254  255  256  257  258  259  260  261  262  263  264  265  266  267  268  269  270  271  272  273  274  275  276  277  278  279  280  281  282  283  284  285  286  287  288  289  290  291  292  293  294  295  296  297  298  299  300  301  302  303  304  305  306  307  308  309  310  311  312  313  314  315  316  317  318  319  320  321  322  323  324  325  326  327  328  329  330  331  332  333  334  335  336  337  338  339  340  341  342  343  344  345  346  347  348  349  350  351  352  353  354  355  356  357  358  359  360  361  362  363  364  365  366  367  368  369  370  371  372  373  374  375  376  377  378  379  380  381  382  383  384  385  386  387  388  389  390  391  392  393  394  395  396  397  398  399  400  401  402  403  404  405  406  407  408  409  410  411  412  413  414  415  416  417  418  419  420  421  422  423  424  425  426  427  428  429  430  431  432  433  434  435  436  437  438  439  440  441  442  443  444  445  446  447  448  449  450  451  452  453  454  455
  228  229   17  231  232  233  234  235  236   52  238  239  240  241  242  243  244    2   45   99  248  249  250  251  252  253  254  255  256  257  258  259  260  261  262  263  264  265  266   62  268  269  270  271  272   18  274  275  276  277  278  279    9  281  282  283  284  285  286  287  218  181   39  291  292  293  294  295  296  297  298  299  300  301  302  303  304  305  306  307  308  309   98  311  312  313  314  315  316  160  318  319  320  321  322  323  324  224   82   19  328  329  330  331  332  333  334  335  336  337  338  339  340  341  342  343  344  345  346  347  348  349  350  351  352  353  354  355  151  357  358  359  360  361  362  363  364  365  366  367  368  369  370  371  372  373  374  375  376  377  378  128  380  381  382  383  384  385  386  196   89  197  390  391  392  393  394  395  396  397  398  399  400  401  402  403  404  405  406  407  408   61  410  411  412  413  414  415  416  417  418  419  420  421  422  423  159  161  426  427  428  429  430  431  432  433  434  435  436  437  438  439  440  441  442  443  444  445   60  447  448  449  450  451   97  453  454  455    0    1   -1    3    4    5    6    7    8   -1   10   11   12   13   14   15   16   -1   -1   -1   20   21   22   23   24   25   26   27   28   29   30   31   32   33   34   35   36   37   38   -1   40   41   42   43   44   -1   46   47   48   49   50   51   -1   53   54   55   56   57   58   59   -1   -1   -1   63   64   65   66   67   68   69   70   71   72   73   74   75   76   77   78   79   80   81   -1   83   84   85   86   87   88   -1   90   91   92   93   94   95   96   -1   -1   -1  100  101  102  103  104  105  106  107  108  109  110  111  112  113  114  115  116  117  118  119  120  121  122  123  124  125  126  127   -1  129  130  131  132  133  134  135  136  137  138  139  140  141  142  143  144  145  146  147  148  149  150   -1  152  153  154  155  156  157  158   -1   -1   -1  162  163  164  165  166  167  168  169  170  171  172  173  174  175  176  177  178  179  180   -1  182  183  184  185  186  187  188  189  190  191  192  193  194  195   -1   -1  198  199  200  201  202  203  204  205  206  207  208  209  210  211  212  213  214  215  216  217   -1  219  220  221  222  223   -1  225  226  227
CLPO iteration  2: hybrids reconnected, target function =   93.0562346
Done! (in 1 iterations)


*** Summary of CLPO results

  CLPO	         D e s c r i p t i o n     	Occupancy	Composition
    2	                            H1 (RY)	  0.00174	1.0 * h2@H1
    3	(BD) H1-C2, Io = 0.2372            	1.98234  	h3@H1 * ( 0.6176) + h18@C2 * ( 0.7865)	
    4	     H1-C2, antibonding (NB)       	  0.01686	h3@H1 * (-0.7865) + h18@C2 * ( 0.6176)	
   10	                            C2 (RY)	  0.00211	1.0 * h9@C2
   11	(BD) C2-N5, Io = 0.2736            	1.99599  	h10@C2 * ( 0.6026) + h53@N5 * ( 0.7980)	
   12	     C2-N5, antibonding (NB)       	  0.01335	h10@C2 * (-0.7980) + h53@N5 * ( 0.6026)	
   13	(LP)  C2                           	1.99952  	1.0 * h11@C2
   17	                            C2 (RY)	  0.00146	1.0 * h15@C2
   20	(BD) C2-H4, Io = 0.2239            	1.98275  	h19@C2 * ( 0.7823) + h46@H4 * (-0.6229)	
   21	     C2-H4, antibonding (NB)       	  0.01292	h19@C2 * (-0.6229) + h46@H4 * (-0.7823)	
   22	(BD) C2-C7, Io = 0.0251            	1.98395  	h20@C2 * ( 0.7159) + h100@C7 * (-0.6982)	
   23	     C2-C7, antibonding (NB)       	  0.01425	h20@C2 * (-0.6982) + h100@C7 * (-0.7159)	
   24	                            C2 (RY)	  0.00136	1.0 * h21@C2
   43	(BD) H3-N5, Io = 0.4636            	1.99280  	h40@H3 * (-0.5179) + h63@N5 * ( 0.8554)	
   44	     H3-N5, antibonding (NB)       	  0.00678	h40@H3 * (-0.8554) + h63@N5 * (-0.5179)	
   56	(LP)  N5                           	1.99965  	1.0 * h54@N5
   62	                            N5 (RY)	  0.00152	1.0 * h60@N5
   63	(BD) N5-H12, Io = 0.4586           	1.99294  	h61@N5 * ( 0.8540) + h219@H12 * (-0.5203)	
   64	     N5-H12, antibonding (NB)      	  0.00930	h61@N5 * (-0.5203) + h219@H12 * (-0.8540)	
   65	(BD) N5-H10, Io = 0.4569           	1.99271  	h62@N5 * ( 0.8535) + h182@H10 * ( 0.5211)	
   66	     N5-H10, antibonding (NB)      	  0.00889	h62@N5 * ( 0.5211) + h182@H10 * (-0.8535)	
   86	(BD) H6-C7, Io = 0.2342            	1.96202  	h83@H6 * (-0.6188) + h99@C7 * ( 0.7856)	
   87	     H6-C7, antibonding (NB)       	  0.00844	h83@H6 * (-0.7856) + h99@C7 * (-0.6188)	
   93	                            C7 (RY)	  0.00204	1.0 * h89@C7
   94	(BD) C7-C9, Io = 0.0820            	1.98998  	h90@C7 * ( 0.7355) + h161@C9 * (-0.6775)	
   95	     C7-C9, antibonding (NB)       	  0.09519	h90@C7 * (-0.6775) + h161@C9 * (-0.7355)	
   96	(LP)  C7                           	1.99931  	1.0 * h91@C7
  100	                            C7 (RY)	  0.00328	1.0 * h95@C7
  102	                            C7 (RY)	  0.00191	1.0 * h97@C7
  103	(BD) C7-H13, Io = 0.2191           	1.98127  	h98@C7 * ( 0.7807) + h225@H13 * (-0.6249)	
  104	     C7-H13, antibonding (NB)      	  0.01155	h98@C7 * (-0.6249) + h225@H13 * (-0.7807)	
  125	(LP)  O8                           	1.97832  	1.0 * h121@O8
  126	(LP)  O8                           	1.99993  	1.0 * h122@O8
  130	                            O8 (RY)	  0.00226	1.0 * h126@O8
  131	                            O8 (RY)	  0.00102	1.0 * h127@O8
  133	(BD) O8-C9, Io = 0.2837            	1.99644  	h129@O8 * ( 0.8012) + h152@C9 * ( 0.5984)	
  134	     O8-C9, antibonding (NB)       	  0.05599	h129@O8 * ( 0.5984) + h152@C9 * (-0.8012)	
  135	(LP)  O8                           	1.62660  	1.0 * h130@O8
  136	(LP)  O8                           	1.90835  	1.0 * h131@O8
  155	                            C9 (RY)	  0.00193	1.0 * h150@C9
  156	                            C9 (RY)	  0.01751	1.0 * h151@C9
  157	(LP)  C9                           	1.99961  	1.0 * h153@C9
  161	                            C9 (RY)	  0.01956	1.0 * h157@C9
  164	(BD) C9-O11, Io = 0.2916           	1.99748  	h160@C9 * (-0.5952) + h197@O11 * ( 0.8036)	
  165	     C9-O11, antibonding (NB)      	  0.05095	h160@C9 * (-0.8036) + h197@O11 * (-0.5952)	
  166	(BD) C9-O11, Io = 0.5286           	1.99412  	h162@C9 * (-0.4855) + h198@O11 * ( 0.8743)	
  167	     C9-O11, antibonding (NB)      	  0.38911	h162@C9 * (-0.8743) + h198@O11 * (-0.4855)	
  169	                            C9 (RY)	  0.00113	1.0 * h164@C9
  174	                            C9 (RY)	  0.00217	1.0 * h169@C9
  177	                            C9 (RY)	  0.00497	1.0 * h172@C9
  193	(LP)  O11                          	1.97750  	1.0 * h189@O11
  194	(LP)  O11                          	1.99992  	1.0 * h190@O11
  199	                           O11 (RY)	  0.00126	1.0 * h195@O11
  200	                           O11 (RY)	  0.00269	1.0 * h196@O11
  201	(LP)  O11                          	1.88937  	1.0 * h199@O11
  225	                           H13 (RY)	  0.00111	1.0 * h224@H13

Note: 172 one-center RY orbitals, each having occupancy below 1.00e-03,
      were not printed (use the program option -RyOccPrintThreshold to change this behavior)
      Total occupancy of these RY orbitals is 0.01252


Number of two-center(2C) BD orbitals for each pair of atoms
Centr. A/B         1         2         3         4         5         6         7         8         9        10        11        12        13
      1    (      1)         1         0         0         0         0         0         0         0         0         0         0         0
      2              (      4)         0         1         1         0         1         0         0         0         0         0         0
      3                        (      1)         0         1         0         0         0         0         0         0         0         0
      4                                  (      1)         0         0         0         0         0         0         0         0         0
      5                                            (      4)         0         0         0         0         1         0         1         0
      6                                                      (      1)         1         0         0         0         0         0         0
      7                                                                (      4)         0         1         0         0         0         1
      8                                                                          (      1)         1         0         0         0         0
      9                                                                                    (      4)         0         2         0         0
     10                                                                                              (      1)         0         0         0
     11                                                                                                        (      2)         0         0
     12                                                                                                                  (      1)         0
     13                                                                                                                            (      1)
VAL: 	  H 	 1 
VAL: 	  C 	 4 
VAL: 	  H 	 1 
VAL: 	  H 	 1 
VAL: 	  N 	 4 
VAL: 	  H 	 1 
VAL: 	  C 	 4 
VAL: 	  O 	 1 
VAL: 	  C 	 4 
VAL: 	  H 	 1 
VAL: 	  O 	 2 
VAL: 	  H 	 1 
VAL: 	  H 	 1 

>> CLPO occupancy summary >>
       bonding (BD):     25.84478 in   13 oribtals
  anti-bonding (NB):      0.69361 in   13 oribtals
 1c-lone pairs (LP):     21.37807 in   11 oribtals
 1c-unoccupied (RY):      0.08354 in  191 oribtals

Method        BD+LP....in      NB+RY     BD+NB+LP  BD+NB+LP+RY      trace(D)   Sum[Bd^2+Lp^2]    ||D||^2
  CLPO     47.22286    24    0.77714     47.91646     48.00000       48.000        93.0555       96.0000

                          * * *                                         

Atomic connectivity analysis based on CLPO bonding graph:

There are 1 molecule(s) in the system
(the 'molecule' is defined as the set of atoms linked with BD orbitals)

Molecule   TotalNPA    NumberOf   ListOf 
id         charge      atoms      atoms...
   1       +0.00000       13      H1 C2 H3 H4 N5 H6 C7 O8 C9 H10 O11 H12 H13

Note: The total NPA charge is computed as the sum of NPA charge of atoms belonging to each molecule

                          * * *                                         

Approximate charge transfer analysis in CLPO basis
NOTE: this is an experimental feature AND IS SUBJECT TO CHANGE!
 We expect to have the underlying theory published soon...

Threshold for printing: 0.01000 

IntrAfragment charge transfers (conjugation analysis, etc.)
CT within fragment 1

 orb.num.   description  occup.  -->  charge, e  -->   occup.   description  orb.num.
    86        H6-C7:BD   1.9620  -->   0.01809   -->   0.3891        C9-O11:NB   167
   125           O8:LP   1.9783  -->   0.01190   -->   0.0175            C9:RY   156
   135           O8:LP   1.6266  -->   0.35445   -->   0.3891        C9-O11:NB   167
   136           O8:LP   1.9083  -->   0.03295   -->   0.0952         C7-C9:NB    95
   136           O8:LP   1.9083  -->   0.04231   -->   0.0509        C9-O11:NB   165
   193          O11:LP   1.9775  -->   0.01329   -->   0.0196            C9:RY   161
   201          O11:LP   1.8894  -->   0.04433   -->   0.0952         C7-C9:NB    95
   201          O11:LP   1.8894  -->   0.04844   -->   0.0560         O8-C9:NB   134

4888 orbital pairs with total charge transfer of 0.19561 were not printed


IntErfragment charge transfers (donor-acceptor analysis, etc.)

Inter-molecular charge transfer summary (NEW):
Mol  Accepted -Donated  =  got_electrons
  1  +0.00000 -0.00000  =   +0.00000

                          * * *                                         



0 warning(s)

Total run time: 0 min, 1.5 sec


                          * * *                                         

