[ XTB Batch Run Started ]
Total files: 69

[1/69] ▶ case_028 처리 중...
[1/69] ✅ case_028 최적화 완료
[2/69] ▶ case_029 처리 중...
[2/69] ✅ case_029 최적화 완료
[3/69] ▶ case_097 처리 중...
[3/69] ✅ case_097 최적화 완료
[4/69] ▶ case_045 처리 중...
[4/69] ✅ case_045 최적화 완료
[5/69] ▶ case_074 처리 중...
[5/69] ✅ case_074 최적화 완료
[6/69] ▶ case_067 처리 중...
[6/69] ✅ case_067 최적화 완료
[7/69] ▶ case_075 처리 중...
[7/69] ✅ case_075 최적화 완료
[8/69] ▶ case_010 처리 중...
[8/69] ✅ case_010 최적화 완료
[9/69] ▶ case_006 처리 중...
[9/69] ✅ case_006 최적화 완료
[10/69] ▶ case_087 처리 중...
[10/69] ✅ case_087 최적화 완료
[11/69] ▶ case_072 처리 중...
[11/69] ✅ case_072 최적화 완료
[12/69] ▶ case_012 처리 중...
[12/69] ✅ case_012 최적화 완료
[13/69] ▶ case_076 처리 중...
[13/69] ✅ case_076 최적화 완료
[14/69] ▶ case_008 처리 중...
[14/69] ✅ case_008 최적화 완료
[15/69] ▶ case_002 처리 중...
[15/69] ✅ case_002 최적화 완료
[16/69] ▶ case_065 처리 중...
[16/69] ✅ case_065 최적화 완료
[17/69] ▶ case_089 처리 중...
[17/69] ✅ case_089 최적화 완료
[18/69] ▶ case_088 처리 중...
[18/69] ✅ case_088 최적화 완료
[19/69] ▶ case_092 처리 중...
[19/69] ✅ case_092 최적화 완료
[20/69] ▶ case_026 처리 중...
[20/69] ✅ case_026 최적화 완료
[21/69] ▶ case_032 처리 중...
[21/69] ✅ case_032 최적화 완료
[22/69] ▶ case_054 처리 중...
[22/69] ✅ case_054 최적화 완료
[23/69] ▶ case_009 처리 중...
[23/69] ✅ case_009 최적화 완료
[24/69] ▶ case_015 처리 중...
[24/69] ✅ case_015 최적화 완료
[25/69] ▶ case_077 처리 중...
[25/69] ✅ case_077 최적화 완료
[26/69] ▶ case_064 처리 중...
[26/69] ✅ case_064 최적화 완료
[27/69] ▶ case_048 처리 중...
[27/69] ✅ case_048 최적화 완료
[28/69] ▶ case_049 처리 중...
[28/69] ✅ case_049 최적화 완료
[29/69] ▶ case_079 처리 중...
[29/69] ✅ case_079 최적화 완료
[30/69] ▶ case_004 처리 중...
[30/69] ✅ case_004 최적화 완료
[31/69] ▶ case_035 처리 중...
[31/69] ✅ case_035 최적화 완료
[32/69] ▶ case_063 처리 중...
[32/69] ✅ case_063 최적화 완료
[33/69] ▶ case_098 처리 중...
[33/69] ✅ case_098 최적화 완료
[34/69] ▶ case_084 처리 중...
[34/69] ✅ case_084 최적화 완료
[35/69] ▶ case_062 처리 중...
[35/69] ✅ case_062 최적화 완료
[36/69] ▶ case_017 처리 중...
[36/69] ✅ case_017 최적화 완료
[37/69] ▶ case_047 처리 중...
[37/69] ✅ case_047 최적화 완료
[38/69] ▶ case_090 처리 중...
[38/69] ✅ case_090 최적화 완료
[39/69] ▶ case_031 처리 중...
[39/69] ✅ case_031 최적화 완료
[40/69] ▶ case_023 처리 중...
[40/69] ✅ case_023 최적화 완료
[41/69] ▶ case_034 처리 중...
[41/69] ✅ case_034 최적화 완료
[42/69] ▶ case_016 처리 중...
[42/69] ✅ case_016 최적화 완료
[43/69] ▶ case_070 처리 중...
[43/69] ✅ case_070 최적화 완료
[44/69] ▶ case_030 처리 중...
[44/69] ✅ case_030 최적화 완료
[45/69] ▶ case_037 처리 중...
[45/69] ✅ case_037 최적화 완료
[46/69] ▶ case_011 처리 중...
[46/69] ✅ case_011 최적화 완료
[47/69] ▶ case_038 처리 중...
[47/69] ✅ case_038 최적화 완료
[48/69] ▶ case_096 처리 중...
[48/69] ✅ case_096 최적화 완료
[49/69] ▶ case_024 처리 중...
[49/69] ✅ case_024 최적화 완료
[50/69] ▶ case_003 처리 중...
[50/69] ✅ case_003 최적화 완료
[51/69] ▶ case_095 처리 중...
[51/69] ✅ case_095 최적화 완료
[52/69] ▶ case_050 처리 중...
[52/69] ✅ case_050 최적화 완료
[53/69] ▶ case_027 처리 중...
[53/69] ✅ case_027 최적화 완료
[54/69] ▶ case_021 처리 중...
[54/69] ✅ case_021 최적화 완료
[55/69] ▶ case_005 처리 중...
[55/69] ✅ case_005 최적화 완료
[56/69] ▶ case_066 처리 중...
[56/69] ✅ case_066 최적화 완료
[57/69] ▶ case_001 처리 중...
[57/69] ✅ case_001 최적화 완료
[58/69] ▶ case_093 처리 중...
[58/69] ✅ case_093 최적화 완료
[59/69] ▶ case_033 처리 중...
[59/69] ✅ case_033 최적화 완료
[60/69] ▶ case_041 처리 중...
[60/69] ✅ case_041 최적화 완료
[61/69] ▶ case_091 처리 중...
[61/69] ✅ case_091 최적화 완료
[62/69] ▶ case_069 처리 중...
[62/69] ✅ case_069 최적화 완료
[63/69] ▶ case_085 처리 중...
[63/69] ✅ case_085 최적화 완료
[64/69] ▶ case_040 처리 중...
[64/69] ✅ case_040 최적화 완료
[65/69] ▶ case_051 처리 중...
[65/69] ✅ case_051 최적화 완료
[66/69] ▶ case_055 처리 중...
[66/69] ✅ case_055 최적화 완료
[67/69] ▶ case_071 처리 중...
[67/69] ✅ case_071 최적화 완료
[68/69] ▶ case_059 처리 중...
[68/69] ✅ case_059 최적화 완료
[69/69] ▶ case_053 처리 중...
[69/69] ✅ case_053 최적화 완료

[ XTB Batch Run Completed ]
