[ XTB Batch Run Started ]
Total files: 74

[1/74] ▶ case_029 처리 중...
[1/74] ✅ case_029 최적화 완료
[2/74] ▶ case_057 처리 중...
[2/74] ✅ case_057 최적화 완료
[3/74] ▶ case_097 처리 중...
[3/74] ✅ case_097 최적화 완료
[4/74] ▶ case_078 처리 중...
[4/74] ✅ case_078 최적화 완료
[5/74] ▶ case_074 처리 중...
[5/74] ✅ case_074 최적화 완료
[6/74] ▶ case_067 처리 중...
[6/74] ✅ case_067 최적화 완료
[7/74] ▶ case_075 처리 중...
[7/74] ✅ case_075 최적화 완료
[8/74] ▶ case_010 처리 중...
[8/74] ✅ case_010 최적화 완료
[9/74] ▶ case_013 처리 중...
[9/74] ✅ case_013 최적화 완료
[10/74] ▶ case_006 처리 중...
[10/74] ✅ case_006 최적화 완료
[11/74] ▶ case_087 처리 중...
[11/74] ✅ case_087 최적화 완료
[12/74] ▶ case_072 처리 중...
[12/74] ✅ case_072 최적화 완료
[13/74] ▶ case_012 처리 중...
[13/74] ✅ case_012 최적화 완료
[14/74] ▶ case_008 처리 중...
[14/74] ✅ case_008 최적화 완료
[15/74] ▶ case_044 처리 중...
[15/74] ✅ case_044 최적화 완료
[16/74] ▶ case_046 처리 중...
[16/74] ✅ case_046 최적화 완료
[17/74] ▶ case_083 처리 중...
[17/74] ✅ case_083 최적화 완료
[18/74] ▶ case_002 처리 중...
[18/74] ✅ case_002 최적화 완료
[19/74] ▶ case_014 처리 중...
[19/74] ✅ case_014 최적화 완료
[20/74] ▶ case_065 처리 중...
[20/74] ✅ case_065 최적화 완료
[21/74] ▶ case_089 처리 중...
[21/74] ✅ case_089 최적화 완료
[22/74] ▶ case_094 처리 중...
[22/74] ✅ case_094 최적화 완료
[23/74] ▶ case_088 처리 중...
[23/74] ✅ case_088 최적화 완료
[24/74] ▶ case_092 처리 중...
[24/74] ✅ case_092 최적화 완료
[25/74] ▶ case_060 처리 중...
[25/74] ✅ case_060 최적화 완료
[26/74] ▶ case_026 처리 중...
[26/74] ✅ case_026 최적화 완료
[27/74] ▶ case_032 처리 중...
[27/74] ✅ case_032 최적화 완료
[28/74] ▶ case_054 처리 중...
[28/74] ✅ case_054 최적화 완료
[29/74] ▶ case_009 처리 중...
[29/74] ✅ case_009 최적화 완료
[30/74] ▶ case_099 처리 중...
[30/74] ✅ case_099 최적화 완료
[31/74] ▶ case_064 처리 중...
[31/74] ✅ case_064 최적화 완료
[32/74] ▶ case_048 처리 중...
[32/74] ✅ case_048 최적화 완료
[33/74] ▶ case_039 처리 중...
[33/74] ✅ case_039 최적화 완료
[34/74] ▶ case_049 처리 중...
[34/74] ✅ case_049 최적화 완료
[35/74] ▶ case_079 처리 중...
[35/74] ✅ case_079 최적화 완료
[36/74] ▶ case_082 처리 중...
[36/74] ✅ case_082 최적화 완료
[37/74] ▶ case_004 처리 중...
[37/74] ✅ case_004 최적화 완료
[38/74] ▶ case_063 처리 중...
[38/74] ✅ case_063 최적화 완료
[39/74] ▶ case_098 처리 중...
[39/74] ✅ case_098 최적화 완료
[40/74] ▶ case_084 처리 중...
[40/74] ✅ case_084 최적화 완료
[41/74] ▶ case_062 처리 중...
[41/74] ✅ case_062 최적화 완료
[42/74] ▶ case_052 처리 중...
[42/74] ✅ case_052 최적화 완료
[43/74] ▶ case_047 처리 중...
[43/74] ✅ case_047 최적화 완료
[44/74] ▶ case_090 처리 중...
[44/74] ✅ case_090 최적화 완료
[45/74] ▶ case_031 처리 중...
[45/74] ✅ case_031 최적화 완료
[46/74] ▶ case_023 처리 중...
[46/74] ✅ case_023 최적화 완료
[47/74] ▶ case_034 처리 중...
[47/74] ✅ case_034 최적화 완료
[48/74] ▶ case_016 처리 중...
[48/74] ✅ case_016 최적화 완료
[49/74] ▶ case_070 처리 중...
[49/74] ✅ case_070 최적화 완료
[50/74] ▶ case_030 처리 중...
[50/74] ✅ case_030 최적화 완료
[51/74] ▶ case_037 처리 중...
[51/74] ✅ case_037 최적화 완료
[52/74] ▶ case_011 처리 중...
[52/74] ✅ case_011 최적화 완료
[53/74] ▶ case_038 처리 중...
[53/74] ✅ case_038 최적화 완료
[54/74] ▶ case_096 처리 중...
[54/74] ✅ case_096 최적화 완료
[55/74] ▶ case_024 처리 중...
[55/74] ✅ case_024 최적화 완료
[56/74] ▶ case_003 처리 중...
[56/74] ✅ case_003 최적화 완료
[57/74] ▶ case_021 처리 중...
[57/74] ✅ case_021 최적화 완료
[58/74] ▶ case_066 처리 중...
[58/74] ✅ case_066 최적화 완료
[59/74] ▶ case_001 처리 중...
[59/74] ✅ case_001 최적화 완료
[60/74] ▶ case_093 처리 중...
[60/74] ✅ case_093 최적화 완료
[61/74] ▶ case_018 처리 중...
[61/74] ✅ case_018 최적화 완료
[62/74] ▶ case_033 처리 중...
[62/74] ✅ case_033 최적화 완료
[63/74] ▶ case_025 처리 중...
[63/74] ✅ case_025 최적화 완료
[64/74] ▶ case_061 처리 중...
[64/74] ✅ case_061 최적화 완료
[65/74] ▶ case_041 처리 중...
[65/74] ✅ case_041 최적화 완료
[66/74] ▶ case_091 처리 중...
[66/74] ✅ case_091 최적화 완료
[67/74] ▶ case_069 처리 중...
[67/74] ✅ case_069 최적화 완료
[68/74] ▶ case_056 처리 중...
[68/74] ✅ case_056 최적화 완료
[69/74] ▶ case_040 처리 중...
[69/74] ✅ case_040 최적화 완료
[70/74] ▶ case_051 처리 중...
[70/74] ✅ case_051 최적화 완료
[71/74] ▶ case_055 처리 중...
[71/74] ✅ case_055 최적화 완료
[72/74] ▶ case_020 처리 중...
[72/74] ✅ case_020 최적화 완료
[73/74] ▶ case_059 처리 중...
[73/74] ✅ case_059 최적화 완료
[74/74] ▶ case_053 처리 중...
[74/74] ✅ case_053 최적화 완료

[ XTB Batch Run Completed ]
