[ XTB Batch Run Started ]
Total files: 61

[1/61] ▶ case_029 처리 중...
[1/61] ✅ case_029 최적화 완료
[2/61] ▶ case_080 처리 중...
[2/61] ✅ case_080 최적화 완료
[3/61] ▶ case_057 처리 중...
[3/61] ✅ case_057 최적화 완료
[4/61] ▶ case_097 처리 중...
[4/61] ✅ case_097 최적화 완료
[5/61] ▶ case_078 처리 중...
[5/61] ✅ case_078 최적화 완료
[6/61] ▶ case_074 처리 중...
[6/61] ✅ case_074 최적화 완료
[7/61] ▶ case_067 처리 중...
[7/61] ✅ case_067 최적화 완료
[8/61] ▶ case_075 처리 중...
[8/61] ✅ case_075 최적화 완료
[9/61] ▶ case_010 처리 중...
[9/61] ✅ case_010 최적화 완료
[10/61] ▶ case_087 처리 중...
[10/61] ✅ case_087 최적화 완료
[11/61] ▶ case_072 처리 중...
[11/61] ✅ case_072 최적화 완료
[12/61] ▶ case_012 처리 중...
[12/61] ✅ case_012 최적화 완료
[13/61] ▶ case_076 처리 중...
[13/61] ✅ case_076 최적화 완료
[14/61] ▶ case_044 처리 중...
[14/61] ✅ case_044 최적화 완료
[15/61] ▶ case_046 처리 중...
[15/61] ✅ case_046 최적화 완료
[16/61] ▶ case_081 처리 중...
[16/61] ✅ case_081 최적화 완료
[17/61] ▶ case_014 처리 중...
[17/61] ✅ case_014 최적화 완료
[18/61] ▶ case_065 처리 중...
[18/61] ✅ case_065 최적화 완료
[19/61] ▶ case_088 처리 중...
[19/61] ✅ case_088 최적화 완료
[20/61] ▶ case_009 처리 중...
[20/61] ✅ case_009 최적화 완료
[21/61] ▶ case_077 처리 중...
[21/61] ✅ case_077 최적화 완료
[22/61] ▶ case_099 처리 중...
[22/61] ✅ case_099 최적화 완료
[23/61] ▶ case_049 처리 중...
[23/61] ✅ case_049 최적화 완료
[24/61] ▶ case_079 처리 중...
[24/61] ✅ case_079 최적화 완료
[25/61] ▶ case_082 처리 중...
[25/61] ✅ case_082 최적화 완료
[26/61] ▶ case_004 처리 중...
[26/61] ✅ case_004 최적화 완료
[27/61] ▶ case_073 처리 중...
[27/61] ✅ case_073 최적화 완료
[28/61] ▶ case_035 처리 중...
[28/61] ✅ case_035 최적화 완료
[29/61] ▶ case_063 처리 중...
[29/61] ✅ case_063 최적화 완료
[30/61] ▶ case_098 처리 중...
[30/61] ✅ case_098 최적화 완료
[31/61] ▶ case_084 처리 중...
[31/61] ✅ case_084 최적화 완료
[32/61] ▶ case_062 처리 중...
[32/61] ✅ case_062 최적화 완료
[33/61] ▶ case_019 처리 중...
[33/61] ✅ case_019 최적화 완료
[34/61] ▶ case_052 처리 중...
[34/61] ✅ case_052 최적화 완료
[35/61] ▶ case_090 처리 중...
[35/61] ✅ case_090 최적화 완료
[36/61] ▶ case_023 처리 중...
[36/61] ✅ case_023 최적화 완료
[37/61] ▶ case_034 처리 중...
[37/61] ✅ case_034 최적화 완료
[38/61] ▶ case_016 처리 중...
[38/61] ✅ case_016 최적화 완료
[39/61] ▶ case_070 처리 중...
[39/61] ✅ case_070 최적화 완료
[40/61] ▶ case_011 처리 중...
[40/61] ✅ case_011 최적화 완료
[41/61] ▶ case_038 처리 중...
[41/61] ✅ case_038 최적화 완료
[42/61] ▶ case_096 처리 중...
[42/61] ✅ case_096 최적화 완료
[43/61] ▶ case_003 처리 중...
[43/61] ✅ case_003 최적화 완료
[44/61] ▶ case_095 처리 중...
[44/61] ✅ case_095 최적화 완료
[45/61] ▶ case_027 처리 중...
[45/61] ✅ case_027 최적화 완료
[46/61] ▶ case_021 처리 중...
[46/61] ✅ case_021 최적화 완료
[47/61] ▶ case_066 처리 중...
[47/61] ✅ case_066 최적화 완료
[48/61] ▶ case_001 처리 중...
[48/61] ✅ case_001 최적화 완료
[49/61] ▶ case_018 처리 중...
[49/61] ✅ case_018 최적화 완료
[50/61] ▶ case_068 처리 중...
[50/61] ✅ case_068 최적화 완료
[51/61] ▶ case_033 처리 중...
[51/61] ✅ case_033 최적화 완료
[52/61] ▶ case_025 처리 중...
[52/61] ✅ case_025 최적화 완료
[53/61] ▶ case_091 처리 중...
[53/61] ✅ case_091 최적화 완료
[54/61] ▶ case_042 처리 중...
[54/61] ✅ case_042 최적화 완료
[55/61] ▶ case_056 처리 중...
[55/61] ✅ case_056 최적화 완료
[56/61] ▶ case_051 처리 중...
[56/61] ✅ case_051 최적화 완료
[57/61] ▶ case_055 처리 중...
[57/61] ✅ case_055 최적화 완료
[58/61] ▶ case_020 처리 중...
[58/61] ✅ case_020 최적화 완료
[59/61] ▶ case_059 처리 중...
[59/61] ✅ case_059 최적화 완료
[60/61] ▶ case_058 처리 중...
[60/61] ✅ case_058 최적화 완료
[61/61] ▶ case_053 처리 중...
[61/61] ✅ case_053 최적화 완료

[ XTB Batch Run Completed ]
